2024-09-05 15:53:45,610 - Epoch 1/100, Train Loss(MSE): 0.9571062663327092, Validation Loss(MSE): 0.876348872979482
2024-09-05 15:53:45,610 - Validation loss decreased for the first time. Saving model ...
2024-09-05 15:53:45,636 - Epoch 2/100, Train Loss(MSE): 0.9424011629560719, Validation Loss(MSE): 0.8728426893552145
2024-09-05 15:53:45,636 - Validation loss decreased (0.876349 --> 0.872843).  Saving model ...
2024-09-05 15:53:45,660 - Epoch 3/100, Train Loss(MSE): 0.9347061774005061, Validation Loss(MSE): 0.8672439654668173
2024-09-05 15:53:45,660 - Validation loss decreased (0.872843 --> 0.867244).  Saving model ...
2024-09-05 15:53:45,684 - Epoch 4/100, Train Loss(MSE): 0.9295369775398917, Validation Loss(MSE): 0.8630265990893046
2024-09-05 15:53:45,684 - Validation loss decreased (0.867244 --> 0.863027).  Saving model ...
2024-09-05 15:53:45,712 - Epoch 5/100, Train Loss(MSE): 0.9241892177125682, Validation Loss(MSE): 0.8590938250223795
2024-09-05 15:53:45,712 - Validation loss decreased (0.863027 --> 0.859094).  Saving model ...
2024-09-05 15:53:45,753 - Epoch 6/100, Train Loss(MSE): 0.9220818514409272, Validation Loss(MSE): 0.8564784725507101
2024-09-05 15:53:45,753 - Validation loss decreased (0.859094 --> 0.856478).  Saving model ...
2024-09-05 15:53:45,784 - Epoch 7/100, Train Loss(MSE): 0.9121576910433562, Validation Loss(MSE): 0.8534483313560486
2024-09-05 15:53:45,784 - Validation loss decreased (0.856478 --> 0.853448).  Saving model ...
2024-09-05 15:53:45,812 - Epoch 8/100, Train Loss(MSE): 0.9101424424544625, Validation Loss(MSE): 0.8519678314526876
2024-09-05 15:53:45,812 - Validation loss decreased (0.853448 --> 0.851968).  Saving model ...
2024-09-05 15:53:45,838 - Epoch 9/100, Train Loss(MSE): 0.9010982021041538, Validation Loss(MSE): 0.8486731648445129
2024-09-05 15:53:45,838 - Validation loss decreased (0.851968 --> 0.848673).  Saving model ...
2024-09-05 15:53:45,868 - Epoch 10/100, Train Loss(MSE): 0.8958668475565703, Validation Loss(MSE): 0.846765140692393
2024-09-05 15:53:45,869 - Validation loss decreased (0.848673 --> 0.846765).  Saving model ...
2024-09-05 15:53:45,894 - Epoch 11/100, Train Loss(MSE): 0.8971527659374735, Validation Loss(MSE): 0.8458575407663981
2024-09-05 15:53:45,894 - Validation loss decreased (0.846765 --> 0.845858).  Saving model ...
2024-09-05 15:53:45,920 - Epoch 12/100, Train Loss(MSE): 0.8908659971278646, Validation Loss(MSE): 0.8443243106206259
2024-09-05 15:53:45,920 - Validation loss decreased (0.845858 --> 0.844324).  Saving model ...
2024-09-05 15:53:45,954 - Epoch 13/100, Train Loss(MSE): 0.8932641433632892, Validation Loss(MSE): 0.843382736047109
2024-09-05 15:53:45,954 - Validation loss decreased (0.844324 --> 0.843383).  Saving model ...
2024-09-05 15:53:45,985 - Epoch 14/100, Train Loss(MSE): 0.8985163102979246, Validation Loss(MSE): 0.8416882753372192
2024-09-05 15:53:45,985 - Validation loss decreased (0.843383 --> 0.841688).  Saving model ...
2024-09-05 15:53:46,013 - Epoch 15/100, Train Loss(MSE): 0.8874151421629864, Validation Loss(MSE): 0.8400313456853231
2024-09-05 15:53:46,013 - Validation loss decreased (0.841688 --> 0.840031).  Saving model ...
2024-09-05 15:53:46,039 - Epoch 16/100, Train Loss(MSE): 0.8828914865203525, Validation Loss(MSE): 0.8404512405395508
2024-09-05 15:53:46,039 - EarlyStopping counter: 1 out of 5
2024-09-05 15:53:46,067 - Epoch 17/100, Train Loss(MSE): 0.8907230211340863, Validation Loss(MSE): 0.8389763434727987
2024-09-05 15:53:46,067 - Validation loss decreased (0.840031 --> 0.838976).  Saving model ...
2024-09-05 15:53:46,092 - Epoch 18/100, Train Loss(MSE): 0.8862232980520829, Validation Loss(MSE): 0.8382410208384196
2024-09-05 15:53:46,092 - Validation loss decreased (0.838976 --> 0.838241).  Saving model ...
2024-09-05 15:53:46,120 - Epoch 19/100, Train Loss(MSE): 0.8855058784070222, Validation Loss(MSE): 0.838560163974762
2024-09-05 15:53:46,120 - EarlyStopping counter: 1 out of 5
2024-09-05 15:53:46,151 - Epoch 20/100, Train Loss(MSE): 0.8856525265652201, Validation Loss(MSE): 0.8379245400428772
2024-09-05 15:53:46,151 - Validation loss decreased (0.838241 --> 0.837925).  Saving model ...
2024-09-05 15:53:46,185 - Epoch 21/100, Train Loss(MSE): 0.886139981124712, Validation Loss(MSE): 0.8363739848136902
2024-09-05 15:53:46,185 - Validation loss decreased (0.837925 --> 0.836374).  Saving model ...
2024-09-05 15:53:46,218 - Epoch 22/100, Train Loss(MSE): 0.8814184613849806, Validation Loss(MSE): 0.8363111019134521
2024-09-05 15:53:46,218 - Validation loss decreased (0.836374 --> 0.836311).  Saving model ...
2024-09-05 15:53:46,244 - Epoch 23/100, Train Loss(MSE): 0.8805435584939044, Validation Loss(MSE): 0.8375812967618307
2024-09-05 15:53:46,244 - EarlyStopping counter: 1 out of 5
2024-09-05 15:53:46,269 - Epoch 24/100, Train Loss(MSE): 0.8842457118241683, Validation Loss(MSE): 0.8361605604489645
2024-09-05 15:53:46,269 - Validation loss decreased (0.836311 --> 0.836161).  Saving model ...
2024-09-05 15:53:46,295 - Epoch 25/100, Train Loss(MSE): 0.8870404569999032, Validation Loss(MSE): 0.8355545004208883
2024-09-05 15:53:46,295 - Validation loss decreased (0.836161 --> 0.835555).  Saving model ...
2024-09-05 15:53:46,321 - Epoch 26/100, Train Loss(MSE): 0.8866421839465266, Validation Loss(MSE): 0.8361592094103495
2024-09-05 15:53:46,321 - EarlyStopping counter: 1 out of 5
2024-09-05 15:53:46,345 - Epoch 27/100, Train Loss(MSE): 0.8808173614999523, Validation Loss(MSE): 0.8336358467737833
2024-09-05 15:53:46,345 - Validation loss decreased (0.835555 --> 0.833636).  Saving model ...
2024-09-05 15:53:46,375 - Epoch 28/100, Train Loss(MSE): 0.8800363100093344, Validation Loss(MSE): 0.8335808118184408
2024-09-05 15:53:46,375 - Validation loss decreased (0.833636 --> 0.833581).  Saving model ...
2024-09-05 15:53:46,404 - Epoch 29/100, Train Loss(MSE): 0.8854900598526001, Validation Loss(MSE): 0.8329073786735535
2024-09-05 15:53:46,404 - Validation loss decreased (0.833581 --> 0.832907).  Saving model ...
2024-09-05 15:53:46,435 - Epoch 30/100, Train Loss(MSE): 0.8778396767118702, Validation Loss(MSE): 0.8335332870483398
2024-09-05 15:53:46,435 - EarlyStopping counter: 1 out of 5
2024-09-05 15:53:46,464 - Epoch 31/100, Train Loss(MSE): 0.8779507979102756, Validation Loss(MSE): 0.8329620162645975
2024-09-05 15:53:46,464 - EarlyStopping counter: 2 out of 5
2024-09-05 15:53:46,489 - Epoch 32/100, Train Loss(MSE): 0.8769428108049475, Validation Loss(MSE): 0.8325204650561014
2024-09-05 15:53:46,489 - Validation loss decreased (0.832907 --> 0.832520).  Saving model ...
2024-09-05 15:53:46,517 - Epoch 33/100, Train Loss(MSE): 0.8786742790885593, Validation Loss(MSE): 0.8323665459950765
2024-09-05 15:53:46,517 - Validation loss decreased (0.832520 --> 0.832367).  Saving model ...
2024-09-05 15:53:46,542 - Epoch 34/100, Train Loss(MSE): 0.8773840821307638, Validation Loss(MSE): 0.832648515701294
2024-09-05 15:53:46,542 - EarlyStopping counter: 1 out of 5
2024-09-05 15:53:46,574 - Epoch 35/100, Train Loss(MSE): 0.8784950194151505, Validation Loss(MSE): 0.8317788243293762
2024-09-05 15:53:46,574 - Validation loss decreased (0.832367 --> 0.831779).  Saving model ...
2024-09-05 15:53:46,611 - Epoch 36/100, Train Loss(MSE): 0.881868170655292, Validation Loss(MSE): 0.8303642272949219
2024-09-05 15:53:46,612 - Validation loss decreased (0.831779 --> 0.830364).  Saving model ...
2024-09-05 15:53:46,649 - Epoch 37/100, Train Loss(MSE): 0.8864352392113727, Validation Loss(MSE): 0.8315452933311462
2024-09-05 15:53:46,650 - EarlyStopping counter: 1 out of 5
2024-09-05 15:53:46,677 - Epoch 38/100, Train Loss(MSE): 0.8832646608352661, Validation Loss(MSE): 0.8310656348864237
2024-09-05 15:53:46,677 - EarlyStopping counter: 2 out of 5
2024-09-05 15:53:46,710 - Epoch 39/100, Train Loss(MSE): 0.8890930932501088, Validation Loss(MSE): 0.8314273357391357
2024-09-05 15:53:46,710 - EarlyStopping counter: 3 out of 5
2024-09-05 15:53:46,735 - Epoch 40/100, Train Loss(MSE): 0.8824918140535769, Validation Loss(MSE): 0.8316946625709534
2024-09-05 15:53:46,735 - EarlyStopping counter: 4 out of 5
2024-09-05 15:53:46,759 - Epoch 41/100, Train Loss(MSE): 0.8732814374177352, Validation Loss(MSE): 0.8301833470662435
2024-09-05 15:53:46,759 - Validation loss decreased (0.830364 --> 0.830183).  Saving model ...
2024-09-05 15:53:46,786 - Epoch 42/100, Train Loss(MSE): 0.8820618779762931, Validation Loss(MSE): 0.8299242854118347
2024-09-05 15:53:46,786 - Validation loss decreased (0.830183 --> 0.829924).  Saving model ...
2024-09-05 15:53:46,811 - Epoch 43/100, Train Loss(MSE): 0.8822448279546655, Validation Loss(MSE): 0.8286905090014139
2024-09-05 15:53:46,811 - Validation loss decreased (0.829924 --> 0.828691).  Saving model ...
2024-09-05 15:53:46,838 - Epoch 44/100, Train Loss(MSE): 0.8806736158288043, Validation Loss(MSE): 0.8290416399637858
2024-09-05 15:53:46,839 - EarlyStopping counter: 1 out of 5
2024-09-05 15:53:46,871 - Epoch 45/100, Train Loss(MSE): 0.8823601473932681, Validation Loss(MSE): 0.8297426899274191
2024-09-05 15:53:46,871 - EarlyStopping counter: 2 out of 5
2024-09-05 15:53:46,899 - Epoch 46/100, Train Loss(MSE): 0.8940516217895176, Validation Loss(MSE): 0.8295949101448059
2024-09-05 15:53:46,899 - EarlyStopping counter: 3 out of 5
2024-09-05 15:53:46,925 - Epoch 47/100, Train Loss(MSE): 0.8821423390637273, Validation Loss(MSE): 0.8288806676864624
2024-09-05 15:53:46,926 - EarlyStopping counter: 4 out of 5
2024-09-05 15:53:46,951 - Epoch 48/100, Train Loss(MSE): 0.8802823113358539, Validation Loss(MSE): 0.8289503653844198
2024-09-05 15:53:46,951 - EarlyStopping counter: 5 out of 5
2024-09-05 15:53:46,951 - Early stopping
2024-09-05 15:53:46,951 - —µ¡∑ 48 ¥Œepoch£¨—µ¡∑ ±≥§: 1.3706395626068115 √Î
2024-09-05 15:53:46,953 - Test Loss(MSE): 0.9693859418233236
2024-09-05 15:53:46,958 - Model saved to D:\PythonProject\scorpioMock\MPDLinear\checkpoint\DLinear_20240905-155346_bs64_seq30_enc24_pred_len5_individualTrue_checkpoint.pth
2024-09-05 15:53:46,960 - Test Loss (Original Scale) MSE: 119.10626417807839
2024-09-05 15:53:46,961 - Test Loss (Original Scale) MAE: 9.50580044203776
