2024-08-20 19:19:36,032 - Epoch 1/100, Train Loss(MSE): 1.0402819964620802, Validation Loss(MSE): 0.9301512539386749
2024-08-20 19:19:36,032 - Validation loss decreased for the first time. Saving model ...
2024-08-20 19:19:36,060 - Epoch 2/100, Train Loss(MSE): 0.9939382831255595, Validation Loss(MSE): 0.9135613342126211
2024-08-20 19:19:36,060 - Validation loss decreased (0.930151 --> 0.913561).  Saving model ...
2024-08-20 19:19:36,090 - Epoch 3/100, Train Loss(MSE): 0.9706056647830539, Validation Loss(MSE): 0.9041465322176615
2024-08-20 19:19:36,094 - Validation loss decreased (0.913561 --> 0.904147).  Saving model ...
2024-08-20 19:19:36,121 - Epoch 4/100, Train Loss(MSE): 0.9542952338854472, Validation Loss(MSE): 0.8955863416194916
2024-08-20 19:19:36,121 - Validation loss decreased (0.904147 --> 0.895586).  Saving model ...
2024-08-20 19:19:36,151 - Epoch 5/100, Train Loss(MSE): 0.941031375196245, Validation Loss(MSE): 0.889195591211319
2024-08-20 19:19:36,152 - Validation loss decreased (0.895586 --> 0.889196).  Saving model ...
2024-08-20 19:19:36,180 - Epoch 6/100, Train Loss(MSE): 0.9304400563240052, Validation Loss(MSE): 0.8821174005667368
2024-08-20 19:19:36,180 - Validation loss decreased (0.889196 --> 0.882117).  Saving model ...
2024-08-20 19:19:36,208 - Epoch 7/100, Train Loss(MSE): 0.9225230720308092, Validation Loss(MSE): 0.8763334453105927
2024-08-20 19:19:36,209 - Validation loss decreased (0.882117 --> 0.876333).  Saving model ...
2024-08-20 19:19:36,237 - Epoch 8/100, Train Loss(MSE): 0.9154409435060289, Validation Loss(MSE): 0.8722045322259268
2024-08-20 19:19:36,237 - Validation loss decreased (0.876333 --> 0.872205).  Saving model ...
2024-08-20 19:19:36,265 - Epoch 9/100, Train Loss(MSE): 0.9100640217463175, Validation Loss(MSE): 0.8663516541322073
2024-08-20 19:19:36,265 - Validation loss decreased (0.872205 --> 0.866352).  Saving model ...
2024-08-20 19:19:36,292 - Epoch 10/100, Train Loss(MSE): 0.9052804006470574, Validation Loss(MSE): 0.8653803169727325
2024-08-20 19:19:36,292 - EarlyStopping counter: 1 out of 5
2024-08-20 19:19:36,325 - Epoch 11/100, Train Loss(MSE): 0.901400261455112, Validation Loss(MSE): 0.8598308265209198
2024-08-20 19:19:36,325 - Validation loss decreased (0.866352 --> 0.859831).  Saving model ...
2024-08-20 19:19:36,362 - Epoch 12/100, Train Loss(MSE): 0.8998078134324815, Validation Loss(MSE): 0.8580996096134186
2024-08-20 19:19:36,362 - Validation loss decreased (0.859831 --> 0.858100).  Saving model ...
2024-08-20 19:19:36,397 - Epoch 13/100, Train Loss(MSE): 0.8955984618928697, Validation Loss(MSE): 0.8549384772777557
2024-08-20 19:19:36,397 - Validation loss decreased (0.858100 --> 0.854938).  Saving model ...
2024-08-20 19:19:36,436 - Epoch 14/100, Train Loss(MSE): 0.8928984377119277, Validation Loss(MSE): 0.8527636726697286
2024-08-20 19:19:36,436 - Validation loss decreased (0.854938 --> 0.852764).  Saving model ...
2024-08-20 19:19:36,470 - Epoch 15/100, Train Loss(MSE): 0.8924315452575684, Validation Loss(MSE): 0.8512205481529236
2024-08-20 19:19:36,470 - Validation loss decreased (0.852764 --> 0.851221).  Saving model ...
2024-08-20 19:19:36,500 - Epoch 16/100, Train Loss(MSE): 0.8900017380714417, Validation Loss(MSE): 0.8477611839771271
2024-08-20 19:19:36,500 - Validation loss decreased (0.851221 --> 0.847761).  Saving model ...
2024-08-20 19:19:36,528 - Epoch 17/100, Train Loss(MSE): 0.8901918583446079, Validation Loss(MSE): 0.8459174831708273
2024-08-20 19:19:36,528 - Validation loss decreased (0.847761 --> 0.845917).  Saving model ...
2024-08-20 19:19:36,555 - Epoch 18/100, Train Loss(MSE): 0.8877582841449314, Validation Loss(MSE): 0.8446479042371114
2024-08-20 19:19:36,555 - Validation loss decreased (0.845917 --> 0.844648).  Saving model ...
2024-08-20 19:19:36,594 - Epoch 19/100, Train Loss(MSE): 0.8873160547680325, Validation Loss(MSE): 0.8429257373015085
2024-08-20 19:19:36,594 - Validation loss decreased (0.844648 --> 0.842926).  Saving model ...
2024-08-20 19:19:36,624 - Epoch 20/100, Train Loss(MSE): 0.8873191979196337, Validation Loss(MSE): 0.8433975974718729
2024-08-20 19:19:36,625 - EarlyStopping counter: 1 out of 5
2024-08-20 19:19:36,656 - Epoch 21/100, Train Loss(MSE): 0.8863132490052117, Validation Loss(MSE): 0.8420902887980143
2024-08-20 19:19:36,656 - EarlyStopping counter: 2 out of 5
2024-08-20 19:19:36,685 - Epoch 22/100, Train Loss(MSE): 0.8869526651170518, Validation Loss(MSE): 0.8397659560044607
2024-08-20 19:19:36,685 - Validation loss decreased (0.842926 --> 0.839766).  Saving model ...
2024-08-20 19:19:36,713 - Epoch 23/100, Train Loss(MSE): 0.8850380844540067, Validation Loss(MSE): 0.8396436274051666
2024-08-20 19:19:36,713 - EarlyStopping counter: 1 out of 5
2024-08-20 19:19:36,739 - Epoch 24/100, Train Loss(MSE): 0.8846246361732483, Validation Loss(MSE): 0.83781169851621
2024-08-20 19:19:36,739 - Validation loss decreased (0.839766 --> 0.837812).  Saving model ...
2024-08-20 19:19:36,767 - Epoch 25/100, Train Loss(MSE): 0.8843192815780639, Validation Loss(MSE): 0.8380511999130249
2024-08-20 19:19:36,767 - EarlyStopping counter: 1 out of 5
2024-08-20 19:19:36,793 - Epoch 26/100, Train Loss(MSE): 0.8841944217681885, Validation Loss(MSE): 0.836937665939331
2024-08-20 19:19:36,793 - EarlyStopping counter: 2 out of 5
2024-08-20 19:19:36,822 - Epoch 27/100, Train Loss(MSE): 0.8849584990077548, Validation Loss(MSE): 0.8358982503414154
2024-08-20 19:19:36,822 - Validation loss decreased (0.837812 --> 0.835898).  Saving model ...
2024-08-20 19:19:36,857 - Epoch 28/100, Train Loss(MSE): 0.8846151497628953, Validation Loss(MSE): 0.8364357848962148
2024-08-20 19:19:36,857 - EarlyStopping counter: 1 out of 5
2024-08-20 19:19:36,889 - Epoch 29/100, Train Loss(MSE): 0.8829228202501933, Validation Loss(MSE): 0.8348518908023834
2024-08-20 19:19:36,889 - Validation loss decreased (0.835898 --> 0.834852).  Saving model ...
2024-08-20 19:19:36,917 - Epoch 30/100, Train Loss(MSE): 0.8836913320753309, Validation Loss(MSE): 0.8344803353150686
2024-08-20 19:19:36,917 - EarlyStopping counter: 1 out of 5
2024-08-20 19:19:36,944 - Epoch 31/100, Train Loss(MSE): 0.8825335767534044, Validation Loss(MSE): 0.8342800637086233
2024-08-20 19:19:36,944 - EarlyStopping counter: 2 out of 5
2024-08-20 19:19:36,972 - Epoch 32/100, Train Loss(MSE): 0.8821226451132033, Validation Loss(MSE): 0.8332359790802002
2024-08-20 19:19:36,972 - Validation loss decreased (0.834852 --> 0.833236).  Saving model ...
2024-08-20 19:19:36,999 - Epoch 33/100, Train Loss(MSE): 0.8822077168358697, Validation Loss(MSE): 0.832299550374349
2024-08-20 19:19:36,999 - EarlyStopping counter: 1 out of 5
2024-08-20 19:19:37,029 - Epoch 34/100, Train Loss(MSE): 0.8821926991144816, Validation Loss(MSE): 0.8310238619645437
2024-08-20 19:19:37,032 - Validation loss decreased (0.833236 --> 0.831024).  Saving model ...
2024-08-20 19:19:37,066 - Epoch 35/100, Train Loss(MSE): 0.8825926383336385, Validation Loss(MSE): 0.8335210680961609
2024-08-20 19:19:37,066 - EarlyStopping counter: 1 out of 5
2024-08-20 19:19:37,099 - Epoch 36/100, Train Loss(MSE): 0.8820461346043481, Validation Loss(MSE): 0.8312136133511862
2024-08-20 19:19:37,100 - EarlyStopping counter: 2 out of 5
2024-08-20 19:19:37,129 - Epoch 37/100, Train Loss(MSE): 0.8812212215529548, Validation Loss(MSE): 0.8316591481367747
2024-08-20 19:19:37,129 - EarlyStopping counter: 3 out of 5
2024-08-20 19:19:37,156 - Epoch 38/100, Train Loss(MSE): 0.8818364461263021, Validation Loss(MSE): 0.8299598395824432
2024-08-20 19:19:37,156 - Validation loss decreased (0.831024 --> 0.829960).  Saving model ...
2024-08-20 19:19:37,184 - Epoch 39/100, Train Loss(MSE): 0.8816232906447516, Validation Loss(MSE): 0.8306332528591156
2024-08-20 19:19:37,185 - EarlyStopping counter: 1 out of 5
2024-08-20 19:19:37,216 - Epoch 40/100, Train Loss(MSE): 0.882372052139706, Validation Loss(MSE): 0.8308822413285574
2024-08-20 19:19:37,216 - EarlyStopping counter: 2 out of 5
2024-08-20 19:19:37,247 - Epoch 41/100, Train Loss(MSE): 0.881637970606486, Validation Loss(MSE): 0.8308528860410055
2024-08-20 19:19:37,247 - EarlyStopping counter: 3 out of 5
2024-08-20 19:19:37,277 - Epoch 42/100, Train Loss(MSE): 0.8813573731316461, Validation Loss(MSE): 0.8298039635022482
2024-08-20 19:19:37,277 - EarlyStopping counter: 4 out of 5
2024-08-20 19:19:37,305 - Epoch 43/100, Train Loss(MSE): 0.8818287028206719, Validation Loss(MSE): 0.8292582432428995
2024-08-20 19:19:37,305 - EarlyStopping counter: 5 out of 5
2024-08-20 19:19:37,305 - Early stopping
2024-08-20 19:19:37,316 - Test Loss(MSE): 0.9916306535402933
2024-08-20 19:19:37,317 - Model saved to D:\PythonProject\scorpioMock\MPDLinear\checkpoint\MDPLinear_Model_20240820-191937_bs32_seq30_enc24_pred_len1_individualFalse_checkpoint.pth
2024-08-20 19:19:37,319 - Test Loss (Original Scale) MSE: 120.7457625864886
