2024-09-05 19:33:08,081 - Epoch 1/100, Train Loss(MSE): 0.663528414933305, Validation Loss(MSE): 0.23057764768600464
2024-09-05 19:33:08,081 - Validation loss decreased for the first time. Saving model ...
2024-09-05 19:33:09,642 - Epoch 2/100, Train Loss(MSE): 0.09463994930449285, Validation Loss(MSE): 0.07276098181804021
2024-09-05 19:33:09,646 - Validation loss decreased (0.230578 --> 0.072761).  Saving model ...
2024-09-05 19:33:11,171 - Epoch 3/100, Train Loss(MSE): 0.05031116149927441, Validation Loss(MSE): 0.07051040480534236
2024-09-05 19:33:11,171 - Validation loss decreased (0.072761 --> 0.070510).  Saving model ...
2024-09-05 19:33:12,764 - Epoch 4/100, Train Loss(MSE): 0.038929700459304606, Validation Loss(MSE): 0.061161926637093224
2024-09-05 19:33:12,764 - Validation loss decreased (0.070510 --> 0.061162).  Saving model ...
2024-09-05 19:33:14,434 - Epoch 5/100, Train Loss(MSE): 0.035918662912751496, Validation Loss(MSE): 0.0596850278476874
2024-09-05 19:33:14,434 - Validation loss decreased (0.061162 --> 0.059685).  Saving model ...
2024-09-05 19:33:16,039 - Epoch 6/100, Train Loss(MSE): 0.03134335910803393, Validation Loss(MSE): 0.05566292628645897
2024-09-05 19:33:16,039 - Validation loss decreased (0.059685 --> 0.055663).  Saving model ...
2024-09-05 19:33:17,612 - Epoch 7/100, Train Loss(MSE): 0.02806011606988154, Validation Loss(MSE): 0.05519294614593188
2024-09-05 19:33:17,612 - Validation loss decreased (0.055663 --> 0.055193).  Saving model ...
2024-09-05 19:33:19,577 - Epoch 8/100, Train Loss(MSE): 0.022849627525398607, Validation Loss(MSE): 0.05031061296661695
2024-09-05 19:33:19,577 - Validation loss decreased (0.055193 --> 0.050311).  Saving model ...
2024-09-05 19:33:21,615 - Epoch 9/100, Train Loss(MSE): 0.0192406492699918, Validation Loss(MSE): 0.04841956372062365
2024-09-05 19:33:21,615 - Validation loss decreased (0.050311 --> 0.048420).  Saving model ...
2024-09-05 19:33:23,208 - Epoch 10/100, Train Loss(MSE): 0.017568685898655338, Validation Loss(MSE): 0.04755330334107081
2024-09-05 19:33:23,209 - Validation loss decreased (0.048420 --> 0.047553).  Saving model ...
2024-09-05 19:33:24,825 - Epoch 11/100, Train Loss(MSE): 0.014482437583960985, Validation Loss(MSE): 0.04568334296345711
2024-09-05 19:33:24,825 - Validation loss decreased (0.047553 --> 0.045683).  Saving model ...
2024-09-05 19:33:26,466 - Epoch 12/100, Train Loss(MSE): 0.012431076531739612, Validation Loss(MSE): 0.045359029124180474
2024-09-05 19:33:26,467 - Validation loss decreased (0.045683 --> 0.045359).  Saving model ...
2024-09-05 19:33:28,148 - Epoch 13/100, Train Loss(MSE): 0.0103420856114673, Validation Loss(MSE): 0.04435048500696818
2024-09-05 19:33:28,148 - Validation loss decreased (0.045359 --> 0.044350).  Saving model ...
2024-09-05 19:33:29,802 - Epoch 14/100, Train Loss(MSE): 0.008510449411053406, Validation Loss(MSE): 0.04295268778999647
2024-09-05 19:33:29,802 - Validation loss decreased (0.044350 --> 0.042953).  Saving model ...
2024-09-05 19:33:31,448 - Epoch 15/100, Train Loss(MSE): 0.006431572862263573, Validation Loss(MSE): 0.04333376263578733
2024-09-05 19:33:31,448 - EarlyStopping counter: 1 out of 5
2024-09-05 19:33:33,084 - Epoch 16/100, Train Loss(MSE): 0.004963955290517525, Validation Loss(MSE): 0.043573200702667236
2024-09-05 19:33:33,084 - EarlyStopping counter: 2 out of 5
2024-09-05 19:33:34,791 - Epoch 17/100, Train Loss(MSE): 0.0037986394140477244, Validation Loss(MSE): 0.04322731619079908
2024-09-05 19:33:34,791 - EarlyStopping counter: 3 out of 5
2024-09-05 19:33:36,451 - Epoch 18/100, Train Loss(MSE): 0.0032362928614020348, Validation Loss(MSE): 0.04313632597525915
2024-09-05 19:33:36,451 - EarlyStopping counter: 4 out of 5
2024-09-05 19:33:38,081 - Epoch 19/100, Train Loss(MSE): 0.0025443372034810877, Validation Loss(MSE): 0.04349549859762192
2024-09-05 19:33:38,081 - EarlyStopping counter: 5 out of 5
2024-09-05 19:33:38,081 - Early stopping
2024-09-05 19:33:38,081 - —µ¡∑ 19 ¥Œepoch£¨—µ¡∑ ±≥§: 31.581751108169556 √Î
2024-09-05 19:33:38,156 - Test Loss(MSE): 0.034145105009277664
2024-09-05 19:33:38,167 - Model saved to D:\PythonProject\scorpioMock\MPDLinear\checkpoint\MPDLinear_SOTA_20240905-193338_bs64_seq365_enc24_pred_len5_individualTrue_checkpoint.pth
2024-09-05 19:33:38,230 - Test Loss (Original Scale) MSE: 3.9370677317644454
2024-09-05 19:33:38,230 - Test Loss (Original Scale) MAE: 1.5446320884920421
