2024-08-25 14:14:26,430 - Epoch 1/100, Train Loss(MSE): 0.8067999853028192, Validation Loss(MSE): 0.6085873941580454
2024-08-25 14:14:26,431 - Validation loss decreased for the first time. Saving model ...
2024-08-25 14:14:26,751 - Epoch 2/100, Train Loss(MSE): 0.5442699491977692, Validation Loss(MSE): 0.4204673270384471
2024-08-25 14:14:26,755 - Validation loss decreased (0.608587 --> 0.420467).  Saving model ...
2024-08-25 14:14:27,089 - Epoch 3/100, Train Loss(MSE): 0.38047045204374524, Validation Loss(MSE): 0.31071852147579193
2024-08-25 14:14:27,090 - Validation loss decreased (0.420467 --> 0.310719).  Saving model ...
2024-08-25 14:14:27,404 - Epoch 4/100, Train Loss(MSE): 0.27962976660993366, Validation Loss(MSE): 0.24073265492916107
2024-08-25 14:14:27,404 - Validation loss decreased (0.310719 --> 0.240733).  Saving model ...
2024-08-25 14:14:27,752 - Epoch 5/100, Train Loss(MSE): 0.21640059981081222, Validation Loss(MSE): 0.19518683105707169
2024-08-25 14:14:27,752 - Validation loss decreased (0.240733 --> 0.195187).  Saving model ...
2024-08-25 14:14:28,127 - Epoch 6/100, Train Loss(MSE): 0.17595059937900967, Validation Loss(MSE): 0.16455644369125366
2024-08-25 14:14:28,127 - Validation loss decreased (0.195187 --> 0.164556).  Saving model ...
2024-08-25 14:14:28,467 - Epoch 7/100, Train Loss(MSE): 0.14845027807686065, Validation Loss(MSE): 0.14088012153903642
2024-08-25 14:14:28,467 - Validation loss decreased (0.164556 --> 0.140880).  Saving model ...
2024-08-25 14:14:28,791 - Epoch 8/100, Train Loss(MSE): 0.12944523534841007, Validation Loss(MSE): 0.12465773895382881
2024-08-25 14:14:28,792 - Validation loss decreased (0.140880 --> 0.124658).  Saving model ...
2024-08-25 14:14:29,129 - Epoch 9/100, Train Loss(MSE): 0.1154430771039592, Validation Loss(MSE): 0.11179121086994807
2024-08-25 14:14:29,129 - Validation loss decreased (0.124658 --> 0.111791).  Saving model ...
2024-08-25 14:14:29,437 - Epoch 10/100, Train Loss(MSE): 0.10482907228999667, Validation Loss(MSE): 0.10212102284034093
2024-08-25 14:14:29,437 - Validation loss decreased (0.111791 --> 0.102121).  Saving model ...
2024-08-25 14:14:29,778 - Epoch 11/100, Train Loss(MSE): 0.09666958608561092, Validation Loss(MSE): 0.09545836473504703
2024-08-25 14:14:29,779 - Validation loss decreased (0.102121 --> 0.095458).  Saving model ...
2024-08-25 14:14:30,109 - Epoch 12/100, Train Loss(MSE): 0.09028031610780292, Validation Loss(MSE): 0.08936166452864806
2024-08-25 14:14:30,109 - Validation loss decreased (0.095458 --> 0.089362).  Saving model ...
2024-08-25 14:14:30,433 - Epoch 13/100, Train Loss(MSE): 0.08489202931523324, Validation Loss(MSE): 0.08376198075711727
2024-08-25 14:14:30,434 - Validation loss decreased (0.089362 --> 0.083762).  Saving model ...
2024-08-25 14:14:30,769 - Epoch 14/100, Train Loss(MSE): 0.08048101142048836, Validation Loss(MSE): 0.07936802630623181
2024-08-25 14:14:30,769 - Validation loss decreased (0.083762 --> 0.079368).  Saving model ...
2024-08-25 14:14:31,102 - Epoch 15/100, Train Loss(MSE): 0.07692194738321834, Validation Loss(MSE): 0.075379208351175
2024-08-25 14:14:31,102 - Validation loss decreased (0.079368 --> 0.075379).  Saving model ...
2024-08-25 14:14:31,448 - Epoch 16/100, Train Loss(MSE): 0.07334221576650937, Validation Loss(MSE): 0.07300180134673913
2024-08-25 14:14:31,449 - Validation loss decreased (0.075379 --> 0.073002).  Saving model ...
2024-08-25 14:14:31,746 - Epoch 17/100, Train Loss(MSE): 0.07038081230388747, Validation Loss(MSE): 0.07014425719777743
2024-08-25 14:14:31,746 - Validation loss decreased (0.073002 --> 0.070144).  Saving model ...
2024-08-25 14:14:32,100 - Epoch 18/100, Train Loss(MSE): 0.06775640563832389, Validation Loss(MSE): 0.06827567145228386
2024-08-25 14:14:32,100 - Validation loss decreased (0.070144 --> 0.068276).  Saving model ...
2024-08-25 14:14:32,465 - Epoch 19/100, Train Loss(MSE): 0.06549573615193367, Validation Loss(MSE): 0.06572235313554604
2024-08-25 14:14:32,465 - Validation loss decreased (0.068276 --> 0.065722).  Saving model ...
2024-08-25 14:14:32,792 - Epoch 20/100, Train Loss(MSE): 0.06323499555389087, Validation Loss(MSE): 0.06437727436423302
2024-08-25 14:14:32,792 - Validation loss decreased (0.065722 --> 0.064377).  Saving model ...
2024-08-25 14:14:33,092 - Epoch 21/100, Train Loss(MSE): 0.06122305579483509, Validation Loss(MSE): 0.06291874684393406
2024-08-25 14:14:33,093 - Validation loss decreased (0.064377 --> 0.062919).  Saving model ...
2024-08-25 14:14:33,400 - Epoch 22/100, Train Loss(MSE): 0.059647040110495354, Validation Loss(MSE): 0.06164058670401573
2024-08-25 14:14:33,400 - Validation loss decreased (0.062919 --> 0.061641).  Saving model ...
2024-08-25 14:14:33,761 - Epoch 23/100, Train Loss(MSE): 0.05785425127380424, Validation Loss(MSE): 0.06036809148887793
2024-08-25 14:14:33,761 - Validation loss decreased (0.061641 --> 0.060368).  Saving model ...
2024-08-25 14:14:34,129 - Epoch 24/100, Train Loss(MSE): 0.05650404791037242, Validation Loss(MSE): 0.05980919177333514
2024-08-25 14:14:34,129 - Validation loss decreased (0.060368 --> 0.059809).  Saving model ...
2024-08-25 14:14:34,453 - Epoch 25/100, Train Loss(MSE): 0.05517284228569931, Validation Loss(MSE): 0.058513849352796875
2024-08-25 14:14:34,454 - Validation loss decreased (0.059809 --> 0.058514).  Saving model ...
2024-08-25 14:14:34,760 - Epoch 26/100, Train Loss(MSE): 0.053837463011344275, Validation Loss(MSE): 0.0575051282842954
2024-08-25 14:14:34,760 - Validation loss decreased (0.058514 --> 0.057505).  Saving model ...
2024-08-25 14:14:35,120 - Epoch 27/100, Train Loss(MSE): 0.052581223762697644, Validation Loss(MSE): 0.05705252227683862
2024-08-25 14:14:35,120 - Validation loss decreased (0.057505 --> 0.057053).  Saving model ...
2024-08-25 14:14:35,441 - Epoch 28/100, Train Loss(MSE): 0.051402092683646414, Validation Loss(MSE): 0.0564595361550649
2024-08-25 14:14:35,441 - Validation loss decreased (0.057053 --> 0.056460).  Saving model ...
2024-08-25 14:14:35,770 - Epoch 29/100, Train Loss(MSE): 0.050405015548070274, Validation Loss(MSE): 0.0561286366234223
2024-08-25 14:14:35,771 - Validation loss decreased (0.056460 --> 0.056129).  Saving model ...
2024-08-25 14:14:36,097 - Epoch 30/100, Train Loss(MSE): 0.049574720073077415, Validation Loss(MSE): 0.055623609572649
2024-08-25 14:14:36,097 - Validation loss decreased (0.056129 --> 0.055624).  Saving model ...
2024-08-25 14:14:36,440 - Epoch 31/100, Train Loss(MSE): 0.048543780421217285, Validation Loss(MSE): 0.05411560647189617
2024-08-25 14:14:36,441 - Validation loss decreased (0.055624 --> 0.054116).  Saving model ...
2024-08-25 14:14:36,727 - Epoch 32/100, Train Loss(MSE): 0.0476667743590143, Validation Loss(MSE): 0.05459801542262236
2024-08-25 14:14:36,728 - EarlyStopping counter: 1 out of 5
2024-08-25 14:14:37,003 - Epoch 33/100, Train Loss(MSE): 0.046929301900996104, Validation Loss(MSE): 0.053639828537901245
2024-08-25 14:14:37,003 - Validation loss decreased (0.054116 --> 0.053640).  Saving model ...
2024-08-25 14:14:37,261 - Epoch 34/100, Train Loss(MSE): 0.046150486378206144, Validation Loss(MSE): 0.05358302965760231
2024-08-25 14:14:37,261 - Validation loss decreased (0.053640 --> 0.053583).  Saving model ...
2024-08-25 14:14:37,539 - Epoch 35/100, Train Loss(MSE): 0.04540520322819551, Validation Loss(MSE): 0.05336919613182545
2024-08-25 14:14:37,540 - Validation loss decreased (0.053583 --> 0.053369).  Saving model ...
2024-08-25 14:14:37,834 - Epoch 36/100, Train Loss(MSE): 0.044698032860954605, Validation Loss(MSE): 0.05270664021372795
2024-08-25 14:14:37,834 - Validation loss decreased (0.053369 --> 0.052707).  Saving model ...
2024-08-25 14:14:38,190 - Epoch 37/100, Train Loss(MSE): 0.04401111329595248, Validation Loss(MSE): 0.05273337538043658
2024-08-25 14:14:38,190 - EarlyStopping counter: 1 out of 5
2024-08-25 14:14:38,510 - Epoch 38/100, Train Loss(MSE): 0.04341662418511179, Validation Loss(MSE): 0.052856057261427246
2024-08-25 14:14:38,510 - EarlyStopping counter: 2 out of 5
2024-08-25 14:14:38,821 - Epoch 39/100, Train Loss(MSE): 0.042900024975339575, Validation Loss(MSE): 0.05173030743996302
2024-08-25 14:14:38,821 - Validation loss decreased (0.052707 --> 0.051730).  Saving model ...
2024-08-25 14:14:39,208 - Epoch 40/100, Train Loss(MSE): 0.0424028125902017, Validation Loss(MSE): 0.05210651084780693
2024-08-25 14:14:39,208 - EarlyStopping counter: 1 out of 5
2024-08-25 14:14:39,547 - Epoch 41/100, Train Loss(MSE): 0.041825789130396314, Validation Loss(MSE): 0.052040946359435715
2024-08-25 14:14:39,547 - EarlyStopping counter: 2 out of 5
2024-08-25 14:14:39,863 - Epoch 42/100, Train Loss(MSE): 0.04136961615747876, Validation Loss(MSE): 0.051817579194903374
2024-08-25 14:14:39,863 - EarlyStopping counter: 3 out of 5
2024-08-25 14:14:40,228 - Epoch 43/100, Train Loss(MSE): 0.040870270298586954, Validation Loss(MSE): 0.05140933021903038
2024-08-25 14:14:40,229 - Validation loss decreased (0.051730 --> 0.051409).  Saving model ...
2024-08-25 14:14:40,595 - Epoch 44/100, Train Loss(MSE): 0.04042199949423472, Validation Loss(MSE): 0.05101301893591881
2024-08-25 14:14:40,596 - Validation loss decreased (0.051409 --> 0.051013).  Saving model ...
2024-08-25 14:14:40,947 - Epoch 45/100, Train Loss(MSE): 0.040019306706057654, Validation Loss(MSE): 0.051257735739151634
2024-08-25 14:14:40,948 - EarlyStopping counter: 1 out of 5
2024-08-25 14:14:41,298 - Epoch 46/100, Train Loss(MSE): 0.03964883200824261, Validation Loss(MSE): 0.05194913533826669
2024-08-25 14:14:41,299 - EarlyStopping counter: 2 out of 5
2024-08-25 14:14:41,603 - Epoch 47/100, Train Loss(MSE): 0.039152175270848806, Validation Loss(MSE): 0.05072446043292681
2024-08-25 14:14:41,604 - Validation loss decreased (0.051013 --> 0.050724).  Saving model ...
2024-08-25 14:14:41,971 - Epoch 48/100, Train Loss(MSE): 0.03921477732559045, Validation Loss(MSE): 0.05180285001794497
2024-08-25 14:14:41,972 - EarlyStopping counter: 1 out of 5
2024-08-25 14:14:42,362 - Epoch 49/100, Train Loss(MSE): 0.03861201331019402, Validation Loss(MSE): 0.05103555445869764
2024-08-25 14:14:42,363 - EarlyStopping counter: 2 out of 5
2024-08-25 14:14:42,723 - Epoch 50/100, Train Loss(MSE): 0.03819296798772282, Validation Loss(MSE): 0.05106481102605661
2024-08-25 14:14:42,723 - EarlyStopping counter: 3 out of 5
2024-08-25 14:14:43,057 - Epoch 51/100, Train Loss(MSE): 0.037859845244222215, Validation Loss(MSE): 0.05085785314440727
2024-08-25 14:14:43,058 - EarlyStopping counter: 4 out of 5
2024-08-25 14:14:43,450 - Epoch 52/100, Train Loss(MSE): 0.037604927354388765, Validation Loss(MSE): 0.05112095611790816
2024-08-25 14:14:43,450 - EarlyStopping counter: 5 out of 5
2024-08-25 14:14:43,450 - Early stopping
2024-08-25 14:14:43,472 - Test Loss(MSE): 0.06288543778161208
2024-08-25 14:14:43,481 - Model saved to D:\PythonProject\scorpioMock\MPDLinear\checkpoint\MPDLinear_20240825-141443_bs32_seq30_enc24_pred_len10_individualTrue_checkpoint.pth
