2024-08-26 21:35:59,385 - Epoch 1/100, Train Loss(MSE): 0.9031991375671639, Validation Loss(MSE): 0.7248037258783976
2024-08-26 21:35:59,385 - Validation loss decreased for the first time. Saving model ...
2024-08-26 21:35:59,752 - Epoch 2/100, Train Loss(MSE): 0.7784812404559209, Validation Loss(MSE): 0.6293728351593018
2024-08-26 21:35:59,756 - Validation loss decreased (0.724804 --> 0.629373).  Saving model ...
2024-08-26 21:36:00,140 - Epoch 3/100, Train Loss(MSE): 0.682159573167235, Validation Loss(MSE): 0.5545814906557401
2024-08-26 21:36:00,140 - Validation loss decreased (0.629373 --> 0.554581).  Saving model ...
2024-08-26 21:36:00,504 - Epoch 4/100, Train Loss(MSE): 0.6052150339870662, Validation Loss(MSE): 0.4934334730108579
2024-08-26 21:36:00,504 - Validation loss decreased (0.554581 --> 0.493433).  Saving model ...
2024-08-26 21:36:00,863 - Epoch 5/100, Train Loss(MSE): 0.5419811763606228, Validation Loss(MSE): 0.44141432146231335
2024-08-26 21:36:00,863 - Validation loss decreased (0.493433 --> 0.441414).  Saving model ...
2024-08-26 21:36:01,237 - Epoch 6/100, Train Loss(MSE): 0.48920343128534466, Validation Loss(MSE): 0.3976717342933019
2024-08-26 21:36:01,237 - Validation loss decreased (0.441414 --> 0.397672).  Saving model ...
2024-08-26 21:36:01,614 - Epoch 7/100, Train Loss(MSE): 0.44346911894096125, Validation Loss(MSE): 0.3589932781954606
2024-08-26 21:36:01,614 - Validation loss decreased (0.397672 --> 0.358993).  Saving model ...
2024-08-26 21:36:01,959 - Epoch 8/100, Train Loss(MSE): 0.40441875896611057, Validation Loss(MSE): 0.32545872529347736
2024-08-26 21:36:01,959 - Validation loss decreased (0.358993 --> 0.325459).  Saving model ...
2024-08-26 21:36:02,326 - Epoch 9/100, Train Loss(MSE): 0.3705902995316537, Validation Loss(MSE): 0.2975023364027341
2024-08-26 21:36:02,326 - Validation loss decreased (0.325459 --> 0.297502).  Saving model ...
2024-08-26 21:36:02,719 - Epoch 10/100, Train Loss(MSE): 0.34083141730381894, Validation Loss(MSE): 0.2726496271789074
2024-08-26 21:36:02,719 - Validation loss decreased (0.297502 --> 0.272650).  Saving model ...
2024-08-26 21:36:03,067 - Epoch 11/100, Train Loss(MSE): 0.31497592765551347, Validation Loss(MSE): 0.2515871499975522
2024-08-26 21:36:03,067 - Validation loss decreased (0.272650 --> 0.251587).  Saving model ...
2024-08-26 21:36:03,413 - Epoch 12/100, Train Loss(MSE): 0.29224791525156946, Validation Loss(MSE): 0.23300292094548544
2024-08-26 21:36:03,413 - Validation loss decreased (0.251587 --> 0.233003).  Saving model ...
2024-08-26 21:36:03,793 - Epoch 13/100, Train Loss(MSE): 0.27186557273943346, Validation Loss(MSE): 0.2175323242942492
2024-08-26 21:36:03,793 - Validation loss decreased (0.233003 --> 0.217532).  Saving model ...
2024-08-26 21:36:04,171 - Epoch 14/100, Train Loss(MSE): 0.25406623091343994, Validation Loss(MSE): 0.20415841353436312
2024-08-26 21:36:04,171 - Validation loss decreased (0.217532 --> 0.204158).  Saving model ...
2024-08-26 21:36:04,530 - Epoch 15/100, Train Loss(MSE): 0.2386707529261872, Validation Loss(MSE): 0.19246525689959526
2024-08-26 21:36:04,531 - Validation loss decreased (0.204158 --> 0.192465).  Saving model ...
2024-08-26 21:36:04,898 - Epoch 16/100, Train Loss(MSE): 0.22464145703630134, Validation Loss(MSE): 0.1825417826573054
2024-08-26 21:36:04,898 - Validation loss decreased (0.192465 --> 0.182542).  Saving model ...
2024-08-26 21:36:05,270 - Epoch 17/100, Train Loss(MSE): 0.2122210075894555, Validation Loss(MSE): 0.17469478460649648
2024-08-26 21:36:05,271 - Validation loss decreased (0.182542 --> 0.174695).  Saving model ...
2024-08-26 21:36:05,654 - Epoch 18/100, Train Loss(MSE): 0.20144274773506018, Validation Loss(MSE): 0.1671770972510179
2024-08-26 21:36:05,655 - Validation loss decreased (0.174695 --> 0.167177).  Saving model ...
2024-08-26 21:36:06,008 - Epoch 19/100, Train Loss(MSE): 0.19134985082424605, Validation Loss(MSE): 0.16034632114072642
2024-08-26 21:36:06,008 - Validation loss decreased (0.167177 --> 0.160346).  Saving model ...
2024-08-26 21:36:06,368 - Epoch 20/100, Train Loss(MSE): 0.1828435033068552, Validation Loss(MSE): 0.1556080337613821
2024-08-26 21:36:06,368 - Validation loss decreased (0.160346 --> 0.155608).  Saving model ...
2024-08-26 21:36:06,758 - Epoch 21/100, Train Loss(MSE): 0.1744364456652285, Validation Loss(MSE): 0.15081043479343256
2024-08-26 21:36:06,758 - Validation loss decreased (0.155608 --> 0.150810).  Saving model ...
2024-08-26 21:36:07,111 - Epoch 22/100, Train Loss(MSE): 0.16718096163246657, Validation Loss(MSE): 0.14698766420284906
2024-08-26 21:36:07,111 - Validation loss decreased (0.150810 --> 0.146988).  Saving model ...
2024-08-26 21:36:07,466 - Epoch 23/100, Train Loss(MSE): 0.16070717589540795, Validation Loss(MSE): 0.14354435664912066
2024-08-26 21:36:07,466 - Validation loss decreased (0.146988 --> 0.143544).  Saving model ...
2024-08-26 21:36:07,868 - Epoch 24/100, Train Loss(MSE): 0.15475965864383256, Validation Loss(MSE): 0.14048360909024873
2024-08-26 21:36:07,868 - Validation loss decreased (0.143544 --> 0.140484).  Saving model ...
2024-08-26 21:36:08,239 - Epoch 25/100, Train Loss(MSE): 0.14951099713261312, Validation Loss(MSE): 0.1377380508929491
2024-08-26 21:36:08,240 - Validation loss decreased (0.140484 --> 0.137738).  Saving model ...
2024-08-26 21:36:08,594 - Epoch 26/100, Train Loss(MSE): 0.14440975239971182, Validation Loss(MSE): 0.13445896531144777
2024-08-26 21:36:08,594 - Validation loss decreased (0.137738 --> 0.134459).  Saving model ...
2024-08-26 21:36:08,953 - Epoch 27/100, Train Loss(MSE): 0.1399101654661226, Validation Loss(MSE): 0.1326316992441813
2024-08-26 21:36:08,953 - Validation loss decreased (0.134459 --> 0.132632).  Saving model ...
2024-08-26 21:36:09,312 - Epoch 28/100, Train Loss(MSE): 0.13538484525058295, Validation Loss(MSE): 0.13072525709867477
2024-08-26 21:36:09,312 - Validation loss decreased (0.132632 --> 0.130725).  Saving model ...
2024-08-26 21:36:09,703 - Epoch 29/100, Train Loss(MSE): 0.1316904384274404, Validation Loss(MSE): 0.12914936617016792
2024-08-26 21:36:09,704 - Validation loss decreased (0.130725 --> 0.129149).  Saving model ...
2024-08-26 21:36:10,083 - Epoch 30/100, Train Loss(MSE): 0.12804054223246628, Validation Loss(MSE): 0.12678566202521324
2024-08-26 21:36:10,083 - Validation loss decreased (0.129149 --> 0.126786).  Saving model ...
2024-08-26 21:36:10,442 - Epoch 31/100, Train Loss(MSE): 0.12473613560035988, Validation Loss(MSE): 0.12529387169828018
2024-08-26 21:36:10,442 - Validation loss decreased (0.126786 --> 0.125294).  Saving model ...
2024-08-26 21:36:10,815 - Epoch 32/100, Train Loss(MSE): 0.12153516801913361, Validation Loss(MSE): 0.12473505828529596
2024-08-26 21:36:10,815 - Validation loss decreased (0.125294 --> 0.124735).  Saving model ...
2024-08-26 21:36:11,196 - Epoch 33/100, Train Loss(MSE): 0.1185670014839251, Validation Loss(MSE): 0.12330269223699968
2024-08-26 21:36:11,196 - Validation loss decreased (0.124735 --> 0.123303).  Saving model ...
2024-08-26 21:36:11,564 - Epoch 34/100, Train Loss(MSE): 0.11586582857173877, Validation Loss(MSE): 0.12191797761867444
2024-08-26 21:36:11,564 - Validation loss decreased (0.123303 --> 0.121918).  Saving model ...
2024-08-26 21:36:11,921 - Epoch 35/100, Train Loss(MSE): 0.11348846194508312, Validation Loss(MSE): 0.12096322327852249
2024-08-26 21:36:11,921 - Validation loss decreased (0.121918 --> 0.120963).  Saving model ...
2024-08-26 21:36:12,318 - Epoch 36/100, Train Loss(MSE): 0.11109161798606862, Validation Loss(MSE): 0.11978507662812869
2024-08-26 21:36:12,318 - Validation loss decreased (0.120963 --> 0.119785).  Saving model ...
2024-08-26 21:36:12,692 - Epoch 37/100, Train Loss(MSE): 0.10895172760381804, Validation Loss(MSE): 0.11856851975123088
2024-08-26 21:36:12,692 - Validation loss decreased (0.119785 --> 0.118569).  Saving model ...
2024-08-26 21:36:13,042 - Epoch 38/100, Train Loss(MSE): 0.10682531425749862, Validation Loss(MSE): 0.11773186642676592
2024-08-26 21:36:13,042 - Validation loss decreased (0.118569 --> 0.117732).  Saving model ...
2024-08-26 21:36:13,432 - Epoch 39/100, Train Loss(MSE): 0.10496964367045152, Validation Loss(MSE): 0.11695072054862976
2024-08-26 21:36:13,432 - Validation loss decreased (0.117732 --> 0.116951).  Saving model ...
2024-08-26 21:36:13,804 - Epoch 40/100, Train Loss(MSE): 0.10312356435499348, Validation Loss(MSE): 0.11654163027803104
2024-08-26 21:36:13,804 - Validation loss decreased (0.116951 --> 0.116542).  Saving model ...
2024-08-26 21:36:14,168 - Epoch 41/100, Train Loss(MSE): 0.1015851134946058, Validation Loss(MSE): 0.11492486732701461
2024-08-26 21:36:14,168 - Validation loss decreased (0.116542 --> 0.114925).  Saving model ...
2024-08-26 21:36:14,534 - Epoch 42/100, Train Loss(MSE): 0.0999527609200923, Validation Loss(MSE): 0.11433333748330672
2024-08-26 21:36:14,535 - Validation loss decreased (0.114925 --> 0.114333).  Saving model ...
2024-08-26 21:36:14,907 - Epoch 43/100, Train Loss(MSE): 0.09851828084460326, Validation Loss(MSE): 0.11389244999736547
2024-08-26 21:36:14,907 - Validation loss decreased (0.114333 --> 0.113892).  Saving model ...
2024-08-26 21:36:15,272 - Epoch 44/100, Train Loss(MSE): 0.09730190055055933, Validation Loss(MSE): 0.11332783444474141
2024-08-26 21:36:15,272 - Validation loss decreased (0.113892 --> 0.113328).  Saving model ...
2024-08-26 21:36:15,630 - Epoch 45/100, Train Loss(MSE): 0.09601450367615773, Validation Loss(MSE): 0.11218019636968772
2024-08-26 21:36:15,630 - Validation loss decreased (0.113328 --> 0.112180).  Saving model ...
2024-08-26 21:36:16,004 - Epoch 46/100, Train Loss(MSE): 0.0949343835914528, Validation Loss(MSE): 0.11173327639698982
2024-08-26 21:36:16,004 - Validation loss decreased (0.112180 --> 0.111733).  Saving model ...
2024-08-26 21:36:16,389 - Epoch 47/100, Train Loss(MSE): 0.09371488791081932, Validation Loss(MSE): 0.1108697388942043
2024-08-26 21:36:16,389 - Validation loss decreased (0.111733 --> 0.110870).  Saving model ...
2024-08-26 21:36:16,780 - Epoch 48/100, Train Loss(MSE): 0.09283163881563879, Validation Loss(MSE): 0.11079838778823614
2024-08-26 21:36:16,780 - Validation loss decreased (0.110870 --> 0.110798).  Saving model ...
2024-08-26 21:36:17,147 - Epoch 49/100, Train Loss(MSE): 0.09184427694468708, Validation Loss(MSE): 0.11107361689209938
2024-08-26 21:36:17,147 - EarlyStopping counter: 1 out of 5
2024-08-26 21:36:17,523 - Epoch 50/100, Train Loss(MSE): 0.09107338207272384, Validation Loss(MSE): 0.10998707978675763
2024-08-26 21:36:17,523 - Validation loss decreased (0.110798 --> 0.109987).  Saving model ...
2024-08-26 21:36:17,889 - Epoch 51/100, Train Loss(MSE): 0.09016971150924871, Validation Loss(MSE): 0.10963296766082446
2024-08-26 21:36:17,889 - Validation loss decreased (0.109987 --> 0.109633).  Saving model ...
2024-08-26 21:36:18,273 - Epoch 52/100, Train Loss(MSE): 0.08939590253918381, Validation Loss(MSE): 0.1088468274101615
2024-08-26 21:36:18,273 - Validation loss decreased (0.109633 --> 0.108847).  Saving model ...
2024-08-26 21:36:18,650 - Epoch 53/100, Train Loss(MSE): 0.08863315440632485, Validation Loss(MSE): 0.10922394165148337
2024-08-26 21:36:18,650 - EarlyStopping counter: 1 out of 5
2024-08-26 21:36:19,017 - Epoch 54/100, Train Loss(MSE): 0.0880354342593269, Validation Loss(MSE): 0.10849220026284456
2024-08-26 21:36:19,017 - Validation loss decreased (0.108847 --> 0.108492).  Saving model ...
2024-08-26 21:36:19,379 - Epoch 55/100, Train Loss(MSE): 0.08753654362818042, Validation Loss(MSE): 0.10835130419582129
2024-08-26 21:36:19,379 - Validation loss decreased (0.108492 --> 0.108351).  Saving model ...
2024-08-26 21:36:19,770 - Epoch 56/100, Train Loss(MSE): 0.08693880653315848, Validation Loss(MSE): 0.10799225668112437
2024-08-26 21:36:19,771 - Validation loss decreased (0.108351 --> 0.107992).  Saving model ...
2024-08-26 21:36:20,129 - Epoch 57/100, Train Loss(MSE): 0.08642005535599949, Validation Loss(MSE): 0.10696503333747387
2024-08-26 21:36:20,129 - Validation loss decreased (0.107992 --> 0.106965).  Saving model ...
2024-08-26 21:36:20,538 - Epoch 58/100, Train Loss(MSE): 0.08588564510528858, Validation Loss(MSE): 0.10737696258972089
2024-08-26 21:36:20,538 - EarlyStopping counter: 1 out of 5
2024-08-26 21:36:20,907 - Epoch 59/100, Train Loss(MSE): 0.08543973375152755, Validation Loss(MSE): 0.1076824717844526
2024-08-26 21:36:20,908 - EarlyStopping counter: 2 out of 5
2024-08-26 21:36:21,301 - Epoch 60/100, Train Loss(MSE): 0.08494840286017119, Validation Loss(MSE): 0.10581715094546477
2024-08-26 21:36:21,301 - Validation loss decreased (0.106965 --> 0.105817).  Saving model ...
2024-08-26 21:36:21,674 - Epoch 61/100, Train Loss(MSE): 0.08454342059545465, Validation Loss(MSE): 0.10547079890966415
2024-08-26 21:36:21,674 - Validation loss decreased (0.105817 --> 0.105471).  Saving model ...
2024-08-26 21:36:22,037 - Epoch 62/100, Train Loss(MSE): 0.0844312452680462, Validation Loss(MSE): 0.10558214907844861
2024-08-26 21:36:22,038 - EarlyStopping counter: 1 out of 5
2024-08-26 21:36:22,418 - Epoch 63/100, Train Loss(MSE): 0.08402716149422494, Validation Loss(MSE): 0.1049029699837168
2024-08-26 21:36:22,418 - Validation loss decreased (0.105471 --> 0.104903).  Saving model ...
2024-08-26 21:36:22,782 - Epoch 64/100, Train Loss(MSE): 0.08345837749868304, Validation Loss(MSE): 0.10492134373635054
2024-08-26 21:36:22,782 - EarlyStopping counter: 1 out of 5
2024-08-26 21:36:23,143 - Epoch 65/100, Train Loss(MSE): 0.08317100060182614, Validation Loss(MSE): 0.10410758014768362
2024-08-26 21:36:23,143 - Validation loss decreased (0.104903 --> 0.104108).  Saving model ...
2024-08-26 21:36:23,529 - Epoch 66/100, Train Loss(MSE): 0.08312940409222802, Validation Loss(MSE): 0.10464593147238095
2024-08-26 21:36:23,529 - EarlyStopping counter: 1 out of 5
2024-08-26 21:36:23,900 - Epoch 67/100, Train Loss(MSE): 0.08266439342073031, Validation Loss(MSE): 0.10450543649494648
2024-08-26 21:36:23,901 - EarlyStopping counter: 2 out of 5
2024-08-26 21:36:24,274 - Epoch 68/100, Train Loss(MSE): 0.08234058171101324, Validation Loss(MSE): 0.10438327677547932
2024-08-26 21:36:24,275 - EarlyStopping counter: 3 out of 5
2024-08-26 21:36:24,643 - Epoch 69/100, Train Loss(MSE): 0.08215252381677811, Validation Loss(MSE): 0.10411943091700475
2024-08-26 21:36:24,643 - EarlyStopping counter: 4 out of 5
2024-08-26 21:36:25,016 - Epoch 70/100, Train Loss(MSE): 0.08195473227117743, Validation Loss(MSE): 0.10451854641238849
2024-08-26 21:36:25,016 - EarlyStopping counter: 5 out of 5
2024-08-26 21:36:25,016 - Early stopping
2024-08-26 21:36:25,016 - —µ¡∑ 70 ¥Œepoch£¨—µ¡∑ ±≥§: 26.004960775375366 √Î
2024-08-26 21:36:25,029 - Test Loss(MSE): 0.09537942179789145
2024-08-26 21:36:25,035 - Model saved to D:\PythonProject\scorpioMock\MPDLinear\checkpoint\MPDLinear_20240826-213625_bs16_seq7_enc24_pred_len3_individualTrue_checkpoint.pth
2024-08-26 21:36:25,046 - Test Loss (Original Scale) MSE: 11.29892258712257
