2024-09-12 11:42:51,291 - Epoch 1/100, Train Loss(MSE): 0.19122283116526517, Validation Loss(MSE): 0.09202817933900016
2024-09-12 11:42:51,291 - Validation loss decreased for the first time. Saving model ...
2024-09-12 11:46:34,375 - Epoch 2/100, Train Loss(MSE): 0.08992476765870323, Validation Loss(MSE): 0.07124959052141223
2024-09-12 11:46:34,375 - Validation loss decreased (0.092028 --> 0.071250).  Saving model ...
2024-09-12 11:50:17,503 - Epoch 3/100, Train Loss(MSE): 0.07322672853036855, Validation Loss(MSE): 0.059285879312526615
2024-09-12 11:50:17,503 - Validation loss decreased (0.071250 --> 0.059286).  Saving model ...
2024-09-12 11:53:59,990 - Epoch 4/100, Train Loss(MSE): 0.06307863900409644, Validation Loss(MSE): 0.05751948200521015
2024-09-12 11:53:59,990 - Validation loss decreased (0.059286 --> 0.057519).  Saving model ...
2024-09-12 11:57:42,492 - Epoch 5/100, Train Loss(MSE): 0.05505441713478065, Validation Loss(MSE): 0.04866390092120994
2024-09-12 11:57:42,492 - Validation loss decreased (0.057519 --> 0.048664).  Saving model ...
2024-09-12 12:01:23,721 - Epoch 6/100, Train Loss(MSE): 0.050240551288548214, Validation Loss(MSE): 0.051447593385264986
2024-09-12 12:01:23,721 - EarlyStopping counter: 1 out of 5
2024-09-12 12:05:06,931 - Epoch 7/100, Train Loss(MSE): 0.04631172438183273, Validation Loss(MSE): 0.044383670092516
2024-09-12 12:05:06,931 - Validation loss decreased (0.048664 --> 0.044384).  Saving model ...
2024-09-12 12:08:49,514 - Epoch 8/100, Train Loss(MSE): 0.04212624149957508, Validation Loss(MSE): 0.04490441318956159
2024-09-12 12:08:49,514 - EarlyStopping counter: 1 out of 5
2024-09-12 12:12:32,088 - Epoch 9/100, Train Loss(MSE): 0.03973381349811257, Validation Loss(MSE): 0.04811640181356952
2024-09-12 12:12:32,088 - EarlyStopping counter: 2 out of 5
2024-09-12 12:16:14,916 - Epoch 10/100, Train Loss(MSE): 0.03858118219510581, Validation Loss(MSE): 0.04370893356168554
2024-09-12 12:16:14,916 - Validation loss decreased (0.044384 --> 0.043709).  Saving model ...
2024-09-12 12:19:57,457 - Epoch 11/100, Train Loss(MSE): 0.03618021622458671, Validation Loss(MSE): 0.04183739796280861
2024-09-12 12:19:57,458 - Validation loss decreased (0.043709 --> 0.041837).  Saving model ...
2024-09-12 12:23:40,255 - Epoch 12/100, Train Loss(MSE): 0.03480556849843191, Validation Loss(MSE): 0.041261943944153334
2024-09-12 12:23:40,255 - Validation loss decreased (0.041837 --> 0.041262).  Saving model ...
2024-09-12 12:27:23,014 - Epoch 13/100, Train Loss(MSE): 0.031879625900289026, Validation Loss(MSE): 0.0482513727620244
2024-09-12 12:27:23,014 - EarlyStopping counter: 1 out of 5
2024-09-12 12:31:05,141 - Epoch 14/100, Train Loss(MSE): 0.029483244242005074, Validation Loss(MSE): 0.04114847971747319
2024-09-12 12:31:05,141 - Validation loss decreased (0.041262 --> 0.041148).  Saving model ...
2024-09-12 12:34:47,672 - Epoch 15/100, Train Loss(MSE): 0.03074176355313204, Validation Loss(MSE): 0.043933707378095106
2024-09-12 12:34:47,672 - EarlyStopping counter: 1 out of 5
2024-09-12 12:38:28,377 - Epoch 16/100, Train Loss(MSE): 0.028243215480043715, Validation Loss(MSE): 0.0412334573588201
2024-09-12 12:38:28,377 - EarlyStopping counter: 2 out of 5
2024-09-12 12:42:10,753 - Epoch 17/100, Train Loss(MSE): 0.028103270299030654, Validation Loss(MSE): 0.04177251719825324
2024-09-12 12:42:10,753 - EarlyStopping counter: 3 out of 5
2024-09-12 12:45:52,880 - Epoch 18/100, Train Loss(MSE): 0.026308332518943357, Validation Loss(MSE): 0.03663412058016374
2024-09-12 12:45:52,880 - Validation loss decreased (0.041148 --> 0.036634).  Saving model ...
2024-09-12 12:49:35,542 - Epoch 19/100, Train Loss(MSE): 0.020823221430069226, Validation Loss(MSE): 0.037260763435846285
2024-09-12 12:49:35,542 - EarlyStopping counter: 1 out of 5
2024-09-12 12:53:17,964 - Epoch 20/100, Train Loss(MSE): 0.020353267294861446, Validation Loss(MSE): 0.03775041962840727
2024-09-12 12:53:17,965 - EarlyStopping counter: 2 out of 5
2024-09-12 12:57:00,915 - Epoch 21/100, Train Loss(MSE): 0.019241908129225386, Validation Loss(MSE): 0.035004240638088616
2024-09-12 12:57:00,915 - Validation loss decreased (0.036634 --> 0.035004).  Saving model ...
2024-09-12 13:00:43,220 - Epoch 22/100, Train Loss(MSE): 0.017712629776685796, Validation Loss(MSE): 0.033087285612488075
2024-09-12 13:00:43,220 - Validation loss decreased (0.035004 --> 0.033087).  Saving model ...
2024-09-12 13:04:27,013 - Epoch 23/100, Train Loss(MSE): 0.01643777297141659, Validation Loss(MSE): 0.034810093364545276
2024-09-12 13:04:27,013 - EarlyStopping counter: 1 out of 5
2024-09-12 13:08:09,210 - Epoch 24/100, Train Loss(MSE): 0.016250598473661212, Validation Loss(MSE): 0.03473556533988033
2024-09-12 13:08:09,210 - EarlyStopping counter: 2 out of 5
2024-09-12 13:11:53,407 - Epoch 25/100, Train Loss(MSE): 0.015802976516808603, Validation Loss(MSE): 0.03603324932711465
2024-09-12 13:11:53,407 - EarlyStopping counter: 3 out of 5
2024-09-12 13:15:35,930 - Epoch 26/100, Train Loss(MSE): 0.015055131404957872, Validation Loss(MSE): 0.033655471567596705
2024-09-12 13:15:35,930 - EarlyStopping counter: 4 out of 5
2024-09-12 13:19:18,377 - Epoch 27/100, Train Loss(MSE): 0.014340442957747218, Validation Loss(MSE): 0.03503632461208673
2024-09-12 13:19:18,377 - EarlyStopping counter: 5 out of 5
2024-09-12 13:19:18,377 - Early stopping
2024-09-12 13:19:18,377 - —µ¡∑ 27 ¥Œepoch£¨—µ¡∑ ±≥§: 6010.221110582352 √Î
2024-09-12 13:19:27,333 - Test Loss (standardization Scale) MSE: 0.04149713682099467
2024-09-12 13:19:27,333 - Test Loss (standardization Scale) MAE: 0.13183490931987762
2024-09-12 13:19:27,633 - Model saved to D:\PythonProject\ScorpioMock\MPDLinear\checkpoint\MPDLinear_SOTA_20240912-131927_bs64_seq24_enc328_pred_len5_individualTrue_checkpoint.pth
2024-09-12 13:19:35,943 - Test Loss (Original Scale) MSE: 12853.427250456523
2024-09-12 13:19:35,943 - Test Loss (Original Scale) MAE: 73.2348839979012
