2024-09-05 19:37:19,258 - Epoch 1/100, Train Loss(MSE): 1.7445697972649021, Validation Loss(MSE): 1.6732029914855957
2024-09-05 19:37:19,258 - Validation loss decreased for the first time. Saving model ...
2024-09-05 19:37:20,705 - Epoch 2/100, Train Loss(MSE): 1.6772618544729132, Validation Loss(MSE): 1.595483660697937
2024-09-05 19:37:20,709 - Validation loss decreased (1.673203 --> 1.595484).  Saving model ...
2024-09-05 19:37:22,189 - Epoch 3/100, Train Loss(MSE): 1.5614536247755353, Validation Loss(MSE): 1.438136378924052
2024-09-05 19:37:22,189 - Validation loss decreased (1.595484 --> 1.438136).  Saving model ...
2024-09-05 19:37:23,646 - Epoch 4/100, Train Loss(MSE): 1.2886678262760765, Validation Loss(MSE): 0.9092745383580526
2024-09-05 19:37:23,646 - Validation loss decreased (1.438136 --> 0.909275).  Saving model ...
2024-09-05 19:37:25,120 - Epoch 5/100, Train Loss(MSE): 0.5312220203249078, Validation Loss(MSE): 0.3007679482301076
2024-09-05 19:37:25,120 - Validation loss decreased (0.909275 --> 0.300768).  Saving model ...
2024-09-05 19:37:26,591 - Epoch 6/100, Train Loss(MSE): 0.2059570809728221, Validation Loss(MSE): 0.1724117547273636
2024-09-05 19:37:26,591 - Validation loss decreased (0.300768 --> 0.172412).  Saving model ...
2024-09-05 19:37:28,053 - Epoch 7/100, Train Loss(MSE): 0.12496839306856457, Validation Loss(MSE): 0.1281529664993286
2024-09-05 19:37:28,053 - Validation loss decreased (0.172412 --> 0.128153).  Saving model ...
2024-09-05 19:37:29,498 - Epoch 8/100, Train Loss(MSE): 0.10173548758029938, Validation Loss(MSE): 0.10704967627922694
2024-09-05 19:37:29,498 - Validation loss decreased (0.128153 --> 0.107050).  Saving model ...
2024-09-05 19:37:31,028 - Epoch 9/100, Train Loss(MSE): 0.08156692452336613, Validation Loss(MSE): 0.09528006116549174
2024-09-05 19:37:31,028 - Validation loss decreased (0.107050 --> 0.095280).  Saving model ...
2024-09-05 19:37:32,516 - Epoch 10/100, Train Loss(MSE): 0.06773423913278077, Validation Loss(MSE): 0.08809427917003632
2024-09-05 19:37:32,517 - Validation loss decreased (0.095280 --> 0.088094).  Saving model ...
2024-09-05 19:37:33,988 - Epoch 11/100, Train Loss(MSE): 0.06179489116919668, Validation Loss(MSE): 0.0814485251903534
2024-09-05 19:37:33,988 - Validation loss decreased (0.088094 --> 0.081449).  Saving model ...
2024-09-05 19:37:35,479 - Epoch 12/100, Train Loss(MSE): 0.05396780508913492, Validation Loss(MSE): 0.07684565335512161
2024-09-05 19:37:35,479 - Validation loss decreased (0.081449 --> 0.076846).  Saving model ...
2024-09-05 19:37:36,948 - Epoch 13/100, Train Loss(MSE): 0.05086580497261725, Validation Loss(MSE): 0.07419158766667049
2024-09-05 19:37:36,948 - Validation loss decreased (0.076846 --> 0.074192).  Saving model ...
2024-09-05 19:37:38,413 - Epoch 14/100, Train Loss(MSE): 0.047069442409433816, Validation Loss(MSE): 0.07134948049982388
2024-09-05 19:37:38,413 - Validation loss decreased (0.074192 --> 0.071349).  Saving model ...
2024-09-05 19:37:39,846 - Epoch 15/100, Train Loss(MSE): 0.046079028005662714, Validation Loss(MSE): 0.06994183609882991
2024-09-05 19:37:39,846 - Validation loss decreased (0.071349 --> 0.069942).  Saving model ...
2024-09-05 19:37:41,346 - Epoch 16/100, Train Loss(MSE): 0.044250672094916045, Validation Loss(MSE): 0.06846461445093155
2024-09-05 19:37:41,346 - Validation loss decreased (0.069942 --> 0.068465).  Saving model ...
2024-09-05 19:37:42,801 - Epoch 17/100, Train Loss(MSE): 0.04576241362251734, Validation Loss(MSE): 0.06716821839412053
2024-09-05 19:37:42,801 - Validation loss decreased (0.068465 --> 0.067168).  Saving model ...
2024-09-05 19:37:44,280 - Epoch 18/100, Train Loss(MSE): 0.04432015817024206, Validation Loss(MSE): 0.06598665316899617
2024-09-05 19:37:44,281 - Validation loss decreased (0.067168 --> 0.065987).  Saving model ...
2024-09-05 19:37:45,772 - Epoch 19/100, Train Loss(MSE): 0.04194730892777443, Validation Loss(MSE): 0.06569620221853256
2024-09-05 19:37:45,773 - Validation loss decreased (0.065987 --> 0.065696).  Saving model ...
2024-09-05 19:37:47,254 - Epoch 20/100, Train Loss(MSE): 0.0423049673830208, Validation Loss(MSE): 0.06646855796376865
2024-09-05 19:37:47,254 - EarlyStopping counter: 1 out of 7
2024-09-05 19:37:48,709 - Epoch 21/100, Train Loss(MSE): 0.043517860927079856, Validation Loss(MSE): 0.06324077149232228
2024-09-05 19:37:48,709 - Validation loss decreased (0.065696 --> 0.063241).  Saving model ...
2024-09-05 19:37:50,170 - Epoch 22/100, Train Loss(MSE): 0.04021965996607354, Validation Loss(MSE): 0.06294698516527812
2024-09-05 19:37:50,170 - Validation loss decreased (0.063241 --> 0.062947).  Saving model ...
2024-09-05 19:37:51,678 - Epoch 23/100, Train Loss(MSE): 0.039826463123685436, Validation Loss(MSE): 0.06161650394399961
2024-09-05 19:37:51,678 - Validation loss decreased (0.062947 --> 0.061617).  Saving model ...
2024-09-05 19:37:53,158 - Epoch 24/100, Train Loss(MSE): 0.040079655517873014, Validation Loss(MSE): 0.061158635963996254
2024-09-05 19:37:53,159 - Validation loss decreased (0.061617 --> 0.061159).  Saving model ...
2024-09-05 19:37:54,622 - Epoch 25/100, Train Loss(MSE): 0.03907669806166699, Validation Loss(MSE): 0.060758333653211594
2024-09-05 19:37:54,622 - Validation loss decreased (0.061159 --> 0.060758).  Saving model ...
2024-09-05 19:37:56,097 - Epoch 26/100, Train Loss(MSE): 0.03840869723966247, Validation Loss(MSE): 0.06096589316924413
2024-09-05 19:37:56,097 - EarlyStopping counter: 1 out of 7
2024-09-05 19:37:57,576 - Epoch 27/100, Train Loss(MSE): 0.038994573056697845, Validation Loss(MSE): 0.058689637730518975
2024-09-05 19:37:57,576 - Validation loss decreased (0.060758 --> 0.058690).  Saving model ...
2024-09-05 19:37:59,095 - Epoch 28/100, Train Loss(MSE): 0.03688403816991731, Validation Loss(MSE): 0.0602370984852314
2024-09-05 19:37:59,095 - EarlyStopping counter: 1 out of 7
2024-09-05 19:38:00,544 - Epoch 29/100, Train Loss(MSE): 0.036822536470074406, Validation Loss(MSE): 0.05897383267680804
2024-09-05 19:38:00,544 - EarlyStopping counter: 2 out of 7
2024-09-05 19:38:01,987 - Epoch 30/100, Train Loss(MSE): 0.03636408273718859, Validation Loss(MSE): 0.05901284143328667
2024-09-05 19:38:01,987 - EarlyStopping counter: 3 out of 7
2024-09-05 19:38:03,418 - Epoch 31/100, Train Loss(MSE): 0.03639603612062178, Validation Loss(MSE): 0.057393250366051994
2024-09-05 19:38:03,418 - Validation loss decreased (0.058690 --> 0.057393).  Saving model ...
2024-09-05 19:38:04,876 - Epoch 32/100, Train Loss(MSE): 0.0368167738381185, Validation Loss(MSE): 0.056855250149965286
2024-09-05 19:38:04,877 - Validation loss decreased (0.057393 --> 0.056855).  Saving model ...
2024-09-05 19:38:06,361 - Epoch 33/100, Train Loss(MSE): 0.03519791747002225, Validation Loss(MSE): 0.05645713210105896
2024-09-05 19:38:06,361 - Validation loss decreased (0.056855 --> 0.056457).  Saving model ...
2024-09-05 19:38:07,815 - Epoch 34/100, Train Loss(MSE): 0.03499875992144409, Validation Loss(MSE): 0.056550888965527214
2024-09-05 19:38:07,815 - EarlyStopping counter: 1 out of 7
2024-09-05 19:38:09,223 - Epoch 35/100, Train Loss(MSE): 0.03467374618508314, Validation Loss(MSE): 0.05642987166841825
2024-09-05 19:38:09,223 - Validation loss decreased (0.056457 --> 0.056430).  Saving model ...
2024-09-05 19:38:10,676 - Epoch 36/100, Train Loss(MSE): 0.03367845998390725, Validation Loss(MSE): 0.0562789353231589
2024-09-05 19:38:10,676 - Validation loss decreased (0.056430 --> 0.056279).  Saving model ...
2024-09-05 19:38:12,138 - Epoch 37/100, Train Loss(MSE): 0.032927746492389, Validation Loss(MSE): 0.05595378577709198
2024-09-05 19:38:12,138 - Validation loss decreased (0.056279 --> 0.055954).  Saving model ...
2024-09-05 19:38:13,619 - Epoch 38/100, Train Loss(MSE): 0.03344155602941388, Validation Loss(MSE): 0.05533165733019511
2024-09-05 19:38:13,619 - Validation loss decreased (0.055954 --> 0.055332).  Saving model ...
2024-09-05 19:38:15,102 - Epoch 39/100, Train Loss(MSE): 0.033310498552102795, Validation Loss(MSE): 0.054645409186681114
2024-09-05 19:38:15,102 - Validation loss decreased (0.055332 --> 0.054645).  Saving model ...
2024-09-05 19:38:16,561 - Epoch 40/100, Train Loss(MSE): 0.03249961039737651, Validation Loss(MSE): 0.05361210306485494
2024-09-05 19:38:16,561 - Validation loss decreased (0.054645 --> 0.053612).  Saving model ...
2024-09-05 19:38:18,009 - Epoch 41/100, Train Loss(MSE): 0.03376498759577149, Validation Loss(MSE): 0.05400385335087776
2024-09-05 19:38:18,009 - EarlyStopping counter: 1 out of 7
2024-09-05 19:38:19,433 - Epoch 42/100, Train Loss(MSE): 0.03151090256869793, Validation Loss(MSE): 0.05413807307680448
2024-09-05 19:38:19,434 - EarlyStopping counter: 2 out of 7
2024-09-05 19:38:20,888 - Epoch 43/100, Train Loss(MSE): 0.03135522307926103, Validation Loss(MSE): 0.05348925168315569
2024-09-05 19:38:20,888 - Validation loss decreased (0.053612 --> 0.053489).  Saving model ...
2024-09-05 19:38:22,385 - Epoch 44/100, Train Loss(MSE): 0.0306626689669333, Validation Loss(MSE): 0.05337432647744814
2024-09-05 19:38:22,385 - Validation loss decreased (0.053489 --> 0.053374).  Saving model ...
2024-09-05 19:38:23,876 - Epoch 45/100, Train Loss(MSE): 0.03042501573892016, Validation Loss(MSE): 0.05291866138577461
2024-09-05 19:38:23,876 - Validation loss decreased (0.053374 --> 0.052919).  Saving model ...
2024-09-05 19:38:25,367 - Epoch 46/100, Train Loss(MSE): 0.029504951579790367, Validation Loss(MSE): 0.05289543544252714
2024-09-05 19:38:25,367 - Validation loss decreased (0.052919 --> 0.052895).  Saving model ...
2024-09-05 19:38:26,836 - Epoch 47/100, Train Loss(MSE): 0.029585343344431175, Validation Loss(MSE): 0.052459479620059334
2024-09-05 19:38:26,837 - Validation loss decreased (0.052895 --> 0.052459).  Saving model ...
2024-09-05 19:38:28,306 - Epoch 48/100, Train Loss(MSE): 0.029133853453554605, Validation Loss(MSE): 0.05242509270707766
2024-09-05 19:38:28,306 - Validation loss decreased (0.052459 --> 0.052425).  Saving model ...
2024-09-05 19:38:29,767 - Epoch 49/100, Train Loss(MSE): 0.02836982817634156, Validation Loss(MSE): 0.052221069733301796
2024-09-05 19:38:29,768 - Validation loss decreased (0.052425 --> 0.052221).  Saving model ...
2024-09-05 19:38:31,253 - Epoch 50/100, Train Loss(MSE): 0.028183609443275554, Validation Loss(MSE): 0.05185998976230621
2024-09-05 19:38:31,253 - Validation loss decreased (0.052221 --> 0.051860).  Saving model ...
2024-09-05 19:38:32,735 - Epoch 51/100, Train Loss(MSE): 0.028619206559501197, Validation Loss(MSE): 0.051778958489497505
2024-09-05 19:38:32,735 - Validation loss decreased (0.051860 --> 0.051779).  Saving model ...
2024-09-05 19:38:34,240 - Epoch 52/100, Train Loss(MSE): 0.02794043170778375, Validation Loss(MSE): 0.05236675962805748
2024-09-05 19:38:34,241 - EarlyStopping counter: 1 out of 7
2024-09-05 19:38:35,707 - Epoch 53/100, Train Loss(MSE): 0.027108954804900446, Validation Loss(MSE): 0.05091088513533274
2024-09-05 19:38:35,707 - Validation loss decreased (0.051779 --> 0.050911).  Saving model ...
2024-09-05 19:38:37,171 - Epoch 54/100, Train Loss(MSE): 0.02755807751887723, Validation Loss(MSE): 0.050671618431806564
2024-09-05 19:38:37,171 - Validation loss decreased (0.050911 --> 0.050672).  Saving model ...
2024-09-05 19:38:38,629 - Epoch 55/100, Train Loss(MSE): 0.026434285664244703, Validation Loss(MSE): 0.049623966217041016
2024-09-05 19:38:38,629 - Validation loss decreased (0.050672 --> 0.049624).  Saving model ...
2024-09-05 19:38:40,095 - Epoch 56/100, Train Loss(MSE): 0.025750282367593365, Validation Loss(MSE): 0.04979594424366951
2024-09-05 19:38:40,096 - EarlyStopping counter: 1 out of 7
2024-09-05 19:38:41,544 - Epoch 57/100, Train Loss(MSE): 0.02623376328694193, Validation Loss(MSE): 0.05010755484302839
2024-09-05 19:38:41,544 - EarlyStopping counter: 2 out of 7
2024-09-05 19:38:42,998 - Epoch 58/100, Train Loss(MSE): 0.024752347386981313, Validation Loss(MSE): 0.0502110980451107
2024-09-05 19:38:42,998 - EarlyStopping counter: 3 out of 7
2024-09-05 19:38:44,412 - Epoch 59/100, Train Loss(MSE): 0.0250943851118025, Validation Loss(MSE): 0.04893368730942408
2024-09-05 19:38:44,412 - Validation loss decreased (0.049624 --> 0.048934).  Saving model ...
2024-09-05 19:38:45,883 - Epoch 60/100, Train Loss(MSE): 0.02429716686080945, Validation Loss(MSE): 0.049837117393811546
2024-09-05 19:38:45,884 - EarlyStopping counter: 1 out of 7
2024-09-05 19:38:47,339 - Epoch 61/100, Train Loss(MSE): 0.023696784616300936, Validation Loss(MSE): 0.04933758328358332
2024-09-05 19:38:47,339 - EarlyStopping counter: 2 out of 7
2024-09-05 19:38:48,772 - Epoch 62/100, Train Loss(MSE): 0.024049020127246256, Validation Loss(MSE): 0.049000635743141174
2024-09-05 19:38:48,772 - EarlyStopping counter: 3 out of 7
2024-09-05 19:38:50,236 - Epoch 63/100, Train Loss(MSE): 0.022563102410027857, Validation Loss(MSE): 0.048905208706855774
2024-09-05 19:38:50,236 - Validation loss decreased (0.048934 --> 0.048905).  Saving model ...
2024-09-05 19:38:51,736 - Epoch 64/100, Train Loss(MSE): 0.02204162926462136, Validation Loss(MSE): 0.047830780347188316
2024-09-05 19:38:51,736 - Validation loss decreased (0.048905 --> 0.047831).  Saving model ...
2024-09-05 19:38:53,238 - Epoch 65/100, Train Loss(MSE): 0.02284912446415738, Validation Loss(MSE): 0.04750689615805944
2024-09-05 19:38:53,238 - Validation loss decreased (0.047831 --> 0.047507).  Saving model ...
2024-09-05 19:38:54,728 - Epoch 66/100, Train Loss(MSE): 0.021410151678872735, Validation Loss(MSE): 0.047695863991975784
2024-09-05 19:38:54,728 - EarlyStopping counter: 1 out of 7
2024-09-05 19:38:56,187 - Epoch 67/100, Train Loss(MSE): 0.021863585337996483, Validation Loss(MSE): 0.04772466545303663
2024-09-05 19:38:56,188 - EarlyStopping counter: 2 out of 7
2024-09-05 19:38:57,645 - Epoch 68/100, Train Loss(MSE): 0.02064339963621215, Validation Loss(MSE): 0.04738189404209455
2024-09-05 19:38:57,645 - Validation loss decreased (0.047507 --> 0.047382).  Saving model ...
2024-09-05 19:38:59,119 - Epoch 69/100, Train Loss(MSE): 0.02049394564605073, Validation Loss(MSE): 0.046793838342030845
2024-09-05 19:38:59,119 - Validation loss decreased (0.047382 --> 0.046794).  Saving model ...
2024-09-05 19:39:00,617 - Epoch 70/100, Train Loss(MSE): 0.020268728809529228, Validation Loss(MSE): 0.046995883186658226
2024-09-05 19:39:00,617 - EarlyStopping counter: 1 out of 7
2024-09-05 19:39:02,077 - Epoch 71/100, Train Loss(MSE): 0.01929641632657302, Validation Loss(MSE): 0.047206549594799675
2024-09-05 19:39:02,077 - EarlyStopping counter: 2 out of 7
2024-09-05 19:39:03,548 - Epoch 72/100, Train Loss(MSE): 0.01894958390805282, Validation Loss(MSE): 0.046820408354202904
2024-09-05 19:39:03,549 - EarlyStopping counter: 3 out of 7
2024-09-05 19:39:05,022 - Epoch 73/100, Train Loss(MSE): 0.0190733319736625, Validation Loss(MSE): 0.04686163365840912
2024-09-05 19:39:05,022 - EarlyStopping counter: 4 out of 7
2024-09-05 19:39:06,483 - Epoch 74/100, Train Loss(MSE): 0.018331844457670263, Validation Loss(MSE): 0.045978778352340065
2024-09-05 19:39:06,484 - Validation loss decreased (0.046794 --> 0.045979).  Saving model ...
2024-09-05 19:39:07,933 - Epoch 75/100, Train Loss(MSE): 0.017604025570969833, Validation Loss(MSE): 0.04545265808701515
2024-09-05 19:39:07,933 - Validation loss decreased (0.045979 --> 0.045453).  Saving model ...
2024-09-05 19:39:09,392 - Epoch 76/100, Train Loss(MSE): 0.01742431163591774, Validation Loss(MSE): 0.04608567679921786
2024-09-05 19:39:09,392 - EarlyStopping counter: 1 out of 7
2024-09-05 19:39:10,847 - Epoch 77/100, Train Loss(MSE): 0.018092758855537364, Validation Loss(MSE): 0.0465570737918218
2024-09-05 19:39:10,847 - EarlyStopping counter: 2 out of 7
2024-09-05 19:39:12,289 - Epoch 78/100, Train Loss(MSE): 0.017233088269437615, Validation Loss(MSE): 0.0453538013001283
2024-09-05 19:39:12,289 - Validation loss decreased (0.045453 --> 0.045354).  Saving model ...
2024-09-05 19:39:13,771 - Epoch 79/100, Train Loss(MSE): 0.015618127721704934, Validation Loss(MSE): 0.04563096910715103
2024-09-05 19:39:13,771 - EarlyStopping counter: 1 out of 7
2024-09-05 19:39:15,264 - Epoch 80/100, Train Loss(MSE): 0.015852641559353, Validation Loss(MSE): 0.04525667801499367
2024-09-05 19:39:15,264 - Validation loss decreased (0.045354 --> 0.045257).  Saving model ...
2024-09-05 19:39:16,795 - Epoch 81/100, Train Loss(MSE): 0.015142282912213551, Validation Loss(MSE): 0.04510523130496343
2024-09-05 19:39:16,796 - Validation loss decreased (0.045257 --> 0.045105).  Saving model ...
2024-09-05 19:39:18,302 - Epoch 82/100, Train Loss(MSE): 0.01496747317478845, Validation Loss(MSE): 0.04455805569887161
2024-09-05 19:39:18,302 - Validation loss decreased (0.045105 --> 0.044558).  Saving model ...
2024-09-05 19:39:19,886 - Epoch 83/100, Train Loss(MSE): 0.015111319132541356, Validation Loss(MSE): 0.044749719401200615
2024-09-05 19:39:19,886 - EarlyStopping counter: 1 out of 7
2024-09-05 19:39:21,445 - Epoch 84/100, Train Loss(MSE): 0.014269300638452956, Validation Loss(MSE): 0.04457732786734899
2024-09-05 19:39:21,445 - EarlyStopping counter: 2 out of 7
2024-09-05 19:39:22,914 - Epoch 85/100, Train Loss(MSE): 0.014631312193447038, Validation Loss(MSE): 0.04392487679918607
2024-09-05 19:39:22,914 - Validation loss decreased (0.044558 --> 0.043925).  Saving model ...
2024-09-05 19:39:24,484 - Epoch 86/100, Train Loss(MSE): 0.01360707837892206, Validation Loss(MSE): 0.04456399008631706
2024-09-05 19:39:24,484 - EarlyStopping counter: 1 out of 7
2024-09-05 19:39:26,089 - Epoch 87/100, Train Loss(MSE): 0.012754108609729692, Validation Loss(MSE): 0.044047169387340546
2024-09-05 19:39:26,089 - EarlyStopping counter: 2 out of 7
2024-09-05 19:39:27,874 - Epoch 88/100, Train Loss(MSE): 0.012438300997018814, Validation Loss(MSE): 0.045348573476076126
2024-09-05 19:39:27,874 - EarlyStopping counter: 3 out of 7
2024-09-05 19:39:29,407 - Epoch 89/100, Train Loss(MSE): 0.012408057227730751, Validation Loss(MSE): 0.0435992901523908
2024-09-05 19:39:29,408 - Validation loss decreased (0.043925 --> 0.043599).  Saving model ...
2024-09-05 19:39:30,918 - Epoch 90/100, Train Loss(MSE): 0.011809158629100574, Validation Loss(MSE): 0.04343738779425621
2024-09-05 19:39:30,918 - Validation loss decreased (0.043599 --> 0.043437).  Saving model ...
2024-09-05 19:39:32,564 - Epoch 91/100, Train Loss(MSE): 0.011291945549218278, Validation Loss(MSE): 0.043444150437911354
2024-09-05 19:39:32,564 - EarlyStopping counter: 1 out of 7
2024-09-05 19:39:34,036 - Epoch 92/100, Train Loss(MSE): 0.010941558958668458, Validation Loss(MSE): 0.0434164231022199
2024-09-05 19:39:34,037 - Validation loss decreased (0.043437 --> 0.043416).  Saving model ...
2024-09-05 19:39:35,525 - Epoch 93/100, Train Loss(MSE): 0.010830713141905634, Validation Loss(MSE): 0.043666368971268334
2024-09-05 19:39:35,525 - EarlyStopping counter: 1 out of 7
2024-09-05 19:39:36,977 - Epoch 94/100, Train Loss(MSE): 0.010446722472184583, Validation Loss(MSE): 0.04337533935904503
2024-09-05 19:39:36,977 - Validation loss decreased (0.043416 --> 0.043375).  Saving model ...
2024-09-05 19:39:38,472 - Epoch 95/100, Train Loss(MSE): 0.00989837922449959, Validation Loss(MSE): 0.04385374113917351
2024-09-05 19:39:38,472 - EarlyStopping counter: 1 out of 7
2024-09-05 19:39:39,912 - Epoch 96/100, Train Loss(MSE): 0.009784687972186427, Validation Loss(MSE): 0.04302441452940305
2024-09-05 19:39:39,913 - Validation loss decreased (0.043375 --> 0.043024).  Saving model ...
2024-09-05 19:39:41,422 - Epoch 97/100, Train Loss(MSE): 0.009457596504178486, Validation Loss(MSE): 0.042871916045745216
2024-09-05 19:39:41,422 - Validation loss decreased (0.043024 --> 0.042872).  Saving model ...
2024-09-05 19:39:42,910 - Epoch 98/100, Train Loss(MSE): 0.00911125734350399, Validation Loss(MSE): 0.043106513718763985
2024-09-05 19:39:42,910 - EarlyStopping counter: 1 out of 7
2024-09-05 19:39:44,338 - Epoch 99/100, Train Loss(MSE): 0.008886785663076137, Validation Loss(MSE): 0.04268539448579153
2024-09-05 19:39:44,338 - Validation loss decreased (0.042872 --> 0.042685).  Saving model ...
2024-09-05 19:39:45,812 - Epoch 100/100, Train Loss(MSE): 0.00936811155100402, Validation Loss(MSE): 0.042527095725138984
2024-09-05 19:39:45,812 - Validation loss decreased (0.042685 --> 0.042527).  Saving model ...
2024-09-05 19:39:45,823 - —µ¡∑ 100 ¥Œepoch£¨—µ¡∑ ±≥§: 148.10490536689758 √Î
2024-09-05 19:39:45,894 - Test Loss(MSE): 0.03351920594771703
2024-09-05 19:39:45,908 - Model saved to D:\PythonProject\scorpioMock\MPDLinear\checkpoint\MPDLinear_SOTA_20240905-193945_bs64_seq365_enc24_pred_len5_individualTrue_checkpoint.pth
2024-09-05 19:39:45,963 - Test Loss (Original Scale) MSE: 3.8181918148216027
2024-09-05 19:39:45,963 - Test Loss (Original Scale) MAE: 1.5062168342367697
