2024-09-07 17:25:39,674 - Epoch 1/100, Train Loss(MSE): 0.3969999245907131, Validation Loss(MSE): 0.13908930122852325
2024-09-07 17:25:39,675 - Validation loss decreased for the first time. Saving model ...
2024-09-07 17:25:39,896 - Epoch 2/100, Train Loss(MSE): 0.11205811210368809, Validation Loss(MSE): 0.11060032248497009
2024-09-07 17:25:39,900 - Validation loss decreased (0.139089 --> 0.110600).  Saving model ...
2024-09-07 17:25:40,105 - Epoch 3/100, Train Loss(MSE): 0.07556451053211563, Validation Loss(MSE): 0.10512370367844899
2024-09-07 17:25:40,106 - Validation loss decreased (0.110600 --> 0.105124).  Saving model ...
2024-09-07 17:25:40,332 - Epoch 4/100, Train Loss(MSE): 0.05351525917649269, Validation Loss(MSE): 0.09200763702392578
2024-09-07 17:25:40,332 - Validation loss decreased (0.105124 --> 0.092008).  Saving model ...
2024-09-07 17:25:40,567 - Epoch 5/100, Train Loss(MSE): 0.042298888395491396, Validation Loss(MSE): 0.09064684063196182
2024-09-07 17:25:40,567 - Validation loss decreased (0.092008 --> 0.090647).  Saving model ...
2024-09-07 17:25:40,790 - Epoch 6/100, Train Loss(MSE): 0.036944883532429994, Validation Loss(MSE): 0.08998122811317444
2024-09-07 17:25:40,790 - Validation loss decreased (0.090647 --> 0.089981).  Saving model ...
2024-09-07 17:25:41,012 - Epoch 7/100, Train Loss(MSE): 0.029763587701477502, Validation Loss(MSE): 0.08598759273687999
2024-09-07 17:25:41,012 - Validation loss decreased (0.089981 --> 0.085988).  Saving model ...
2024-09-07 17:25:41,231 - Epoch 8/100, Train Loss(MSE): 0.024163416047629557, Validation Loss(MSE): 0.08536363641421
2024-09-07 17:25:41,231 - Validation loss decreased (0.085988 --> 0.085364).  Saving model ...
2024-09-07 17:25:41,464 - Epoch 9/100, Train Loss(MSE): 0.019843463050691706, Validation Loss(MSE): 0.08289175977309544
2024-09-07 17:25:41,464 - Validation loss decreased (0.085364 --> 0.082892).  Saving model ...
2024-09-07 17:25:41,678 - Epoch 10/100, Train Loss(MSE): 0.017419951477725255, Validation Loss(MSE): 0.08313107987244923
2024-09-07 17:25:41,678 - EarlyStopping counter: 1 out of 5
2024-09-07 17:25:41,899 - Epoch 11/100, Train Loss(MSE): 0.014568141906669265, Validation Loss(MSE): 0.081505436450243
2024-09-07 17:25:41,899 - Validation loss decreased (0.082892 --> 0.081505).  Saving model ...
2024-09-07 17:25:42,111 - Epoch 12/100, Train Loss(MSE): 0.012254680433359585, Validation Loss(MSE): 0.08149547502398491
2024-09-07 17:25:42,111 - EarlyStopping counter: 1 out of 5
2024-09-07 17:25:42,339 - Epoch 13/100, Train Loss(MSE): 0.010716185096259179, Validation Loss(MSE): 0.08028741056720416
2024-09-07 17:25:42,339 - Validation loss decreased (0.081505 --> 0.080287).  Saving model ...
2024-09-07 17:25:42,550 - Epoch 14/100, Train Loss(MSE): 0.009017939581290671, Validation Loss(MSE): 0.08035618315140407
2024-09-07 17:25:42,551 - EarlyStopping counter: 1 out of 5
2024-09-07 17:25:42,761 - Epoch 15/100, Train Loss(MSE): 0.007971465367039568, Validation Loss(MSE): 0.07874765743811925
2024-09-07 17:25:42,761 - Validation loss decreased (0.080287 --> 0.078748).  Saving model ...
2024-09-07 17:25:42,978 - Epoch 16/100, Train Loss(MSE): 0.0066497793274098325, Validation Loss(MSE): 0.07772541294495265
2024-09-07 17:25:42,978 - Validation loss decreased (0.078748 --> 0.077725).  Saving model ...
2024-09-07 17:25:43,195 - Epoch 17/100, Train Loss(MSE): 0.006160332490444968, Validation Loss(MSE): 0.07796914006272952
2024-09-07 17:25:43,195 - EarlyStopping counter: 1 out of 5
2024-09-07 17:25:43,412 - Epoch 18/100, Train Loss(MSE): 0.0049298409078466264, Validation Loss(MSE): 0.07827689871191978
2024-09-07 17:25:43,412 - EarlyStopping counter: 2 out of 5
2024-09-07 17:25:43,630 - Epoch 19/100, Train Loss(MSE): 0.0043943891130191716, Validation Loss(MSE): 0.07809832692146301
2024-09-07 17:25:43,630 - EarlyStopping counter: 3 out of 5
2024-09-07 17:25:43,838 - Epoch 20/100, Train Loss(MSE): 0.0038424424434963023, Validation Loss(MSE): 0.07786508401234944
2024-09-07 17:25:43,838 - EarlyStopping counter: 4 out of 5
2024-09-07 17:25:44,056 - Epoch 21/100, Train Loss(MSE): 0.0032835505584156827, Validation Loss(MSE): 0.07733633617560069
2024-09-07 17:25:44,056 - Validation loss decreased (0.077725 --> 0.077336).  Saving model ...
2024-09-07 17:25:44,268 - Epoch 22/100, Train Loss(MSE): 0.002696187970669646, Validation Loss(MSE): 0.07693741967280705
2024-09-07 17:25:44,269 - Validation loss decreased (0.077336 --> 0.076937).  Saving model ...
2024-09-07 17:25:44,489 - Epoch 23/100, Train Loss(MSE): 0.0022998225084800076, Validation Loss(MSE): 0.07678104688723882
2024-09-07 17:25:44,489 - Validation loss decreased (0.076937 --> 0.076781).  Saving model ...
2024-09-07 17:25:44,695 - Epoch 24/100, Train Loss(MSE): 0.002016016027865637, Validation Loss(MSE): 0.07639370610316594
2024-09-07 17:25:44,695 - Validation loss decreased (0.076781 --> 0.076394).  Saving model ...
2024-09-07 17:25:44,921 - Epoch 25/100, Train Loss(MSE): 0.0017977704012178276, Validation Loss(MSE): 0.0763025792936484
2024-09-07 17:25:44,921 - Validation loss decreased (0.076394 --> 0.076303).  Saving model ...
2024-09-07 17:25:45,152 - Epoch 26/100, Train Loss(MSE): 0.0015607375872174376, Validation Loss(MSE): 0.07662233834465344
2024-09-07 17:25:45,152 - EarlyStopping counter: 1 out of 5
2024-09-07 17:25:45,409 - Epoch 27/100, Train Loss(MSE): 0.001334050072871737, Validation Loss(MSE): 0.07602536305785179
2024-09-07 17:25:45,409 - Validation loss decreased (0.076303 --> 0.076025).  Saving model ...
2024-09-07 17:25:45,624 - Epoch 28/100, Train Loss(MSE): 0.0011874702422095364, Validation Loss(MSE): 0.07613377645611763
2024-09-07 17:25:45,624 - EarlyStopping counter: 1 out of 5
2024-09-07 17:25:45,844 - Epoch 29/100, Train Loss(MSE): 0.001048680330553141, Validation Loss(MSE): 0.07615183293819427
2024-09-07 17:25:45,845 - EarlyStopping counter: 2 out of 5
2024-09-07 17:25:46,057 - Epoch 30/100, Train Loss(MSE): 0.0009189857657091986, Validation Loss(MSE): 0.07605556522806485
2024-09-07 17:25:46,057 - EarlyStopping counter: 3 out of 5
2024-09-07 17:25:46,285 - Epoch 31/100, Train Loss(MSE): 0.0008076885179003799, Validation Loss(MSE): 0.07546140005191167
2024-09-07 17:25:46,285 - Validation loss decreased (0.076025 --> 0.075461).  Saving model ...
2024-09-07 17:25:46,512 - Epoch 32/100, Train Loss(MSE): 0.0006974327996814329, Validation Loss(MSE): 0.0762291910747687
2024-09-07 17:25:46,512 - EarlyStopping counter: 1 out of 5
2024-09-07 17:25:46,713 - Epoch 33/100, Train Loss(MSE): 0.0006014817734371478, Validation Loss(MSE): 0.0752612054347992
2024-09-07 17:25:46,713 - Validation loss decreased (0.075461 --> 0.075261).  Saving model ...
2024-09-07 17:25:46,943 - Epoch 34/100, Train Loss(MSE): 0.0005208528539361922, Validation Loss(MSE): 0.07556029036641121
2024-09-07 17:25:46,943 - EarlyStopping counter: 1 out of 5
2024-09-07 17:25:47,152 - Epoch 35/100, Train Loss(MSE): 0.00043849374081841424, Validation Loss(MSE): 0.07520453880230586
2024-09-07 17:25:47,152 - Validation loss decreased (0.075261 --> 0.075205).  Saving model ...
2024-09-07 17:25:47,392 - Epoch 36/100, Train Loss(MSE): 0.00037100293986058156, Validation Loss(MSE): 0.07568122198184331
2024-09-07 17:25:47,392 - EarlyStopping counter: 1 out of 5
2024-09-07 17:25:47,600 - Epoch 37/100, Train Loss(MSE): 0.00033319238833715454, Validation Loss(MSE): 0.0753550889591376
2024-09-07 17:25:47,600 - EarlyStopping counter: 2 out of 5
2024-09-07 17:25:47,835 - Epoch 38/100, Train Loss(MSE): 0.000283497080856346, Validation Loss(MSE): 0.07536829635500908
2024-09-07 17:25:47,836 - EarlyStopping counter: 3 out of 5
2024-09-07 17:25:48,060 - Epoch 39/100, Train Loss(MSE): 0.0002465070474978634, Validation Loss(MSE): 0.07535822192827861
2024-09-07 17:25:48,060 - EarlyStopping counter: 4 out of 5
2024-09-07 17:25:48,272 - Epoch 40/100, Train Loss(MSE): 0.0002163644339337847, Validation Loss(MSE): 0.07511193677783012
2024-09-07 17:25:48,272 - Validation loss decreased (0.075205 --> 0.075112).  Saving model ...
2024-09-07 17:25:48,503 - Epoch 41/100, Train Loss(MSE): 0.00018380689136009956, Validation Loss(MSE): 0.07533735781908035
2024-09-07 17:25:48,504 - EarlyStopping counter: 1 out of 5
2024-09-07 17:25:48,715 - Epoch 42/100, Train Loss(MSE): 0.000153861461225652, Validation Loss(MSE): 0.0750162626306216
2024-09-07 17:25:48,715 - Validation loss decreased (0.075112 --> 0.075016).  Saving model ...
2024-09-07 17:25:48,931 - Epoch 43/100, Train Loss(MSE): 0.00013330105062586402, Validation Loss(MSE): 0.07500722507635753
2024-09-07 17:25:48,932 - EarlyStopping counter: 1 out of 5
2024-09-07 17:25:49,158 - Epoch 44/100, Train Loss(MSE): 0.0001148210461619065, Validation Loss(MSE): 0.07494167486826579
2024-09-07 17:25:49,158 - Validation loss decreased (0.075016 --> 0.074942).  Saving model ...
2024-09-07 17:25:49,379 - Epoch 45/100, Train Loss(MSE): 9.907912011074491e-05, Validation Loss(MSE): 0.07527759795387585
2024-09-07 17:25:49,380 - EarlyStopping counter: 1 out of 5
2024-09-07 17:25:49,593 - Epoch 46/100, Train Loss(MSE): 8.412721026137373e-05, Validation Loss(MSE): 0.07509909570217133
2024-09-07 17:25:49,593 - EarlyStopping counter: 2 out of 5
2024-09-07 17:25:49,816 - Epoch 47/100, Train Loss(MSE): 7.028887902331342e-05, Validation Loss(MSE): 0.0751670350631078
2024-09-07 17:25:49,816 - EarlyStopping counter: 3 out of 5
2024-09-07 17:25:50,022 - Epoch 48/100, Train Loss(MSE): 6.618027136458917e-05, Validation Loss(MSE): 0.07517617444197337
2024-09-07 17:25:50,022 - EarlyStopping counter: 4 out of 5
2024-09-07 17:25:50,251 - Epoch 49/100, Train Loss(MSE): 5.1233485129686364e-05, Validation Loss(MSE): 0.07522894193728764
2024-09-07 17:25:50,252 - EarlyStopping counter: 5 out of 5
2024-09-07 17:25:50,252 - Early stopping
2024-09-07 17:25:50,252 - —µ¡∑ 49 ¥Œepoch£¨—µ¡∑ ±≥§: 10.83734917640686 √Î
2024-09-07 17:25:50,272 - Test Loss(MSE): 0.07501061012347539
2024-09-07 17:25:50,280 - Model saved to D:\PythonProject\scorpioMock\MPDLinear\checkpoint\MPDLinear_v3_20240907-172550_bs64_seq365_enc24_pred_len5_individualTrue_checkpoint.pth
2024-09-07 17:25:50,292 - Test Loss (Original Scale) MSE: 4.997016533660739
2024-09-07 17:25:50,293 - Test Loss (Original Scale) MAE: 1.756742136573501
