2024-08-24 21:38:13,430 - Epoch 1/100, Train Loss(MSE): 0.8064323186874389, Validation Loss(MSE): 0.6078798373540243
2024-08-24 21:38:13,431 - Validation loss decreased for the first time. Saving model ...
2024-08-24 21:38:13,754 - Epoch 2/100, Train Loss(MSE): 0.549390137857861, Validation Loss(MSE): 0.42955691119035083
2024-08-24 21:38:13,755 - Validation loss decreased (0.607880 --> 0.429557).  Saving model ...
2024-08-24 21:38:14,071 - Epoch 3/100, Train Loss(MSE): 0.39177847703297936, Validation Loss(MSE): 0.32164057592550915
2024-08-24 21:38:14,073 - Validation loss decreased (0.429557 --> 0.321641).  Saving model ...
2024-08-24 21:38:14,564 - Epoch 4/100, Train Loss(MSE): 0.29492465820577407, Validation Loss(MSE): 0.2542436371246974
2024-08-24 21:38:14,564 - Validation loss decreased (0.321641 --> 0.254244).  Saving model ...
2024-08-24 21:38:15,227 - Epoch 5/100, Train Loss(MSE): 0.23303449153900146, Validation Loss(MSE): 0.20880193759997687
2024-08-24 21:38:15,227 - Validation loss decreased (0.254244 --> 0.208802).  Saving model ...
2024-08-24 21:38:15,541 - Epoch 6/100, Train Loss(MSE): 0.19196925262610118, Validation Loss(MSE): 0.1781797135869662
2024-08-24 21:38:15,542 - Validation loss decreased (0.208802 --> 0.178180).  Saving model ...
2024-08-24 21:38:15,843 - Epoch 7/100, Train Loss(MSE): 0.16381759643554689, Validation Loss(MSE): 0.156626358628273
2024-08-24 21:38:15,844 - Validation loss decreased (0.178180 --> 0.156626).  Saving model ...
2024-08-24 21:38:16,164 - Epoch 8/100, Train Loss(MSE): 0.1435569774773386, Validation Loss(MSE): 0.13907585417230925
2024-08-24 21:38:16,164 - Validation loss decreased (0.156626 --> 0.139076).  Saving model ...
2024-08-24 21:38:16,469 - Epoch 9/100, Train Loss(MSE): 0.12859840955999163, Validation Loss(MSE): 0.1253935011724631
2024-08-24 21:38:16,469 - Validation loss decreased (0.139076 --> 0.125394).  Saving model ...
2024-08-24 21:38:16,782 - Epoch 10/100, Train Loss(MSE): 0.1169470770491494, Validation Loss(MSE): 0.11474029471476872
2024-08-24 21:38:16,782 - Validation loss decreased (0.125394 --> 0.114740).  Saving model ...
2024-08-24 21:38:17,045 - Epoch 11/100, Train Loss(MSE): 0.10785322537024816, Validation Loss(MSE): 0.105908898015817
2024-08-24 21:38:17,045 - Validation loss decreased (0.114740 --> 0.105909).  Saving model ...
2024-08-24 21:38:17,374 - Epoch 12/100, Train Loss(MSE): 0.10042163241240713, Validation Loss(MSE): 0.0992481429129839
2024-08-24 21:38:17,374 - Validation loss decreased (0.105909 --> 0.099248).  Saving model ...
2024-08-24 21:38:17,690 - Epoch 13/100, Train Loss(MSE): 0.09433256619506412, Validation Loss(MSE): 0.09293705907960732
2024-08-24 21:38:17,691 - Validation loss decreased (0.099248 --> 0.092937).  Saving model ...
2024-08-24 21:38:17,988 - Epoch 14/100, Train Loss(MSE): 0.08908271789550781, Validation Loss(MSE): 0.0878032265851895
2024-08-24 21:38:17,989 - Validation loss decreased (0.092937 --> 0.087803).  Saving model ...
2024-08-24 21:38:18,282 - Epoch 15/100, Train Loss(MSE): 0.08453496164745755, Validation Loss(MSE): 0.08408086250225703
2024-08-24 21:38:18,282 - Validation loss decreased (0.087803 --> 0.084081).  Saving model ...
2024-08-24 21:38:18,579 - Epoch 16/100, Train Loss(MSE): 0.08044374651379055, Validation Loss(MSE): 0.07994820860524972
2024-08-24 21:38:18,580 - Validation loss decreased (0.084081 --> 0.079948).  Saving model ...
2024-08-24 21:38:18,853 - Epoch 17/100, Train Loss(MSE): 0.07695790065659416, Validation Loss(MSE): 0.0773553376396497
2024-08-24 21:38:18,853 - Validation loss decreased (0.079948 --> 0.077355).  Saving model ...
2024-08-24 21:38:19,108 - Epoch 18/100, Train Loss(MSE): 0.07357592301236258, Validation Loss(MSE): 0.07422012401123841
2024-08-24 21:38:19,109 - Validation loss decreased (0.077355 --> 0.074220).  Saving model ...
2024-08-24 21:38:19,393 - Epoch 19/100, Train Loss(MSE): 0.07097192878524462, Validation Loss(MSE): 0.07170066796243191
2024-08-24 21:38:19,393 - Validation loss decreased (0.074220 --> 0.071701).  Saving model ...
2024-08-24 21:38:19,629 - Epoch 20/100, Train Loss(MSE): 0.06828773650858137, Validation Loss(MSE): 0.06960567894081275
2024-08-24 21:38:19,630 - Validation loss decreased (0.071701 --> 0.069606).  Saving model ...
2024-08-24 21:38:19,885 - Epoch 21/100, Train Loss(MSE): 0.0660758060713609, Validation Loss(MSE): 0.0675889141857624
2024-08-24 21:38:19,886 - Validation loss decreased (0.069606 --> 0.067589).  Saving model ...
2024-08-24 21:38:20,145 - Epoch 22/100, Train Loss(MSE): 0.06392505392432213, Validation Loss(MSE): 0.066388255606095
2024-08-24 21:38:20,146 - Validation loss decreased (0.067589 --> 0.066388).  Saving model ...
2024-08-24 21:38:20,444 - Epoch 23/100, Train Loss(MSE): 0.06195105674366156, Validation Loss(MSE): 0.06528244974712531
2024-08-24 21:38:20,444 - Validation loss decreased (0.066388 --> 0.065282).  Saving model ...
2024-08-24 21:38:20,731 - Epoch 24/100, Train Loss(MSE): 0.060164686706331044, Validation Loss(MSE): 0.06393164396286011
2024-08-24 21:38:20,731 - Validation loss decreased (0.065282 --> 0.063932).  Saving model ...
2024-08-24 21:38:21,023 - Epoch 25/100, Train Loss(MSE): 0.05856369286775589, Validation Loss(MSE): 0.06199323944747448
2024-08-24 21:38:21,023 - Validation loss decreased (0.063932 --> 0.061993).  Saving model ...
2024-08-24 21:38:21,367 - Epoch 26/100, Train Loss(MSE): 0.057143243650595345, Validation Loss(MSE): 0.06110752560198307
2024-08-24 21:38:21,367 - Validation loss decreased (0.061993 --> 0.061108).  Saving model ...
2024-08-24 21:38:21,667 - Epoch 27/100, Train Loss(MSE): 0.055535100400447845, Validation Loss(MSE): 0.06005969333151976
2024-08-24 21:38:21,667 - Validation loss decreased (0.061108 --> 0.060060).  Saving model ...
2024-08-24 21:38:21,994 - Epoch 28/100, Train Loss(MSE): 0.054162748985820346, Validation Loss(MSE): 0.05992113674680392
2024-08-24 21:38:21,994 - Validation loss decreased (0.060060 --> 0.059921).  Saving model ...
2024-08-24 21:38:22,315 - Epoch 29/100, Train Loss(MSE): 0.0531015516569217, Validation Loss(MSE): 0.05879214902718862
2024-08-24 21:38:22,315 - Validation loss decreased (0.059921 --> 0.058792).  Saving model ...
2024-08-24 21:38:22,594 - Epoch 30/100, Train Loss(MSE): 0.051839059301548536, Validation Loss(MSE): 0.05873336705068747
2024-08-24 21:38:22,595 - Validation loss decreased (0.058792 --> 0.058733).  Saving model ...
2024-08-24 21:38:22,925 - Epoch 31/100, Train Loss(MSE): 0.050904792919754985, Validation Loss(MSE): 0.05745501133302847
2024-08-24 21:38:22,926 - Validation loss decreased (0.058733 --> 0.057455).  Saving model ...
2024-08-24 21:38:23,202 - Epoch 32/100, Train Loss(MSE): 0.0496341516988145, Validation Loss(MSE): 0.056625016033649445
2024-08-24 21:38:23,202 - Validation loss decreased (0.057455 --> 0.056625).  Saving model ...
2024-08-24 21:38:23,497 - Epoch 33/100, Train Loss(MSE): 0.04886465142998431, Validation Loss(MSE): 0.05659786115090052
2024-08-24 21:38:23,497 - Validation loss decreased (0.056625 --> 0.056598).  Saving model ...
2024-08-24 21:38:23,813 - Epoch 34/100, Train Loss(MSE): 0.04790907576680183, Validation Loss(MSE): 0.05535959887007872
2024-08-24 21:38:23,814 - Validation loss decreased (0.056598 --> 0.055360).  Saving model ...
2024-08-24 21:38:24,159 - Epoch 35/100, Train Loss(MSE): 0.04706665687263012, Validation Loss(MSE): 0.055206215629975
2024-08-24 21:38:24,159 - Validation loss decreased (0.055360 --> 0.055206).  Saving model ...
2024-08-24 21:38:24,472 - Epoch 36/100, Train Loss(MSE): 0.046389941746989884, Validation Loss(MSE): 0.055194991951187454
2024-08-24 21:38:24,472 - Validation loss decreased (0.055206 --> 0.055195).  Saving model ...
2024-08-24 21:38:24,768 - Epoch 37/100, Train Loss(MSE): 0.04565148001743687, Validation Loss(MSE): 0.05383692805965742
2024-08-24 21:38:24,768 - Validation loss decreased (0.055195 --> 0.053837).  Saving model ...
2024-08-24 21:38:25,079 - Epoch 38/100, Train Loss(MSE): 0.045144480301274194, Validation Loss(MSE): 0.054063187912106514
2024-08-24 21:38:25,079 - EarlyStopping counter: 1 out of 5
2024-08-24 21:38:25,392 - Epoch 39/100, Train Loss(MSE): 0.044335417904787594, Validation Loss(MSE): 0.05441618772844473
2024-08-24 21:38:25,392 - EarlyStopping counter: 2 out of 5
2024-08-24 21:38:25,673 - Epoch 40/100, Train Loss(MSE): 0.04379601532386409, Validation Loss(MSE): 0.052704126884539924
2024-08-24 21:38:25,673 - Validation loss decreased (0.053837 --> 0.052704).  Saving model ...
2024-08-24 21:38:25,959 - Epoch 41/100, Train Loss(MSE): 0.04306203296615018, Validation Loss(MSE): 0.05291277728974819
2024-08-24 21:38:25,959 - EarlyStopping counter: 1 out of 5
2024-08-24 21:38:26,240 - Epoch 42/100, Train Loss(MSE): 0.042481861139337225, Validation Loss(MSE): 0.052902876089016594
2024-08-24 21:38:26,240 - EarlyStopping counter: 2 out of 5
2024-08-24 21:38:26,499 - Epoch 43/100, Train Loss(MSE): 0.042029956769612103, Validation Loss(MSE): 0.05262629687786102
2024-08-24 21:38:26,499 - Validation loss decreased (0.052704 --> 0.052626).  Saving model ...
2024-08-24 21:38:26,740 - Epoch 44/100, Train Loss(MSE): 0.04151478567057186, Validation Loss(MSE): 0.05227761964003245
2024-08-24 21:38:26,740 - Validation loss decreased (0.052626 --> 0.052278).  Saving model ...
2024-08-24 21:38:27,000 - Epoch 45/100, Train Loss(MSE): 0.04116099114633269, Validation Loss(MSE): 0.05269488754371802
2024-08-24 21:38:27,000 - EarlyStopping counter: 1 out of 5
2024-08-24 21:38:27,288 - Epoch 46/100, Train Loss(MSE): 0.04063041661348608, Validation Loss(MSE): 0.0522210660080115
2024-08-24 21:38:27,288 - Validation loss decreased (0.052278 --> 0.052221).  Saving model ...
2024-08-24 21:38:27,543 - Epoch 47/100, Train Loss(MSE): 0.04013807136151526, Validation Loss(MSE): 0.052566900849342346
2024-08-24 21:38:27,544 - EarlyStopping counter: 1 out of 5
2024-08-24 21:38:27,877 - Epoch 48/100, Train Loss(MSE): 0.039787895232439044, Validation Loss(MSE): 0.05178490032752355
2024-08-24 21:38:27,879 - Validation loss decreased (0.052221 --> 0.051785).  Saving model ...
2024-08-24 21:38:28,189 - Epoch 49/100, Train Loss(MSE): 0.03942765585250325, Validation Loss(MSE): 0.0520155963798364
2024-08-24 21:38:28,189 - EarlyStopping counter: 1 out of 5
2024-08-24 21:38:28,451 - Epoch 50/100, Train Loss(MSE): 0.03905969262123108, Validation Loss(MSE): 0.05161092057824135
2024-08-24 21:38:28,451 - Validation loss decreased (0.051785 --> 0.051611).  Saving model ...
2024-08-24 21:38:28,733 - Epoch 51/100, Train Loss(MSE): 0.03891834281384945, Validation Loss(MSE): 0.05212361924350262
2024-08-24 21:38:28,735 - EarlyStopping counter: 1 out of 5
2024-08-24 21:38:29,005 - Epoch 52/100, Train Loss(MSE): 0.03842892270121309, Validation Loss(MSE): 0.051444029435515404
2024-08-24 21:38:29,005 - Validation loss decreased (0.051611 --> 0.051444).  Saving model ...
2024-08-24 21:38:29,290 - Epoch 53/100, Train Loss(MSE): 0.0382921720130576, Validation Loss(MSE): 0.05181582334140936
2024-08-24 21:38:29,290 - EarlyStopping counter: 1 out of 5
2024-08-24 21:38:29,605 - Epoch 54/100, Train Loss(MSE): 0.03778771166172293, Validation Loss(MSE): 0.05189839253822962
2024-08-24 21:38:29,605 - EarlyStopping counter: 2 out of 5
2024-08-24 21:38:29,923 - Epoch 55/100, Train Loss(MSE): 0.03754962190157837, Validation Loss(MSE): 0.05166393766800562
2024-08-24 21:38:29,924 - EarlyStopping counter: 3 out of 5
2024-08-24 21:38:30,221 - Epoch 56/100, Train Loss(MSE): 0.03723095887237125, Validation Loss(MSE): 0.051334633802374206
2024-08-24 21:38:30,222 - Validation loss decreased (0.051444 --> 0.051335).  Saving model ...
2024-08-24 21:38:30,487 - Epoch 57/100, Train Loss(MSE): 0.037171383160683844, Validation Loss(MSE): 0.05303611606359482
2024-08-24 21:38:30,487 - EarlyStopping counter: 1 out of 5
2024-08-24 21:38:30,751 - Epoch 58/100, Train Loss(MSE): 0.036830474498371284, Validation Loss(MSE): 0.05198386528839668
2024-08-24 21:38:30,751 - EarlyStopping counter: 2 out of 5
2024-08-24 21:38:31,002 - Epoch 59/100, Train Loss(MSE): 0.03676054982675447, Validation Loss(MSE): 0.052225214739640556
2024-08-24 21:38:31,002 - EarlyStopping counter: 3 out of 5
2024-08-24 21:38:31,266 - Epoch 60/100, Train Loss(MSE): 0.03636331487860944, Validation Loss(MSE): 0.05217760490874449
2024-08-24 21:38:31,266 - EarlyStopping counter: 4 out of 5
2024-08-24 21:38:31,505 - Epoch 61/100, Train Loss(MSE): 0.03600954965998729, Validation Loss(MSE): 0.05176330699274937
2024-08-24 21:38:31,506 - EarlyStopping counter: 5 out of 5
2024-08-24 21:38:31,506 - Early stopping
2024-08-24 21:38:31,519 - Test Loss(MSE): 0.06219903069237868
2024-08-24 21:38:31,522 - Model saved to D:\PythonProject\scorpioMock\MPDLinear\checkpoint\MPDLinear_Model_20240824-213831_bs32_seq30_enc24_pred_len10_individualTrue_checkpoint.pth
2024-08-24 21:38:31,529 - Test Loss (Original Scale) MSE: 7.668668912228615
