2024-08-25 14:24:31,888 - Epoch 1/100, Train Loss(MSE): 0.78928654856152, Validation Loss(MSE): 0.5802395343780518
2024-08-25 14:24:31,888 - Validation loss decreased for the first time. Saving model ...
2024-08-25 14:24:32,170 - Epoch 2/100, Train Loss(MSE): 0.529432229200999, Validation Loss(MSE): 0.4042602628469467
2024-08-25 14:24:32,171 - Validation loss decreased (0.580240 --> 0.404260).  Saving model ...
2024-08-25 14:24:32,449 - Epoch 3/100, Train Loss(MSE): 0.3706240309609307, Validation Loss(MSE): 0.3002554575602214
2024-08-25 14:24:32,449 - Validation loss decreased (0.404260 --> 0.300255).  Saving model ...
2024-08-25 14:24:32,748 - Epoch 4/100, Train Loss(MSE): 0.2742059224181705, Validation Loss(MSE): 0.2334492156902949
2024-08-25 14:24:32,748 - Validation loss decreased (0.300255 --> 0.233449).  Saving model ...
2024-08-25 14:24:33,041 - Epoch 5/100, Train Loss(MSE): 0.2137223372856776, Validation Loss(MSE): 0.19199985514084497
2024-08-25 14:24:33,041 - Validation loss decreased (0.233449 --> 0.192000).  Saving model ...
2024-08-25 14:24:33,321 - Epoch 6/100, Train Loss(MSE): 0.17483581321107017, Validation Loss(MSE): 0.16268602510293326
2024-08-25 14:24:33,321 - Validation loss decreased (0.192000 --> 0.162686).  Saving model ...
2024-08-25 14:24:33,622 - Epoch 7/100, Train Loss(MSE): 0.14817799975474674, Validation Loss(MSE): 0.1411564995845159
2024-08-25 14:24:33,622 - Validation loss decreased (0.162686 --> 0.141156).  Saving model ...
2024-08-25 14:24:33,886 - Epoch 8/100, Train Loss(MSE): 0.1294423417912589, Validation Loss(MSE): 0.12490757803122203
2024-08-25 14:24:33,887 - Validation loss decreased (0.141156 --> 0.124908).  Saving model ...
2024-08-25 14:24:34,191 - Epoch 9/100, Train Loss(MSE): 0.11566817884643872, Validation Loss(MSE): 0.11352593700091045
2024-08-25 14:24:34,191 - Validation loss decreased (0.124908 --> 0.113526).  Saving model ...
2024-08-25 14:24:34,486 - Epoch 10/100, Train Loss(MSE): 0.10537550532155567, Validation Loss(MSE): 0.10312193507949512
2024-08-25 14:24:34,486 - Validation loss decreased (0.113526 --> 0.103122).  Saving model ...
2024-08-25 14:24:34,788 - Epoch 11/100, Train Loss(MSE): 0.09728034809231759, Validation Loss(MSE): 0.09592763458689053
2024-08-25 14:24:34,788 - Validation loss decreased (0.103122 --> 0.095928).  Saving model ...
2024-08-25 14:24:35,082 - Epoch 12/100, Train Loss(MSE): 0.09088625237345696, Validation Loss(MSE): 0.0892429556697607
2024-08-25 14:24:35,082 - Validation loss decreased (0.095928 --> 0.089243).  Saving model ...
2024-08-25 14:24:35,367 - Epoch 13/100, Train Loss(MSE): 0.08558966889977455, Validation Loss(MSE): 0.08414885712166627
2024-08-25 14:24:35,368 - Validation loss decreased (0.089243 --> 0.084149).  Saving model ...
2024-08-25 14:24:35,645 - Epoch 14/100, Train Loss(MSE): 0.0808849203089873, Validation Loss(MSE): 0.08019559954603513
2024-08-25 14:24:35,646 - Validation loss decreased (0.084149 --> 0.080196).  Saving model ...
2024-08-25 14:24:35,904 - Epoch 15/100, Train Loss(MSE): 0.07696575911508666, Validation Loss(MSE): 0.07711528427898884
2024-08-25 14:24:35,905 - Validation loss decreased (0.080196 --> 0.077115).  Saving model ...
2024-08-25 14:24:36,190 - Epoch 16/100, Train Loss(MSE): 0.0737985292242633, Validation Loss(MSE): 0.07375811537106831
2024-08-25 14:24:36,190 - Validation loss decreased (0.077115 --> 0.073758).  Saving model ...
2024-08-25 14:24:36,457 - Epoch 17/100, Train Loss(MSE): 0.0707295069264041, Validation Loss(MSE): 0.07121713024874528
2024-08-25 14:24:36,457 - Validation loss decreased (0.073758 --> 0.071217).  Saving model ...
2024-08-25 14:24:36,738 - Epoch 18/100, Train Loss(MSE): 0.06806769462095366, Validation Loss(MSE): 0.06861599534749985
2024-08-25 14:24:36,739 - Validation loss decreased (0.071217 --> 0.068616).  Saving model ...
2024-08-25 14:24:37,017 - Epoch 19/100, Train Loss(MSE): 0.06568591495354971, Validation Loss(MSE): 0.06616010144352913
2024-08-25 14:24:37,017 - Validation loss decreased (0.068616 --> 0.066160).  Saving model ...
2024-08-25 14:24:37,304 - Epoch 20/100, Train Loss(MSE): 0.06357847882641686, Validation Loss(MSE): 0.0648574245472749
2024-08-25 14:24:37,304 - Validation loss decreased (0.066160 --> 0.064857).  Saving model ...
2024-08-25 14:24:37,578 - Epoch 21/100, Train Loss(MSE): 0.061527544673946166, Validation Loss(MSE): 0.06282869912683964
2024-08-25 14:24:37,578 - Validation loss decreased (0.064857 --> 0.062829).  Saving model ...
2024-08-25 14:24:37,857 - Epoch 22/100, Train Loss(MSE): 0.059927377808425164, Validation Loss(MSE): 0.062464856853087745
2024-08-25 14:24:37,857 - Validation loss decreased (0.062829 --> 0.062465).  Saving model ...
2024-08-25 14:24:38,142 - Epoch 23/100, Train Loss(MSE): 0.05817883217500316, Validation Loss(MSE): 0.061094082271059356
2024-08-25 14:24:38,143 - Validation loss decreased (0.062465 --> 0.061094).  Saving model ...
2024-08-25 14:24:38,437 - Epoch 24/100, Train Loss(MSE): 0.056640439025229875, Validation Loss(MSE): 0.05967519494394461
2024-08-25 14:24:38,437 - Validation loss decreased (0.061094 --> 0.059675).  Saving model ...
2024-08-25 14:24:38,758 - Epoch 25/100, Train Loss(MSE): 0.05516480600668324, Validation Loss(MSE): 0.05910763144493103
2024-08-25 14:24:38,758 - Validation loss decreased (0.059675 --> 0.059108).  Saving model ...
2024-08-25 14:24:39,046 - Epoch 26/100, Train Loss(MSE): 0.05378188832352559, Validation Loss(MSE): 0.05799011451502641
2024-08-25 14:24:39,046 - Validation loss decreased (0.059108 --> 0.057990).  Saving model ...
2024-08-25 14:24:39,331 - Epoch 27/100, Train Loss(MSE): 0.052801842739184694, Validation Loss(MSE): 0.05696141719818115
2024-08-25 14:24:39,331 - Validation loss decreased (0.057990 --> 0.056961).  Saving model ...
2024-08-25 14:24:39,637 - Epoch 28/100, Train Loss(MSE): 0.051496354656087026, Validation Loss(MSE): 0.05665914279719194
2024-08-25 14:24:39,637 - Validation loss decreased (0.056961 --> 0.056659).  Saving model ...
2024-08-25 14:24:39,923 - Epoch 29/100, Train Loss(MSE): 0.050631701077024145, Validation Loss(MSE): 0.055961508924762406
2024-08-25 14:24:39,923 - Validation loss decreased (0.056659 --> 0.055962).  Saving model ...
2024-08-25 14:24:40,197 - Epoch 30/100, Train Loss(MSE): 0.04949777552651034, Validation Loss(MSE): 0.0557791069149971
2024-08-25 14:24:40,197 - Validation loss decreased (0.055962 --> 0.055779).  Saving model ...
2024-08-25 14:24:40,490 - Epoch 31/100, Train Loss(MSE): 0.04858667560749584, Validation Loss(MSE): 0.05466353272398313
2024-08-25 14:24:40,490 - Validation loss decreased (0.055779 --> 0.054664).  Saving model ...
2024-08-25 14:24:40,774 - Epoch 32/100, Train Loss(MSE): 0.04775052045782407, Validation Loss(MSE): 0.05435637633005778
2024-08-25 14:24:40,774 - Validation loss decreased (0.054664 --> 0.054356).  Saving model ...
2024-08-25 14:24:41,038 - Epoch 33/100, Train Loss(MSE): 0.04692034125328064, Validation Loss(MSE): 0.05415411355594794
2024-08-25 14:24:41,038 - Validation loss decreased (0.054356 --> 0.054154).  Saving model ...
2024-08-25 14:24:41,333 - Epoch 34/100, Train Loss(MSE): 0.04625918571319845, Validation Loss(MSE): 0.05347634355227152
2024-08-25 14:24:41,334 - Validation loss decreased (0.054154 --> 0.053476).  Saving model ...
2024-08-25 14:24:41,624 - Epoch 35/100, Train Loss(MSE): 0.04538994911644194, Validation Loss(MSE): 0.05359937809407711
2024-08-25 14:24:41,624 - EarlyStopping counter: 1 out of 5
2024-08-25 14:24:41,891 - Epoch 36/100, Train Loss(MSE): 0.044878398378690086, Validation Loss(MSE): 0.052782742927471794
2024-08-25 14:24:41,891 - Validation loss decreased (0.053476 --> 0.052783).  Saving model ...
2024-08-25 14:24:42,185 - Epoch 37/100, Train Loss(MSE): 0.04419693392184046, Validation Loss(MSE): 0.052683756997187935
2024-08-25 14:24:42,186 - Validation loss decreased (0.052783 --> 0.052684).  Saving model ...
2024-08-25 14:24:42,489 - Epoch 38/100, Train Loss(MSE): 0.04346317847569783, Validation Loss(MSE): 0.05221605859696865
2024-08-25 14:24:42,489 - Validation loss decreased (0.052684 --> 0.052216).  Saving model ...
2024-08-25 14:24:42,780 - Epoch 39/100, Train Loss(MSE): 0.04296338636842039, Validation Loss(MSE): 0.05222839489579201
2024-08-25 14:24:42,780 - EarlyStopping counter: 1 out of 5
2024-08-25 14:24:43,079 - Epoch 40/100, Train Loss(MSE): 0.042397370396388905, Validation Loss(MSE): 0.05203907936811447
2024-08-25 14:24:43,079 - Validation loss decreased (0.052216 --> 0.052039).  Saving model ...
2024-08-25 14:24:43,359 - Epoch 41/100, Train Loss(MSE): 0.04196660729746024, Validation Loss(MSE): 0.05216961229840914
2024-08-25 14:24:43,359 - EarlyStopping counter: 1 out of 5
2024-08-25 14:24:43,656 - Epoch 42/100, Train Loss(MSE): 0.041409548785951406, Validation Loss(MSE): 0.0522645345578591
2024-08-25 14:24:43,656 - EarlyStopping counter: 2 out of 5
2024-08-25 14:24:43,949 - Epoch 43/100, Train Loss(MSE): 0.04102236222889688, Validation Loss(MSE): 0.05208712009092172
2024-08-25 14:24:43,949 - EarlyStopping counter: 3 out of 5
2024-08-25 14:24:44,228 - Epoch 44/100, Train Loss(MSE): 0.040387243984474075, Validation Loss(MSE): 0.05154593040545782
2024-08-25 14:24:44,228 - Validation loss decreased (0.052039 --> 0.051546).  Saving model ...
2024-08-25 14:24:44,524 - Epoch 45/100, Train Loss(MSE): 0.04008427808682124, Validation Loss(MSE): 0.05141504916052023
2024-08-25 14:24:44,524 - Validation loss decreased (0.051546 --> 0.051415).  Saving model ...
2024-08-25 14:24:44,797 - Epoch 46/100, Train Loss(MSE): 0.03968030156360732, Validation Loss(MSE): 0.05193270059923331
2024-08-25 14:24:44,798 - EarlyStopping counter: 1 out of 5
2024-08-25 14:24:45,068 - Epoch 47/100, Train Loss(MSE): 0.03937176846795612, Validation Loss(MSE): 0.05217691386739413
2024-08-25 14:24:45,068 - EarlyStopping counter: 2 out of 5
2024-08-25 14:24:45,330 - Epoch 48/100, Train Loss(MSE): 0.03903431403968069, Validation Loss(MSE): 0.051385449866453804
2024-08-25 14:24:45,330 - Validation loss decreased (0.051415 --> 0.051385).  Saving model ...
2024-08-25 14:24:45,632 - Epoch 49/100, Train Loss(MSE): 0.03864487571020921, Validation Loss(MSE): 0.051602197190125786
2024-08-25 14:24:45,632 - EarlyStopping counter: 1 out of 5
2024-08-25 14:24:45,920 - Epoch 50/100, Train Loss(MSE): 0.038262319047417906, Validation Loss(MSE): 0.051357353727022804
2024-08-25 14:24:45,921 - Validation loss decreased (0.051385 --> 0.051357).  Saving model ...
2024-08-25 14:24:46,204 - Epoch 51/100, Train Loss(MSE): 0.03798421232236756, Validation Loss(MSE): 0.0507407703747352
2024-08-25 14:24:46,204 - Validation loss decreased (0.051357 --> 0.050741).  Saving model ...
2024-08-25 14:24:46,492 - Epoch 52/100, Train Loss(MSE): 0.03772595052917798, Validation Loss(MSE): 0.05131757197280725
2024-08-25 14:24:46,493 - EarlyStopping counter: 1 out of 5
2024-08-25 14:24:46,771 - Epoch 53/100, Train Loss(MSE): 0.03746263715955946, Validation Loss(MSE): 0.05155547708272934
2024-08-25 14:24:46,771 - EarlyStopping counter: 2 out of 5
2024-08-25 14:24:47,068 - Epoch 54/100, Train Loss(MSE): 0.03717441235979398, Validation Loss(MSE): 0.051262110471725464
2024-08-25 14:24:47,069 - EarlyStopping counter: 3 out of 5
2024-08-25 14:24:47,381 - Epoch 55/100, Train Loss(MSE): 0.03704840963085492, Validation Loss(MSE): 0.05259297415614128
2024-08-25 14:24:47,381 - EarlyStopping counter: 4 out of 5
2024-08-25 14:24:47,671 - Epoch 56/100, Train Loss(MSE): 0.0367320343438122, Validation Loss(MSE): 0.05068835926552614
2024-08-25 14:24:47,671 - Validation loss decreased (0.050741 --> 0.050688).  Saving model ...
2024-08-25 14:24:47,950 - Epoch 57/100, Train Loss(MSE): 0.03672841389973958, Validation Loss(MSE): 0.0507732555270195
2024-08-25 14:24:47,951 - EarlyStopping counter: 1 out of 5
2024-08-25 14:24:48,235 - Epoch 58/100, Train Loss(MSE): 0.036271112784743306, Validation Loss(MSE): 0.05108470842242241
2024-08-25 14:24:48,235 - EarlyStopping counter: 2 out of 5
2024-08-25 14:24:48,526 - Epoch 59/100, Train Loss(MSE): 0.03608357484141986, Validation Loss(MSE): 0.050881111063063145
2024-08-25 14:24:48,526 - EarlyStopping counter: 3 out of 5
2024-08-25 14:24:48,799 - Epoch 60/100, Train Loss(MSE): 0.03602853703002135, Validation Loss(MSE): 0.051212105279167495
2024-08-25 14:24:48,799 - EarlyStopping counter: 4 out of 5
2024-08-25 14:24:49,105 - Epoch 61/100, Train Loss(MSE): 0.035643145110872056, Validation Loss(MSE): 0.05203265448411306
2024-08-25 14:24:49,105 - EarlyStopping counter: 5 out of 5
2024-08-25 14:24:49,105 - Early stopping
2024-08-25 14:24:49,124 - Test Loss(MSE): 0.06300571622947852
2024-08-25 14:24:49,134 - Model saved to D:\PythonProject\scorpioMock\MPDLinear\checkpoint\MPDLinear_20240825-142449_bs32_seq30_enc24_pred_len10_individualTrue_checkpoint.pth
