2024-08-26 22:02:20,659 - Epoch 1/100, Train Loss(MSE): 0.9319508560411223, Validation Loss(MSE): 0.7575185050566992
2024-08-26 22:02:20,659 - Validation loss decreased for the first time. Saving model ...
2024-08-26 22:02:21,010 - Epoch 2/100, Train Loss(MSE): 0.8001470346372206, Validation Loss(MSE): 0.656021366516749
2024-08-26 22:02:21,011 - Validation loss decreased (0.757519 --> 0.656021).  Saving model ...
2024-08-26 22:02:21,382 - Epoch 3/100, Train Loss(MSE): 0.6997215387585399, Validation Loss(MSE): 0.5757757673660914
2024-08-26 22:02:21,382 - Validation loss decreased (0.656021 --> 0.575776).  Saving model ...
2024-08-26 22:02:21,754 - Epoch 4/100, Train Loss(MSE): 0.6183311064819713, Validation Loss(MSE): 0.5106634100278219
2024-08-26 22:02:21,754 - Validation loss decreased (0.575776 --> 0.510663).  Saving model ...
2024-08-26 22:02:22,108 - Epoch 5/100, Train Loss(MSE): 0.5520775147846767, Validation Loss(MSE): 0.4559800426165263
2024-08-26 22:02:22,108 - Validation loss decreased (0.510663 --> 0.455980).  Saving model ...
2024-08-26 22:02:22,464 - Epoch 6/100, Train Loss(MSE): 0.4968298539355561, Validation Loss(MSE): 0.40909402320782345
2024-08-26 22:02:22,464 - Validation loss decreased (0.455980 --> 0.409094).  Saving model ...
2024-08-26 22:02:22,828 - Epoch 7/100, Train Loss(MSE): 0.44999191557968055, Validation Loss(MSE): 0.36883066842953366
2024-08-26 22:02:22,829 - Validation loss decreased (0.409094 --> 0.368831).  Saving model ...
2024-08-26 22:02:23,223 - Epoch 8/100, Train Loss(MSE): 0.4090401402541569, Validation Loss(MSE): 0.3335462336738904
2024-08-26 22:02:23,223 - Validation loss decreased (0.368831 --> 0.333546).  Saving model ...
2024-08-26 22:02:23,585 - Epoch 9/100, Train Loss(MSE): 0.37352261880596915, Validation Loss(MSE): 0.30303768689433735
2024-08-26 22:02:23,585 - Validation loss decreased (0.333546 --> 0.303038).  Saving model ...
2024-08-26 22:02:23,964 - Epoch 10/100, Train Loss(MSE): 0.34312636290605253, Validation Loss(MSE): 0.27826950202385586
2024-08-26 22:02:23,964 - Validation loss decreased (0.303038 --> 0.278270).  Saving model ...
2024-08-26 22:02:24,332 - Epoch 11/100, Train Loss(MSE): 0.316690682054876, Validation Loss(MSE): 0.2556772294143836
2024-08-26 22:02:24,332 - Validation loss decreased (0.278270 --> 0.255677).  Saving model ...
2024-08-26 22:02:24,690 - Epoch 12/100, Train Loss(MSE): 0.2932902084929602, Validation Loss(MSE): 0.23657366136709848
2024-08-26 22:02:24,690 - Validation loss decreased (0.255677 --> 0.236574).  Saving model ...
2024-08-26 22:02:25,054 - Epoch 13/100, Train Loss(MSE): 0.2724557741657718, Validation Loss(MSE): 0.22053244337439537
2024-08-26 22:02:25,054 - Validation loss decreased (0.236574 --> 0.220532).  Saving model ...
2024-08-26 22:02:25,427 - Epoch 14/100, Train Loss(MSE): 0.2546279173303436, Validation Loss(MSE): 0.20667157073815665
2024-08-26 22:02:25,427 - Validation loss decreased (0.220532 --> 0.206672).  Saving model ...
2024-08-26 22:02:25,782 - Epoch 15/100, Train Loss(MSE): 0.23841022925226243, Validation Loss(MSE): 0.19475295518835387
2024-08-26 22:02:25,782 - Validation loss decreased (0.206672 --> 0.194753).  Saving model ...
2024-08-26 22:02:26,151 - Epoch 16/100, Train Loss(MSE): 0.22429456676428133, Validation Loss(MSE): 0.18471277008454004
2024-08-26 22:02:26,151 - Validation loss decreased (0.194753 --> 0.184713).  Saving model ...
2024-08-26 22:02:26,530 - Epoch 17/100, Train Loss(MSE): 0.21201602082986098, Validation Loss(MSE): 0.17570202238857746
2024-08-26 22:02:26,531 - Validation loss decreased (0.184713 --> 0.175702).  Saving model ...
2024-08-26 22:02:26,896 - Epoch 18/100, Train Loss(MSE): 0.20057592540979385, Validation Loss(MSE): 0.16876376047730446
2024-08-26 22:02:26,896 - Validation loss decreased (0.175702 --> 0.168764).  Saving model ...
2024-08-26 22:02:27,303 - Epoch 19/100, Train Loss(MSE): 0.19048352953005623, Validation Loss(MSE): 0.16235071482757726
2024-08-26 22:02:27,303 - Validation loss decreased (0.168764 --> 0.162351).  Saving model ...
2024-08-26 22:02:27,687 - Epoch 20/100, Train Loss(MSE): 0.18162663804960774, Validation Loss(MSE): 0.15701654305060705
2024-08-26 22:02:27,687 - Validation loss decreased (0.162351 --> 0.157017).  Saving model ...
2024-08-26 22:02:28,061 - Epoch 21/100, Train Loss(MSE): 0.17347681874429788, Validation Loss(MSE): 0.15180244048436484
2024-08-26 22:02:28,061 - Validation loss decreased (0.157017 --> 0.151802).  Saving model ...
2024-08-26 22:02:28,435 - Epoch 22/100, Train Loss(MSE): 0.1662261616233941, Validation Loss(MSE): 0.14796578076978525
2024-08-26 22:02:28,435 - Validation loss decreased (0.151802 --> 0.147966).  Saving model ...
2024-08-26 22:02:28,811 - Epoch 23/100, Train Loss(MSE): 0.1597280049962657, Validation Loss(MSE): 0.14399357698857784
2024-08-26 22:02:28,812 - Validation loss decreased (0.147966 --> 0.143994).  Saving model ...
2024-08-26 22:02:29,191 - Epoch 24/100, Train Loss(MSE): 0.153577589235463, Validation Loss(MSE): 0.14120905039211115
2024-08-26 22:02:29,191 - Validation loss decreased (0.143994 --> 0.141209).  Saving model ...
2024-08-26 22:02:29,573 - Epoch 25/100, Train Loss(MSE): 0.1483045929817708, Validation Loss(MSE): 0.13846484820048013
2024-08-26 22:02:29,573 - Validation loss decreased (0.141209 --> 0.138465).  Saving model ...
2024-08-26 22:02:29,952 - Epoch 26/100, Train Loss(MSE): 0.14326577060497725, Validation Loss(MSE): 0.13597394960621992
2024-08-26 22:02:29,952 - Validation loss decreased (0.138465 --> 0.135974).  Saving model ...
2024-08-26 22:02:30,339 - Epoch 27/100, Train Loss(MSE): 0.13867959314650233, Validation Loss(MSE): 0.13421091747780642
2024-08-26 22:02:30,340 - Validation loss decreased (0.135974 --> 0.134211).  Saving model ...
2024-08-26 22:02:30,705 - Epoch 28/100, Train Loss(MSE): 0.13459145785360546, Validation Loss(MSE): 0.13210458122193813
2024-08-26 22:02:30,705 - Validation loss decreased (0.134211 --> 0.132105).  Saving model ...
2024-08-26 22:02:31,096 - Epoch 29/100, Train Loss(MSE): 0.13070545325076188, Validation Loss(MSE): 0.13050414497653642
2024-08-26 22:02:31,096 - Validation loss decreased (0.132105 --> 0.130504).  Saving model ...
2024-08-26 22:02:31,507 - Epoch 30/100, Train Loss(MSE): 0.12702043415917144, Validation Loss(MSE): 0.1284780508528153
2024-08-26 22:02:31,507 - Validation loss decreased (0.130504 --> 0.128478).  Saving model ...
2024-08-26 22:02:31,882 - Epoch 31/100, Train Loss(MSE): 0.12382738779370601, Validation Loss(MSE): 0.12652288346240917
2024-08-26 22:02:31,882 - Validation loss decreased (0.128478 --> 0.126523).  Saving model ...
2024-08-26 22:02:32,247 - Epoch 32/100, Train Loss(MSE): 0.12066594408927384, Validation Loss(MSE): 0.12535704796512923
2024-08-26 22:02:32,247 - Validation loss decreased (0.126523 --> 0.125357).  Saving model ...
2024-08-26 22:02:32,625 - Epoch 33/100, Train Loss(MSE): 0.11795780322627052, Validation Loss(MSE): 0.12429481154928605
2024-08-26 22:02:32,625 - Validation loss decreased (0.125357 --> 0.124295).  Saving model ...
2024-08-26 22:02:33,003 - Epoch 34/100, Train Loss(MSE): 0.11517702255930219, Validation Loss(MSE): 0.12333892937749624
2024-08-26 22:02:33,003 - Validation loss decreased (0.124295 --> 0.123339).  Saving model ...
2024-08-26 22:02:33,394 - Epoch 35/100, Train Loss(MSE): 0.11276861059141684, Validation Loss(MSE): 0.12208830192685127
2024-08-26 22:02:33,394 - Validation loss decreased (0.123339 --> 0.122088).  Saving model ...
2024-08-26 22:02:33,782 - Epoch 36/100, Train Loss(MSE): 0.11028714637671198, Validation Loss(MSE): 0.12118297722190619
2024-08-26 22:02:33,782 - Validation loss decreased (0.122088 --> 0.121183).  Saving model ...
2024-08-26 22:02:34,168 - Epoch 37/100, Train Loss(MSE): 0.10844436852814077, Validation Loss(MSE): 0.1203908200065295
2024-08-26 22:02:34,168 - Validation loss decreased (0.121183 --> 0.120391).  Saving model ...
2024-08-26 22:02:34,558 - Epoch 38/100, Train Loss(MSE): 0.10623421912992394, Validation Loss(MSE): 0.11956762460370858
2024-08-26 22:02:34,558 - Validation loss decreased (0.120391 --> 0.119568).  Saving model ...
2024-08-26 22:02:34,916 - Epoch 39/100, Train Loss(MSE): 0.10451021876472694, Validation Loss(MSE): 0.11906086622426908
2024-08-26 22:02:34,917 - Validation loss decreased (0.119568 --> 0.119061).  Saving model ...
2024-08-26 22:02:35,304 - Epoch 40/100, Train Loss(MSE): 0.10289354642832672, Validation Loss(MSE): 0.11811187428732713
2024-08-26 22:02:35,305 - Validation loss decreased (0.119061 --> 0.118112).  Saving model ...
2024-08-26 22:02:35,702 - Epoch 41/100, Train Loss(MSE): 0.10118010124334922, Validation Loss(MSE): 0.11642605687181155
2024-08-26 22:02:35,702 - Validation loss decreased (0.118112 --> 0.116426).  Saving model ...
2024-08-26 22:02:36,072 - Epoch 42/100, Train Loss(MSE): 0.09960500826383685, Validation Loss(MSE): 0.11647668108344078
2024-08-26 22:02:36,073 - EarlyStopping counter: 1 out of 5
2024-08-26 22:02:36,455 - Epoch 43/100, Train Loss(MSE): 0.09827754409103603, Validation Loss(MSE): 0.11559142079204321
2024-08-26 22:02:36,455 - Validation loss decreased (0.116426 --> 0.115591).  Saving model ...
2024-08-26 22:02:36,828 - Epoch 44/100, Train Loss(MSE): 0.09696136734315328, Validation Loss(MSE): 0.1152149522677064
2024-08-26 22:02:36,828 - Validation loss decreased (0.115591 --> 0.115215).  Saving model ...
2024-08-26 22:02:37,216 - Epoch 45/100, Train Loss(MSE): 0.09586331387470057, Validation Loss(MSE): 0.11428762320429087
2024-08-26 22:02:37,216 - Validation loss decreased (0.115215 --> 0.114288).  Saving model ...
2024-08-26 22:02:37,604 - Epoch 46/100, Train Loss(MSE): 0.09450001613451885, Validation Loss(MSE): 0.11362297087907791
2024-08-26 22:02:37,604 - Validation loss decreased (0.114288 --> 0.113623).  Saving model ...
2024-08-26 22:02:37,982 - Epoch 47/100, Train Loss(MSE): 0.0934787382381958, Validation Loss(MSE): 0.11287753439197938
2024-08-26 22:02:37,982 - Validation loss decreased (0.113623 --> 0.112878).  Saving model ...
2024-08-26 22:02:38,361 - Epoch 48/100, Train Loss(MSE): 0.09258502791379834, Validation Loss(MSE): 0.11254717409610748
2024-08-26 22:02:38,362 - Validation loss decreased (0.112878 --> 0.112547).  Saving model ...
2024-08-26 22:02:38,751 - Epoch 49/100, Train Loss(MSE): 0.0916815350998889, Validation Loss(MSE): 0.1117192121843497
2024-08-26 22:02:38,751 - Validation loss decreased (0.112547 --> 0.111719).  Saving model ...
2024-08-26 22:02:39,133 - Epoch 50/100, Train Loss(MSE): 0.09078960804330123, Validation Loss(MSE): 0.11145820654928684
2024-08-26 22:02:39,133 - Validation loss decreased (0.111719 --> 0.111458).  Saving model ...
2024-08-26 22:02:39,529 - Epoch 51/100, Train Loss(MSE): 0.09005979583649845, Validation Loss(MSE): 0.11109514844914277
2024-08-26 22:02:39,530 - Validation loss decreased (0.111458 --> 0.111095).  Saving model ...
2024-08-26 22:02:39,909 - Epoch 52/100, Train Loss(MSE): 0.08930808412177223, Validation Loss(MSE): 0.11113728520770867
2024-08-26 22:02:39,909 - EarlyStopping counter: 1 out of 5
2024-08-26 22:02:40,292 - Epoch 53/100, Train Loss(MSE): 0.08861780653779323, Validation Loss(MSE): 0.10924409826596577
2024-08-26 22:02:40,293 - Validation loss decreased (0.111095 --> 0.109244).  Saving model ...
2024-08-26 22:02:40,667 - Epoch 54/100, Train Loss(MSE): 0.0880115010294613, Validation Loss(MSE): 0.11048056216289599
2024-08-26 22:02:40,667 - EarlyStopping counter: 1 out of 5
2024-08-26 22:02:41,028 - Epoch 55/100, Train Loss(MSE): 0.0874246711750607, Validation Loss(MSE): 0.1099625484397014
2024-08-26 22:02:41,028 - EarlyStopping counter: 2 out of 5
2024-08-26 22:02:41,396 - Epoch 56/100, Train Loss(MSE): 0.08679096891984835, Validation Loss(MSE): 0.10891111381351948
2024-08-26 22:02:41,396 - Validation loss decreased (0.109244 --> 0.108911).  Saving model ...
2024-08-26 22:02:41,791 - Epoch 57/100, Train Loss(MSE): 0.08639298850199678, Validation Loss(MSE): 0.1086522014811635
2024-08-26 22:02:41,791 - Validation loss decreased (0.108911 --> 0.108652).  Saving model ...
2024-08-26 22:02:42,177 - Epoch 58/100, Train Loss(MSE): 0.08596878208138131, Validation Loss(MSE): 0.1078002800544103
2024-08-26 22:02:42,178 - Validation loss decreased (0.108652 --> 0.107800).  Saving model ...
2024-08-26 22:02:42,566 - Epoch 59/100, Train Loss(MSE): 0.08538608549797273, Validation Loss(MSE): 0.10836013841132323
2024-08-26 22:02:42,566 - EarlyStopping counter: 1 out of 5
2024-08-26 22:02:42,930 - Epoch 60/100, Train Loss(MSE): 0.08496628138799589, Validation Loss(MSE): 0.10753307677805424
2024-08-26 22:02:42,930 - Validation loss decreased (0.107800 --> 0.107533).  Saving model ...
2024-08-26 22:02:43,300 - Epoch 61/100, Train Loss(MSE): 0.08455871878662607, Validation Loss(MSE): 0.10791793465614319
2024-08-26 22:02:43,300 - EarlyStopping counter: 1 out of 5
2024-08-26 22:02:43,679 - Epoch 62/100, Train Loss(MSE): 0.0841665853961156, Validation Loss(MSE): 0.10762935411185026
2024-08-26 22:02:43,680 - EarlyStopping counter: 2 out of 5
2024-08-26 22:02:44,073 - Epoch 63/100, Train Loss(MSE): 0.08386080781673337, Validation Loss(MSE): 0.10746801923960447
2024-08-26 22:02:44,073 - Validation loss decreased (0.107533 --> 0.107468).  Saving model ...
2024-08-26 22:02:44,471 - Epoch 64/100, Train Loss(MSE): 0.08365038229705213, Validation Loss(MSE): 0.10749563078085582
2024-08-26 22:02:44,471 - EarlyStopping counter: 1 out of 5
2024-08-26 22:02:44,847 - Epoch 65/100, Train Loss(MSE): 0.08312647859310056, Validation Loss(MSE): 0.10648017997543018
2024-08-26 22:02:44,847 - Validation loss decreased (0.107468 --> 0.106480).  Saving model ...
2024-08-26 22:02:45,234 - Epoch 66/100, Train Loss(MSE): 0.08284460413423213, Validation Loss(MSE): 0.10605467297136784
2024-08-26 22:02:45,234 - Validation loss decreased (0.106480 --> 0.106055).  Saving model ...
2024-08-26 22:02:45,635 - Epoch 67/100, Train Loss(MSE): 0.0825481699104165, Validation Loss(MSE): 0.1056960957745711
2024-08-26 22:02:45,635 - Validation loss decreased (0.106055 --> 0.105696).  Saving model ...
2024-08-26 22:02:46,006 - Epoch 68/100, Train Loss(MSE): 0.08240235891643462, Validation Loss(MSE): 0.10623360083748896
2024-08-26 22:02:46,006 - EarlyStopping counter: 1 out of 5
2024-08-26 22:02:46,405 - Epoch 69/100, Train Loss(MSE): 0.08200980606233026, Validation Loss(MSE): 0.10553860509147246
2024-08-26 22:02:46,405 - Validation loss decreased (0.105696 --> 0.105539).  Saving model ...
2024-08-26 22:02:46,773 - Epoch 70/100, Train Loss(MSE): 0.08186824009804936, Validation Loss(MSE): 0.10544619398812453
2024-08-26 22:02:46,774 - Validation loss decreased (0.105539 --> 0.105446).  Saving model ...
2024-08-26 22:02:47,172 - Epoch 71/100, Train Loss(MSE): 0.0816630580677436, Validation Loss(MSE): 0.10534730988244216
2024-08-26 22:02:47,172 - Validation loss decreased (0.105446 --> 0.105347).  Saving model ...
2024-08-26 22:02:47,550 - Epoch 72/100, Train Loss(MSE): 0.08159458428457543, Validation Loss(MSE): 0.10505995092292626
2024-08-26 22:02:47,550 - Validation loss decreased (0.105347 --> 0.105060).  Saving model ...
2024-08-26 22:02:47,929 - Epoch 73/100, Train Loss(MSE): 0.08123843820131087, Validation Loss(MSE): 0.10605130127320687
2024-08-26 22:02:47,930 - EarlyStopping counter: 1 out of 5
2024-08-26 22:02:48,306 - Epoch 74/100, Train Loss(MSE): 0.08114037644322757, Validation Loss(MSE): 0.10422258420536916
2024-08-26 22:02:48,306 - Validation loss decreased (0.105060 --> 0.104223).  Saving model ...
2024-08-26 22:02:48,717 - Epoch 75/100, Train Loss(MSE): 0.08096399858266443, Validation Loss(MSE): 0.10392259464909633
2024-08-26 22:02:48,717 - Validation loss decreased (0.104223 --> 0.103923).  Saving model ...
2024-08-26 22:02:49,121 - Epoch 76/100, Train Loss(MSE): 0.08081661995786887, Validation Loss(MSE): 0.10440025757998228
2024-08-26 22:02:49,121 - EarlyStopping counter: 1 out of 5
2024-08-26 22:02:49,488 - Epoch 77/100, Train Loss(MSE): 0.08056512847542763, Validation Loss(MSE): 0.10454040579497814
2024-08-26 22:02:49,488 - EarlyStopping counter: 2 out of 5
2024-08-26 22:02:49,854 - Epoch 78/100, Train Loss(MSE): 0.0802920762613252, Validation Loss(MSE): 0.10434395385285218
2024-08-26 22:02:49,854 - EarlyStopping counter: 3 out of 5
2024-08-26 22:02:50,223 - Epoch 79/100, Train Loss(MSE): 0.08029774281677309, Validation Loss(MSE): 0.10346623696386814
2024-08-26 22:02:50,223 - Validation loss decreased (0.103923 --> 0.103466).  Saving model ...
2024-08-26 22:02:50,610 - Epoch 80/100, Train Loss(MSE): 0.08014437548079334, Validation Loss(MSE): 0.10393594484776258
2024-08-26 22:02:50,610 - EarlyStopping counter: 1 out of 5
2024-08-26 22:02:51,010 - Epoch 81/100, Train Loss(MSE): 0.07993592935931551, Validation Loss(MSE): 0.10384246086080869
2024-08-26 22:02:51,010 - EarlyStopping counter: 2 out of 5
2024-08-26 22:02:51,401 - Epoch 82/100, Train Loss(MSE): 0.07990477475654947, Validation Loss(MSE): 0.10358639278759559
2024-08-26 22:02:51,401 - EarlyStopping counter: 3 out of 5
2024-08-26 22:02:51,782 - Epoch 83/100, Train Loss(MSE): 0.07982233801222109, Validation Loss(MSE): 0.10301463181773822
2024-08-26 22:02:51,783 - Validation loss decreased (0.103466 --> 0.103015).  Saving model ...
2024-08-26 22:02:52,173 - Epoch 84/100, Train Loss(MSE): 0.07972328770127925, Validation Loss(MSE): 0.10304142689953248
2024-08-26 22:02:52,173 - EarlyStopping counter: 1 out of 5
2024-08-26 22:02:52,557 - Epoch 85/100, Train Loss(MSE): 0.07947357183138093, Validation Loss(MSE): 0.10403233331938584
2024-08-26 22:02:52,558 - EarlyStopping counter: 2 out of 5
2024-08-26 22:02:52,951 - Epoch 86/100, Train Loss(MSE): 0.07950106676626992, Validation Loss(MSE): 0.10371463435391585
2024-08-26 22:02:52,952 - EarlyStopping counter: 3 out of 5
2024-08-26 22:02:53,355 - Epoch 87/100, Train Loss(MSE): 0.07938041902341686, Validation Loss(MSE): 0.10284994511554639
2024-08-26 22:02:53,355 - Validation loss decreased (0.103015 --> 0.102850).  Saving model ...
2024-08-26 22:02:53,741 - Epoch 88/100, Train Loss(MSE): 0.07924325780554133, Validation Loss(MSE): 0.10311102122068405
2024-08-26 22:02:53,741 - EarlyStopping counter: 1 out of 5
2024-08-26 22:02:54,119 - Epoch 89/100, Train Loss(MSE): 0.07910278621692579, Validation Loss(MSE): 0.10312171280384064
2024-08-26 22:02:54,119 - EarlyStopping counter: 2 out of 5
2024-08-26 22:02:54,527 - Epoch 90/100, Train Loss(MSE): 0.07907298164298901, Validation Loss(MSE): 0.10249152251829703
2024-08-26 22:02:54,528 - Validation loss decreased (0.102850 --> 0.102492).  Saving model ...
2024-08-26 22:02:54,926 - Epoch 91/100, Train Loss(MSE): 0.07895855429572063, Validation Loss(MSE): 0.10283704816053311
2024-08-26 22:02:54,926 - EarlyStopping counter: 1 out of 5
2024-08-26 22:02:55,310 - Epoch 92/100, Train Loss(MSE): 0.07889594557275484, Validation Loss(MSE): 0.10301034431904554
2024-08-26 22:02:55,310 - EarlyStopping counter: 2 out of 5
2024-08-26 22:02:55,696 - Epoch 93/100, Train Loss(MSE): 0.0788914437436468, Validation Loss(MSE): 0.10261727683246136
2024-08-26 22:02:55,696 - EarlyStopping counter: 3 out of 5
2024-08-26 22:02:56,085 - Epoch 94/100, Train Loss(MSE): 0.07881772317565404, Validation Loss(MSE): 0.1019377950578928
2024-08-26 22:02:56,085 - Validation loss decreased (0.102492 --> 0.101938).  Saving model ...
2024-08-26 22:02:56,473 - Epoch 95/100, Train Loss(MSE): 0.07879819323892122, Validation Loss(MSE): 0.10191254721333583
2024-08-26 22:02:56,473 - Validation loss decreased (0.101938 --> 0.101913).  Saving model ...
2024-08-26 22:02:56,867 - Epoch 96/100, Train Loss(MSE): 0.07849376323213289, Validation Loss(MSE): 0.10197956177095573
2024-08-26 22:02:56,867 - EarlyStopping counter: 1 out of 5
2024-08-26 22:02:57,252 - Epoch 97/100, Train Loss(MSE): 0.07855210453271866, Validation Loss(MSE): 0.10216736203680436
2024-08-26 22:02:57,252 - EarlyStopping counter: 2 out of 5
2024-08-26 22:02:57,629 - Epoch 98/100, Train Loss(MSE): 0.07851535712297146, Validation Loss(MSE): 0.10266220259169738
2024-08-26 22:02:57,630 - EarlyStopping counter: 3 out of 5
2024-08-26 22:02:58,004 - Epoch 99/100, Train Loss(MSE): 0.07832832251685662, Validation Loss(MSE): 0.1019386335586508
2024-08-26 22:02:58,004 - EarlyStopping counter: 4 out of 5
2024-08-26 22:02:58,375 - Epoch 100/100, Train Loss(MSE): 0.0783174161768549, Validation Loss(MSE): 0.10162470520784457
2024-08-26 22:02:58,375 - Validation loss decreased (0.101913 --> 0.101625).  Saving model ...
2024-08-26 22:02:58,378 - —µ¡∑ 100 ¥Œepoch£¨—µ¡∑ ±≥§: 38.10132169723511 √Î
2024-08-26 22:02:58,395 - Test Loss(MSE): 0.09079130599275231
2024-08-26 22:02:58,398 - Model saved to D:\PythonProject\scorpioMock\MPDLinear\checkpoint\MPDLinear_20240826-220258_bs16_seq7_enc24_pred_len10_individualTrue_checkpoint.pth
2024-08-26 22:02:58,408 - Test Loss (Original Scale) MSE: 10.797611502998341
