2024-08-24 21:35:12,717 - Epoch 1/100, Train Loss(MSE): 0.806206167406506, Validation Loss(MSE): 0.600970576206843
2024-08-24 21:35:12,717 - Validation loss decreased for the first time. Saving model ...
2024-08-24 21:35:12,981 - Epoch 2/100, Train Loss(MSE): 0.5433700816498862, Validation Loss(MSE): 0.42158496379852295
2024-08-24 21:35:12,982 - Validation loss decreased (0.600971 --> 0.421585).  Saving model ...
2024-08-24 21:35:13,237 - Epoch 3/100, Train Loss(MSE): 0.3806815167268117, Validation Loss(MSE): 0.3089350660641988
2024-08-24 21:35:13,238 - Validation loss decreased (0.421585 --> 0.308935).  Saving model ...
2024-08-24 21:35:13,509 - Epoch 4/100, Train Loss(MSE): 0.28149548371632893, Validation Loss(MSE): 0.24016853421926498
2024-08-24 21:35:13,509 - Validation loss decreased (0.308935 --> 0.240169).  Saving model ...
2024-08-24 21:35:13,780 - Epoch 5/100, Train Loss(MSE): 0.21885373989741008, Validation Loss(MSE): 0.19448769589265189
2024-08-24 21:35:13,780 - Validation loss decreased (0.240169 --> 0.194488).  Saving model ...
2024-08-24 21:35:14,063 - Epoch 6/100, Train Loss(MSE): 0.17792197681135602, Validation Loss(MSE): 0.16374899571140608
2024-08-24 21:35:14,063 - Validation loss decreased (0.194488 --> 0.163749).  Saving model ...
2024-08-24 21:35:14,354 - Epoch 7/100, Train Loss(MSE): 0.1504750471148226, Validation Loss(MSE): 0.14112358540296555
2024-08-24 21:35:14,354 - Validation loss decreased (0.163749 --> 0.141124).  Saving model ...
2024-08-24 21:35:14,602 - Epoch 8/100, Train Loss(MSE): 0.13093921409712897, Validation Loss(MSE): 0.12495966255664825
2024-08-24 21:35:14,602 - Validation loss decreased (0.141124 --> 0.124960).  Saving model ...
2024-08-24 21:35:14,918 - Epoch 9/100, Train Loss(MSE): 0.1166630701886283, Validation Loss(MSE): 0.11241750915845235
2024-08-24 21:35:14,918 - Validation loss decreased (0.124960 --> 0.112418).  Saving model ...
2024-08-24 21:35:15,175 - Epoch 10/100, Train Loss(MSE): 0.10620232149958611, Validation Loss(MSE): 0.10224372521042824
2024-08-24 21:35:15,176 - Validation loss decreased (0.112418 --> 0.102244).  Saving model ...
2024-08-24 21:35:15,493 - Epoch 11/100, Train Loss(MSE): 0.0980426518453492, Validation Loss(MSE): 0.09492769713203113
2024-08-24 21:35:15,493 - Validation loss decreased (0.102244 --> 0.094928).  Saving model ...
2024-08-24 21:35:15,799 - Epoch 12/100, Train Loss(MSE): 0.09131605790721045, Validation Loss(MSE): 0.08879150388141473
2024-08-24 21:35:15,800 - Validation loss decreased (0.094928 --> 0.088792).  Saving model ...
2024-08-24 21:35:16,117 - Epoch 13/100, Train Loss(MSE): 0.08606578591797087, Validation Loss(MSE): 0.0831197239458561
2024-08-24 21:35:16,117 - Validation loss decreased (0.088792 --> 0.083120).  Saving model ...
2024-08-24 21:35:16,443 - Epoch 14/100, Train Loss(MSE): 0.08135530195302433, Validation Loss(MSE): 0.0797308050096035
2024-08-24 21:35:16,443 - Validation loss decreased (0.083120 --> 0.079731).  Saving model ...
2024-08-24 21:35:16,728 - Epoch 15/100, Train Loss(MSE): 0.07750017328394784, Validation Loss(MSE): 0.07555612362921238
2024-08-24 21:35:16,728 - Validation loss decreased (0.079731 --> 0.075556).  Saving model ...
2024-08-24 21:35:17,049 - Epoch 16/100, Train Loss(MSE): 0.07387762603660425, Validation Loss(MSE): 0.0723112194488446
2024-08-24 21:35:17,049 - Validation loss decreased (0.075556 --> 0.072311).  Saving model ...
2024-08-24 21:35:17,352 - Epoch 17/100, Train Loss(MSE): 0.07097895062632031, Validation Loss(MSE): 0.07020782865583897
2024-08-24 21:35:17,353 - Validation loss decreased (0.072311 --> 0.070208).  Saving model ...
2024-08-24 21:35:17,664 - Epoch 18/100, Train Loss(MSE): 0.06821352591117223, Validation Loss(MSE): 0.06794529408216476
2024-08-24 21:35:17,664 - Validation loss decreased (0.070208 --> 0.067945).  Saving model ...
2024-08-24 21:35:17,962 - Epoch 19/100, Train Loss(MSE): 0.06576824494534068, Validation Loss(MSE): 0.06590837861100833
2024-08-24 21:35:17,963 - Validation loss decreased (0.067945 --> 0.065908).  Saving model ...
2024-08-24 21:35:18,286 - Epoch 20/100, Train Loss(MSE): 0.06372610189848477, Validation Loss(MSE): 0.06479064685602982
2024-08-24 21:35:18,286 - Validation loss decreased (0.065908 --> 0.064791).  Saving model ...
2024-08-24 21:35:18,599 - Epoch 21/100, Train Loss(MSE): 0.06156978855530421, Validation Loss(MSE): 0.06253154451648395
2024-08-24 21:35:18,599 - Validation loss decreased (0.064791 --> 0.062532).  Saving model ...
2024-08-24 21:35:18,915 - Epoch 22/100, Train Loss(MSE): 0.05982935018837452, Validation Loss(MSE): 0.06141223075489203
2024-08-24 21:35:18,915 - Validation loss decreased (0.062532 --> 0.061412).  Saving model ...
2024-08-24 21:35:19,198 - Epoch 23/100, Train Loss(MSE): 0.05812913605736362, Validation Loss(MSE): 0.06006572830180327
2024-08-24 21:35:19,199 - Validation loss decreased (0.061412 --> 0.060066).  Saving model ...
2024-08-24 21:35:19,485 - Epoch 24/100, Train Loss(MSE): 0.056604302302002904, Validation Loss(MSE): 0.058587524419029556
2024-08-24 21:35:19,485 - Validation loss decreased (0.060066 --> 0.058588).  Saving model ...
2024-08-24 21:35:19,762 - Epoch 25/100, Train Loss(MSE): 0.05527933239936829, Validation Loss(MSE): 0.05784695719679197
2024-08-24 21:35:19,762 - EarlyStopping counter: 1 out of 5
2024-08-24 21:35:20,039 - Epoch 26/100, Train Loss(MSE): 0.05396820687585407, Validation Loss(MSE): 0.05738137227793535
2024-08-24 21:35:20,039 - Validation loss decreased (0.058588 --> 0.057381).  Saving model ...
2024-08-24 21:35:20,338 - Epoch 27/100, Train Loss(MSE): 0.052837298686305684, Validation Loss(MSE): 0.05588528700172901
2024-08-24 21:35:20,338 - Validation loss decreased (0.057381 --> 0.055885).  Saving model ...
2024-08-24 21:35:20,610 - Epoch 28/100, Train Loss(MSE): 0.05159921915166908, Validation Loss(MSE): 0.05598643856743971
2024-08-24 21:35:20,610 - EarlyStopping counter: 1 out of 5
2024-08-24 21:35:20,899 - Epoch 29/100, Train Loss(MSE): 0.05054628695878718, Validation Loss(MSE): 0.055078779036800064
2024-08-24 21:35:20,900 - EarlyStopping counter: 2 out of 5
2024-08-24 21:35:21,202 - Epoch 30/100, Train Loss(MSE): 0.049482222936219636, Validation Loss(MSE): 0.05488736058274905
2024-08-24 21:35:21,202 - EarlyStopping counter: 3 out of 5
2024-08-24 21:35:21,465 - Epoch 31/100, Train Loss(MSE): 0.04852279118365711, Validation Loss(MSE): 0.05432256683707237
2024-08-24 21:35:21,465 - Validation loss decreased (0.055885 --> 0.054323).  Saving model ...
2024-08-24 21:35:21,732 - Epoch 32/100, Train Loss(MSE): 0.04782530143857002, Validation Loss(MSE): 0.05371082077423731
2024-08-24 21:35:21,732 - EarlyStopping counter: 1 out of 5
2024-08-24 21:35:22,018 - Epoch 33/100, Train Loss(MSE): 0.04709012048939864, Validation Loss(MSE): 0.053438049430648484
2024-08-24 21:35:22,019 - EarlyStopping counter: 2 out of 5
2024-08-24 21:35:22,321 - Epoch 34/100, Train Loss(MSE): 0.04637226855589284, Validation Loss(MSE): 0.05306853850682577
2024-08-24 21:35:22,321 - Validation loss decreased (0.054323 --> 0.053069).  Saving model ...
2024-08-24 21:35:22,630 - Epoch 35/100, Train Loss(MSE): 0.04550927521453963, Validation Loss(MSE): 0.052721930046876274
2024-08-24 21:35:22,631 - EarlyStopping counter: 1 out of 5
2024-08-24 21:35:22,928 - Epoch 36/100, Train Loss(MSE): 0.04496203462282817, Validation Loss(MSE): 0.0520304391781489
2024-08-24 21:35:22,928 - Validation loss decreased (0.053069 --> 0.052030).  Saving model ...
2024-08-24 21:35:23,232 - Epoch 37/100, Train Loss(MSE): 0.044239426404237746, Validation Loss(MSE): 0.05209362072249254
2024-08-24 21:35:23,232 - EarlyStopping counter: 1 out of 5
2024-08-24 21:35:23,504 - Epoch 38/100, Train Loss(MSE): 0.04353392289744483, Validation Loss(MSE): 0.05177816500266393
2024-08-24 21:35:23,504 - EarlyStopping counter: 2 out of 5
2024-08-24 21:35:23,898 - Epoch 39/100, Train Loss(MSE): 0.04310216738118066, Validation Loss(MSE): 0.05147291409472624
2024-08-24 21:35:23,898 - EarlyStopping counter: 3 out of 5
2024-08-24 21:35:24,272 - Epoch 40/100, Train Loss(MSE): 0.04236888318426079, Validation Loss(MSE): 0.051557157188653946
2024-08-24 21:35:24,272 - EarlyStopping counter: 4 out of 5
2024-08-24 21:35:24,898 - Epoch 41/100, Train Loss(MSE): 0.041909809327787824, Validation Loss(MSE): 0.05132236145436764
2024-08-24 21:35:24,898 - EarlyStopping counter: 5 out of 5
2024-08-24 21:35:24,898 - Early stopping
2024-08-24 21:35:24,912 - Test Loss(MSE): 0.06668529845774174
2024-08-24 21:35:24,919 - Model saved to D:\PythonProject\scorpioMock\MPDLinear\checkpoint\MPDLinear_Model_20240824-213524_bs32_seq30_enc24_pred_len10_individualTrue_checkpoint.pth
2024-08-24 21:35:24,942 - Test Loss (Original Scale) MSE: 8.209572962910183
