2024-08-28 15:28:31,982 - Epoch 1/100, Train Loss(MSE): 0.964927754972292, Validation Loss(MSE): 0.8248501817385355
2024-08-28 15:28:31,982 - Validation loss decreased for the first time. Saving model ...
2024-08-28 15:28:32,193 - Epoch 2/100, Train Loss(MSE): 0.8814411824164183, Validation Loss(MSE): 0.7559285958607992
2024-08-28 15:28:32,197 - Validation loss decreased (0.824850 --> 0.755929).  Saving model ...
2024-08-28 15:28:32,404 - Epoch 3/100, Train Loss(MSE): 0.812003950709882, Validation Loss(MSE): 0.6991083522637686
2024-08-28 15:28:32,404 - Validation loss decreased (0.755929 --> 0.699108).  Saving model ...
2024-08-28 15:28:32,611 - Epoch 4/100, Train Loss(MSE): 0.7538962461378264, Validation Loss(MSE): 0.6507513026396433
2024-08-28 15:28:32,611 - Validation loss decreased (0.699108 --> 0.650751).  Saving model ...
2024-08-28 15:28:32,831 - Epoch 5/100, Train Loss(MSE): 0.70453382315843, Validation Loss(MSE): 0.6062429447968801
2024-08-28 15:28:32,832 - Validation loss decreased (0.650751 --> 0.606243).  Saving model ...
2024-08-28 15:28:33,036 - Epoch 6/100, Train Loss(MSE): 0.6541911668103674, Validation Loss(MSE): 0.5681109428405762
2024-08-28 15:28:33,038 - Validation loss decreased (0.606243 --> 0.568111).  Saving model ...
2024-08-28 15:28:33,237 - Epoch 7/100, Train Loss(MSE): 0.6198897335840308, Validation Loss(MSE): 0.5323151350021362
2024-08-28 15:28:33,237 - Validation loss decreased (0.568111 --> 0.532315).  Saving model ...
2024-08-28 15:28:33,460 - Epoch 8/100, Train Loss(MSE): 0.5764838321053464, Validation Loss(MSE): 0.49999190866947174
2024-08-28 15:28:33,460 - Validation loss decreased (0.532315 --> 0.499992).  Saving model ...
2024-08-28 15:28:33,665 - Epoch 9/100, Train Loss(MSE): 0.5447477594665859, Validation Loss(MSE): 0.4696941326061885
2024-08-28 15:28:33,665 - Validation loss decreased (0.499992 --> 0.469694).  Saving model ...
2024-08-28 15:28:33,869 - Epoch 10/100, Train Loss(MSE): 0.5130010072303854, Validation Loss(MSE): 0.44222302734851837
2024-08-28 15:28:33,870 - Validation loss decreased (0.469694 --> 0.442223).  Saving model ...
2024-08-28 15:28:34,087 - Epoch 11/100, Train Loss(MSE): 0.4845318651717642, Validation Loss(MSE): 0.41725342472394306
2024-08-28 15:28:34,087 - Validation loss decreased (0.442223 --> 0.417253).  Saving model ...
2024-08-28 15:28:34,309 - Epoch 12/100, Train Loss(MSE): 0.46212897417338, Validation Loss(MSE): 0.39324237406253815
2024-08-28 15:28:34,309 - Validation loss decreased (0.417253 --> 0.393242).  Saving model ...
2024-08-28 15:28:34,509 - Epoch 13/100, Train Loss(MSE): 0.437176337060721, Validation Loss(MSE): 0.3722487936417262
2024-08-28 15:28:34,509 - Validation loss decreased (0.393242 --> 0.372249).  Saving model ...
2024-08-28 15:28:34,725 - Epoch 14/100, Train Loss(MSE): 0.41584647738415265, Validation Loss(MSE): 0.3531080037355423
2024-08-28 15:28:34,725 - Validation loss decreased (0.372249 --> 0.353108).  Saving model ...
2024-08-28 15:28:34,965 - Epoch 15/100, Train Loss(MSE): 0.39657540360222693, Validation Loss(MSE): 0.3348802129427592
2024-08-28 15:28:34,966 - Validation loss decreased (0.353108 --> 0.334880).  Saving model ...
2024-08-28 15:28:35,177 - Epoch 16/100, Train Loss(MSE): 0.3785138930315557, Validation Loss(MSE): 0.31844525039196014
2024-08-28 15:28:35,177 - Validation loss decreased (0.334880 --> 0.318445).  Saving model ...
2024-08-28 15:28:35,385 - Epoch 17/100, Train Loss(MSE): 0.3597180331530778, Validation Loss(MSE): 0.3026633709669113
2024-08-28 15:28:35,386 - Validation loss decreased (0.318445 --> 0.302663).  Saving model ...
2024-08-28 15:28:35,594 - Epoch 18/100, Train Loss(MSE): 0.34323966470749484, Validation Loss(MSE): 0.28845030814409256
2024-08-28 15:28:35,594 - Validation loss decreased (0.302663 --> 0.288450).  Saving model ...
2024-08-28 15:28:35,797 - Epoch 19/100, Train Loss(MSE): 0.3290008666074794, Validation Loss(MSE): 0.27568646768728894
2024-08-28 15:28:35,797 - Validation loss decreased (0.288450 --> 0.275686).  Saving model ...
2024-08-28 15:28:36,015 - Epoch 20/100, Train Loss(MSE): 0.31545013675223227, Validation Loss(MSE): 0.26383281002442044
2024-08-28 15:28:36,016 - Validation loss decreased (0.275686 --> 0.263833).  Saving model ...
2024-08-28 15:28:36,219 - Epoch 21/100, Train Loss(MSE): 0.3026211550054343, Validation Loss(MSE): 0.253113088508447
2024-08-28 15:28:36,219 - Validation loss decreased (0.263833 --> 0.253113).  Saving model ...
2024-08-28 15:28:36,416 - Epoch 22/100, Train Loss(MSE): 0.2923075883932736, Validation Loss(MSE): 0.24329108744859695
2024-08-28 15:28:36,416 - Validation loss decreased (0.253113 --> 0.243291).  Saving model ...
2024-08-28 15:28:36,625 - Epoch 23/100, Train Loss(MSE): 0.27904732816893124, Validation Loss(MSE): 0.23406500866015753
2024-08-28 15:28:36,625 - Validation loss decreased (0.243291 --> 0.234065).  Saving model ...
2024-08-28 15:28:36,837 - Epoch 24/100, Train Loss(MSE): 0.2703039811357208, Validation Loss(MSE): 0.2255255455772082
2024-08-28 15:28:36,837 - Validation loss decreased (0.234065 --> 0.225526).  Saving model ...
2024-08-28 15:28:37,046 - Epoch 25/100, Train Loss(MSE): 0.2599085588818011, Validation Loss(MSE): 0.21735535810391107
2024-08-28 15:28:37,046 - Validation loss decreased (0.225526 --> 0.217355).  Saving model ...
2024-08-28 15:28:37,252 - Epoch 26/100, Train Loss(MSE): 0.25145112528749136, Validation Loss(MSE): 0.210186168551445
2024-08-28 15:28:37,252 - Validation loss decreased (0.217355 --> 0.210186).  Saving model ...
2024-08-28 15:28:37,476 - Epoch 27/100, Train Loss(MSE): 0.24379160417162854, Validation Loss(MSE): 0.2037364567319552
2024-08-28 15:28:37,476 - Validation loss decreased (0.210186 --> 0.203736).  Saving model ...
2024-08-28 15:28:37,699 - Epoch 28/100, Train Loss(MSE): 0.234811096087746, Validation Loss(MSE): 0.19771742075681686
2024-08-28 15:28:37,699 - Validation loss decreased (0.203736 --> 0.197717).  Saving model ...
2024-08-28 15:28:37,901 - Epoch 29/100, Train Loss(MSE): 0.23052601062733194, Validation Loss(MSE): 0.19195127238829932
2024-08-28 15:28:37,901 - Validation loss decreased (0.197717 --> 0.191951).  Saving model ...
2024-08-28 15:28:38,113 - Epoch 30/100, Train Loss(MSE): 0.2204619098616683, Validation Loss(MSE): 0.18664375940958658
2024-08-28 15:28:38,113 - Validation loss decreased (0.191951 --> 0.186644).  Saving model ...
2024-08-28 15:28:38,312 - Epoch 31/100, Train Loss(MSE): 0.21375721612054369, Validation Loss(MSE): 0.18183318773905435
2024-08-28 15:28:38,312 - Validation loss decreased (0.186644 --> 0.181833).  Saving model ...
2024-08-28 15:28:38,521 - Epoch 32/100, Train Loss(MSE): 0.20854110351723174, Validation Loss(MSE): 0.17734873046477637
2024-08-28 15:28:38,522 - Validation loss decreased (0.181833 --> 0.177349).  Saving model ...
2024-08-28 15:28:38,737 - Epoch 33/100, Train Loss(MSE): 0.20260612731394562, Validation Loss(MSE): 0.17345844209194183
2024-08-28 15:28:38,737 - Validation loss decreased (0.177349 --> 0.173458).  Saving model ...
2024-08-28 15:28:38,944 - Epoch 34/100, Train Loss(MSE): 0.1973255584421365, Validation Loss(MSE): 0.16955210889379183
2024-08-28 15:28:38,944 - Validation loss decreased (0.173458 --> 0.169552).  Saving model ...
2024-08-28 15:28:39,165 - Epoch 35/100, Train Loss(MSE): 0.193868029538704, Validation Loss(MSE): 0.16609139740467072
2024-08-28 15:28:39,165 - Validation loss decreased (0.169552 --> 0.166091).  Saving model ...
2024-08-28 15:28:39,382 - Epoch 36/100, Train Loss(MSE): 0.1862465253342753, Validation Loss(MSE): 0.1628054492175579
2024-08-28 15:28:39,382 - Validation loss decreased (0.166091 --> 0.162805).  Saving model ...
2024-08-28 15:28:39,592 - Epoch 37/100, Train Loss(MSE): 0.18278731454325758, Validation Loss(MSE): 0.1602209893365701
2024-08-28 15:28:39,592 - Validation loss decreased (0.162805 --> 0.160221).  Saving model ...
2024-08-28 15:28:39,824 - Epoch 38/100, Train Loss(MSE): 0.17760943896744563, Validation Loss(MSE): 0.1570362225174904
2024-08-28 15:28:39,824 - Validation loss decreased (0.160221 --> 0.157036).  Saving model ...
2024-08-28 15:28:40,022 - Epoch 39/100, Train Loss(MSE): 0.17288950879288756, Validation Loss(MSE): 0.154664176205794
2024-08-28 15:28:40,022 - Validation loss decreased (0.157036 --> 0.154664).  Saving model ...
2024-08-28 15:28:40,242 - Epoch 40/100, Train Loss(MSE): 0.1687594721822635, Validation Loss(MSE): 0.15238778914014497
2024-08-28 15:28:40,242 - Validation loss decreased (0.154664 --> 0.152388).  Saving model ...
2024-08-28 15:28:40,445 - Epoch 41/100, Train Loss(MSE): 0.16564952776483868, Validation Loss(MSE): 0.1498954308529695
2024-08-28 15:28:40,445 - Validation loss decreased (0.152388 --> 0.149895).  Saving model ...
2024-08-28 15:28:40,660 - Epoch 42/100, Train Loss(MSE): 0.16270535374465195, Validation Loss(MSE): 0.14779031897584596
2024-08-28 15:28:40,660 - Validation loss decreased (0.149895 --> 0.147790).  Saving model ...
2024-08-28 15:28:40,877 - Epoch 43/100, Train Loss(MSE): 0.1591593746257865, Validation Loss(MSE): 0.14585418875018755
2024-08-28 15:28:40,877 - Validation loss decreased (0.147790 --> 0.145854).  Saving model ...
2024-08-28 15:28:41,110 - Epoch 44/100, Train Loss(MSE): 0.15534402948358786, Validation Loss(MSE): 0.1443502145508925
2024-08-28 15:28:41,110 - Validation loss decreased (0.145854 --> 0.144350).  Saving model ...
2024-08-28 15:28:41,359 - Epoch 45/100, Train Loss(MSE): 0.15252101583325345, Validation Loss(MSE): 0.14226781576871872
2024-08-28 15:28:41,359 - Validation loss decreased (0.144350 --> 0.142268).  Saving model ...
2024-08-28 15:28:41,605 - Epoch 46/100, Train Loss(MSE): 0.15079908445477486, Validation Loss(MSE): 0.14083520819743475
2024-08-28 15:28:41,605 - Validation loss decreased (0.142268 --> 0.140835).  Saving model ...
2024-08-28 15:28:41,826 - Epoch 47/100, Train Loss(MSE): 0.14777778332000194, Validation Loss(MSE): 0.13939945523937544
2024-08-28 15:28:41,826 - Validation loss decreased (0.140835 --> 0.139399).  Saving model ...
2024-08-28 15:28:42,070 - Epoch 48/100, Train Loss(MSE): 0.14449276434986488, Validation Loss(MSE): 0.1380088155468305
2024-08-28 15:28:42,070 - Validation loss decreased (0.139399 --> 0.138009).  Saving model ...
2024-08-28 15:28:42,277 - Epoch 49/100, Train Loss(MSE): 0.14169542953048064, Validation Loss(MSE): 0.1366103614370028
2024-08-28 15:28:42,277 - Validation loss decreased (0.138009 --> 0.136610).  Saving model ...
2024-08-28 15:28:42,486 - Epoch 50/100, Train Loss(MSE): 0.1401755574118832, Validation Loss(MSE): 0.13547307128707567
2024-08-28 15:28:42,486 - Validation loss decreased (0.136610 --> 0.135473).  Saving model ...
2024-08-28 15:28:42,703 - Epoch 51/100, Train Loss(MSE): 0.13784064271527788, Validation Loss(MSE): 0.13434324537714323
2024-08-28 15:28:42,703 - Validation loss decreased (0.135473 --> 0.134343).  Saving model ...
2024-08-28 15:28:42,930 - Epoch 52/100, Train Loss(MSE): 0.13450900724400644, Validation Loss(MSE): 0.13276673729221025
2024-08-28 15:28:42,930 - Validation loss decreased (0.134343 --> 0.132767).  Saving model ...
2024-08-28 15:28:43,126 - Epoch 53/100, Train Loss(MSE): 0.13411689922213554, Validation Loss(MSE): 0.13188401609659195
2024-08-28 15:28:43,127 - Validation loss decreased (0.132767 --> 0.131884).  Saving model ...
2024-08-28 15:28:43,349 - Epoch 54/100, Train Loss(MSE): 0.1315382979810238, Validation Loss(MSE): 0.1306480417648951
2024-08-28 15:28:43,351 - Validation loss decreased (0.131884 --> 0.130648).  Saving model ...
2024-08-28 15:28:43,552 - Epoch 55/100, Train Loss(MSE): 0.12935746040033258, Validation Loss(MSE): 0.12993922705451647
2024-08-28 15:28:43,552 - Validation loss decreased (0.130648 --> 0.129939).  Saving model ...
2024-08-28 15:28:43,762 - Epoch 56/100, Train Loss(MSE): 0.12737033111245735, Validation Loss(MSE): 0.12928808853030205
2024-08-28 15:28:43,762 - Validation loss decreased (0.129939 --> 0.129288).  Saving model ...
2024-08-28 15:28:43,988 - Epoch 57/100, Train Loss(MSE): 0.12576888534037964, Validation Loss(MSE): 0.12825763101379076
2024-08-28 15:28:43,988 - Validation loss decreased (0.129288 --> 0.128258).  Saving model ...
2024-08-28 15:28:44,193 - Epoch 58/100, Train Loss(MSE): 0.12347890963049038, Validation Loss(MSE): 0.127229701106747
2024-08-28 15:28:44,193 - Validation loss decreased (0.128258 --> 0.127230).  Saving model ...
2024-08-28 15:28:44,417 - Epoch 59/100, Train Loss(MSE): 0.12295846114663975, Validation Loss(MSE): 0.12657328384617964
2024-08-28 15:28:44,417 - Validation loss decreased (0.127230 --> 0.126573).  Saving model ...
2024-08-28 15:28:44,618 - Epoch 60/100, Train Loss(MSE): 0.1215785539344601, Validation Loss(MSE): 0.1256775657335917
2024-08-28 15:28:44,618 - Validation loss decreased (0.126573 --> 0.125678).  Saving model ...
2024-08-28 15:28:44,824 - Epoch 61/100, Train Loss(MSE): 0.11782276678992354, Validation Loss(MSE): 0.12486545803646247
2024-08-28 15:28:44,824 - Validation loss decreased (0.125678 --> 0.124865).  Saving model ...
2024-08-28 15:28:45,048 - Epoch 62/100, Train Loss(MSE): 0.11648647624837316, Validation Loss(MSE): 0.12419869378209114
2024-08-28 15:28:45,048 - Validation loss decreased (0.124865 --> 0.124199).  Saving model ...
2024-08-28 15:28:45,253 - Epoch 63/100, Train Loss(MSE): 0.11617428857995116, Validation Loss(MSE): 0.12367074191570282
2024-08-28 15:28:45,254 - Validation loss decreased (0.124199 --> 0.123671).  Saving model ...
2024-08-28 15:28:45,474 - Epoch 64/100, Train Loss(MSE): 0.11444844888604205, Validation Loss(MSE): 0.12304515577852726
2024-08-28 15:28:45,474 - Validation loss decreased (0.123671 --> 0.123045).  Saving model ...
2024-08-28 15:28:45,680 - Epoch 65/100, Train Loss(MSE): 0.1144109656629355, Validation Loss(MSE): 0.1221155629803737
2024-08-28 15:28:45,680 - Validation loss decreased (0.123045 --> 0.122116).  Saving model ...
2024-08-28 15:28:45,904 - Epoch 66/100, Train Loss(MSE): 0.11294069124952606, Validation Loss(MSE): 0.12166619300842285
2024-08-28 15:28:45,904 - Validation loss decreased (0.122116 --> 0.121666).  Saving model ...
2024-08-28 15:28:46,103 - Epoch 67/100, Train Loss(MSE): 0.11070424059162969, Validation Loss(MSE): 0.12102315512796243
2024-08-28 15:28:46,103 - Validation loss decreased (0.121666 --> 0.121023).  Saving model ...
2024-08-28 15:28:46,309 - Epoch 68/100, Train Loss(MSE): 0.11136976224572762, Validation Loss(MSE): 0.12074435191849868
2024-08-28 15:28:46,309 - Validation loss decreased (0.121023 --> 0.120744).  Saving model ...
2024-08-28 15:28:46,533 - Epoch 69/100, Train Loss(MSE): 0.10775087571338467, Validation Loss(MSE): 0.1202697716653347
2024-08-28 15:28:46,533 - Validation loss decreased (0.120744 --> 0.120270).  Saving model ...
2024-08-28 15:28:46,736 - Epoch 70/100, Train Loss(MSE): 0.1070671209498592, Validation Loss(MSE): 0.1189997127900521
2024-08-28 15:28:46,736 - Validation loss decreased (0.120270 --> 0.119000).  Saving model ...
2024-08-28 15:28:46,959 - Epoch 71/100, Train Loss(MSE): 0.10576022683602312, Validation Loss(MSE): 0.1191559520860513
2024-08-28 15:28:46,960 - EarlyStopping counter: 1 out of 5
2024-08-28 15:28:47,170 - Epoch 72/100, Train Loss(MSE): 0.10607026225846747, Validation Loss(MSE): 0.11878274008631706
2024-08-28 15:28:47,170 - Validation loss decreased (0.119000 --> 0.118783).  Saving model ...
2024-08-28 15:28:47,402 - Epoch 73/100, Train Loss(MSE): 0.10426159729452236, Validation Loss(MSE): 0.11793736803034942
2024-08-28 15:28:47,403 - Validation loss decreased (0.118783 --> 0.117937).  Saving model ...
2024-08-28 15:28:47,619 - Epoch 74/100, Train Loss(MSE): 0.10299378714483717, Validation Loss(MSE): 0.11770362344880898
2024-08-28 15:28:47,619 - Validation loss decreased (0.117937 --> 0.117704).  Saving model ...
2024-08-28 15:28:47,823 - Epoch 75/100, Train Loss(MSE): 0.10200554602172064, Validation Loss(MSE): 0.11718093852202098
2024-08-28 15:28:47,824 - Validation loss decreased (0.117704 --> 0.117181).  Saving model ...
2024-08-28 15:28:48,026 - Epoch 76/100, Train Loss(MSE): 0.10145395629755828, Validation Loss(MSE): 0.11728822439908981
2024-08-28 15:28:48,026 - EarlyStopping counter: 1 out of 5
2024-08-28 15:28:48,241 - Epoch 77/100, Train Loss(MSE): 0.10054548594938673, Validation Loss(MSE): 0.11624448684354623
2024-08-28 15:28:48,241 - Validation loss decreased (0.117181 --> 0.116244).  Saving model ...
2024-08-28 15:28:48,453 - Epoch 78/100, Train Loss(MSE): 0.0998853237732597, Validation Loss(MSE): 0.11587576257685821
2024-08-28 15:28:48,453 - Validation loss decreased (0.116244 --> 0.115876).  Saving model ...
2024-08-28 15:28:48,665 - Epoch 79/100, Train Loss(MSE): 0.0990317274370919, Validation Loss(MSE): 0.11569450919826825
2024-08-28 15:28:48,665 - Validation loss decreased (0.115876 --> 0.115695).  Saving model ...
2024-08-28 15:28:48,876 - Epoch 80/100, Train Loss(MSE): 0.09965608698194442, Validation Loss(MSE): 0.11482013761997223
2024-08-28 15:28:48,876 - Validation loss decreased (0.115695 --> 0.114820).  Saving model ...
2024-08-28 15:28:49,081 - Epoch 81/100, Train Loss(MSE): 0.0974032768736715, Validation Loss(MSE): 0.11477111155788104
2024-08-28 15:28:49,081 - Validation loss decreased (0.114820 --> 0.114771).  Saving model ...
2024-08-28 15:28:49,308 - Epoch 82/100, Train Loss(MSE): 0.0966559691435617, Validation Loss(MSE): 0.11385095243652661
2024-08-28 15:28:49,308 - Validation loss decreased (0.114771 --> 0.113851).  Saving model ...
2024-08-28 15:28:49,504 - Epoch 83/100, Train Loss(MSE): 0.09612372096465982, Validation Loss(MSE): 0.11395296454429626
2024-08-28 15:28:49,504 - EarlyStopping counter: 1 out of 5
2024-08-28 15:28:49,707 - Epoch 84/100, Train Loss(MSE): 0.0952733930848215, Validation Loss(MSE): 0.11318282286326091
2024-08-28 15:28:49,707 - Validation loss decreased (0.113851 --> 0.113183).  Saving model ...
2024-08-28 15:28:49,918 - Epoch 85/100, Train Loss(MSE): 0.09497471979778746, Validation Loss(MSE): 0.11300624782840411
2024-08-28 15:28:49,918 - Validation loss decreased (0.113183 --> 0.113006).  Saving model ...
2024-08-28 15:28:50,121 - Epoch 86/100, Train Loss(MSE): 0.09568148438373338, Validation Loss(MSE): 0.11299093874792258
2024-08-28 15:28:50,122 - Validation loss decreased (0.113006 --> 0.112991).  Saving model ...
2024-08-28 15:28:50,332 - Epoch 87/100, Train Loss(MSE): 0.09416713508898797, Validation Loss(MSE): 0.11256364112099011
2024-08-28 15:28:50,332 - Validation loss decreased (0.112991 --> 0.112564).  Saving model ...
2024-08-28 15:28:50,524 - Epoch 88/100, Train Loss(MSE): 0.09355426336760106, Validation Loss(MSE): 0.11218373849987984
2024-08-28 15:28:50,525 - Validation loss decreased (0.112564 --> 0.112184).  Saving model ...
2024-08-28 15:28:50,745 - Epoch 89/100, Train Loss(MSE): 0.0930424963488527, Validation Loss(MSE): 0.11210329085588455
2024-08-28 15:28:50,745 - Validation loss decreased (0.112184 --> 0.112103).  Saving model ...
2024-08-28 15:28:50,959 - Epoch 90/100, Train Loss(MSE): 0.09198227103637613, Validation Loss(MSE): 0.11118103315432866
2024-08-28 15:28:50,959 - Validation loss decreased (0.112103 --> 0.111181).  Saving model ...
2024-08-28 15:28:51,186 - Epoch 91/100, Train Loss(MSE): 0.09259173500797023, Validation Loss(MSE): 0.11131005858381589
2024-08-28 15:28:51,186 - EarlyStopping counter: 1 out of 5
2024-08-28 15:28:51,408 - Epoch 92/100, Train Loss(MSE): 0.09178552395947602, Validation Loss(MSE): 0.11054936423897743
2024-08-28 15:28:51,408 - Validation loss decreased (0.111181 --> 0.110549).  Saving model ...
2024-08-28 15:28:51,632 - Epoch 93/100, Train Loss(MSE): 0.09021207884601924, Validation Loss(MSE): 0.11040843899051349
2024-08-28 15:28:51,632 - Validation loss decreased (0.110549 --> 0.110408).  Saving model ...
2024-08-28 15:28:51,879 - Epoch 94/100, Train Loss(MSE): 0.0898383092135191, Validation Loss(MSE): 0.11015584754447143
2024-08-28 15:28:51,880 - Validation loss decreased (0.110408 --> 0.110156).  Saving model ...
2024-08-28 15:28:52,106 - Epoch 95/100, Train Loss(MSE): 0.0903750175367231, Validation Loss(MSE): 0.11046068680783112
2024-08-28 15:28:52,107 - EarlyStopping counter: 1 out of 5
2024-08-28 15:28:52,320 - Epoch 96/100, Train Loss(MSE): 0.08913401328027248, Validation Loss(MSE): 0.1100023624797662
2024-08-28 15:28:52,320 - Validation loss decreased (0.110156 --> 0.110002).  Saving model ...
2024-08-28 15:28:52,529 - Epoch 97/100, Train Loss(MSE): 0.08961918456074984, Validation Loss(MSE): 0.10980746895074844
2024-08-28 15:28:52,530 - Validation loss decreased (0.110002 --> 0.109807).  Saving model ...
2024-08-28 15:28:52,754 - Epoch 98/100, Train Loss(MSE): 0.08944607833805292, Validation Loss(MSE): 0.10949217590192954
2024-08-28 15:28:52,754 - Validation loss decreased (0.109807 --> 0.109492).  Saving model ...
2024-08-28 15:28:52,960 - Epoch 99/100, Train Loss(MSE): 0.08818285806995371, Validation Loss(MSE): 0.10904552104572456
2024-08-28 15:28:52,960 - Validation loss decreased (0.109492 --> 0.109046).  Saving model ...
2024-08-28 15:28:53,203 - Epoch 100/100, Train Loss(MSE): 0.08777073803155319, Validation Loss(MSE): 0.1092606969177723
2024-08-28 15:28:53,203 - EarlyStopping counter: 1 out of 5
2024-08-28 15:28:53,203 - —µ¡∑ 100 ¥Œepoch£¨—µ¡∑ ±≥§: 21.431525945663452 √Î
2024-08-28 15:28:53,212 - Test Loss(MSE): 0.09772629787524541
2024-08-28 15:28:53,219 - Model saved to D:\PythonProject\scorpioMock\MPDLinear\checkpoint\MPDLinear_20240828-152853_bs32_seq7_enc24_pred_len7_individualTrue_checkpoint.pth
2024-08-28 15:28:53,225 - Test Loss (Original Scale) MSE: 12.161268856256063
