2024-08-28 15:26:45,981 - Epoch 1/100, Train Loss(MSE): 0.989434548046278, Validation Loss(MSE): 0.8415059049924215
2024-08-28 15:26:45,981 - Validation loss decreased for the first time. Saving model ...
2024-08-28 15:26:46,194 - Epoch 2/100, Train Loss(MSE): 0.9026254907898281, Validation Loss(MSE): 0.7695196171601614
2024-08-28 15:26:46,198 - Validation loss decreased (0.841506 --> 0.769520).  Saving model ...
2024-08-28 15:26:46,407 - Epoch 3/100, Train Loss(MSE): 0.836142017789509, Validation Loss(MSE): 0.7099387049674988
2024-08-28 15:26:46,407 - Validation loss decreased (0.769520 --> 0.709939).  Saving model ...
2024-08-28 15:26:46,633 - Epoch 4/100, Train Loss(MSE): 0.7790625373954359, Validation Loss(MSE): 0.6584176222483317
2024-08-28 15:26:46,633 - Validation loss decreased (0.709939 --> 0.658418).  Saving model ...
2024-08-28 15:26:46,843 - Epoch 5/100, Train Loss(MSE): 0.7162900437479434, Validation Loss(MSE): 0.6122443576653799
2024-08-28 15:26:46,843 - Validation loss decreased (0.658418 --> 0.612244).  Saving model ...
2024-08-28 15:26:47,051 - Epoch 6/100, Train Loss(MSE): 0.6697542738655339, Validation Loss(MSE): 0.5721847862005234
2024-08-28 15:26:47,052 - Validation loss decreased (0.612244 --> 0.572185).  Saving model ...
2024-08-28 15:26:47,255 - Epoch 7/100, Train Loss(MSE): 0.6237261398978855, Validation Loss(MSE): 0.5359678914149603
2024-08-28 15:26:47,255 - Validation loss decreased (0.572185 --> 0.535968).  Saving model ...
2024-08-28 15:26:47,456 - Epoch 8/100, Train Loss(MSE): 0.5836543337158535, Validation Loss(MSE): 0.503503163655599
2024-08-28 15:26:47,456 - Validation loss decreased (0.535968 --> 0.503503).  Saving model ...
2024-08-28 15:26:47,672 - Epoch 9/100, Train Loss(MSE): 0.5517879523660826, Validation Loss(MSE): 0.47319930295149487
2024-08-28 15:26:47,672 - Validation loss decreased (0.503503 --> 0.473199).  Saving model ...
2024-08-28 15:26:47,880 - Epoch 10/100, Train Loss(MSE): 0.5223244091738826, Validation Loss(MSE): 0.4452327440182368
2024-08-28 15:26:47,880 - Validation loss decreased (0.473199 --> 0.445233).  Saving model ...
2024-08-28 15:26:48,099 - Epoch 11/100, Train Loss(MSE): 0.49488950358784717, Validation Loss(MSE): 0.42074551184972125
2024-08-28 15:26:48,099 - Validation loss decreased (0.445233 --> 0.420746).  Saving model ...
2024-08-28 15:26:48,294 - Epoch 12/100, Train Loss(MSE): 0.4645298622224642, Validation Loss(MSE): 0.39710933963457745
2024-08-28 15:26:48,294 - Validation loss decreased (0.420746 --> 0.397109).  Saving model ...
2024-08-28 15:26:48,503 - Epoch 13/100, Train Loss(MSE): 0.4413522281076597, Validation Loss(MSE): 0.3759789615869522
2024-08-28 15:26:48,503 - Validation loss decreased (0.397109 --> 0.375979).  Saving model ...
2024-08-28 15:26:48,723 - Epoch 14/100, Train Loss(MSE): 0.4180715297875197, Validation Loss(MSE): 0.35554658869902295
2024-08-28 15:26:48,723 - Validation loss decreased (0.375979 --> 0.355547).  Saving model ...
2024-08-28 15:26:48,937 - Epoch 15/100, Train Loss(MSE): 0.4003286465354588, Validation Loss(MSE): 0.33776742219924927
2024-08-28 15:26:48,937 - Validation loss decreased (0.355547 --> 0.337767).  Saving model ...
2024-08-28 15:26:49,160 - Epoch 16/100, Train Loss(MSE): 0.3804906344284182, Validation Loss(MSE): 0.3208320538202922
2024-08-28 15:26:49,160 - Validation loss decreased (0.337767 --> 0.320832).  Saving model ...
2024-08-28 15:26:49,384 - Epoch 17/100, Train Loss(MSE): 0.36228117022825324, Validation Loss(MSE): 0.3054000735282898
2024-08-28 15:26:49,384 - Validation loss decreased (0.320832 --> 0.305400).  Saving model ...
2024-08-28 15:26:49,620 - Epoch 18/100, Train Loss(MSE): 0.3481197315065757, Validation Loss(MSE): 0.29089439411958057
2024-08-28 15:26:49,620 - Validation loss decreased (0.305400 --> 0.290894).  Saving model ...
2024-08-28 15:26:49,814 - Epoch 19/100, Train Loss(MSE): 0.33028291975674423, Validation Loss(MSE): 0.277620996038119
2024-08-28 15:26:49,815 - Validation loss decreased (0.290894 --> 0.277621).  Saving model ...
2024-08-28 15:26:50,056 - Epoch 20/100, Train Loss(MSE): 0.3178433196052261, Validation Loss(MSE): 0.26595007131497067
2024-08-28 15:26:50,056 - Validation loss decreased (0.277621 --> 0.265950).  Saving model ...
2024-08-28 15:26:50,269 - Epoch 21/100, Train Loss(MSE): 0.30381606422040774, Validation Loss(MSE): 0.2547682076692581
2024-08-28 15:26:50,269 - Validation loss decreased (0.265950 --> 0.254768).  Saving model ...
2024-08-28 15:26:50,473 - Epoch 22/100, Train Loss(MSE): 0.29288021960984106, Validation Loss(MSE): 0.24426700919866562
2024-08-28 15:26:50,474 - Validation loss decreased (0.254768 --> 0.244267).  Saving model ...
2024-08-28 15:26:50,694 - Epoch 23/100, Train Loss(MSE): 0.2858004628316216, Validation Loss(MSE): 0.2346955512960752
2024-08-28 15:26:50,694 - Validation loss decreased (0.244267 --> 0.234696).  Saving model ...
2024-08-28 15:26:50,899 - Epoch 24/100, Train Loss(MSE): 0.26984468232030456, Validation Loss(MSE): 0.22605547060569128
2024-08-28 15:26:50,899 - Validation loss decreased (0.234696 --> 0.226055).  Saving model ...
2024-08-28 15:26:51,114 - Epoch 25/100, Train Loss(MSE): 0.26063917253328406, Validation Loss(MSE): 0.21810716638962427
2024-08-28 15:26:51,114 - Validation loss decreased (0.226055 --> 0.218107).  Saving model ...
2024-08-28 15:26:51,322 - Epoch 26/100, Train Loss(MSE): 0.25268413644769916, Validation Loss(MSE): 0.21102759738763174
2024-08-28 15:26:51,322 - Validation loss decreased (0.218107 --> 0.211028).  Saving model ...
2024-08-28 15:26:51,529 - Epoch 27/100, Train Loss(MSE): 0.2437890907344611, Validation Loss(MSE): 0.20390418420235315
2024-08-28 15:26:51,529 - Validation loss decreased (0.211028 --> 0.203904).  Saving model ...
2024-08-28 15:26:51,732 - Epoch 28/100, Train Loss(MSE): 0.23562088058046673, Validation Loss(MSE): 0.1979083071152369
2024-08-28 15:26:51,732 - Validation loss decreased (0.203904 --> 0.197908).  Saving model ...
2024-08-28 15:26:51,953 - Epoch 29/100, Train Loss(MSE): 0.2276630751464678, Validation Loss(MSE): 0.19187896947065988
2024-08-28 15:26:51,953 - Validation loss decreased (0.197908 --> 0.191879).  Saving model ...
2024-08-28 15:26:52,160 - Epoch 30/100, Train Loss(MSE): 0.220489376589008, Validation Loss(MSE): 0.18673752496639887
2024-08-28 15:26:52,160 - Validation loss decreased (0.191879 --> 0.186738).  Saving model ...
2024-08-28 15:26:52,365 - Epoch 31/100, Train Loss(MSE): 0.21511990560785585, Validation Loss(MSE): 0.18196811775366464
2024-08-28 15:26:52,365 - Validation loss decreased (0.186738 --> 0.181968).  Saving model ...
2024-08-28 15:26:52,577 - Epoch 32/100, Train Loss(MSE): 0.20777589001733324, Validation Loss(MSE): 0.17751839632789293
2024-08-28 15:26:52,577 - Validation loss decreased (0.181968 --> 0.177518).  Saving model ...
2024-08-28 15:26:52,776 - Epoch 33/100, Train Loss(MSE): 0.2012880093053631, Validation Loss(MSE): 0.17300198475519815
2024-08-28 15:26:52,776 - Validation loss decreased (0.177518 --> 0.173002).  Saving model ...
2024-08-28 15:26:52,988 - Epoch 34/100, Train Loss(MSE): 0.1961862964798575, Validation Loss(MSE): 0.16913113743066788
2024-08-28 15:26:52,989 - Validation loss decreased (0.173002 --> 0.169131).  Saving model ...
2024-08-28 15:26:53,189 - Epoch 35/100, Train Loss(MSE): 0.19169209767942844, Validation Loss(MSE): 0.1655857339501381
2024-08-28 15:26:53,189 - Validation loss decreased (0.169131 --> 0.165586).  Saving model ...
2024-08-28 15:26:53,402 - Epoch 36/100, Train Loss(MSE): 0.18665913152305977, Validation Loss(MSE): 0.16223853081464767
2024-08-28 15:26:53,402 - Validation loss decreased (0.165586 --> 0.162239).  Saving model ...
2024-08-28 15:26:53,632 - Epoch 37/100, Train Loss(MSE): 0.18195587105077246, Validation Loss(MSE): 0.1590875561038653
2024-08-28 15:26:53,632 - Validation loss decreased (0.162239 --> 0.159088).  Saving model ...
2024-08-28 15:26:53,858 - Epoch 38/100, Train Loss(MSE): 0.1778541451886944, Validation Loss(MSE): 0.1565045714378357
2024-08-28 15:26:53,859 - Validation loss decreased (0.159088 --> 0.156505).  Saving model ...
2024-08-28 15:26:54,075 - Epoch 39/100, Train Loss(MSE): 0.17274377138718314, Validation Loss(MSE): 0.15379036962985992
2024-08-28 15:26:54,075 - Validation loss decreased (0.156505 --> 0.153790).  Saving model ...
2024-08-28 15:26:54,307 - Epoch 40/100, Train Loss(MSE): 0.1704794406566931, Validation Loss(MSE): 0.1511873056491216
2024-08-28 15:26:54,307 - Validation loss decreased (0.153790 --> 0.151187).  Saving model ...
2024-08-28 15:26:54,529 - Epoch 41/100, Train Loss(MSE): 0.16650088989864226, Validation Loss(MSE): 0.1493598148226738
2024-08-28 15:26:54,529 - Validation loss decreased (0.151187 --> 0.149360).  Saving model ...
2024-08-28 15:26:54,741 - Epoch 42/100, Train Loss(MSE): 0.16225762794847073, Validation Loss(MSE): 0.14720501254002252
2024-08-28 15:26:54,742 - Validation loss decreased (0.149360 --> 0.147205).  Saving model ...
2024-08-28 15:26:54,948 - Epoch 43/100, Train Loss(MSE): 0.15752936794382075, Validation Loss(MSE): 0.14522706096371016
2024-08-28 15:26:54,948 - Validation loss decreased (0.147205 --> 0.145227).  Saving model ...
2024-08-28 15:26:55,157 - Epoch 44/100, Train Loss(MSE): 0.15510415949899217, Validation Loss(MSE): 0.14324491222699484
2024-08-28 15:26:55,157 - Validation loss decreased (0.145227 --> 0.143245).  Saving model ...
2024-08-28 15:26:55,370 - Epoch 45/100, Train Loss(MSE): 0.15158891483493472, Validation Loss(MSE): 0.14131607860326767
2024-08-28 15:26:55,370 - Validation loss decreased (0.143245 --> 0.141316).  Saving model ...
2024-08-28 15:26:55,587 - Epoch 46/100, Train Loss(MSE): 0.15022758734614952, Validation Loss(MSE): 0.1401168778538704
2024-08-28 15:26:55,587 - Validation loss decreased (0.141316 --> 0.140117).  Saving model ...
2024-08-28 15:26:55,803 - Epoch 47/100, Train Loss(MSE): 0.14913017610492912, Validation Loss(MSE): 0.13838249693314233
2024-08-28 15:26:55,803 - Validation loss decreased (0.140117 --> 0.138382).  Saving model ...
2024-08-28 15:26:56,066 - Epoch 48/100, Train Loss(MSE): 0.1440085929049098, Validation Loss(MSE): 0.1372713049252828
2024-08-28 15:26:56,066 - Validation loss decreased (0.138382 --> 0.137271).  Saving model ...
2024-08-28 15:26:56,264 - Epoch 49/100, Train Loss(MSE): 0.14143408527192863, Validation Loss(MSE): 0.13614297782381377
2024-08-28 15:26:56,264 - Validation loss decreased (0.137271 --> 0.136143).  Saving model ...
2024-08-28 15:26:56,491 - Epoch 50/100, Train Loss(MSE): 0.13862081487541614, Validation Loss(MSE): 0.13463735083738962
2024-08-28 15:26:56,491 - Validation loss decreased (0.136143 --> 0.134637).  Saving model ...
2024-08-28 15:26:56,698 - Epoch 51/100, Train Loss(MSE): 0.13761382776757944, Validation Loss(MSE): 0.1335062806804975
2024-08-28 15:26:56,698 - Validation loss decreased (0.134637 --> 0.133506).  Saving model ...
2024-08-28 15:26:56,930 - Epoch 52/100, Train Loss(MSE): 0.13489777141291162, Validation Loss(MSE): 0.13242625445127487
2024-08-28 15:26:56,930 - Validation loss decreased (0.133506 --> 0.132426).  Saving model ...
2024-08-28 15:26:57,163 - Epoch 53/100, Train Loss(MSE): 0.13263055779363797, Validation Loss(MSE): 0.13167184963822365
2024-08-28 15:26:57,163 - Validation loss decreased (0.132426 --> 0.131672).  Saving model ...
2024-08-28 15:26:57,377 - Epoch 54/100, Train Loss(MSE): 0.12988471385577452, Validation Loss(MSE): 0.13008741413553557
2024-08-28 15:26:57,378 - Validation loss decreased (0.131672 --> 0.130087).  Saving model ...
2024-08-28 15:26:57,614 - Epoch 55/100, Train Loss(MSE): 0.12807999437917833, Validation Loss(MSE): 0.1289252725740274
2024-08-28 15:26:57,615 - Validation loss decreased (0.130087 --> 0.128925).  Saving model ...
2024-08-28 15:26:57,836 - Epoch 56/100, Train Loss(MSE): 0.12647030794102213, Validation Loss(MSE): 0.12828469773133597
2024-08-28 15:26:57,836 - Validation loss decreased (0.128925 --> 0.128285).  Saving model ...
2024-08-28 15:26:58,064 - Epoch 57/100, Train Loss(MSE): 0.1241863540009312, Validation Loss(MSE): 0.1274939471234878
2024-08-28 15:26:58,064 - Validation loss decreased (0.128285 --> 0.127494).  Saving model ...
2024-08-28 15:26:58,278 - Epoch 58/100, Train Loss(MSE): 0.12262855081454567, Validation Loss(MSE): 0.1263238067428271
2024-08-28 15:26:58,278 - Validation loss decreased (0.127494 --> 0.126324).  Saving model ...
2024-08-28 15:26:58,506 - Epoch 59/100, Train Loss(MSE): 0.12137253047979396, Validation Loss(MSE): 0.12585323676466942
2024-08-28 15:26:58,506 - Validation loss decreased (0.126324 --> 0.125853).  Saving model ...
2024-08-28 15:26:58,701 - Epoch 60/100, Train Loss(MSE): 0.12122304737567902, Validation Loss(MSE): 0.12527400813996792
2024-08-28 15:26:58,701 - Validation loss decreased (0.125853 --> 0.125274).  Saving model ...
2024-08-28 15:26:58,919 - Epoch 61/100, Train Loss(MSE): 0.1203665359188681, Validation Loss(MSE): 0.12409602912763755
2024-08-28 15:26:58,919 - Validation loss decreased (0.125274 --> 0.124096).  Saving model ...
2024-08-28 15:26:59,122 - Epoch 62/100, Train Loss(MSE): 0.11610423967890117, Validation Loss(MSE): 0.12362514808773994
2024-08-28 15:26:59,122 - Validation loss decreased (0.124096 --> 0.123625).  Saving model ...
2024-08-28 15:26:59,346 - Epoch 63/100, Train Loss(MSE): 0.11516038862907368, Validation Loss(MSE): 0.12336842715740204
2024-08-28 15:26:59,346 - Validation loss decreased (0.123625 --> 0.123368).  Saving model ...
2024-08-28 15:26:59,549 - Epoch 64/100, Train Loss(MSE): 0.11363710430653198, Validation Loss(MSE): 0.12220677857597669
2024-08-28 15:26:59,549 - Validation loss decreased (0.123368 --> 0.122207).  Saving model ...
2024-08-28 15:26:59,757 - Epoch 65/100, Train Loss(MSE): 0.11304130972079608, Validation Loss(MSE): 0.12196711202462514
2024-08-28 15:26:59,757 - Validation loss decreased (0.122207 --> 0.121967).  Saving model ...
2024-08-28 15:26:59,945 - Epoch 66/100, Train Loss(MSE): 0.11172259412705898, Validation Loss(MSE): 0.12092873950799306
2024-08-28 15:26:59,945 - Validation loss decreased (0.121967 --> 0.120929).  Saving model ...
2024-08-28 15:27:00,163 - Epoch 67/100, Train Loss(MSE): 0.11040133432201717, Validation Loss(MSE): 0.12104683741927147
2024-08-28 15:27:00,163 - EarlyStopping counter: 1 out of 5
2024-08-28 15:27:00,377 - Epoch 68/100, Train Loss(MSE): 0.10923238924664, Validation Loss(MSE): 0.1202521522839864
2024-08-28 15:27:00,377 - Validation loss decreased (0.120929 --> 0.120252).  Saving model ...
2024-08-28 15:27:00,590 - Epoch 69/100, Train Loss(MSE): 0.1075650204135024, Validation Loss(MSE): 0.12001741491258144
2024-08-28 15:27:00,590 - Validation loss decreased (0.120252 --> 0.120017).  Saving model ...
2024-08-28 15:27:00,789 - Epoch 70/100, Train Loss(MSE): 0.10665455185200858, Validation Loss(MSE): 0.11882133533557256
2024-08-28 15:27:00,789 - Validation loss decreased (0.120017 --> 0.118821).  Saving model ...
2024-08-28 15:27:01,012 - Epoch 71/100, Train Loss(MSE): 0.10574494245583596, Validation Loss(MSE): 0.1187393640478452
2024-08-28 15:27:01,012 - Validation loss decreased (0.118821 --> 0.118739).  Saving model ...
2024-08-28 15:27:01,217 - Epoch 72/100, Train Loss(MSE): 0.10516942729768546, Validation Loss(MSE): 0.11850289752086003
2024-08-28 15:27:01,218 - Validation loss decreased (0.118739 --> 0.118503).  Saving model ...
2024-08-28 15:27:01,435 - Epoch 73/100, Train Loss(MSE): 0.10354833547835765, Validation Loss(MSE): 0.11812133590380351
2024-08-28 15:27:01,436 - Validation loss decreased (0.118503 --> 0.118121).  Saving model ...
2024-08-28 15:27:01,650 - Epoch 74/100, Train Loss(MSE): 0.10281478710796522, Validation Loss(MSE): 0.11749681830406189
2024-08-28 15:27:01,650 - Validation loss decreased (0.118121 --> 0.117497).  Saving model ...
2024-08-28 15:27:01,873 - Epoch 75/100, Train Loss(MSE): 0.1017880063989888, Validation Loss(MSE): 0.11670258951683839
2024-08-28 15:27:01,873 - Validation loss decreased (0.117497 --> 0.116703).  Saving model ...
2024-08-28 15:27:02,091 - Epoch 76/100, Train Loss(MSE): 0.10113924855123395, Validation Loss(MSE): 0.11600158922374249
2024-08-28 15:27:02,091 - Validation loss decreased (0.116703 --> 0.116002).  Saving model ...
2024-08-28 15:27:02,318 - Epoch 77/100, Train Loss(MSE): 0.10052686265629271, Validation Loss(MSE): 0.11570180331667264
2024-08-28 15:27:02,318 - Validation loss decreased (0.116002 --> 0.115702).  Saving model ...
2024-08-28 15:27:02,540 - Epoch 78/100, Train Loss(MSE): 0.10052795230370501, Validation Loss(MSE): 0.11573285236954689
2024-08-28 15:27:02,540 - EarlyStopping counter: 1 out of 5
2024-08-28 15:27:02,753 - Epoch 79/100, Train Loss(MSE): 0.09916845417541006, Validation Loss(MSE): 0.11499605576197307
2024-08-28 15:27:02,754 - Validation loss decreased (0.115702 --> 0.114996).  Saving model ...
2024-08-28 15:27:02,964 - Epoch 80/100, Train Loss(MSE): 0.09774432938707911, Validation Loss(MSE): 0.11506721191108227
2024-08-28 15:27:02,965 - EarlyStopping counter: 1 out of 5
2024-08-28 15:27:03,168 - Epoch 81/100, Train Loss(MSE): 0.09717009184153183, Validation Loss(MSE): 0.1147778940697511
2024-08-28 15:27:03,169 - Validation loss decreased (0.114996 --> 0.114778).  Saving model ...
2024-08-28 15:27:03,365 - Epoch 82/100, Train Loss(MSE): 0.09653023168768572, Validation Loss(MSE): 0.11357002519071102
2024-08-28 15:27:03,365 - Validation loss decreased (0.114778 --> 0.113570).  Saving model ...
2024-08-28 15:27:03,562 - Epoch 83/100, Train Loss(MSE): 0.09774237069422784, Validation Loss(MSE): 0.11363984209795792
2024-08-28 15:27:03,562 - EarlyStopping counter: 1 out of 5
2024-08-28 15:27:03,767 - Epoch 84/100, Train Loss(MSE): 0.09589331038296223, Validation Loss(MSE): 0.11367227137088776
2024-08-28 15:27:03,767 - EarlyStopping counter: 2 out of 5
2024-08-28 15:27:03,976 - Epoch 85/100, Train Loss(MSE): 0.09439124061685542, Validation Loss(MSE): 0.1132415843506654
2024-08-28 15:27:03,977 - Validation loss decreased (0.113570 --> 0.113242).  Saving model ...
2024-08-28 15:27:04,193 - Epoch 86/100, Train Loss(MSE): 0.09427754499990007, Validation Loss(MSE): 0.11261363886296749
2024-08-28 15:27:04,194 - Validation loss decreased (0.113242 --> 0.112614).  Saving model ...
2024-08-28 15:27:04,400 - Epoch 87/100, Train Loss(MSE): 0.09341203955852467, Validation Loss(MSE): 0.11233053108056386
2024-08-28 15:27:04,400 - Validation loss decreased (0.112614 --> 0.112331).  Saving model ...
2024-08-28 15:27:04,608 - Epoch 88/100, Train Loss(MSE): 0.09271707053741683, Validation Loss(MSE): 0.11183784405390422
2024-08-28 15:27:04,608 - Validation loss decreased (0.112331 --> 0.111838).  Saving model ...
2024-08-28 15:27:04,820 - Epoch 89/100, Train Loss(MSE): 0.09214493664710419, Validation Loss(MSE): 0.11172732338309288
2024-08-28 15:27:04,821 - Validation loss decreased (0.111838 --> 0.111727).  Saving model ...
2024-08-28 15:27:05,040 - Epoch 90/100, Train Loss(MSE): 0.0923262142130862, Validation Loss(MSE): 0.1115685806920131
2024-08-28 15:27:05,041 - Validation loss decreased (0.111727 --> 0.111569).  Saving model ...
2024-08-28 15:27:05,251 - Epoch 91/100, Train Loss(MSE): 0.0912827804846608, Validation Loss(MSE): 0.11085159704089165
2024-08-28 15:27:05,251 - Validation loss decreased (0.111569 --> 0.110852).  Saving model ...
2024-08-28 15:27:05,456 - Epoch 92/100, Train Loss(MSE): 0.09107857853498148, Validation Loss(MSE): 0.11087619885802269
2024-08-28 15:27:05,456 - EarlyStopping counter: 1 out of 5
2024-08-28 15:27:05,662 - Epoch 93/100, Train Loss(MSE): 0.09150730494571768, Validation Loss(MSE): 0.11091857155164082
2024-08-28 15:27:05,663 - EarlyStopping counter: 2 out of 5
2024-08-28 15:27:05,870 - Epoch 94/100, Train Loss(MSE): 0.09008215019560378, Validation Loss(MSE): 0.10995546045402686
2024-08-28 15:27:05,870 - Validation loss decreased (0.110852 --> 0.109955).  Saving model ...
2024-08-28 15:27:06,095 - Epoch 95/100, Train Loss(MSE): 0.08943939711088719, Validation Loss(MSE): 0.11019270494580269
2024-08-28 15:27:06,095 - EarlyStopping counter: 1 out of 5
2024-08-28 15:27:06,327 - Epoch 96/100, Train Loss(MSE): 0.08921357892129732, Validation Loss(MSE): 0.10988053927818935
2024-08-28 15:27:06,328 - Validation loss decreased (0.109955 --> 0.109881).  Saving model ...
2024-08-28 15:27:06,549 - Epoch 97/100, Train Loss(MSE): 0.08923132750003235, Validation Loss(MSE): 0.10963453787068526
2024-08-28 15:27:06,549 - Validation loss decreased (0.109881 --> 0.109635).  Saving model ...
2024-08-28 15:27:06,752 - Epoch 98/100, Train Loss(MSE): 0.08860142585699973, Validation Loss(MSE): 0.10942891426384449
2024-08-28 15:27:06,752 - Validation loss decreased (0.109635 --> 0.109429).  Saving model ...
2024-08-28 15:27:06,969 - Epoch 99/100, Train Loss(MSE): 0.08808397947122222, Validation Loss(MSE): 0.10918391806383927
2024-08-28 15:27:06,969 - Validation loss decreased (0.109429 --> 0.109184).  Saving model ...
2024-08-28 15:27:07,187 - Epoch 100/100, Train Loss(MSE): 0.08844678549338943, Validation Loss(MSE): 0.10947380277017753
2024-08-28 15:27:07,187 - EarlyStopping counter: 1 out of 5
2024-08-28 15:27:07,187 - —µ¡∑ 100 ¥Œepoch£¨—µ¡∑ ±≥§: 21.425686359405518 √Î
2024-08-28 15:27:07,200 - Test Loss(MSE): 0.09822411711017291
2024-08-28 15:27:07,207 - Model saved to D:\PythonProject\scorpioMock\MPDLinear\checkpoint\MPDLinear_20240828-152707_bs32_seq7_enc24_pred_len5_individualTrue_checkpoint.pth
2024-08-28 15:27:07,215 - Test Loss (Original Scale) MSE: 12.218974716064716
