2024-08-25 14:07:58,116 - Epoch 1/100, Train Loss(MSE): 0.8176345619890425, Validation Loss(MSE): 0.6100707749525706
2024-08-25 14:07:58,117 - Validation loss decreased for the first time. Saving model ...
2024-08-25 14:07:58,349 - Epoch 2/100, Train Loss(MSE): 0.5543960763348473, Validation Loss(MSE): 0.4286821136871974
2024-08-25 14:07:58,351 - Validation loss decreased (0.610071 --> 0.428682).  Saving model ...
2024-08-25 14:07:58,606 - Epoch 3/100, Train Loss(MSE): 0.3883018096288045, Validation Loss(MSE): 0.31676538785298664
2024-08-25 14:07:58,606 - Validation loss decreased (0.428682 --> 0.316765).  Saving model ...
2024-08-25 14:07:58,878 - Epoch 4/100, Train Loss(MSE): 0.28641111552715304, Validation Loss(MSE): 0.24683333685000738
2024-08-25 14:07:58,879 - Validation loss decreased (0.316765 --> 0.246833).  Saving model ...
2024-08-25 14:07:59,140 - Epoch 5/100, Train Loss(MSE): 0.22210668557220034, Validation Loss(MSE): 0.20164281378189722
2024-08-25 14:07:59,140 - Validation loss decreased (0.246833 --> 0.201643).  Saving model ...
2024-08-25 14:07:59,386 - Epoch 6/100, Train Loss(MSE): 0.1801800987786717, Validation Loss(MSE): 0.168465423087279
2024-08-25 14:07:59,387 - Validation loss decreased (0.201643 --> 0.168465).  Saving model ...
2024-08-25 14:07:59,701 - Epoch 7/100, Train Loss(MSE): 0.1520179733633995, Validation Loss(MSE): 0.14584207038084665
2024-08-25 14:07:59,701 - Validation loss decreased (0.168465 --> 0.145842).  Saving model ...
2024-08-25 14:08:00,007 - Epoch 8/100, Train Loss(MSE): 0.13170900974008773, Validation Loss(MSE): 0.12871872757871947
2024-08-25 14:08:00,007 - Validation loss decreased (0.145842 --> 0.128719).  Saving model ...
2024-08-25 14:08:00,280 - Epoch 9/100, Train Loss(MSE): 0.11730182121197383, Validation Loss(MSE): 0.11538507789373398
2024-08-25 14:08:00,281 - Validation loss decreased (0.128719 --> 0.115385).  Saving model ...
2024-08-25 14:08:00,546 - Epoch 10/100, Train Loss(MSE): 0.10633905993567573, Validation Loss(MSE): 0.10584699486692746
2024-08-25 14:08:00,547 - Validation loss decreased (0.115385 --> 0.105847).  Saving model ...
2024-08-25 14:08:00,821 - Epoch 11/100, Train Loss(MSE): 0.09801898135079277, Validation Loss(MSE): 0.09788753588994344
2024-08-25 14:08:00,821 - Validation loss decreased (0.105847 --> 0.097888).  Saving model ...
2024-08-25 14:08:01,069 - Epoch 12/100, Train Loss(MSE): 0.09112980630662706, Validation Loss(MSE): 0.09092297218739986
2024-08-25 14:08:01,069 - Validation loss decreased (0.097888 --> 0.090923).  Saving model ...
2024-08-25 14:08:01,319 - Epoch 13/100, Train Loss(MSE): 0.08567037938369645, Validation Loss(MSE): 0.08594141776363055
2024-08-25 14:08:01,319 - Validation loss decreased (0.090923 --> 0.085941).  Saving model ...
2024-08-25 14:08:01,561 - Epoch 14/100, Train Loss(MSE): 0.0809972388876809, Validation Loss(MSE): 0.08123739436268806
2024-08-25 14:08:01,561 - Validation loss decreased (0.085941 --> 0.081237).  Saving model ...
2024-08-25 14:08:01,796 - Epoch 15/100, Train Loss(MSE): 0.07723403250177702, Validation Loss(MSE): 0.07709384461243947
2024-08-25 14:08:01,797 - Validation loss decreased (0.081237 --> 0.077094).  Saving model ...
2024-08-25 14:08:02,055 - Epoch 16/100, Train Loss(MSE): 0.0735469974577427, Validation Loss(MSE): 0.07434670068323612
2024-08-25 14:08:02,055 - Validation loss decreased (0.077094 --> 0.074347).  Saving model ...
2024-08-25 14:08:02,347 - Epoch 17/100, Train Loss(MSE): 0.07055190602938334, Validation Loss(MSE): 0.07131291987995307
2024-08-25 14:08:02,347 - Validation loss decreased (0.074347 --> 0.071313).  Saving model ...
2024-08-25 14:08:02,610 - Epoch 18/100, Train Loss(MSE): 0.06790357621179686, Validation Loss(MSE): 0.06945891305804253
2024-08-25 14:08:02,610 - Validation loss decreased (0.071313 --> 0.069459).  Saving model ...
2024-08-25 14:08:02,860 - Epoch 19/100, Train Loss(MSE): 0.06543809610108535, Validation Loss(MSE): 0.06698611068228881
2024-08-25 14:08:02,860 - Validation loss decreased (0.069459 --> 0.066986).  Saving model ...
2024-08-25 14:08:03,139 - Epoch 20/100, Train Loss(MSE): 0.06319518056180742, Validation Loss(MSE): 0.06556941444675128
2024-08-25 14:08:03,139 - Validation loss decreased (0.066986 --> 0.065569).  Saving model ...
2024-08-25 14:08:03,438 - Epoch 21/100, Train Loss(MSE): 0.06130959176354938, Validation Loss(MSE): 0.06416240024069945
2024-08-25 14:08:03,439 - Validation loss decreased (0.065569 --> 0.064162).  Saving model ...
2024-08-25 14:08:03,794 - Epoch 22/100, Train Loss(MSE): 0.05955079851879014, Validation Loss(MSE): 0.06220333899060885
2024-08-25 14:08:03,795 - Validation loss decreased (0.064162 --> 0.062203).  Saving model ...
2024-08-25 14:08:04,101 - Epoch 23/100, Train Loss(MSE): 0.05788323063817289, Validation Loss(MSE): 0.06088563178976377
2024-08-25 14:08:04,101 - Validation loss decreased (0.062203 --> 0.060886).  Saving model ...
2024-08-25 14:08:04,449 - Epoch 24/100, Train Loss(MSE): 0.05632759241594209, Validation Loss(MSE): 0.059812281280756
2024-08-25 14:08:04,450 - Validation loss decreased (0.060886 --> 0.059812).  Saving model ...
2024-08-25 14:08:04,787 - Epoch 25/100, Train Loss(MSE): 0.054966981377866535, Validation Loss(MSE): 0.059484430899222694
2024-08-25 14:08:04,787 - Validation loss decreased (0.059812 --> 0.059484).  Saving model ...
2024-08-25 14:08:05,142 - Epoch 26/100, Train Loss(MSE): 0.05379973500967026, Validation Loss(MSE): 0.05767518530289332
2024-08-25 14:08:05,143 - Validation loss decreased (0.059484 --> 0.057675).  Saving model ...
2024-08-25 14:08:05,367 - Epoch 27/100, Train Loss(MSE): 0.052758211973640654, Validation Loss(MSE): 0.057337481528520584
2024-08-25 14:08:05,368 - Validation loss decreased (0.057675 --> 0.057337).  Saving model ...
2024-08-25 14:08:05,580 - Epoch 28/100, Train Loss(MSE): 0.051504376158118245, Validation Loss(MSE): 0.05669734254479408
2024-08-25 14:08:05,580 - Validation loss decreased (0.057337 --> 0.056697).  Saving model ...
2024-08-25 14:08:05,828 - Epoch 29/100, Train Loss(MSE): 0.0503168529106511, Validation Loss(MSE): 0.05586996302008629
2024-08-25 14:08:05,828 - Validation loss decreased (0.056697 --> 0.055870).  Saving model ...
2024-08-25 14:08:06,070 - Epoch 30/100, Train Loss(MSE): 0.04931605876319938, Validation Loss(MSE): 0.056284899512926735
2024-08-25 14:08:06,071 - EarlyStopping counter: 1 out of 5
2024-08-25 14:08:06,350 - Epoch 31/100, Train Loss(MSE): 0.048618392646312715, Validation Loss(MSE): 0.055237431079149246
2024-08-25 14:08:06,351 - Validation loss decreased (0.055870 --> 0.055237).  Saving model ...
2024-08-25 14:08:06,589 - Epoch 32/100, Train Loss(MSE): 0.04759219814505842, Validation Loss(MSE): 0.05434854266544183
2024-08-25 14:08:06,590 - Validation loss decreased (0.055237 --> 0.054349).  Saving model ...
2024-08-25 14:08:06,816 - Epoch 33/100, Train Loss(MSE): 0.04682263827158345, Validation Loss(MSE): 0.05428359533349673
2024-08-25 14:08:06,817 - Validation loss decreased (0.054349 --> 0.054284).  Saving model ...
2024-08-25 14:08:07,061 - Epoch 34/100, Train Loss(MSE): 0.0460777358048492, Validation Loss(MSE): 0.054062951977054276
2024-08-25 14:08:07,062 - Validation loss decreased (0.054284 --> 0.054063).  Saving model ...
2024-08-25 14:08:07,384 - Epoch 35/100, Train Loss(MSE): 0.045342741161584856, Validation Loss(MSE): 0.0530738215893507
2024-08-25 14:08:07,384 - Validation loss decreased (0.054063 --> 0.053074).  Saving model ...
2024-08-25 14:08:07,623 - Epoch 36/100, Train Loss(MSE): 0.04472896427743965, Validation Loss(MSE): 0.053086668252944946
2024-08-25 14:08:07,623 - EarlyStopping counter: 1 out of 5
2024-08-25 14:08:07,846 - Epoch 37/100, Train Loss(MSE): 0.044020440553625424, Validation Loss(MSE): 0.052502963691949844
2024-08-25 14:08:07,846 - Validation loss decreased (0.053074 --> 0.052503).  Saving model ...
2024-08-25 14:08:08,077 - Epoch 38/100, Train Loss(MSE): 0.04329198487102985, Validation Loss(MSE): 0.052304353564977646
2024-08-25 14:08:08,077 - Validation loss decreased (0.052503 --> 0.052304).  Saving model ...
2024-08-25 14:08:08,311 - Epoch 39/100, Train Loss(MSE): 0.04283527624275949, Validation Loss(MSE): 0.051859610403577484
2024-08-25 14:08:08,311 - Validation loss decreased (0.052304 --> 0.051860).  Saving model ...
2024-08-25 14:08:08,548 - Epoch 40/100, Train Loss(MSE): 0.04230142045352194, Validation Loss(MSE): 0.05218378516534964
2024-08-25 14:08:08,549 - EarlyStopping counter: 1 out of 5
2024-08-25 14:08:08,781 - Epoch 41/100, Train Loss(MSE): 0.041799237579107286, Validation Loss(MSE): 0.051869938150048256
2024-08-25 14:08:08,781 - EarlyStopping counter: 2 out of 5
2024-08-25 14:08:09,014 - Epoch 42/100, Train Loss(MSE): 0.04127007412413756, Validation Loss(MSE): 0.051965695495406784
2024-08-25 14:08:09,015 - EarlyStopping counter: 3 out of 5
2024-08-25 14:08:09,242 - Epoch 43/100, Train Loss(MSE): 0.0408215817477968, Validation Loss(MSE): 0.05072746425867081
2024-08-25 14:08:09,242 - Validation loss decreased (0.051860 --> 0.050727).  Saving model ...
2024-08-25 14:08:09,462 - Epoch 44/100, Train Loss(MSE): 0.040451364343365034, Validation Loss(MSE): 0.052109431475400925
2024-08-25 14:08:09,462 - EarlyStopping counter: 1 out of 5
2024-08-25 14:08:09,700 - Epoch 45/100, Train Loss(MSE): 0.040021765335566464, Validation Loss(MSE): 0.05149985974033674
2024-08-25 14:08:09,701 - EarlyStopping counter: 2 out of 5
2024-08-25 14:08:09,938 - Epoch 46/100, Train Loss(MSE): 0.03960144027239747, Validation Loss(MSE): 0.051078676556547485
2024-08-25 14:08:09,939 - EarlyStopping counter: 3 out of 5
2024-08-25 14:08:10,178 - Epoch 47/100, Train Loss(MSE): 0.03944196175369952, Validation Loss(MSE): 0.05093852492670218
2024-08-25 14:08:10,178 - EarlyStopping counter: 4 out of 5
2024-08-25 14:08:10,415 - Epoch 48/100, Train Loss(MSE): 0.039015846989221045, Validation Loss(MSE): 0.05081308198471864
2024-08-25 14:08:10,415 - EarlyStopping counter: 5 out of 5
2024-08-25 14:08:10,415 - Early stopping
2024-08-25 14:08:10,424 - Test Loss(MSE): 0.06482157483696938
2024-08-25 14:08:10,426 - Model saved to D:\PythonProject\scorpioMock\MPDLinear\checkpoint\MPDLinear_20240825-140810_bs32_seq30_enc24_pred_len10_individualTrue_checkpoint.pth
2024-08-25 14:08:10,436 - Test Loss (Original Scale) MSE: 8.000365715293595
