2024-08-25 15:01:19,001 - Epoch 1/100, Train Loss(MSE): 0.8059112204445733, Validation Loss(MSE): 0.5989035467306772
2024-08-25 15:01:19,001 - Validation loss decreased for the first time. Saving model ...
2024-08-25 15:01:19,323 - Epoch 2/100, Train Loss(MSE): 0.5423819084962209, Validation Loss(MSE): 0.4197489768266678
2024-08-25 15:01:19,324 - Validation loss decreased (0.598904 --> 0.419749).  Saving model ...
2024-08-25 15:01:19,635 - Epoch 3/100, Train Loss(MSE): 0.379644521077474, Validation Loss(MSE): 0.3110053638617198
2024-08-25 15:01:19,635 - Validation loss decreased (0.419749 --> 0.311005).  Saving model ...
2024-08-25 15:01:19,951 - Epoch 4/100, Train Loss(MSE): 0.2800344228744507, Validation Loss(MSE): 0.24265374739964804
2024-08-25 15:01:19,951 - Validation loss decreased (0.311005 --> 0.242654).  Saving model ...
2024-08-25 15:01:20,247 - Epoch 5/100, Train Loss(MSE): 0.21784808999962277, Validation Loss(MSE): 0.19711067279179892
2024-08-25 15:01:20,247 - Validation loss decreased (0.242654 --> 0.197111).  Saving model ...
2024-08-25 15:01:20,547 - Epoch 6/100, Train Loss(MSE): 0.17763182603650624, Validation Loss(MSE): 0.1669764444231987
2024-08-25 15:01:20,548 - Validation loss decreased (0.197111 --> 0.166976).  Saving model ...
2024-08-25 15:01:20,858 - Epoch 7/100, Train Loss(MSE): 0.14952070497804218, Validation Loss(MSE): 0.14513556162516275
2024-08-25 15:01:20,859 - Validation loss decreased (0.166976 --> 0.145136).  Saving model ...
2024-08-25 15:01:21,164 - Epoch 8/100, Train Loss(MSE): 0.1303305010828707, Validation Loss(MSE): 0.12839736292759577
2024-08-25 15:01:21,165 - Validation loss decreased (0.145136 --> 0.128397).  Saving model ...
2024-08-25 15:01:21,469 - Epoch 9/100, Train Loss(MSE): 0.11621950318415959, Validation Loss(MSE): 0.115814920514822
2024-08-25 15:01:21,469 - Validation loss decreased (0.128397 --> 0.115815).  Saving model ...
2024-08-25 15:01:21,775 - Epoch 10/100, Train Loss(MSE): 0.10554969302482076, Validation Loss(MSE): 0.10589795311292012
2024-08-25 15:01:21,776 - Validation loss decreased (0.115815 --> 0.105898).  Saving model ...
2024-08-25 15:01:22,058 - Epoch 11/100, Train Loss(MSE): 0.09719870015978813, Validation Loss(MSE): 0.09781613325079282
2024-08-25 15:01:22,058 - Validation loss decreased (0.105898 --> 0.097816).  Saving model ...
2024-08-25 15:01:22,383 - Epoch 12/100, Train Loss(MSE): 0.09056808766391543, Validation Loss(MSE): 0.09146849190195401
2024-08-25 15:01:22,383 - Validation loss decreased (0.097816 --> 0.091468).  Saving model ...
2024-08-25 15:01:22,673 - Epoch 13/100, Train Loss(MSE): 0.08516066720088324, Validation Loss(MSE): 0.08625098255773385
2024-08-25 15:01:22,673 - Validation loss decreased (0.091468 --> 0.086251).  Saving model ...
2024-08-25 15:01:22,954 - Epoch 14/100, Train Loss(MSE): 0.0806911432908641, Validation Loss(MSE): 0.08212784056862195
2024-08-25 15:01:22,954 - Validation loss decreased (0.086251 --> 0.082128).  Saving model ...
2024-08-25 15:01:23,264 - Epoch 15/100, Train Loss(MSE): 0.07670199962125884, Validation Loss(MSE): 0.0775045845657587
2024-08-25 15:01:23,264 - Validation loss decreased (0.082128 --> 0.077505).  Saving model ...
2024-08-25 15:01:23,560 - Epoch 16/100, Train Loss(MSE): 0.0732814219676786, Validation Loss(MSE): 0.07530638885994752
2024-08-25 15:01:23,560 - Validation loss decreased (0.077505 --> 0.075306).  Saving model ...
2024-08-25 15:01:23,839 - Epoch 17/100, Train Loss(MSE): 0.07033518883917067, Validation Loss(MSE): 0.07238319205741088
2024-08-25 15:01:23,839 - Validation loss decreased (0.075306 --> 0.072383).  Saving model ...
2024-08-25 15:01:24,167 - Epoch 18/100, Train Loss(MSE): 0.06765669584274292, Validation Loss(MSE): 0.07039945696791013
2024-08-25 15:01:24,167 - Validation loss decreased (0.072383 --> 0.070399).  Saving model ...
2024-08-25 15:01:24,457 - Epoch 19/100, Train Loss(MSE): 0.06524132341146469, Validation Loss(MSE): 0.06827097324033578
2024-08-25 15:01:24,457 - Validation loss decreased (0.070399 --> 0.068271).  Saving model ...
2024-08-25 15:01:24,722 - Epoch 20/100, Train Loss(MSE): 0.06310635709928142, Validation Loss(MSE): 0.0666791560749213
2024-08-25 15:01:24,722 - Validation loss decreased (0.068271 --> 0.066679).  Saving model ...
2024-08-25 15:01:25,114 - Epoch 21/100, Train Loss(MSE): 0.06124094575643539, Validation Loss(MSE): 0.0642812376221021
2024-08-25 15:01:25,114 - Validation loss decreased (0.066679 --> 0.064281).  Saving model ...
2024-08-25 15:01:25,716 - Epoch 22/100, Train Loss(MSE): 0.059456660432948005, Validation Loss(MSE): 0.06354345381259918
2024-08-25 15:01:25,717 - Validation loss decreased (0.064281 --> 0.063543).  Saving model ...
2024-08-25 15:01:26,242 - Epoch 23/100, Train Loss(MSE): 0.05769799235794279, Validation Loss(MSE): 0.061293979485829674
2024-08-25 15:01:26,242 - Validation loss decreased (0.063543 --> 0.061294).  Saving model ...
2024-08-25 15:01:26,675 - Epoch 24/100, Train Loss(MSE): 0.056469263633092244, Validation Loss(MSE): 0.06119029720624288
2024-08-25 15:01:26,676 - Validation loss decreased (0.061294 --> 0.061190).  Saving model ...
2024-08-25 15:01:27,065 - Epoch 25/100, Train Loss(MSE): 0.05485654700961378, Validation Loss(MSE): 0.05918454130490621
2024-08-25 15:01:27,065 - Validation loss decreased (0.061190 --> 0.059185).  Saving model ...
2024-08-25 15:01:27,484 - Epoch 26/100, Train Loss(MSE): 0.05362694685657819, Validation Loss(MSE): 0.05910977410773436
2024-08-25 15:01:27,484 - Validation loss decreased (0.059185 --> 0.059110).  Saving model ...
2024-08-25 15:01:27,912 - Epoch 27/100, Train Loss(MSE): 0.05254811251329051, Validation Loss(MSE): 0.058213017880916595
2024-08-25 15:01:27,912 - Validation loss decreased (0.059110 --> 0.058213).  Saving model ...
2024-08-25 15:01:28,260 - Epoch 28/100, Train Loss(MSE): 0.051243644538852905, Validation Loss(MSE): 0.057491772497693695
2024-08-25 15:01:28,260 - Validation loss decreased (0.058213 --> 0.057492).  Saving model ...
2024-08-25 15:01:28,634 - Epoch 29/100, Train Loss(MSE): 0.05048782490193844, Validation Loss(MSE): 0.05647880397737026
2024-08-25 15:01:28,635 - Validation loss decreased (0.057492 --> 0.056479).  Saving model ...
2024-08-25 15:01:29,163 - Epoch 30/100, Train Loss(MSE): 0.049344859686162736, Validation Loss(MSE): 0.0562748077015082
2024-08-25 15:01:29,163 - Validation loss decreased (0.056479 --> 0.056275).  Saving model ...
2024-08-25 15:01:29,496 - Epoch 31/100, Train Loss(MSE): 0.048389536432094045, Validation Loss(MSE): 0.05566245193282763
2024-08-25 15:01:29,497 - Validation loss decreased (0.056275 --> 0.055662).  Saving model ...
2024-08-25 15:01:30,008 - Epoch 32/100, Train Loss(MSE): 0.047467132285237315, Validation Loss(MSE): 0.05523341211179892
2024-08-25 15:01:30,008 - Validation loss decreased (0.055662 --> 0.055233).  Saving model ...
2024-08-25 15:01:30,350 - Epoch 33/100, Train Loss(MSE): 0.04672201673189799, Validation Loss(MSE): 0.0548282265663147
2024-08-25 15:01:30,351 - Validation loss decreased (0.055233 --> 0.054828).  Saving model ...
2024-08-25 15:01:30,888 - Epoch 34/100, Train Loss(MSE): 0.04624429038829274, Validation Loss(MSE): 0.05463362236817678
2024-08-25 15:01:30,888 - Validation loss decreased (0.054828 --> 0.054634).  Saving model ...
2024-08-25 15:01:31,526 - Epoch 35/100, Train Loss(MSE): 0.04530686123503579, Validation Loss(MSE): 0.054676112408439316
2024-08-25 15:01:31,527 - EarlyStopping counter: 1 out of 5
2024-08-25 15:01:31,876 - Epoch 36/100, Train Loss(MSE): 0.0447022368096643, Validation Loss(MSE): 0.05352708883583546
2024-08-25 15:01:31,876 - Validation loss decreased (0.054634 --> 0.053527).  Saving model ...
2024-08-25 15:01:32,206 - Epoch 37/100, Train Loss(MSE): 0.04404740867515405, Validation Loss(MSE): 0.05335423660775026
2024-08-25 15:01:32,206 - Validation loss decreased (0.053527 --> 0.053354).  Saving model ...
2024-08-25 15:01:32,622 - Epoch 38/100, Train Loss(MSE): 0.043458287790417674, Validation Loss(MSE): 0.052891079957286515
2024-08-25 15:01:32,623 - Validation loss decreased (0.053354 --> 0.052891).  Saving model ...
2024-08-25 15:01:32,928 - Epoch 39/100, Train Loss(MSE): 0.042761589917871684, Validation Loss(MSE): 0.053305401156346
2024-08-25 15:01:32,928 - EarlyStopping counter: 1 out of 5
2024-08-25 15:01:33,245 - Epoch 40/100, Train Loss(MSE): 0.04232896674010489, Validation Loss(MSE): 0.053385340298215546
2024-08-25 15:01:33,245 - EarlyStopping counter: 2 out of 5
2024-08-25 15:01:33,691 - Epoch 41/100, Train Loss(MSE): 0.04182829637494352, Validation Loss(MSE): 0.05231626145541668
2024-08-25 15:01:33,691 - Validation loss decreased (0.052891 --> 0.052316).  Saving model ...
2024-08-25 15:01:33,985 - Epoch 42/100, Train Loss(MSE): 0.04137053353091081, Validation Loss(MSE): 0.05206587724387646
2024-08-25 15:01:33,986 - Validation loss decreased (0.052316 --> 0.052066).  Saving model ...
2024-08-25 15:01:34,528 - Epoch 43/100, Train Loss(MSE): 0.04084772856699096, Validation Loss(MSE): 0.05180015849570433
2024-08-25 15:01:34,528 - Validation loss decreased (0.052066 --> 0.051800).  Saving model ...
2024-08-25 15:01:34,826 - Epoch 44/100, Train Loss(MSE): 0.040426599772440064, Validation Loss(MSE): 0.053119812781612076
2024-08-25 15:01:34,826 - EarlyStopping counter: 1 out of 5
2024-08-25 15:01:35,154 - Epoch 45/100, Train Loss(MSE): 0.04015959261192216, Validation Loss(MSE): 0.05163790409763654
2024-08-25 15:01:35,154 - Validation loss decreased (0.051800 --> 0.051638).  Saving model ...
2024-08-25 15:01:35,441 - Epoch 46/100, Train Loss(MSE): 0.039762351454959974, Validation Loss(MSE): 0.05161918637653192
2024-08-25 15:01:35,441 - Validation loss decreased (0.051638 --> 0.051619).  Saving model ...
2024-08-25 15:01:35,743 - Epoch 47/100, Train Loss(MSE): 0.03945627568496598, Validation Loss(MSE): 0.052519200990597405
2024-08-25 15:01:35,743 - EarlyStopping counter: 1 out of 5
2024-08-25 15:01:36,176 - Epoch 48/100, Train Loss(MSE): 0.03890741645461983, Validation Loss(MSE): 0.05122478927175204
2024-08-25 15:01:36,176 - Validation loss decreased (0.051619 --> 0.051225).  Saving model ...
2024-08-25 15:01:36,507 - Epoch 49/100, Train Loss(MSE): 0.03867541588842869, Validation Loss(MSE): 0.051411695778369904
2024-08-25 15:01:36,507 - EarlyStopping counter: 1 out of 5
2024-08-25 15:01:36,950 - Epoch 50/100, Train Loss(MSE): 0.03833543703787857, Validation Loss(MSE): 0.051433999091386795
2024-08-25 15:01:36,950 - EarlyStopping counter: 2 out of 5
2024-08-25 15:01:37,325 - Epoch 51/100, Train Loss(MSE): 0.03799627059035831, Validation Loss(MSE): 0.052230297277371086
2024-08-25 15:01:37,325 - EarlyStopping counter: 3 out of 5
2024-08-25 15:01:37,619 - Epoch 52/100, Train Loss(MSE): 0.03776695099141863, Validation Loss(MSE): 0.05160357430577278
2024-08-25 15:01:37,620 - EarlyStopping counter: 4 out of 5
2024-08-25 15:01:37,927 - Epoch 53/100, Train Loss(MSE): 0.03750203483634525, Validation Loss(MSE): 0.05138004322846731
2024-08-25 15:01:37,928 - EarlyStopping counter: 5 out of 5
2024-08-25 15:01:37,928 - Early stopping
2024-08-25 15:01:37,947 - Test Loss(MSE): 0.06274532588819663
2024-08-25 15:01:37,959 - Model saved to D:\PythonProject\scorpioMock\MPDLinear\checkpoint\MPDLinear_20240825-150137_bs32_seq30_enc24_pred_len10_individualTrue_checkpoint.pth
