2024-08-24 22:11:33,259 - Epoch 1/100, Train Loss(MSE): 0.8129065778520372, Validation Loss(MSE): 0.609680970509847
2024-08-24 22:11:33,259 - Validation loss decreased for the first time. Saving model ...
2024-08-24 22:11:33,499 - Epoch 2/100, Train Loss(MSE): 0.5477556910779741, Validation Loss(MSE): 0.4271249721447627
2024-08-24 22:11:33,504 - Validation loss decreased (0.609681 --> 0.427125).  Saving model ...
2024-08-24 22:11:33,746 - Epoch 3/100, Train Loss(MSE): 0.3844713694519467, Validation Loss(MSE): 0.31495360533396405
2024-08-24 22:11:33,746 - Validation loss decreased (0.427125 --> 0.314954).  Saving model ...
2024-08-24 22:11:33,990 - Epoch 4/100, Train Loss(MSE): 0.2834449615743425, Validation Loss(MSE): 0.24394003798564276
2024-08-24 22:11:33,990 - Validation loss decreased (0.314954 --> 0.243940).  Saving model ...
2024-08-24 22:11:34,218 - Epoch 5/100, Train Loss(MSE): 0.2198467951681879, Validation Loss(MSE): 0.19891735911369324
2024-08-24 22:11:34,218 - Validation loss decreased (0.243940 --> 0.198917).  Saving model ...
2024-08-24 22:11:34,449 - Epoch 6/100, Train Loss(MSE): 0.17859523892402648, Validation Loss(MSE): 0.16794210548202196
2024-08-24 22:11:34,450 - Validation loss decreased (0.198917 --> 0.167942).  Saving model ...
2024-08-24 22:11:34,686 - Epoch 7/100, Train Loss(MSE): 0.15091498759057786, Validation Loss(MSE): 0.14566776032249132
2024-08-24 22:11:34,687 - Validation loss decreased (0.167942 --> 0.145668).  Saving model ...
2024-08-24 22:11:34,935 - Epoch 8/100, Train Loss(MSE): 0.13098718573649723, Validation Loss(MSE): 0.12814014653364816
2024-08-24 22:11:34,935 - Validation loss decreased (0.145668 --> 0.128140).  Saving model ...
2024-08-24 22:11:35,194 - Epoch 9/100, Train Loss(MSE): 0.11690773599677616, Validation Loss(MSE): 0.11541515092055003
2024-08-24 22:11:35,195 - Validation loss decreased (0.128140 --> 0.115415).  Saving model ...
2024-08-24 22:11:35,479 - Epoch 10/100, Train Loss(MSE): 0.10613564153512318, Validation Loss(MSE): 0.10585434858997662
2024-08-24 22:11:35,480 - Validation loss decreased (0.115415 --> 0.105854).  Saving model ...
2024-08-24 22:11:35,781 - Epoch 11/100, Train Loss(MSE): 0.09785391199919913, Validation Loss(MSE): 0.09758792445063591
2024-08-24 22:11:35,781 - Validation loss decreased (0.105854 --> 0.097588).  Saving model ...
2024-08-24 22:11:36,177 - Epoch 12/100, Train Loss(MSE): 0.09122689291834832, Validation Loss(MSE): 0.09142461108664672
2024-08-24 22:11:36,177 - Validation loss decreased (0.097588 --> 0.091425).  Saving model ...
2024-08-24 22:11:36,535 - Epoch 13/100, Train Loss(MSE): 0.08570666934053103, Validation Loss(MSE): 0.08584176935255527
2024-08-24 22:11:36,535 - Validation loss decreased (0.091425 --> 0.085842).  Saving model ...
2024-08-24 22:11:37,190 - Epoch 14/100, Train Loss(MSE): 0.08119419631030825, Validation Loss(MSE): 0.08153854807217915
2024-08-24 22:11:37,190 - Validation loss decreased (0.085842 --> 0.081539).  Saving model ...
2024-08-24 22:11:37,464 - Epoch 15/100, Train Loss(MSE): 0.07729390069014497, Validation Loss(MSE): 0.07772539431850116
2024-08-24 22:11:37,464 - Validation loss decreased (0.081539 --> 0.077725).  Saving model ...
2024-08-24 22:11:37,715 - Epoch 16/100, Train Loss(MSE): 0.07384202066395018, Validation Loss(MSE): 0.07510237333675225
2024-08-24 22:11:37,715 - Validation loss decreased (0.077725 --> 0.075102).  Saving model ...
2024-08-24 22:11:37,978 - Epoch 17/100, Train Loss(MSE): 0.07099949104918374, Validation Loss(MSE): 0.07231767413516839
2024-08-24 22:11:37,978 - Validation loss decreased (0.075102 --> 0.072318).  Saving model ...
2024-08-24 22:11:38,229 - Epoch 18/100, Train Loss(MSE): 0.06832263353798125, Validation Loss(MSE): 0.06953020766377449
2024-08-24 22:11:38,230 - Validation loss decreased (0.072318 --> 0.069530).  Saving model ...
2024-08-24 22:11:38,491 - Epoch 19/100, Train Loss(MSE): 0.06581744957301351, Validation Loss(MSE): 0.06774464560051759
2024-08-24 22:11:38,491 - Validation loss decreased (0.069530 --> 0.067745).  Saving model ...
2024-08-24 22:11:38,823 - Epoch 20/100, Train Loss(MSE): 0.06368284242020714, Validation Loss(MSE): 0.06610765866935253
2024-08-24 22:11:38,823 - Validation loss decreased (0.067745 --> 0.066108).  Saving model ...
2024-08-24 22:11:39,154 - Epoch 21/100, Train Loss(MSE): 0.06169490574134721, Validation Loss(MSE): 0.06469787160555522
2024-08-24 22:11:39,154 - Validation loss decreased (0.066108 --> 0.064698).  Saving model ...
2024-08-24 22:11:39,406 - Epoch 22/100, Train Loss(MSE): 0.05994794078999095, Validation Loss(MSE): 0.06267407660682996
2024-08-24 22:11:39,407 - Validation loss decreased (0.064698 --> 0.062674).  Saving model ...
2024-08-24 22:11:39,678 - Epoch 23/100, Train Loss(MSE): 0.05837545494238536, Validation Loss(MSE): 0.06170381481448809
2024-08-24 22:11:39,678 - Validation loss decreased (0.062674 --> 0.061704).  Saving model ...
2024-08-24 22:11:39,940 - Epoch 24/100, Train Loss(MSE): 0.05660262741148472, Validation Loss(MSE): 0.06136704795062542
2024-08-24 22:11:39,940 - Validation loss decreased (0.061704 --> 0.061367).  Saving model ...
2024-08-24 22:11:40,218 - Epoch 25/100, Train Loss(MSE): 0.055302664761741956, Validation Loss(MSE): 0.059539242958029114
2024-08-24 22:11:40,218 - Validation loss decreased (0.061367 --> 0.059539).  Saving model ...
2024-08-24 22:11:40,520 - Epoch 26/100, Train Loss(MSE): 0.05408026348385546, Validation Loss(MSE): 0.05916993816693624
2024-08-24 22:11:40,520 - Validation loss decreased (0.059539 --> 0.059170).  Saving model ...
2024-08-24 22:11:40,775 - Epoch 27/100, Train Loss(MSE): 0.052741034080584843, Validation Loss(MSE): 0.05862912784020106
2024-08-24 22:11:40,776 - Validation loss decreased (0.059170 --> 0.058629).  Saving model ...
2024-08-24 22:11:41,059 - Epoch 28/100, Train Loss(MSE): 0.05176155277424389, Validation Loss(MSE): 0.057483371968070664
2024-08-24 22:11:41,060 - Validation loss decreased (0.058629 --> 0.057483).  Saving model ...
2024-08-24 22:11:41,367 - Epoch 29/100, Train Loss(MSE): 0.050623398356967504, Validation Loss(MSE): 0.05690024917324384
2024-08-24 22:11:41,367 - Validation loss decreased (0.057483 --> 0.056900).  Saving model ...
2024-08-24 22:11:41,665 - Epoch 30/100, Train Loss(MSE): 0.049712127364344064, Validation Loss(MSE): 0.055944666266441345
2024-08-24 22:11:41,666 - Validation loss decreased (0.056900 --> 0.055945).  Saving model ...
2024-08-24 22:11:41,919 - Epoch 31/100, Train Loss(MSE): 0.04871403214832147, Validation Loss(MSE): 0.05554363876581192
2024-08-24 22:11:41,919 - Validation loss decreased (0.055945 --> 0.055544).  Saving model ...
2024-08-24 22:11:42,172 - Epoch 32/100, Train Loss(MSE): 0.047976975101563665, Validation Loss(MSE): 0.05545188362399737
2024-08-24 22:11:42,172 - Validation loss decreased (0.055544 --> 0.055452).  Saving model ...
2024-08-24 22:11:42,426 - Epoch 33/100, Train Loss(MSE): 0.04719362689389123, Validation Loss(MSE): 0.05494515411555767
2024-08-24 22:11:42,427 - Validation loss decreased (0.055452 --> 0.054945).  Saving model ...
2024-08-24 22:11:42,668 - Epoch 34/100, Train Loss(MSE): 0.04649813253846433, Validation Loss(MSE): 0.05421390819052855
2024-08-24 22:11:42,668 - Validation loss decreased (0.054945 --> 0.054214).  Saving model ...
2024-08-24 22:11:42,932 - Epoch 35/100, Train Loss(MSE): 0.04569650462104215, Validation Loss(MSE): 0.05367113774021467
2024-08-24 22:11:42,932 - Validation loss decreased (0.054214 --> 0.053671).  Saving model ...
2024-08-24 22:11:43,172 - Epoch 36/100, Train Loss(MSE): 0.04503053546779685, Validation Loss(MSE): 0.053413087502121925
2024-08-24 22:11:43,172 - Validation loss decreased (0.053671 --> 0.053413).  Saving model ...
2024-08-24 22:11:43,490 - Epoch 37/100, Train Loss(MSE): 0.04427602311803235, Validation Loss(MSE): 0.05353656349082788
2024-08-24 22:11:43,491 - EarlyStopping counter: 1 out of 5
2024-08-24 22:11:43,750 - Epoch 38/100, Train Loss(MSE): 0.043668617804845176, Validation Loss(MSE): 0.052668015783031784
2024-08-24 22:11:43,750 - Validation loss decreased (0.053413 --> 0.052668).  Saving model ...
2024-08-24 22:11:44,044 - Epoch 39/100, Train Loss(MSE): 0.043114294070336553, Validation Loss(MSE): 0.0529368861267964
2024-08-24 22:11:44,045 - EarlyStopping counter: 1 out of 5
2024-08-24 22:11:44,374 - Epoch 40/100, Train Loss(MSE): 0.04260506700310442, Validation Loss(MSE): 0.05226171761751175
2024-08-24 22:11:44,374 - Validation loss decreased (0.052668 --> 0.052262).  Saving model ...
2024-08-24 22:11:44,662 - Epoch 41/100, Train Loss(MSE): 0.04214933249685499, Validation Loss(MSE): 0.05271339789032936
2024-08-24 22:11:44,663 - EarlyStopping counter: 1 out of 5
2024-08-24 22:11:44,912 - Epoch 42/100, Train Loss(MSE): 0.04156458340585232, Validation Loss(MSE): 0.05237424187362194
2024-08-24 22:11:44,912 - EarlyStopping counter: 2 out of 5
2024-08-24 22:11:45,182 - Epoch 43/100, Train Loss(MSE): 0.04117588185601764, Validation Loss(MSE): 0.051901147390405335
2024-08-24 22:11:45,183 - Validation loss decreased (0.052262 --> 0.051901).  Saving model ...
2024-08-24 22:11:45,466 - Epoch 44/100, Train Loss(MSE): 0.04076148437129127, Validation Loss(MSE): 0.051903342828154564
2024-08-24 22:11:45,467 - EarlyStopping counter: 1 out of 5
2024-08-24 22:11:45,794 - Epoch 45/100, Train Loss(MSE): 0.04028813615441322, Validation Loss(MSE): 0.05212311384578546
2024-08-24 22:11:45,795 - EarlyStopping counter: 2 out of 5
2024-08-24 22:11:46,101 - Epoch 46/100, Train Loss(MSE): 0.0400405698766311, Validation Loss(MSE): 0.05161013392110666
2024-08-24 22:11:46,101 - Validation loss decreased (0.051901 --> 0.051610).  Saving model ...
2024-08-24 22:11:46,323 - Epoch 47/100, Train Loss(MSE): 0.039449099803136455, Validation Loss(MSE): 0.05231144341329733
2024-08-24 22:11:46,323 - EarlyStopping counter: 1 out of 5
2024-08-24 22:11:46,627 - Epoch 48/100, Train Loss(MSE): 0.039177020515004796, Validation Loss(MSE): 0.051466197396318115
2024-08-24 22:11:46,627 - Validation loss decreased (0.051610 --> 0.051466).  Saving model ...
2024-08-24 22:11:46,945 - Epoch 49/100, Train Loss(MSE): 0.03878636413978206, Validation Loss(MSE): 0.051652317866683006
2024-08-24 22:11:46,945 - EarlyStopping counter: 1 out of 5
2024-08-24 22:11:47,272 - Epoch 50/100, Train Loss(MSE): 0.038426898502641256, Validation Loss(MSE): 0.05161315264801184
2024-08-24 22:11:47,273 - EarlyStopping counter: 2 out of 5
2024-08-24 22:11:47,608 - Epoch 51/100, Train Loss(MSE): 0.03810882005426619, Validation Loss(MSE): 0.0515252153078715
2024-08-24 22:11:47,608 - EarlyStopping counter: 3 out of 5
2024-08-24 22:11:47,834 - Epoch 52/100, Train Loss(MSE): 0.03783365674316883, Validation Loss(MSE): 0.0513907540589571
2024-08-24 22:11:47,835 - Validation loss decreased (0.051466 --> 0.051391).  Saving model ...
2024-08-24 22:11:48,181 - Epoch 53/100, Train Loss(MSE): 0.03767343031035529, Validation Loss(MSE): 0.051383791491389275
2024-08-24 22:11:48,182 - EarlyStopping counter: 1 out of 5
2024-08-24 22:11:48,444 - Epoch 54/100, Train Loss(MSE): 0.03724981060044633, Validation Loss(MSE): 0.051038061579068504
2024-08-24 22:11:48,444 - Validation loss decreased (0.051391 --> 0.051038).  Saving model ...
2024-08-24 22:11:48,757 - Epoch 55/100, Train Loss(MSE): 0.03702942004634274, Validation Loss(MSE): 0.05134713836014271
2024-08-24 22:11:48,757 - EarlyStopping counter: 1 out of 5
2024-08-24 22:11:49,066 - Epoch 56/100, Train Loss(MSE): 0.03684272968934642, Validation Loss(MSE): 0.0511347179611524
2024-08-24 22:11:49,066 - EarlyStopping counter: 2 out of 5
2024-08-24 22:11:49,393 - Epoch 57/100, Train Loss(MSE): 0.036651361775067115, Validation Loss(MSE): 0.05146354871491591
2024-08-24 22:11:49,393 - EarlyStopping counter: 3 out of 5
2024-08-24 22:11:49,753 - Epoch 58/100, Train Loss(MSE): 0.036322712525725366, Validation Loss(MSE): 0.051400368412335716
2024-08-24 22:11:49,753 - EarlyStopping counter: 4 out of 5
2024-08-24 22:11:50,010 - Epoch 59/100, Train Loss(MSE): 0.03605856953395738, Validation Loss(MSE): 0.051663756370544434
2024-08-24 22:11:50,010 - EarlyStopping counter: 5 out of 5
2024-08-24 22:11:50,010 - Early stopping
2024-08-24 22:11:50,019 - Test Loss(MSE): 0.06285455264151096
2024-08-24 22:11:50,027 - Model saved to D:\PythonProject\scorpioMock\MPDLinear\checkpoint\MPDLinear_20240824-221150_bs32_seq30_enc24_pred_len10_individualTrue_checkpoint.pth
2024-08-24 22:11:50,034 - Test Loss (Original Scale) MSE: 7.778441345451205
