2024-08-26 22:08:01,609 - Epoch 1/100, Train Loss(MSE): 0.6915567292107476, Validation Loss(MSE): 0.4154651127755642
2024-08-26 22:08:01,609 - Validation loss decreased for the first time. Saving model ...
2024-08-26 22:08:02,032 - Epoch 2/100, Train Loss(MSE): 0.3489468227658007, Validation Loss(MSE): 0.2440847276399533
2024-08-26 22:08:02,032 - Validation loss decreased (0.415465 --> 0.244085).  Saving model ...
2024-08-26 22:08:02,489 - Epoch 3/100, Train Loss(MSE): 0.2114453625347879, Validation Loss(MSE): 0.16864393278956413
2024-08-26 22:08:02,489 - Validation loss decreased (0.244085 --> 0.168644).  Saving model ...
2024-08-26 22:08:02,904 - Epoch 4/100, Train Loss(MSE): 0.14923733154104815, Validation Loss(MSE): 0.13167238235473633
2024-08-26 22:08:02,904 - Validation loss decreased (0.168644 --> 0.131672).  Saving model ...
2024-08-26 22:08:03,330 - Epoch 5/100, Train Loss(MSE): 0.11794798597693443, Validation Loss(MSE): 0.1087515236188968
2024-08-26 22:08:03,330 - Validation loss decreased (0.131672 --> 0.108752).  Saving model ...
2024-08-26 22:08:03,767 - Epoch 6/100, Train Loss(MSE): 0.1003376752552059, Validation Loss(MSE): 0.09380422967175643
2024-08-26 22:08:03,767 - Validation loss decreased (0.108752 --> 0.093804).  Saving model ...
2024-08-26 22:08:04,218 - Epoch 7/100, Train Loss(MSE): 0.0883825406846073, Validation Loss(MSE): 0.08392697541664045
2024-08-26 22:08:04,218 - Validation loss decreased (0.093804 --> 0.083927).  Saving model ...
2024-08-26 22:08:04,661 - Epoch 8/100, Train Loss(MSE): 0.07981298607256677, Validation Loss(MSE): 0.07630939657489459
2024-08-26 22:08:04,661 - Validation loss decreased (0.083927 --> 0.076309).  Saving model ...
2024-08-26 22:08:05,107 - Epoch 9/100, Train Loss(MSE): 0.07366439629760053, Validation Loss(MSE): 0.07065539465596278
2024-08-26 22:08:05,107 - Validation loss decreased (0.076309 --> 0.070655).  Saving model ...
2024-08-26 22:08:05,525 - Epoch 10/100, Train Loss(MSE): 0.06854292406804031, Validation Loss(MSE): 0.0658791996538639
2024-08-26 22:08:05,525 - Validation loss decreased (0.070655 --> 0.065879).  Saving model ...
2024-08-26 22:08:06,010 - Epoch 11/100, Train Loss(MSE): 0.06446140170511272, Validation Loss(MSE): 0.0625808307280143
2024-08-26 22:08:06,011 - Validation loss decreased (0.065879 --> 0.062581).  Saving model ...
2024-08-26 22:08:06,449 - Epoch 12/100, Train Loss(MSE): 0.06114450492378738, Validation Loss(MSE): 0.05999963047603766
2024-08-26 22:08:06,449 - Validation loss decreased (0.062581 --> 0.060000).  Saving model ...
2024-08-26 22:08:06,887 - Epoch 13/100, Train Loss(MSE): 0.058032815241151385, Validation Loss(MSE): 0.058435285153488316
2024-08-26 22:08:06,887 - Validation loss decreased (0.060000 --> 0.058435).  Saving model ...
2024-08-26 22:08:07,304 - Epoch 14/100, Train Loss(MSE): 0.05571969571626849, Validation Loss(MSE): 0.05614705290645361
2024-08-26 22:08:07,304 - Validation loss decreased (0.058435 --> 0.056147).  Saving model ...
2024-08-26 22:08:07,730 - Epoch 15/100, Train Loss(MSE): 0.05333167366269562, Validation Loss(MSE): 0.055514043352256216
2024-08-26 22:08:07,730 - Validation loss decreased (0.056147 --> 0.055514).  Saving model ...
2024-08-26 22:08:08,156 - Epoch 16/100, Train Loss(MSE): 0.05149255804717541, Validation Loss(MSE): 0.053892997248719134
2024-08-26 22:08:08,156 - Validation loss decreased (0.055514 --> 0.053893).  Saving model ...
2024-08-26 22:08:08,568 - Epoch 17/100, Train Loss(MSE): 0.04976584983782636, Validation Loss(MSE): 0.05240876289705435
2024-08-26 22:08:08,568 - Validation loss decreased (0.053893 --> 0.052409).  Saving model ...
2024-08-26 22:08:09,007 - Epoch 18/100, Train Loss(MSE): 0.048286055028438565, Validation Loss(MSE): 0.051775943177441754
2024-08-26 22:08:09,007 - Validation loss decreased (0.052409 --> 0.051776).  Saving model ...
2024-08-26 22:08:09,443 - Epoch 19/100, Train Loss(MSE): 0.04675655394999517, Validation Loss(MSE): 0.05088490915174285
2024-08-26 22:08:09,444 - Validation loss decreased (0.051776 --> 0.050885).  Saving model ...
2024-08-26 22:08:09,899 - Epoch 20/100, Train Loss(MSE): 0.04556263032265835, Validation Loss(MSE): 0.05043587647378445
2024-08-26 22:08:09,899 - Validation loss decreased (0.050885 --> 0.050436).  Saving model ...
2024-08-26 22:08:10,335 - Epoch 21/100, Train Loss(MSE): 0.04441669621608323, Validation Loss(MSE): 0.049708391850193344
2024-08-26 22:08:10,335 - Validation loss decreased (0.050436 --> 0.049708).  Saving model ...
2024-08-26 22:08:10,771 - Epoch 22/100, Train Loss(MSE): 0.043558218661281796, Validation Loss(MSE): 0.05006714165210724
2024-08-26 22:08:10,771 - EarlyStopping counter: 1 out of 5
2024-08-26 22:08:11,193 - Epoch 23/100, Train Loss(MSE): 0.04252977265665928, Validation Loss(MSE): 0.0495139731404682
2024-08-26 22:08:11,193 - Validation loss decreased (0.049708 --> 0.049514).  Saving model ...
2024-08-26 22:08:11,651 - Epoch 24/100, Train Loss(MSE): 0.04168652154298292, Validation Loss(MSE): 0.049088908514628805
2024-08-26 22:08:11,651 - Validation loss decreased (0.049514 --> 0.049089).  Saving model ...
2024-08-26 22:08:12,090 - Epoch 25/100, Train Loss(MSE): 0.04083601131828295, Validation Loss(MSE): 0.049550035347541176
2024-08-26 22:08:12,090 - EarlyStopping counter: 1 out of 5
2024-08-26 22:08:12,539 - Epoch 26/100, Train Loss(MSE): 0.04024049954281913, Validation Loss(MSE): 0.04909310365716616
2024-08-26 22:08:12,540 - EarlyStopping counter: 2 out of 5
2024-08-26 22:08:12,957 - Epoch 27/100, Train Loss(MSE): 0.03968594108397762, Validation Loss(MSE): 0.04917546392728885
2024-08-26 22:08:12,958 - EarlyStopping counter: 3 out of 5
2024-08-26 22:08:13,365 - Epoch 28/100, Train Loss(MSE): 0.03908539434067077, Validation Loss(MSE): 0.04824039371063312
2024-08-26 22:08:13,365 - Validation loss decreased (0.049089 --> 0.048240).  Saving model ...
2024-08-26 22:08:13,817 - Epoch 29/100, Train Loss(MSE): 0.038640907624115546, Validation Loss(MSE): 0.048359043430536985
2024-08-26 22:08:13,818 - EarlyStopping counter: 1 out of 5
2024-08-26 22:08:14,283 - Epoch 30/100, Train Loss(MSE): 0.038107252079579566, Validation Loss(MSE): 0.04894621282195052
2024-08-26 22:08:14,283 - EarlyStopping counter: 2 out of 5
2024-08-26 22:08:14,728 - Epoch 31/100, Train Loss(MSE): 0.037592918549974756, Validation Loss(MSE): 0.048474873416125774
2024-08-26 22:08:14,728 - EarlyStopping counter: 3 out of 5
2024-08-26 22:08:15,177 - Epoch 32/100, Train Loss(MSE): 0.03719595440973838, Validation Loss(MSE): 0.04905005358159542
2024-08-26 22:08:15,177 - EarlyStopping counter: 4 out of 5
2024-08-26 22:08:15,632 - Epoch 33/100, Train Loss(MSE): 0.03675468321889639, Validation Loss(MSE): 0.05052355273316304
2024-08-26 22:08:15,632 - EarlyStopping counter: 5 out of 5
2024-08-26 22:08:15,632 - Early stopping
2024-08-26 22:08:15,632 - —µ¡∑ 33 ¥Œepoch£¨—µ¡∑ ±≥§: 14.51828384399414 √Î
2024-08-26 22:08:15,648 - Test Loss(MSE): 0.05677600592995683
2024-08-26 22:08:15,652 - Model saved to D:\PythonProject\scorpioMock\MPDLinear\checkpoint\MPDLinear_20240826-220815_bs16_seq30_enc24_pred_len30_individualTrue_checkpoint.pth
2024-08-26 22:08:15,664 - Test Loss (Original Scale) MSE: 7.358765938933758
