2024-08-26 20:48:08,946 - Epoch 1/100, Train Loss(MSE): 1.1132202135337579, Validation Loss(MSE): 0.8860694567362467
2024-08-26 20:48:08,948 - Validation loss decreased for the first time. Saving model ...
2024-08-26 20:48:09,313 - Epoch 2/100, Train Loss(MSE): 0.9461412921056642, Validation Loss(MSE): 0.7546665519475937
2024-08-26 20:48:09,317 - Validation loss decreased (0.886069 --> 0.754667).  Saving model ...
2024-08-26 20:48:09,716 - Epoch 3/100, Train Loss(MSE): 0.8199889017985418, Validation Loss(MSE): 0.6556792755921682
2024-08-26 20:48:09,716 - Validation loss decreased (0.754667 --> 0.655679).  Saving model ...
2024-08-26 20:48:10,108 - Epoch 4/100, Train Loss(MSE): 0.7188731723434323, Validation Loss(MSE): 0.5762889161705971
2024-08-26 20:48:10,108 - Validation loss decreased (0.655679 --> 0.576289).  Saving model ...
2024-08-26 20:48:10,487 - Epoch 5/100, Train Loss(MSE): 0.6391651912049933, Validation Loss(MSE): 0.5113595426082611
2024-08-26 20:48:10,487 - Validation loss decreased (0.576289 --> 0.511360).  Saving model ...
2024-08-26 20:48:10,930 - Epoch 6/100, Train Loss(MSE): 0.5731637245351142, Validation Loss(MSE): 0.45939935247103375
2024-08-26 20:48:10,930 - Validation loss decreased (0.511360 --> 0.459399).  Saving model ...
2024-08-26 20:48:11,541 - Epoch 7/100, Train Loss(MSE): 0.5182085567778283, Validation Loss(MSE): 0.4137902557849884
2024-08-26 20:48:11,541 - Validation loss decreased (0.459399 --> 0.413790).  Saving model ...
2024-08-26 20:48:12,166 - Epoch 8/100, Train Loss(MSE): 0.4714495364453766, Validation Loss(MSE): 0.37532703081766766
2024-08-26 20:48:12,166 - Validation loss decreased (0.413790 --> 0.375327).  Saving model ...
2024-08-26 20:48:12,859 - Epoch 9/100, Train Loss(MSE): 0.430953622846813, Validation Loss(MSE): 0.34213268756866455
2024-08-26 20:48:12,860 - Validation loss decreased (0.375327 --> 0.342133).  Saving model ...
2024-08-26 20:48:13,237 - Epoch 10/100, Train Loss(MSE): 0.39553424896119715, Validation Loss(MSE): 0.3130485775570075
2024-08-26 20:48:13,237 - Validation loss decreased (0.342133 --> 0.313049).  Saving model ...
2024-08-26 20:48:13,618 - Epoch 11/100, Train Loss(MSE): 0.3646480622854862, Validation Loss(MSE): 0.28775274381041527
2024-08-26 20:48:13,618 - Validation loss decreased (0.313049 --> 0.287753).  Saving model ...
2024-08-26 20:48:14,115 - Epoch 12/100, Train Loss(MSE): 0.3372221168253448, Validation Loss(MSE): 0.26530687510967255
2024-08-26 20:48:14,116 - Validation loss decreased (0.287753 --> 0.265307).  Saving model ...
2024-08-26 20:48:14,542 - Epoch 13/100, Train Loss(MSE): 0.31328305037139537, Validation Loss(MSE): 0.24618908017873764
2024-08-26 20:48:14,542 - Validation loss decreased (0.265307 --> 0.246189).  Saving model ...
2024-08-26 20:48:14,941 - Epoch 14/100, Train Loss(MSE): 0.2917994964908768, Validation Loss(MSE): 0.2298042985300223
2024-08-26 20:48:14,941 - Validation loss decreased (0.246189 --> 0.229804).  Saving model ...
2024-08-26 20:48:15,446 - Epoch 15/100, Train Loss(MSE): 0.2727996946036161, Validation Loss(MSE): 0.21520457975566387
2024-08-26 20:48:15,446 - Validation loss decreased (0.229804 --> 0.215205).  Saving model ...
2024-08-26 20:48:15,859 - Epoch 16/100, Train Loss(MSE): 0.2560055238696245, Validation Loss(MSE): 0.2027216044565042
2024-08-26 20:48:15,860 - Validation loss decreased (0.215205 --> 0.202722).  Saving model ...
2024-08-26 20:48:16,237 - Epoch 17/100, Train Loss(MSE): 0.2410077487046902, Validation Loss(MSE): 0.1923323137064775
2024-08-26 20:48:16,237 - Validation loss decreased (0.202722 --> 0.192332).  Saving model ...
2024-08-26 20:48:16,591 - Epoch 18/100, Train Loss(MSE): 0.22791334765625523, Validation Loss(MSE): 0.18290193565189838
2024-08-26 20:48:16,591 - Validation loss decreased (0.192332 --> 0.182902).  Saving model ...
2024-08-26 20:48:16,977 - Epoch 19/100, Train Loss(MSE): 0.2157432531917488, Validation Loss(MSE): 0.17467494184772173
2024-08-26 20:48:16,977 - Validation loss decreased (0.182902 --> 0.174675).  Saving model ...
2024-08-26 20:48:17,334 - Epoch 20/100, Train Loss(MSE): 0.20510929839296654, Validation Loss(MSE): 0.16777575016021729
2024-08-26 20:48:17,334 - Validation loss decreased (0.174675 --> 0.167776).  Saving model ...
2024-08-26 20:48:17,725 - Epoch 21/100, Train Loss(MSE): 0.1953398924279999, Validation Loss(MSE): 0.16219167535503706
2024-08-26 20:48:17,726 - Validation loss decreased (0.167776 --> 0.162192).  Saving model ...
2024-08-26 20:48:18,100 - Epoch 22/100, Train Loss(MSE): 0.18670490408664223, Validation Loss(MSE): 0.15674402005970478
2024-08-26 20:48:18,101 - Validation loss decreased (0.162192 --> 0.156744).  Saving model ...
2024-08-26 20:48:18,450 - Epoch 23/100, Train Loss(MSE): 0.17894033580035953, Validation Loss(MSE): 0.15256769955158234
2024-08-26 20:48:18,450 - Validation loss decreased (0.156744 --> 0.152568).  Saving model ...
2024-08-26 20:48:18,813 - Epoch 24/100, Train Loss(MSE): 0.17178423518499175, Validation Loss(MSE): 0.148946238681674
2024-08-26 20:48:18,814 - Validation loss decreased (0.152568 --> 0.148946).  Saving model ...
2024-08-26 20:48:19,192 - Epoch 25/100, Train Loss(MSE): 0.16546475756299364, Validation Loss(MSE): 0.14562835730612278
2024-08-26 20:48:19,192 - Validation loss decreased (0.148946 --> 0.145628).  Saving model ...
2024-08-26 20:48:19,577 - Epoch 26/100, Train Loss(MSE): 0.15928509815053626, Validation Loss(MSE): 0.14227037752668062
2024-08-26 20:48:19,577 - Validation loss decreased (0.145628 --> 0.142270).  Saving model ...
2024-08-26 20:48:19,975 - Epoch 27/100, Train Loss(MSE): 0.1536253455739755, Validation Loss(MSE): 0.13996327482163906
2024-08-26 20:48:19,975 - Validation loss decreased (0.142270 --> 0.139963).  Saving model ...
2024-08-26 20:48:20,352 - Epoch 28/100, Train Loss(MSE): 0.14885313047485038, Validation Loss(MSE): 0.13776610729595026
2024-08-26 20:48:20,352 - Validation loss decreased (0.139963 --> 0.137766).  Saving model ...
2024-08-26 20:48:20,720 - Epoch 29/100, Train Loss(MSE): 0.14405692802680717, Validation Loss(MSE): 0.13562635891139507
2024-08-26 20:48:20,720 - Validation loss decreased (0.137766 --> 0.135626).  Saving model ...
2024-08-26 20:48:21,102 - Epoch 30/100, Train Loss(MSE): 0.13977765070868062, Validation Loss(MSE): 0.13377722290654978
2024-08-26 20:48:21,102 - Validation loss decreased (0.135626 --> 0.133777).  Saving model ...
2024-08-26 20:48:21,457 - Epoch 31/100, Train Loss(MSE): 0.13568993751983066, Validation Loss(MSE): 0.13171715258310238
2024-08-26 20:48:21,457 - Validation loss decreased (0.133777 --> 0.131717).  Saving model ...
2024-08-26 20:48:21,811 - Epoch 32/100, Train Loss(MSE): 0.13219819496293644, Validation Loss(MSE): 0.13096927540997663
2024-08-26 20:48:21,811 - Validation loss decreased (0.131717 --> 0.130969).  Saving model ...
2024-08-26 20:48:22,185 - Epoch 33/100, Train Loss(MSE): 0.12894406443932555, Validation Loss(MSE): 0.1294305802633365
2024-08-26 20:48:22,185 - Validation loss decreased (0.130969 --> 0.129431).  Saving model ...
2024-08-26 20:48:22,555 - Epoch 34/100, Train Loss(MSE): 0.12544528497280655, Validation Loss(MSE): 0.1276060457651814
2024-08-26 20:48:22,555 - Validation loss decreased (0.129431 --> 0.127606).  Saving model ...
2024-08-26 20:48:22,958 - Epoch 35/100, Train Loss(MSE): 0.12265216460922262, Validation Loss(MSE): 0.12615293667962155
2024-08-26 20:48:22,958 - Validation loss decreased (0.127606 --> 0.126153).  Saving model ...
2024-08-26 20:48:23,342 - Epoch 36/100, Train Loss(MSE): 0.11977885290980339, Validation Loss(MSE): 0.12455927704771359
2024-08-26 20:48:23,342 - Validation loss decreased (0.126153 --> 0.124559).  Saving model ...
2024-08-26 20:48:23,722 - Epoch 37/100, Train Loss(MSE): 0.11712050896424514, Validation Loss(MSE): 0.12362684030085802
2024-08-26 20:48:23,722 - Validation loss decreased (0.124559 --> 0.123627).  Saving model ...
2024-08-26 20:48:24,097 - Epoch 38/100, Train Loss(MSE): 0.11453750754123206, Validation Loss(MSE): 0.12246211928625901
2024-08-26 20:48:24,097 - Validation loss decreased (0.123627 --> 0.122462).  Saving model ...
2024-08-26 20:48:24,464 - Epoch 39/100, Train Loss(MSE): 0.1122093834392317, Validation Loss(MSE): 0.1215532658000787
2024-08-26 20:48:24,465 - Validation loss decreased (0.122462 --> 0.121553).  Saving model ...
2024-08-26 20:48:24,814 - Epoch 40/100, Train Loss(MSE): 0.11008683403769692, Validation Loss(MSE): 0.12086918577551842
2024-08-26 20:48:24,814 - Validation loss decreased (0.121553 --> 0.120869).  Saving model ...
2024-08-26 20:48:25,176 - Epoch 41/100, Train Loss(MSE): 0.1083168665786366, Validation Loss(MSE): 0.12005047469089429
2024-08-26 20:48:25,176 - Validation loss decreased (0.120869 --> 0.120050).  Saving model ...
2024-08-26 20:48:25,530 - Epoch 42/100, Train Loss(MSE): 0.10628249095036434, Validation Loss(MSE): 0.11915863212198019
2024-08-26 20:48:25,530 - Validation loss decreased (0.120050 --> 0.119159).  Saving model ...
2024-08-26 20:48:25,905 - Epoch 43/100, Train Loss(MSE): 0.1044108805011262, Validation Loss(MSE): 0.11853599734604359
2024-08-26 20:48:25,905 - Validation loss decreased (0.119159 --> 0.118536).  Saving model ...
2024-08-26 20:48:26,303 - Epoch 44/100, Train Loss(MSE): 0.10314400195256694, Validation Loss(MSE): 0.11735167757918437
2024-08-26 20:48:26,303 - Validation loss decreased (0.118536 --> 0.117352).  Saving model ...
2024-08-26 20:48:26,692 - Epoch 45/100, Train Loss(MSE): 0.10135399820385399, Validation Loss(MSE): 0.11729102147122224
2024-08-26 20:48:26,692 - Validation loss decreased (0.117352 --> 0.117291).  Saving model ...
2024-08-26 20:48:27,087 - Epoch 46/100, Train Loss(MSE): 0.09980921238497063, Validation Loss(MSE): 0.11615016466627519
2024-08-26 20:48:27,088 - Validation loss decreased (0.117291 --> 0.116150).  Saving model ...
2024-08-26 20:48:27,460 - Epoch 47/100, Train Loss(MSE): 0.09851093659852887, Validation Loss(MSE): 0.11492849482844274
2024-08-26 20:48:27,460 - Validation loss decreased (0.116150 --> 0.114928).  Saving model ...
2024-08-26 20:48:27,846 - Epoch 48/100, Train Loss(MSE): 0.0973766749049281, Validation Loss(MSE): 0.11450926773250103
2024-08-26 20:48:27,847 - Validation loss decreased (0.114928 --> 0.114509).  Saving model ...
2024-08-26 20:48:28,218 - Epoch 49/100, Train Loss(MSE): 0.09607557575781267, Validation Loss(MSE): 0.11512938762704532
2024-08-26 20:48:28,219 - EarlyStopping counter: 1 out of 5
2024-08-26 20:48:28,588 - Epoch 50/100, Train Loss(MSE): 0.09499222756578372, Validation Loss(MSE): 0.11392791662365198
2024-08-26 20:48:28,588 - Validation loss decreased (0.114509 --> 0.113928).  Saving model ...
2024-08-26 20:48:28,960 - Epoch 51/100, Train Loss(MSE): 0.09391535163580716, Validation Loss(MSE): 0.11364880483597517
2024-08-26 20:48:28,960 - Validation loss decreased (0.113928 --> 0.113649).  Saving model ...
2024-08-26 20:48:29,339 - Epoch 52/100, Train Loss(MSE): 0.09305498356020057, Validation Loss(MSE): 0.11334236711263657
2024-08-26 20:48:29,339 - Validation loss decreased (0.113649 --> 0.113342).  Saving model ...
2024-08-26 20:48:29,723 - Epoch 53/100, Train Loss(MSE): 0.09226635935624222, Validation Loss(MSE): 0.11160973645746708
2024-08-26 20:48:29,724 - Validation loss decreased (0.113342 --> 0.111610).  Saving model ...
2024-08-26 20:48:30,077 - Epoch 54/100, Train Loss(MSE): 0.0912111423254668, Validation Loss(MSE): 0.11173878299693267
2024-08-26 20:48:30,077 - EarlyStopping counter: 1 out of 5
2024-08-26 20:48:30,429 - Epoch 55/100, Train Loss(MSE): 0.09037219657265878, Validation Loss(MSE): 0.11127639375627041
2024-08-26 20:48:30,429 - Validation loss decreased (0.111610 --> 0.111276).  Saving model ...
2024-08-26 20:48:30,806 - Epoch 56/100, Train Loss(MSE): 0.08979177255961267, Validation Loss(MSE): 0.11077742713193099
2024-08-26 20:48:30,806 - Validation loss decreased (0.111276 --> 0.110777).  Saving model ...
2024-08-26 20:48:31,193 - Epoch 57/100, Train Loss(MSE): 0.08901415378428422, Validation Loss(MSE): 0.11049596033990383
2024-08-26 20:48:31,193 - Validation loss decreased (0.110777 --> 0.110496).  Saving model ...
2024-08-26 20:48:31,570 - Epoch 58/100, Train Loss(MSE): 0.08848886429281025, Validation Loss(MSE): 0.11007645136366288
2024-08-26 20:48:31,570 - Validation loss decreased (0.110496 --> 0.110076).  Saving model ...
2024-08-26 20:48:31,954 - Epoch 59/100, Train Loss(MSE): 0.08778951237244266, Validation Loss(MSE): 0.10926896799355745
2024-08-26 20:48:31,954 - Validation loss decreased (0.110076 --> 0.109269).  Saving model ...
2024-08-26 20:48:32,320 - Epoch 60/100, Train Loss(MSE): 0.08723918119302163, Validation Loss(MSE): 0.10941599495708942
2024-08-26 20:48:32,320 - EarlyStopping counter: 1 out of 5
2024-08-26 20:48:32,721 - Epoch 61/100, Train Loss(MSE): 0.08674973712026418, Validation Loss(MSE): 0.10954283395161231
2024-08-26 20:48:32,721 - EarlyStopping counter: 2 out of 5
2024-08-26 20:48:33,090 - Epoch 62/100, Train Loss(MSE): 0.0862738202725138, Validation Loss(MSE): 0.10829662873099248
2024-08-26 20:48:33,090 - Validation loss decreased (0.109269 --> 0.108297).  Saving model ...
2024-08-26 20:48:33,447 - Epoch 63/100, Train Loss(MSE): 0.08582012373749372, Validation Loss(MSE): 0.10807299644996722
2024-08-26 20:48:33,447 - Validation loss decreased (0.108297 --> 0.108073).  Saving model ...
2024-08-26 20:48:33,811 - Epoch 64/100, Train Loss(MSE): 0.08536751580598591, Validation Loss(MSE): 0.10840742724637191
2024-08-26 20:48:33,811 - EarlyStopping counter: 1 out of 5
2024-08-26 20:48:34,185 - Epoch 65/100, Train Loss(MSE): 0.08511453130088009, Validation Loss(MSE): 0.10786419144521157
2024-08-26 20:48:34,185 - Validation loss decreased (0.108073 --> 0.107864).  Saving model ...
2024-08-26 20:48:34,571 - Epoch 66/100, Train Loss(MSE): 0.08456087396940687, Validation Loss(MSE): 0.10695267810175817
2024-08-26 20:48:34,571 - Validation loss decreased (0.107864 --> 0.106953).  Saving model ...
2024-08-26 20:48:34,951 - Epoch 67/100, Train Loss(MSE): 0.08424022535865124, Validation Loss(MSE): 0.10790346376597881
2024-08-26 20:48:34,951 - EarlyStopping counter: 1 out of 5
2024-08-26 20:48:35,298 - Epoch 68/100, Train Loss(MSE): 0.08406167411869699, Validation Loss(MSE): 0.10694308454791705
2024-08-26 20:48:35,298 - EarlyStopping counter: 2 out of 5
2024-08-26 20:48:35,672 - Epoch 69/100, Train Loss(MSE): 0.08371635757714183, Validation Loss(MSE): 0.10623583414902289
2024-08-26 20:48:35,673 - Validation loss decreased (0.106953 --> 0.106236).  Saving model ...
2024-08-26 20:48:36,058 - Epoch 70/100, Train Loss(MSE): 0.08319187467242335, Validation Loss(MSE): 0.10600207777072986
2024-08-26 20:48:36,058 - Validation loss decreased (0.106236 --> 0.106002).  Saving model ...
2024-08-26 20:48:36,417 - Epoch 71/100, Train Loss(MSE): 0.0828481484409217, Validation Loss(MSE): 0.10631036044408877
2024-08-26 20:48:36,418 - EarlyStopping counter: 1 out of 5
2024-08-26 20:48:36,788 - Epoch 72/100, Train Loss(MSE): 0.08270694872180184, Validation Loss(MSE): 0.10638243146240711
2024-08-26 20:48:36,788 - EarlyStopping counter: 2 out of 5
2024-08-26 20:48:37,157 - Epoch 73/100, Train Loss(MSE): 0.08238277013239624, Validation Loss(MSE): 0.10630034903685252
2024-08-26 20:48:37,157 - EarlyStopping counter: 3 out of 5
2024-08-26 20:48:37,511 - Epoch 74/100, Train Loss(MSE): 0.08223894983530045, Validation Loss(MSE): 0.10495599638670683
2024-08-26 20:48:37,511 - Validation loss decreased (0.106002 --> 0.104956).  Saving model ...
2024-08-26 20:48:37,900 - Epoch 75/100, Train Loss(MSE): 0.08189955067176086, Validation Loss(MSE): 0.10577128610263269
2024-08-26 20:48:37,901 - EarlyStopping counter: 1 out of 5
2024-08-26 20:48:38,269 - Epoch 76/100, Train Loss(MSE): 0.08176207697981007, Validation Loss(MSE): 0.10581626029064257
2024-08-26 20:48:38,269 - EarlyStopping counter: 2 out of 5
2024-08-26 20:48:38,631 - Epoch 77/100, Train Loss(MSE): 0.08150737581181002, Validation Loss(MSE): 0.10503465061386426
2024-08-26 20:48:38,631 - EarlyStopping counter: 3 out of 5
2024-08-26 20:48:39,001 - Epoch 78/100, Train Loss(MSE): 0.0811932931480172, Validation Loss(MSE): 0.10530069128920634
2024-08-26 20:48:39,001 - EarlyStopping counter: 4 out of 5
2024-08-26 20:48:39,384 - Epoch 79/100, Train Loss(MSE): 0.0811441907720579, Validation Loss(MSE): 0.10446241529037555
2024-08-26 20:48:39,384 - Validation loss decreased (0.104956 --> 0.104462).  Saving model ...
2024-08-26 20:48:39,749 - Epoch 80/100, Train Loss(MSE): 0.0809418110606762, Validation Loss(MSE): 0.10436778639753659
2024-08-26 20:48:39,750 - Validation loss decreased (0.104462 --> 0.104368).  Saving model ...
2024-08-26 20:48:40,105 - Epoch 81/100, Train Loss(MSE): 0.08071044996217057, Validation Loss(MSE): 0.10398413271953662
2024-08-26 20:48:40,106 - Validation loss decreased (0.104368 --> 0.103984).  Saving model ...
2024-08-26 20:48:40,468 - Epoch 82/100, Train Loss(MSE): 0.08052521032168643, Validation Loss(MSE): 0.10420917253941298
2024-08-26 20:48:40,468 - EarlyStopping counter: 1 out of 5
2024-08-26 20:48:40,839 - Epoch 83/100, Train Loss(MSE): 0.0805262405384373, Validation Loss(MSE): 0.10405448420594136
2024-08-26 20:48:40,839 - EarlyStopping counter: 2 out of 5
2024-08-26 20:48:41,209 - Epoch 84/100, Train Loss(MSE): 0.08037362777842925, Validation Loss(MSE): 0.10499214939773083
2024-08-26 20:48:41,209 - EarlyStopping counter: 3 out of 5
2024-08-26 20:48:41,577 - Epoch 85/100, Train Loss(MSE): 0.08014427102938458, Validation Loss(MSE): 0.10307544469833374
2024-08-26 20:48:41,577 - Validation loss decreased (0.103984 --> 0.103075).  Saving model ...
2024-08-26 20:48:41,933 - Epoch 86/100, Train Loss(MSE): 0.08004005662687533, Validation Loss(MSE): 0.10359433200210333
2024-08-26 20:48:41,933 - EarlyStopping counter: 1 out of 5
2024-08-26 20:48:42,288 - Epoch 87/100, Train Loss(MSE): 0.07988235616421961, Validation Loss(MSE): 0.10538535192608833
2024-08-26 20:48:42,288 - EarlyStopping counter: 2 out of 5
2024-08-26 20:48:42,658 - Epoch 88/100, Train Loss(MSE): 0.07993767758483415, Validation Loss(MSE): 0.10383442509919405
2024-08-26 20:48:42,659 - EarlyStopping counter: 3 out of 5
2024-08-26 20:48:43,040 - Epoch 89/100, Train Loss(MSE): 0.07982971433263558, Validation Loss(MSE): 0.10378114040941
2024-08-26 20:48:43,040 - EarlyStopping counter: 4 out of 5
2024-08-26 20:48:43,416 - Epoch 90/100, Train Loss(MSE): 0.07961660865080225, Validation Loss(MSE): 0.10298528429120779
2024-08-26 20:48:43,417 - Validation loss decreased (0.103075 --> 0.102985).  Saving model ...
2024-08-26 20:48:43,811 - Epoch 91/100, Train Loss(MSE): 0.07941697017995866, Validation Loss(MSE): 0.10319998922447364
2024-08-26 20:48:43,811 - EarlyStopping counter: 1 out of 5
2024-08-26 20:48:44,191 - Epoch 92/100, Train Loss(MSE): 0.07927930549523987, Validation Loss(MSE): 0.10326299164444208
2024-08-26 20:48:44,191 - EarlyStopping counter: 2 out of 5
2024-08-26 20:48:44,576 - Epoch 93/100, Train Loss(MSE): 0.07921732880256988, Validation Loss(MSE): 0.10367913078516722
2024-08-26 20:48:44,576 - EarlyStopping counter: 3 out of 5
2024-08-26 20:48:44,963 - Epoch 94/100, Train Loss(MSE): 0.07916148168618208, Validation Loss(MSE): 0.10255526782323916
2024-08-26 20:48:44,963 - Validation loss decreased (0.102985 --> 0.102555).  Saving model ...
2024-08-26 20:48:45,336 - Epoch 95/100, Train Loss(MSE): 0.07907104432828478, Validation Loss(MSE): 0.10302691409985225
2024-08-26 20:48:45,337 - EarlyStopping counter: 1 out of 5
2024-08-26 20:48:45,685 - Epoch 96/100, Train Loss(MSE): 0.07898483935047637, Validation Loss(MSE): 0.10294598372032245
2024-08-26 20:48:45,685 - EarlyStopping counter: 2 out of 5
2024-08-26 20:48:46,051 - Epoch 97/100, Train Loss(MSE): 0.07885776544092121, Validation Loss(MSE): 0.10328482184559107
2024-08-26 20:48:46,051 - EarlyStopping counter: 3 out of 5
2024-08-26 20:48:46,411 - Epoch 98/100, Train Loss(MSE): 0.07886175139919742, Validation Loss(MSE): 0.10244780934105317
2024-08-26 20:48:46,411 - Validation loss decreased (0.102555 --> 0.102448).  Saving model ...
2024-08-26 20:48:46,775 - Epoch 99/100, Train Loss(MSE): 0.07869586227768725, Validation Loss(MSE): 0.10206371483703454
2024-08-26 20:48:46,775 - Validation loss decreased (0.102448 --> 0.102064).  Saving model ...
2024-08-26 20:48:47,155 - Epoch 100/100, Train Loss(MSE): 0.0786735145682162, Validation Loss(MSE): 0.10260438205053408
2024-08-26 20:48:47,155 - EarlyStopping counter: 1 out of 5
2024-08-26 20:48:47,155 - —µ¡∑ 100 ¥Œepoch£¨—µ¡∑ ±≥§: 38.600921392440796 √Î
2024-08-26 20:48:47,171 - Test Loss(MSE): 0.09175766895835598
2024-08-26 20:48:47,173 - Model saved to D:\PythonProject\scorpioMock\MPDLinear\checkpoint\MPDLinear_20240826-204847_bs16_seq7_enc24_pred_len1_individualTrue_checkpoint.pth
2024-08-26 20:48:47,184 - Test Loss (Original Scale) MSE: 10.90912673468372
