2024-08-24 21:24:18,094 - Epoch 1/100, Train Loss(MSE): 0.8224808090262943, Validation Loss(MSE): 0.6107277472813925
2024-08-24 21:24:18,094 - Validation loss decreased for the first time. Saving model ...
2024-08-24 21:24:18,362 - Epoch 2/100, Train Loss(MSE): 0.5559515694777171, Validation Loss(MSE): 0.4253418793280919
2024-08-24 21:24:18,362 - Validation loss decreased (0.610728 --> 0.425342).  Saving model ...
2024-08-24 21:24:18,609 - Epoch 3/100, Train Loss(MSE): 0.38913328846295675, Validation Loss(MSE): 0.31629883746306103
2024-08-24 21:24:18,613 - Validation loss decreased (0.425342 --> 0.316299).  Saving model ...
2024-08-24 21:24:18,862 - Epoch 4/100, Train Loss(MSE): 0.2871128014392323, Validation Loss(MSE): 0.24679611374934515
2024-08-24 21:24:18,862 - Validation loss decreased (0.316299 --> 0.246796).  Saving model ...
2024-08-24 21:24:19,114 - Epoch 5/100, Train Loss(MSE): 0.22312184969584148, Validation Loss(MSE): 0.20163805037736893
2024-08-24 21:24:19,115 - Validation loss decreased (0.246796 --> 0.201638).  Saving model ...
2024-08-24 21:24:19,350 - Epoch 6/100, Train Loss(MSE): 0.18122951785723368, Validation Loss(MSE): 0.16916782905658087
2024-08-24 21:24:19,350 - Validation loss decreased (0.201638 --> 0.169168).  Saving model ...
2024-08-24 21:24:19,614 - Epoch 7/100, Train Loss(MSE): 0.1530641911758317, Validation Loss(MSE): 0.1479522561033567
2024-08-24 21:24:19,614 - Validation loss decreased (0.169168 --> 0.147952).  Saving model ...
2024-08-24 21:24:19,853 - Epoch 8/100, Train Loss(MSE): 0.13299956503841612, Validation Loss(MSE): 0.13103313744068146
2024-08-24 21:24:19,853 - Validation loss decreased (0.147952 --> 0.131033).  Saving model ...
2024-08-24 21:24:20,105 - Epoch 9/100, Train Loss(MSE): 0.11862648187412156, Validation Loss(MSE): 0.11852824191252391
2024-08-24 21:24:20,105 - Validation loss decreased (0.131033 --> 0.118528).  Saving model ...
2024-08-24 21:24:20,338 - Epoch 10/100, Train Loss(MSE): 0.10747828425632583, Validation Loss(MSE): 0.10783113663395245
2024-08-24 21:24:20,339 - Validation loss decreased (0.118528 --> 0.107831).  Saving model ...
2024-08-24 21:24:20,586 - Epoch 11/100, Train Loss(MSE): 0.09953111385305723, Validation Loss(MSE): 0.10022579878568649
2024-08-24 21:24:20,586 - Validation loss decreased (0.107831 --> 0.100226).  Saving model ...
2024-08-24 21:24:20,833 - Epoch 12/100, Train Loss(MSE): 0.09222137522366312, Validation Loss(MSE): 0.09341499706109364
2024-08-24 21:24:20,833 - Validation loss decreased (0.100226 --> 0.093415).  Saving model ...
2024-08-24 21:24:21,102 - Epoch 13/100, Train Loss(MSE): 0.08695622136195501, Validation Loss(MSE): 0.0881185494363308
2024-08-24 21:24:21,102 - Validation loss decreased (0.093415 --> 0.088119).  Saving model ...
2024-08-24 21:24:21,343 - Epoch 14/100, Train Loss(MSE): 0.08215982632504569, Validation Loss(MSE): 0.08360042423009872
2024-08-24 21:24:21,344 - Validation loss decreased (0.088119 --> 0.083600).  Saving model ...
2024-08-24 21:24:21,561 - Epoch 15/100, Train Loss(MSE): 0.07809722969929377, Validation Loss(MSE): 0.07934182261427243
2024-08-24 21:24:21,561 - Validation loss decreased (0.083600 --> 0.079342).  Saving model ...
2024-08-24 21:24:21,799 - Epoch 16/100, Train Loss(MSE): 0.0746901420255502, Validation Loss(MSE): 0.07660653317968051
2024-08-24 21:24:21,799 - Validation loss decreased (0.079342 --> 0.076607).  Saving model ...
2024-08-24 21:24:22,018 - Epoch 17/100, Train Loss(MSE): 0.07180026753081216, Validation Loss(MSE): 0.0735924057662487
2024-08-24 21:24:22,018 - Validation loss decreased (0.076607 --> 0.073592).  Saving model ...
2024-08-24 21:24:22,260 - Epoch 18/100, Train Loss(MSE): 0.06907701045274735, Validation Loss(MSE): 0.07087105636795361
2024-08-24 21:24:22,260 - Validation loss decreased (0.073592 --> 0.070871).  Saving model ...
2024-08-24 21:24:22,510 - Epoch 19/100, Train Loss(MSE): 0.06653058752417565, Validation Loss(MSE): 0.0694759680579106
2024-08-24 21:24:22,510 - Validation loss decreased (0.070871 --> 0.069476).  Saving model ...
2024-08-24 21:24:22,746 - Epoch 20/100, Train Loss(MSE): 0.06455854003628095, Validation Loss(MSE): 0.06743774314721425
2024-08-24 21:24:22,746 - Validation loss decreased (0.069476 --> 0.067438).  Saving model ...
2024-08-24 21:24:22,992 - Epoch 21/100, Train Loss(MSE): 0.06240970128112369, Validation Loss(MSE): 0.06583478550116222
2024-08-24 21:24:22,992 - Validation loss decreased (0.067438 --> 0.065835).  Saving model ...
2024-08-24 21:24:23,238 - Epoch 22/100, Train Loss(MSE): 0.060545477436648475, Validation Loss(MSE): 0.06408243315915267
2024-08-24 21:24:23,238 - Validation loss decreased (0.065835 --> 0.064082).  Saving model ...
2024-08-24 21:24:23,499 - Epoch 23/100, Train Loss(MSE): 0.05912995698551337, Validation Loss(MSE): 0.06306378605465095
2024-08-24 21:24:23,500 - Validation loss decreased (0.064082 --> 0.063064).  Saving model ...
2024-08-24 21:24:23,762 - Epoch 24/100, Train Loss(MSE): 0.05758635120259391, Validation Loss(MSE): 0.06177134811878204
2024-08-24 21:24:23,762 - Validation loss decreased (0.063064 --> 0.061771).  Saving model ...
2024-08-24 21:24:24,001 - Epoch 25/100, Train Loss(MSE): 0.056164515597952734, Validation Loss(MSE): 0.06080277139941851
2024-08-24 21:24:24,001 - EarlyStopping counter: 1 out of 5
2024-08-24 21:24:24,228 - Epoch 26/100, Train Loss(MSE): 0.05469964618484179, Validation Loss(MSE): 0.05954925902187824
2024-08-24 21:24:24,228 - Validation loss decreased (0.061771 --> 0.059549).  Saving model ...
2024-08-24 21:24:24,449 - Epoch 27/100, Train Loss(MSE): 0.05344283419350783, Validation Loss(MSE): 0.05909654560188452
2024-08-24 21:24:24,450 - EarlyStopping counter: 1 out of 5
2024-08-24 21:24:24,678 - Epoch 28/100, Train Loss(MSE): 0.052315153926610944, Validation Loss(MSE): 0.058667647962768875
2024-08-24 21:24:24,679 - EarlyStopping counter: 2 out of 5
2024-08-24 21:24:24,918 - Epoch 29/100, Train Loss(MSE): 0.05129406402508418, Validation Loss(MSE): 0.05718280623356501
2024-08-24 21:24:24,918 - Validation loss decreased (0.059549 --> 0.057183).  Saving model ...
2024-08-24 21:24:25,187 - Epoch 30/100, Train Loss(MSE): 0.05026214689844184, Validation Loss(MSE): 0.056930038457115494
2024-08-24 21:24:25,187 - EarlyStopping counter: 1 out of 5
2024-08-24 21:24:25,439 - Epoch 31/100, Train Loss(MSE): 0.04930493773685561, Validation Loss(MSE): 0.05631078779697418
2024-08-24 21:24:25,439 - EarlyStopping counter: 2 out of 5
2024-08-24 21:24:25,679 - Epoch 32/100, Train Loss(MSE): 0.048400368375910656, Validation Loss(MSE): 0.05600722754995028
2024-08-24 21:24:25,679 - Validation loss decreased (0.057183 --> 0.056007).  Saving model ...
2024-08-24 21:24:25,906 - Epoch 33/100, Train Loss(MSE): 0.047572564954559006, Validation Loss(MSE): 0.05568717916806539
2024-08-24 21:24:25,906 - EarlyStopping counter: 1 out of 5
2024-08-24 21:24:26,132 - Epoch 34/100, Train Loss(MSE): 0.04683964591887262, Validation Loss(MSE): 0.05531275769074758
2024-08-24 21:24:26,132 - EarlyStopping counter: 2 out of 5
2024-08-24 21:24:26,361 - Epoch 35/100, Train Loss(MSE): 0.04602121487259865, Validation Loss(MSE): 0.05477786374588808
2024-08-24 21:24:26,361 - Validation loss decreased (0.056007 --> 0.054778).  Saving model ...
2024-08-24 21:24:26,601 - Epoch 36/100, Train Loss(MSE): 0.04543212660484844, Validation Loss(MSE): 0.055165055518349014
2024-08-24 21:24:26,601 - EarlyStopping counter: 1 out of 5
2024-08-24 21:24:26,835 - Epoch 37/100, Train Loss(MSE): 0.04464352929757701, Validation Loss(MSE): 0.05397434843083223
2024-08-24 21:24:26,835 - EarlyStopping counter: 2 out of 5
2024-08-24 21:24:27,064 - Epoch 38/100, Train Loss(MSE): 0.04392088928984271, Validation Loss(MSE): 0.054256935914357506
2024-08-24 21:24:27,065 - EarlyStopping counter: 3 out of 5
2024-08-24 21:24:27,317 - Epoch 39/100, Train Loss(MSE): 0.043668801875578034, Validation Loss(MSE): 0.05350426957011223
2024-08-24 21:24:27,318 - Validation loss decreased (0.054778 --> 0.053504).  Saving model ...
2024-08-24 21:24:27,551 - Epoch 40/100, Train Loss(MSE): 0.042959331348538396, Validation Loss(MSE): 0.053695704167087875
2024-08-24 21:24:27,552 - EarlyStopping counter: 1 out of 5
2024-08-24 21:24:27,794 - Epoch 41/100, Train Loss(MSE): 0.04247195828292105, Validation Loss(MSE): 0.05285838432610035
2024-08-24 21:24:27,795 - EarlyStopping counter: 2 out of 5
2024-08-24 21:24:28,027 - Epoch 42/100, Train Loss(MSE): 0.04192598371042146, Validation Loss(MSE): 0.05351105270286401
2024-08-24 21:24:28,027 - EarlyStopping counter: 3 out of 5
2024-08-24 21:24:28,272 - Epoch 43/100, Train Loss(MSE): 0.04143740683794021, Validation Loss(MSE): 0.05222723446786404
2024-08-24 21:24:28,273 - Validation loss decreased (0.053504 --> 0.052227).  Saving model ...
2024-08-24 21:24:28,495 - Epoch 44/100, Train Loss(MSE): 0.041193540311521955, Validation Loss(MSE): 0.05279410940905412
2024-08-24 21:24:28,496 - EarlyStopping counter: 1 out of 5
2024-08-24 21:24:28,724 - Epoch 45/100, Train Loss(MSE): 0.04049312617215845, Validation Loss(MSE): 0.05245932129522165
2024-08-24 21:24:28,724 - EarlyStopping counter: 2 out of 5
2024-08-24 21:24:28,952 - Epoch 46/100, Train Loss(MSE): 0.04015453283985456, Validation Loss(MSE): 0.05264021890858809
2024-08-24 21:24:28,952 - EarlyStopping counter: 3 out of 5
2024-08-24 21:24:29,203 - Epoch 47/100, Train Loss(MSE): 0.03973103699584802, Validation Loss(MSE): 0.052292499070366226
2024-08-24 21:24:29,203 - EarlyStopping counter: 4 out of 5
2024-08-24 21:24:29,479 - Epoch 48/100, Train Loss(MSE): 0.03950208630412817, Validation Loss(MSE): 0.05241285699109236
2024-08-24 21:24:29,479 - EarlyStopping counter: 5 out of 5
2024-08-24 21:24:29,479 - Early stopping
