2024-09-05 16:19:11,390 - Epoch 1/100, Train Loss(MSE): 0.30824734466640574, Validation Loss(MSE): 0.11996641010046005
2024-09-05 16:19:11,390 - Validation loss decreased for the first time. Saving model ...
2024-09-05 16:19:11,599 - Epoch 2/100, Train Loss(MSE): 0.08614867709969219, Validation Loss(MSE): 0.0736760472257932
2024-09-05 16:19:11,600 - Validation loss decreased (0.119966 --> 0.073676).  Saving model ...
2024-09-05 16:19:11,810 - Epoch 3/100, Train Loss(MSE): 0.04246744160589419, Validation Loss(MSE): 0.06379024311900139
2024-09-05 16:19:11,810 - Validation loss decreased (0.073676 --> 0.063790).  Saving model ...
2024-09-05 16:19:12,022 - Epoch 4/100, Train Loss(MSE): 0.030585466442923797, Validation Loss(MSE): 0.059130764255921044
2024-09-05 16:19:12,023 - Validation loss decreased (0.063790 --> 0.059131).  Saving model ...
2024-09-05 16:19:12,256 - Epoch 5/100, Train Loss(MSE): 0.02370823566850863, Validation Loss(MSE): 0.05664346988002459
2024-09-05 16:19:12,256 - Validation loss decreased (0.059131 --> 0.056643).  Saving model ...
2024-09-05 16:19:12,464 - Epoch 6/100, Train Loss(MSE): 0.019435716106703405, Validation Loss(MSE): 0.05584639310836792
2024-09-05 16:19:12,464 - Validation loss decreased (0.056643 --> 0.055846).  Saving model ...
2024-09-05 16:19:12,692 - Epoch 7/100, Train Loss(MSE): 0.016062066204061632, Validation Loss(MSE): 0.05534693722923597
2024-09-05 16:19:12,692 - Validation loss decreased (0.055846 --> 0.055347).  Saving model ...
2024-09-05 16:19:12,894 - Epoch 8/100, Train Loss(MSE): 0.013388842442318014, Validation Loss(MSE): 0.054361878583828606
2024-09-05 16:19:12,894 - Validation loss decreased (0.055347 --> 0.054362).  Saving model ...
2024-09-05 16:19:13,105 - Epoch 9/100, Train Loss(MSE): 0.011323709555558469, Validation Loss(MSE): 0.052917214731375374
2024-09-05 16:19:13,105 - Validation loss decreased (0.054362 --> 0.052917).  Saving model ...
2024-09-05 16:19:13,307 - Epoch 10/100, Train Loss(MSE): 0.009269207372869315, Validation Loss(MSE): 0.0527657667795817
2024-09-05 16:19:13,307 - Validation loss decreased (0.052917 --> 0.052766).  Saving model ...
2024-09-05 16:19:13,518 - Epoch 11/100, Train Loss(MSE): 0.007993281059163181, Validation Loss(MSE): 0.05271413425604502
2024-09-05 16:19:13,518 - Validation loss decreased (0.052766 --> 0.052714).  Saving model ...
2024-09-05 16:19:13,743 - Epoch 12/100, Train Loss(MSE): 0.006597248788334821, Validation Loss(MSE): 0.05173192669947942
2024-09-05 16:19:13,744 - Validation loss decreased (0.052714 --> 0.051732).  Saving model ...
2024-09-05 16:19:13,945 - Epoch 13/100, Train Loss(MSE): 0.0057213219421866695, Validation Loss(MSE): 0.05068920304377874
2024-09-05 16:19:13,946 - Validation loss decreased (0.051732 --> 0.050689).  Saving model ...
2024-09-05 16:19:14,164 - Epoch 14/100, Train Loss(MSE): 0.004605734451232772, Validation Loss(MSE): 0.05130845308303833
2024-09-05 16:19:14,164 - EarlyStopping counter: 1 out of 5
2024-09-05 16:19:14,371 - Epoch 15/100, Train Loss(MSE): 0.004168867243845996, Validation Loss(MSE): 0.05144155522187551
2024-09-05 16:19:14,371 - EarlyStopping counter: 2 out of 5
2024-09-05 16:19:14,586 - Epoch 16/100, Train Loss(MSE): 0.0033742923436588363, Validation Loss(MSE): 0.05111410468816757
2024-09-05 16:19:14,586 - EarlyStopping counter: 3 out of 5
2024-09-05 16:19:14,810 - Epoch 17/100, Train Loss(MSE): 0.0028324651678926067, Validation Loss(MSE): 0.05112019553780556
2024-09-05 16:19:14,810 - EarlyStopping counter: 4 out of 5
2024-09-05 16:19:15,021 - Epoch 18/100, Train Loss(MSE): 0.0024740066759190277, Validation Loss(MSE): 0.05079777662952741
2024-09-05 16:19:15,021 - EarlyStopping counter: 5 out of 5
2024-09-05 16:19:15,021 - Early stopping
2024-09-05 16:19:15,021 - —µ¡∑ 18 ¥Œepoch£¨—µ¡∑ ±≥§: 3.874708652496338 √Î
2024-09-05 16:19:15,042 - Test Loss(MSE): 0.04004276543855667
2024-09-05 16:19:15,051 - Model saved to D:\PythonProject\scorpioMock\MPDLinear\checkpoint\MPDLinear_v3_20240905-161915_bs64_seq365_enc24_pred_len5_individualTrue_checkpoint.pth
2024-09-05 16:19:15,067 - Test Loss (Original Scale) MSE: 4.81722974790671
2024-09-05 16:19:15,067 - Test Loss (Original Scale) MAE: 1.6659387879211065
