2024-08-26 21:37:11,737 - Epoch 1/100, Train Loss(MSE): 0.9314233307000045, Validation Loss(MSE): 0.7500052203734716
2024-08-26 21:37:11,737 - Validation loss decreased for the first time. Saving model ...
2024-08-26 21:37:12,135 - Epoch 2/100, Train Loss(MSE): 0.7919504858635285, Validation Loss(MSE): 0.6390412226319313
2024-08-26 21:37:12,139 - Validation loss decreased (0.750005 --> 0.639041).  Saving model ...
2024-08-26 21:37:12,506 - Epoch 3/100, Train Loss(MSE): 0.6875583771820907, Validation Loss(MSE): 0.5564291601379713
2024-08-26 21:37:12,506 - Validation loss decreased (0.639041 --> 0.556429).  Saving model ...
2024-08-26 21:37:12,878 - Epoch 4/100, Train Loss(MSE): 0.6048274318595509, Validation Loss(MSE): 0.4918992097179095
2024-08-26 21:37:12,878 - Validation loss decreased (0.556429 --> 0.491899).  Saving model ...
2024-08-26 21:37:13,248 - Epoch 5/100, Train Loss(MSE): 0.5382177639793564, Validation Loss(MSE): 0.43673622359832126
2024-08-26 21:37:13,249 - Validation loss decreased (0.491899 --> 0.436736).  Saving model ...
2024-08-26 21:37:13,680 - Epoch 6/100, Train Loss(MSE): 0.48323290279278386, Validation Loss(MSE): 0.39156149079402286
2024-08-26 21:37:13,681 - Validation loss decreased (0.436736 --> 0.391561).  Saving model ...
2024-08-26 21:37:14,056 - Epoch 7/100, Train Loss(MSE): 0.4367179893530332, Validation Loss(MSE): 0.35198086003462475
2024-08-26 21:37:14,056 - Validation loss decreased (0.391561 --> 0.351981).  Saving model ...
2024-08-26 21:37:14,422 - Epoch 8/100, Train Loss(MSE): 0.3971885847193854, Validation Loss(MSE): 0.31850020090738934
2024-08-26 21:37:14,423 - Validation loss decreased (0.351981 --> 0.318500).  Saving model ...
2024-08-26 21:37:14,818 - Epoch 9/100, Train Loss(MSE): 0.3629873686439388, Validation Loss(MSE): 0.2894402618209521
2024-08-26 21:37:14,818 - Validation loss decreased (0.318500 --> 0.289440).  Saving model ...
2024-08-26 21:37:15,213 - Epoch 10/100, Train Loss(MSE): 0.33284630012381206, Validation Loss(MSE): 0.2647276222705841
2024-08-26 21:37:15,213 - Validation loss decreased (0.289440 --> 0.264728).  Saving model ...
2024-08-26 21:37:15,622 - Epoch 11/100, Train Loss(MSE): 0.3066353181397522, Validation Loss(MSE): 0.24368405838807425
2024-08-26 21:37:15,622 - Validation loss decreased (0.264728 --> 0.243684).  Saving model ...
2024-08-26 21:37:16,017 - Epoch 12/100, Train Loss(MSE): 0.2840301627804945, Validation Loss(MSE): 0.22559967637062073
2024-08-26 21:37:16,017 - Validation loss decreased (0.243684 --> 0.225600).  Saving model ...
2024-08-26 21:37:16,382 - Epoch 13/100, Train Loss(MSE): 0.26445028799903264, Validation Loss(MSE): 0.21049677145977816
2024-08-26 21:37:16,382 - Validation loss decreased (0.225600 --> 0.210497).  Saving model ...
2024-08-26 21:37:16,771 - Epoch 14/100, Train Loss(MSE): 0.24734324634402663, Validation Loss(MSE): 0.1973042997221152
2024-08-26 21:37:16,771 - Validation loss decreased (0.210497 --> 0.197304).  Saving model ...
2024-08-26 21:37:17,158 - Epoch 15/100, Train Loss(MSE): 0.2314844793834529, Validation Loss(MSE): 0.1860979733367761
2024-08-26 21:37:17,159 - Validation loss decreased (0.197304 --> 0.186098).  Saving model ...
2024-08-26 21:37:17,527 - Epoch 16/100, Train Loss(MSE): 0.21816288147653853, Validation Loss(MSE): 0.17691664646069208
2024-08-26 21:37:17,527 - Validation loss decreased (0.186098 --> 0.176917).  Saving model ...
2024-08-26 21:37:17,879 - Epoch 17/100, Train Loss(MSE): 0.2061121678696229, Validation Loss(MSE): 0.1689466026922067
2024-08-26 21:37:17,880 - Validation loss decreased (0.176917 --> 0.168947).  Saving model ...
2024-08-26 21:37:18,255 - Epoch 18/100, Train Loss(MSE): 0.19544826849148825, Validation Loss(MSE): 0.162326006218791
2024-08-26 21:37:18,255 - Validation loss decreased (0.168947 --> 0.162326).  Saving model ...
2024-08-26 21:37:18,618 - Epoch 19/100, Train Loss(MSE): 0.18587441464046855, Validation Loss(MSE): 0.15646006974081197
2024-08-26 21:37:18,618 - Validation loss decreased (0.162326 --> 0.156460).  Saving model ...
2024-08-26 21:37:19,020 - Epoch 20/100, Train Loss(MSE): 0.1772438635292289, Validation Loss(MSE): 0.15162757287422815
2024-08-26 21:37:19,020 - Validation loss decreased (0.156460 --> 0.151628).  Saving model ...
2024-08-26 21:37:19,398 - Epoch 21/100, Train Loss(MSE): 0.1699052874285441, Validation Loss(MSE): 0.14746436042090258
2024-08-26 21:37:19,398 - Validation loss decreased (0.151628 --> 0.147464).  Saving model ...
2024-08-26 21:37:19,768 - Epoch 22/100, Train Loss(MSE): 0.16320621922284692, Validation Loss(MSE): 0.14383888120452562
2024-08-26 21:37:19,768 - Validation loss decreased (0.147464 --> 0.143839).  Saving model ...
2024-08-26 21:37:20,163 - Epoch 23/100, Train Loss(MSE): 0.15677034654296362, Validation Loss(MSE): 0.14062492673595747
2024-08-26 21:37:20,163 - Validation loss decreased (0.143839 --> 0.140625).  Saving model ...
2024-08-26 21:37:20,525 - Epoch 24/100, Train Loss(MSE): 0.15090025613432403, Validation Loss(MSE): 0.13755864029129347
2024-08-26 21:37:20,525 - Validation loss decreased (0.140625 --> 0.137559).  Saving model ...
2024-08-26 21:37:20,905 - Epoch 25/100, Train Loss(MSE): 0.14563013506787165, Validation Loss(MSE): 0.1350875459611416
2024-08-26 21:37:20,906 - Validation loss decreased (0.137559 --> 0.135088).  Saving model ...
2024-08-26 21:37:21,363 - Epoch 26/100, Train Loss(MSE): 0.1409594483755447, Validation Loss(MSE): 0.133542874827981
2024-08-26 21:37:21,363 - Validation loss decreased (0.135088 --> 0.133543).  Saving model ...
2024-08-26 21:37:21,744 - Epoch 27/100, Train Loss(MSE): 0.13659610988183335, Validation Loss(MSE): 0.13078530101726452
2024-08-26 21:37:21,744 - Validation loss decreased (0.133543 --> 0.130785).  Saving model ...
2024-08-26 21:37:22,126 - Epoch 28/100, Train Loss(MSE): 0.13254894995754893, Validation Loss(MSE): 0.12938082590699196
2024-08-26 21:37:22,126 - Validation loss decreased (0.130785 --> 0.129381).  Saving model ...
2024-08-26 21:37:22,512 - Epoch 29/100, Train Loss(MSE): 0.1290103214291426, Validation Loss(MSE): 0.12776531744748354
2024-08-26 21:37:22,513 - Validation loss decreased (0.129381 --> 0.127765).  Saving model ...
2024-08-26 21:37:22,894 - Epoch 30/100, Train Loss(MSE): 0.1256244892848062, Validation Loss(MSE): 0.1264211187760035
2024-08-26 21:37:22,894 - Validation loss decreased (0.127765 --> 0.126421).  Saving model ...
2024-08-26 21:37:23,313 - Epoch 31/100, Train Loss(MSE): 0.12219742214777968, Validation Loss(MSE): 0.12545379344373941
2024-08-26 21:37:23,314 - Validation loss decreased (0.126421 --> 0.125454).  Saving model ...
2024-08-26 21:37:23,700 - Epoch 32/100, Train Loss(MSE): 0.11937830998347355, Validation Loss(MSE): 0.1245103096589446
2024-08-26 21:37:23,701 - Validation loss decreased (0.125454 --> 0.124510).  Saving model ...
2024-08-26 21:37:24,072 - Epoch 33/100, Train Loss(MSE): 0.11655881223115293, Validation Loss(MSE): 0.12285072884211938
2024-08-26 21:37:24,072 - Validation loss decreased (0.124510 --> 0.122851).  Saving model ...
2024-08-26 21:37:24,459 - Epoch 34/100, Train Loss(MSE): 0.11397471974839221, Validation Loss(MSE): 0.12144891855617364
2024-08-26 21:37:24,459 - Validation loss decreased (0.122851 --> 0.121449).  Saving model ...
2024-08-26 21:37:24,844 - Epoch 35/100, Train Loss(MSE): 0.11168178838196692, Validation Loss(MSE): 0.12110560821990173
2024-08-26 21:37:24,844 - Validation loss decreased (0.121449 --> 0.121106).  Saving model ...
2024-08-26 21:37:25,222 - Epoch 36/100, Train Loss(MSE): 0.10954647433463034, Validation Loss(MSE): 0.11968727099398772
2024-08-26 21:37:25,222 - Validation loss decreased (0.121106 --> 0.119687).  Saving model ...
2024-08-26 21:37:25,587 - Epoch 37/100, Train Loss(MSE): 0.10759779903014283, Validation Loss(MSE): 0.11884189303964376
2024-08-26 21:37:25,587 - Validation loss decreased (0.119687 --> 0.118842).  Saving model ...
2024-08-26 21:37:25,960 - Epoch 38/100, Train Loss(MSE): 0.10550441204027815, Validation Loss(MSE): 0.117670270614326
2024-08-26 21:37:25,960 - Validation loss decreased (0.118842 --> 0.117670).  Saving model ...
2024-08-26 21:37:26,339 - Epoch 39/100, Train Loss(MSE): 0.10352388859450162, Validation Loss(MSE): 0.11753295982877414
2024-08-26 21:37:26,339 - Validation loss decreased (0.117670 --> 0.117533).  Saving model ...
2024-08-26 21:37:26,709 - Epoch 40/100, Train Loss(MSE): 0.10202916193712544, Validation Loss(MSE): 0.11710963708659013
2024-08-26 21:37:26,709 - Validation loss decreased (0.117533 --> 0.117110).  Saving model ...
2024-08-26 21:37:27,084 - Epoch 41/100, Train Loss(MSE): 0.10034298409636204, Validation Loss(MSE): 0.11587560642510653
2024-08-26 21:37:27,084 - Validation loss decreased (0.117110 --> 0.115876).  Saving model ...
2024-08-26 21:37:27,455 - Epoch 42/100, Train Loss(MSE): 0.0990732941612765, Validation Loss(MSE): 0.11514745062837999
2024-08-26 21:37:27,455 - Validation loss decreased (0.115876 --> 0.115147).  Saving model ...
2024-08-26 21:37:27,826 - Epoch 43/100, Train Loss(MSE): 0.09755421884276055, Validation Loss(MSE): 0.11398088342199723
2024-08-26 21:37:27,826 - Validation loss decreased (0.115147 --> 0.113981).  Saving model ...
2024-08-26 21:37:28,209 - Epoch 44/100, Train Loss(MSE): 0.09629037100207674, Validation Loss(MSE): 0.11359886173158884
2024-08-26 21:37:28,209 - Validation loss decreased (0.113981 --> 0.113599).  Saving model ...
2024-08-26 21:37:28,566 - Epoch 45/100, Train Loss(MSE): 0.09521879182084576, Validation Loss(MSE): 0.11334467368821304
2024-08-26 21:37:28,567 - Validation loss decreased (0.113599 --> 0.113345).  Saving model ...
2024-08-26 21:37:28,951 - Epoch 46/100, Train Loss(MSE): 0.09415206880114235, Validation Loss(MSE): 0.1125581484908859
2024-08-26 21:37:28,952 - Validation loss decreased (0.113345 --> 0.112558).  Saving model ...
2024-08-26 21:37:29,338 - Epoch 47/100, Train Loss(MSE): 0.0931986027939634, Validation Loss(MSE): 0.1116809081286192
2024-08-26 21:37:29,338 - Validation loss decreased (0.112558 --> 0.111681).  Saving model ...
2024-08-26 21:37:29,706 - Epoch 48/100, Train Loss(MSE): 0.09203768814248699, Validation Loss(MSE): 0.11206367487708728
2024-08-26 21:37:29,706 - EarlyStopping counter: 1 out of 5
2024-08-26 21:37:30,083 - Epoch 49/100, Train Loss(MSE): 0.09137887863831205, Validation Loss(MSE): 0.11153518160184224
2024-08-26 21:37:30,084 - Validation loss decreased (0.111681 --> 0.111535).  Saving model ...
2024-08-26 21:37:30,490 - Epoch 50/100, Train Loss(MSE): 0.09040164945462903, Validation Loss(MSE): 0.1107194209471345
2024-08-26 21:37:30,490 - Validation loss decreased (0.111535 --> 0.110719).  Saving model ...
2024-08-26 21:37:30,861 - Epoch 51/100, Train Loss(MSE): 0.0896047052855675, Validation Loss(MSE): 0.11079501205434401
2024-08-26 21:37:30,861 - EarlyStopping counter: 1 out of 5
2024-08-26 21:37:31,225 - Epoch 52/100, Train Loss(MSE): 0.08890170403398, Validation Loss(MSE): 0.10893882159143686
2024-08-26 21:37:31,225 - Validation loss decreased (0.110719 --> 0.108939).  Saving model ...
2024-08-26 21:37:31,622 - Epoch 53/100, Train Loss(MSE): 0.08830551975048505, Validation Loss(MSE): 0.1099103648836414
2024-08-26 21:37:31,622 - EarlyStopping counter: 1 out of 5
2024-08-26 21:37:32,056 - Epoch 54/100, Train Loss(MSE): 0.08761906218561498, Validation Loss(MSE): 0.10893009261538585
2024-08-26 21:37:32,056 - EarlyStopping counter: 2 out of 5
2024-08-26 21:37:32,431 - Epoch 55/100, Train Loss(MSE): 0.08715244016231416, Validation Loss(MSE): 0.10857865711053212
2024-08-26 21:37:32,431 - Validation loss decreased (0.108939 --> 0.108579).  Saving model ...
2024-08-26 21:37:32,812 - Epoch 56/100, Train Loss(MSE): 0.08663392013737134, Validation Loss(MSE): 0.1081669619306922
2024-08-26 21:37:32,812 - Validation loss decreased (0.108579 --> 0.108167).  Saving model ...
2024-08-26 21:37:33,195 - Epoch 57/100, Train Loss(MSE): 0.08606811346752304, Validation Loss(MSE): 0.10808546716968219
2024-08-26 21:37:33,195 - Validation loss decreased (0.108167 --> 0.108085).  Saving model ...
2024-08-26 21:37:33,574 - Epoch 58/100, Train Loss(MSE): 0.08547692297661043, Validation Loss(MSE): 0.1067600715905428
2024-08-26 21:37:33,574 - Validation loss decreased (0.108085 --> 0.106760).  Saving model ...
2024-08-26 21:37:33,954 - Epoch 59/100, Train Loss(MSE): 0.08512600810154454, Validation Loss(MSE): 0.10691494432588418
2024-08-26 21:37:33,954 - EarlyStopping counter: 1 out of 5
2024-08-26 21:37:34,336 - Epoch 60/100, Train Loss(MSE): 0.08467251197486134, Validation Loss(MSE): 0.10738824121654034
2024-08-26 21:37:34,337 - EarlyStopping counter: 2 out of 5
2024-08-26 21:37:34,706 - Epoch 61/100, Train Loss(MSE): 0.08436997873442513, Validation Loss(MSE): 0.10628603367755811
2024-08-26 21:37:34,706 - Validation loss decreased (0.106760 --> 0.106286).  Saving model ...
2024-08-26 21:37:35,100 - Epoch 62/100, Train Loss(MSE): 0.08397747940578304, Validation Loss(MSE): 0.10690178442746401
2024-08-26 21:37:35,103 - EarlyStopping counter: 1 out of 5
2024-08-26 21:37:35,461 - Epoch 63/100, Train Loss(MSE): 0.08377521931306346, Validation Loss(MSE): 0.10567075107246637
2024-08-26 21:37:35,461 - Validation loss decreased (0.106286 --> 0.105671).  Saving model ...
2024-08-26 21:37:35,868 - Epoch 64/100, Train Loss(MSE): 0.08333110643530285, Validation Loss(MSE): 0.106041904228429
2024-08-26 21:37:35,869 - EarlyStopping counter: 1 out of 5
2024-08-26 21:37:36,260 - Epoch 65/100, Train Loss(MSE): 0.08299112246259228, Validation Loss(MSE): 0.1052442022288839
2024-08-26 21:37:36,260 - Validation loss decreased (0.105671 --> 0.105244).  Saving model ...
2024-08-26 21:37:36,616 - Epoch 66/100, Train Loss(MSE): 0.08270497190264556, Validation Loss(MSE): 0.10591697537650664
2024-08-26 21:37:36,616 - EarlyStopping counter: 1 out of 5
2024-08-26 21:37:36,979 - Epoch 67/100, Train Loss(MSE): 0.08247751791726102, Validation Loss(MSE): 0.10483396891504526
2024-08-26 21:37:36,980 - Validation loss decreased (0.105244 --> 0.104834).  Saving model ...
2024-08-26 21:37:37,366 - Epoch 68/100, Train Loss(MSE): 0.08225302478032452, Validation Loss(MSE): 0.10464634125431378
2024-08-26 21:37:37,366 - Validation loss decreased (0.104834 --> 0.104646).  Saving model ...
2024-08-26 21:37:37,746 - Epoch 69/100, Train Loss(MSE): 0.08192080287979199, Validation Loss(MSE): 0.10558222327381372
2024-08-26 21:37:37,746 - EarlyStopping counter: 1 out of 5
2024-08-26 21:37:38,108 - Epoch 70/100, Train Loss(MSE): 0.08175572169596677, Validation Loss(MSE): 0.10505697224289179
2024-08-26 21:37:38,108 - EarlyStopping counter: 2 out of 5
2024-08-26 21:37:38,468 - Epoch 71/100, Train Loss(MSE): 0.0815245369551601, Validation Loss(MSE): 0.10444846035291751
2024-08-26 21:37:38,468 - Validation loss decreased (0.104646 --> 0.104448).  Saving model ...
2024-08-26 21:37:38,838 - Epoch 72/100, Train Loss(MSE): 0.08133854229862873, Validation Loss(MSE): 0.10475433617830276
2024-08-26 21:37:38,838 - EarlyStopping counter: 1 out of 5
2024-08-26 21:37:39,196 - Epoch 73/100, Train Loss(MSE): 0.08125216055374879, Validation Loss(MSE): 0.10461430096377929
2024-08-26 21:37:39,196 - EarlyStopping counter: 2 out of 5
2024-08-26 21:37:39,560 - Epoch 74/100, Train Loss(MSE): 0.08116634607642562, Validation Loss(MSE): 0.10437109259267648
2024-08-26 21:37:39,560 - Validation loss decreased (0.104448 --> 0.104371).  Saving model ...
2024-08-26 21:37:39,956 - Epoch 75/100, Train Loss(MSE): 0.0809586757773554, Validation Loss(MSE): 0.10365878200779359
2024-08-26 21:37:39,957 - Validation loss decreased (0.104371 --> 0.103659).  Saving model ...
2024-08-26 21:37:40,349 - Epoch 76/100, Train Loss(MSE): 0.08067383465694856, Validation Loss(MSE): 0.10430205892771482
2024-08-26 21:37:40,349 - EarlyStopping counter: 1 out of 5
2024-08-26 21:37:40,710 - Epoch 77/100, Train Loss(MSE): 0.08036093370845684, Validation Loss(MSE): 0.1031843073045214
2024-08-26 21:37:40,710 - Validation loss decreased (0.103659 --> 0.103184).  Saving model ...
2024-08-26 21:37:41,079 - Epoch 78/100, Train Loss(MSE): 0.08028041114928303, Validation Loss(MSE): 0.10379283223301172
2024-08-26 21:37:41,079 - EarlyStopping counter: 1 out of 5
2024-08-26 21:37:41,448 - Epoch 79/100, Train Loss(MSE): 0.08021980925248219, Validation Loss(MSE): 0.10373315867036581
2024-08-26 21:37:41,448 - EarlyStopping counter: 2 out of 5
2024-08-26 21:37:41,810 - Epoch 80/100, Train Loss(MSE): 0.08004712423944212, Validation Loss(MSE): 0.10364585556089878
2024-08-26 21:37:41,810 - EarlyStopping counter: 3 out of 5
2024-08-26 21:37:42,166 - Epoch 81/100, Train Loss(MSE): 0.07998270222118922, Validation Loss(MSE): 0.10229622727880876
2024-08-26 21:37:42,166 - Validation loss decreased (0.103184 --> 0.102296).  Saving model ...
2024-08-26 21:37:42,536 - Epoch 82/100, Train Loss(MSE): 0.07984506733879283, Validation Loss(MSE): 0.10356175433844328
2024-08-26 21:37:42,536 - EarlyStopping counter: 1 out of 5
2024-08-26 21:37:42,898 - Epoch 83/100, Train Loss(MSE): 0.07974434545734427, Validation Loss(MSE): 0.10269351645062368
2024-08-26 21:37:42,898 - EarlyStopping counter: 2 out of 5
2024-08-26 21:37:43,264 - Epoch 84/100, Train Loss(MSE): 0.07959345148896778, Validation Loss(MSE): 0.10253824355701606
2024-08-26 21:37:43,264 - EarlyStopping counter: 3 out of 5
2024-08-26 21:37:43,625 - Epoch 85/100, Train Loss(MSE): 0.07948878814804029, Validation Loss(MSE): 0.10254106546441714
2024-08-26 21:37:43,625 - EarlyStopping counter: 4 out of 5
2024-08-26 21:37:43,979 - Epoch 86/100, Train Loss(MSE): 0.07940134715166065, Validation Loss(MSE): 0.10267794256409009
2024-08-26 21:37:43,979 - EarlyStopping counter: 5 out of 5
2024-08-26 21:37:43,979 - Early stopping
2024-08-26 21:37:43,979 - —µ¡∑ 86 ¥Œepoch£¨—µ¡∑ ±≥§: 32.61943340301514 √Î
2024-08-26 21:37:43,992 - Test Loss(MSE): 0.09258068492636085
2024-08-26 21:37:43,995 - Model saved to D:\PythonProject\scorpioMock\MPDLinear\checkpoint\MPDLinear_20240826-213743_bs16_seq7_enc24_pred_len5_individualTrue_checkpoint.pth
2024-08-26 21:37:44,005 - Test Loss (Original Scale) MSE: 11.011383799879903
