2024-08-24 21:40:16,019 - Epoch 1/100, Train Loss(MSE): 0.8477888849046495, Validation Loss(MSE): 0.665596604347229
2024-08-24 21:40:16,019 - Validation loss decreased for the first time. Saving model ...
2024-08-24 21:40:16,269 - Epoch 2/100, Train Loss(MSE): 0.5797818256749048, Validation Loss(MSE): 0.47785379489262897
2024-08-24 21:40:16,269 - Validation loss decreased (0.665597 --> 0.477854).  Saving model ...
2024-08-24 21:40:16,500 - Epoch 3/100, Train Loss(MSE): 0.4111256543132994, Validation Loss(MSE): 0.35757138828436535
2024-08-24 21:40:16,504 - Validation loss decreased (0.477854 --> 0.357571).  Saving model ...
2024-08-24 21:40:16,762 - Epoch 4/100, Train Loss(MSE): 0.30625102553102707, Validation Loss(MSE): 0.2815830831726392
2024-08-24 21:40:16,762 - Validation loss decreased (0.357571 --> 0.281583).  Saving model ...
2024-08-24 21:40:17,026 - Epoch 5/100, Train Loss(MSE): 0.23972014917267692, Validation Loss(MSE): 0.23011604448159537
2024-08-24 21:40:17,026 - Validation loss decreased (0.281583 --> 0.230116).  Saving model ...
2024-08-24 21:40:17,251 - Epoch 6/100, Train Loss(MSE): 0.1952730374203788, Validation Loss(MSE): 0.1936008781194687
2024-08-24 21:40:17,251 - Validation loss decreased (0.230116 --> 0.193601).  Saving model ...
2024-08-24 21:40:17,473 - Epoch 7/100, Train Loss(MSE): 0.16459702965286044, Validation Loss(MSE): 0.167479378481706
2024-08-24 21:40:17,474 - Validation loss decreased (0.193601 --> 0.167479).  Saving model ...
2024-08-24 21:40:17,716 - Epoch 8/100, Train Loss(MSE): 0.14327882097827063, Validation Loss(MSE): 0.14837898934880892
2024-08-24 21:40:17,716 - Validation loss decreased (0.167479 --> 0.148379).  Saving model ...
2024-08-24 21:40:17,962 - Epoch 9/100, Train Loss(MSE): 0.12719956669542526, Validation Loss(MSE): 0.13208982596794763
2024-08-24 21:40:17,963 - Validation loss decreased (0.148379 --> 0.132090).  Saving model ...
2024-08-24 21:40:18,195 - Epoch 10/100, Train Loss(MSE): 0.1154615486661593, Validation Loss(MSE): 0.12040598814686139
2024-08-24 21:40:18,195 - Validation loss decreased (0.132090 --> 0.120406).  Saving model ...
2024-08-24 21:40:18,438 - Epoch 11/100, Train Loss(MSE): 0.10588731749190225, Validation Loss(MSE): 0.11171786362926166
2024-08-24 21:40:18,438 - Validation loss decreased (0.120406 --> 0.111718).  Saving model ...
2024-08-24 21:40:18,677 - Epoch 12/100, Train Loss(MSE): 0.09860475766989919, Validation Loss(MSE): 0.10399933780233066
2024-08-24 21:40:18,677 - Validation loss decreased (0.111718 --> 0.103999).  Saving model ...
2024-08-24 21:40:18,927 - Epoch 13/100, Train Loss(MSE): 0.09210644819670254, Validation Loss(MSE): 0.09674910580118497
2024-08-24 21:40:18,928 - Validation loss decreased (0.103999 --> 0.096749).  Saving model ...
2024-08-24 21:40:19,155 - Epoch 14/100, Train Loss(MSE): 0.08700985767775112, Validation Loss(MSE): 0.0918410662561655
2024-08-24 21:40:19,155 - Validation loss decreased (0.096749 --> 0.091841).  Saving model ...
2024-08-24 21:40:19,380 - Epoch 15/100, Train Loss(MSE): 0.08239786997437477, Validation Loss(MSE): 0.08663598820567131
2024-08-24 21:40:19,381 - Validation loss decreased (0.091841 --> 0.086636).  Saving model ...
2024-08-24 21:40:19,624 - Epoch 16/100, Train Loss(MSE): 0.07853593536549144, Validation Loss(MSE): 0.08327732669810455
2024-08-24 21:40:19,624 - Validation loss decreased (0.086636 --> 0.083277).  Saving model ...
2024-08-24 21:40:19,881 - Epoch 17/100, Train Loss(MSE): 0.0753030395342244, Validation Loss(MSE): 0.0801239653180043
2024-08-24 21:40:19,881 - Validation loss decreased (0.083277 --> 0.080124).  Saving model ...
2024-08-24 21:40:20,133 - Epoch 18/100, Train Loss(MSE): 0.07223426194654571, Validation Loss(MSE): 0.0771925604591767
2024-08-24 21:40:20,133 - Validation loss decreased (0.080124 --> 0.077193).  Saving model ...
2024-08-24 21:40:20,360 - Epoch 19/100, Train Loss(MSE): 0.06949672715531455, Validation Loss(MSE): 0.0747591524074475
2024-08-24 21:40:20,361 - Validation loss decreased (0.077193 --> 0.074759).  Saving model ...
2024-08-24 21:40:20,605 - Epoch 20/100, Train Loss(MSE): 0.06717203896906641, Validation Loss(MSE): 0.07188822018603484
2024-08-24 21:40:20,605 - Validation loss decreased (0.074759 --> 0.071888).  Saving model ...
2024-08-24 21:40:20,830 - Epoch 21/100, Train Loss(MSE): 0.06502359103825357, Validation Loss(MSE): 0.07072858201960723
2024-08-24 21:40:20,830 - Validation loss decreased (0.071888 --> 0.070729).  Saving model ...
2024-08-24 21:40:21,092 - Epoch 22/100, Train Loss(MSE): 0.06273340591126018, Validation Loss(MSE): 0.06802030218144257
2024-08-24 21:40:21,093 - Validation loss decreased (0.070729 --> 0.068020).  Saving model ...
2024-08-24 21:40:21,324 - Epoch 23/100, Train Loss(MSE): 0.06093699460228284, Validation Loss(MSE): 0.06705901399254799
2024-08-24 21:40:21,324 - Validation loss decreased (0.068020 --> 0.067059).  Saving model ...
2024-08-24 21:40:21,561 - Epoch 24/100, Train Loss(MSE): 0.05926084282497565, Validation Loss(MSE): 0.06497267136971156
2024-08-24 21:40:21,562 - Validation loss decreased (0.067059 --> 0.064973).  Saving model ...
2024-08-24 21:40:21,802 - Epoch 25/100, Train Loss(MSE): 0.05773500684234831, Validation Loss(MSE): 0.06442929680148761
2024-08-24 21:40:21,802 - Validation loss decreased (0.064973 --> 0.064429).  Saving model ...
2024-08-24 21:40:22,034 - Epoch 26/100, Train Loss(MSE): 0.056199776464038426, Validation Loss(MSE): 0.06332280052204926
2024-08-24 21:40:22,035 - Validation loss decreased (0.064429 --> 0.063323).  Saving model ...
2024-08-24 21:40:22,258 - Epoch 27/100, Train Loss(MSE): 0.05493494007322523, Validation Loss(MSE): 0.06200042304893335
2024-08-24 21:40:22,259 - Validation loss decreased (0.063323 --> 0.062000).  Saving model ...
2024-08-24 21:40:22,499 - Epoch 28/100, Train Loss(MSE): 0.05360462686253919, Validation Loss(MSE): 0.06196747533977032
2024-08-24 21:40:22,500 - Validation loss decreased (0.062000 --> 0.061967).  Saving model ...
2024-08-24 21:40:22,738 - Epoch 29/100, Train Loss(MSE): 0.05245858720607228, Validation Loss(MSE): 0.059675879776477814
2024-08-24 21:40:22,738 - Validation loss decreased (0.061967 --> 0.059676).  Saving model ...
2024-08-24 21:40:22,987 - Epoch 30/100, Train Loss(MSE): 0.05159354578289721, Validation Loss(MSE): 0.059544963762164116
2024-08-24 21:40:22,987 - Validation loss decreased (0.059676 --> 0.059545).  Saving model ...
2024-08-24 21:40:23,240 - Epoch 31/100, Train Loss(MSE): 0.05043198735349708, Validation Loss(MSE): 0.05919817710916201
2024-08-24 21:40:23,240 - Validation loss decreased (0.059545 --> 0.059198).  Saving model ...
2024-08-24 21:40:23,461 - Epoch 32/100, Train Loss(MSE): 0.04934391031662623, Validation Loss(MSE): 0.05816472818454107
2024-08-24 21:40:23,461 - Validation loss decreased (0.059198 --> 0.058165).  Saving model ...
2024-08-24 21:40:23,704 - Epoch 33/100, Train Loss(MSE): 0.04851511617501577, Validation Loss(MSE): 0.057979000732302666
2024-08-24 21:40:23,704 - Validation loss decreased (0.058165 --> 0.057979).  Saving model ...
2024-08-24 21:40:23,947 - Epoch 34/100, Train Loss(MSE): 0.04773237978418668, Validation Loss(MSE): 0.05728417759140333
2024-08-24 21:40:23,947 - Validation loss decreased (0.057979 --> 0.057284).  Saving model ...
2024-08-24 21:40:24,220 - Epoch 35/100, Train Loss(MSE): 0.046954702254798676, Validation Loss(MSE): 0.056253195429841675
2024-08-24 21:40:24,220 - Validation loss decreased (0.057284 --> 0.056253).  Saving model ...
2024-08-24 21:40:24,464 - Epoch 36/100, Train Loss(MSE): 0.04621538991729419, Validation Loss(MSE): 0.05595539137721062
2024-08-24 21:40:24,465 - Validation loss decreased (0.056253 --> 0.055955).  Saving model ...
2024-08-24 21:40:24,700 - Epoch 37/100, Train Loss(MSE): 0.04555592973613077, Validation Loss(MSE): 0.05562136694788933
2024-08-24 21:40:24,700 - Validation loss decreased (0.055955 --> 0.055621).  Saving model ...
2024-08-24 21:40:24,951 - Epoch 38/100, Train Loss(MSE): 0.04481953937146399, Validation Loss(MSE): 0.05555280049641927
2024-08-24 21:40:24,951 - Validation loss decreased (0.055621 --> 0.055553).  Saving model ...
2024-08-24 21:40:25,173 - Epoch 39/100, Train Loss(MSE): 0.044157945902811156, Validation Loss(MSE): 0.05551603063941002
2024-08-24 21:40:25,174 - Validation loss decreased (0.055553 --> 0.055516).  Saving model ...
2024-08-24 21:40:25,413 - Epoch 40/100, Train Loss(MSE): 0.04355926819973522, Validation Loss(MSE): 0.05521066611011823
2024-08-24 21:40:25,413 - Validation loss decreased (0.055516 --> 0.055211).  Saving model ...
2024-08-24 21:40:25,655 - Epoch 41/100, Train Loss(MSE): 0.043021883939703305, Validation Loss(MSE): 0.05444022888938586
2024-08-24 21:40:25,655 - Validation loss decreased (0.055211 --> 0.054440).  Saving model ...
2024-08-24 21:40:25,921 - Epoch 42/100, Train Loss(MSE): 0.0424235207753049, Validation Loss(MSE): 0.05439049253861109
2024-08-24 21:40:25,921 - Validation loss decreased (0.054440 --> 0.054390).  Saving model ...
2024-08-24 21:40:26,250 - Epoch 43/100, Train Loss(MSE): 0.041958717960450385, Validation Loss(MSE): 0.05455454873541991
2024-08-24 21:40:26,250 - EarlyStopping counter: 1 out of 5
2024-08-24 21:40:26,476 - Epoch 44/100, Train Loss(MSE): 0.041549032885167335, Validation Loss(MSE): 0.05473171298702558
2024-08-24 21:40:26,476 - EarlyStopping counter: 2 out of 5
2024-08-24 21:40:26,711 - Epoch 45/100, Train Loss(MSE): 0.04122838622166051, Validation Loss(MSE): 0.05384210869669914
2024-08-24 21:40:26,711 - Validation loss decreased (0.054390 --> 0.053842).  Saving model ...
2024-08-24 21:40:26,958 - Epoch 46/100, Train Loss(MSE): 0.04080749572151237, Validation Loss(MSE): 0.0535775168488423
2024-08-24 21:40:26,959 - Validation loss decreased (0.053842 --> 0.053578).  Saving model ...
2024-08-24 21:40:27,200 - Epoch 47/100, Train Loss(MSE): 0.040385455389817554, Validation Loss(MSE): 0.05312499279777209
2024-08-24 21:40:27,201 - Validation loss decreased (0.053578 --> 0.053125).  Saving model ...
2024-08-24 21:40:27,438 - Epoch 48/100, Train Loss(MSE): 0.03983911280002859, Validation Loss(MSE): 0.0532796923071146
2024-08-24 21:40:27,439 - EarlyStopping counter: 1 out of 5
2024-08-24 21:40:27,657 - Epoch 49/100, Train Loss(MSE): 0.039561500772833824, Validation Loss(MSE): 0.05305710000296434
2024-08-24 21:40:27,657 - Validation loss decreased (0.053125 --> 0.053057).  Saving model ...
2024-08-24 21:40:27,910 - Epoch 50/100, Train Loss(MSE): 0.03900647873265876, Validation Loss(MSE): 0.053580104683836303
2024-08-24 21:40:27,910 - EarlyStopping counter: 1 out of 5
2024-08-24 21:40:28,129 - Epoch 51/100, Train Loss(MSE): 0.038911536087592444, Validation Loss(MSE): 0.0529672826329867
2024-08-24 21:40:28,129 - Validation loss decreased (0.053057 --> 0.052967).  Saving model ...
2024-08-24 21:40:28,404 - Epoch 52/100, Train Loss(MSE): 0.038481192042430244, Validation Loss(MSE): 0.053306259835759796
2024-08-24 21:40:28,404 - EarlyStopping counter: 1 out of 5
2024-08-24 21:40:28,648 - Epoch 53/100, Train Loss(MSE): 0.03822705965075228, Validation Loss(MSE): 0.053187266613046326
2024-08-24 21:40:28,648 - EarlyStopping counter: 2 out of 5
2024-08-24 21:40:28,897 - Epoch 54/100, Train Loss(MSE): 0.03784984497146474, Validation Loss(MSE): 0.05286938200394312
2024-08-24 21:40:28,897 - Validation loss decreased (0.052967 --> 0.052869).  Saving model ...
2024-08-24 21:40:29,138 - Epoch 55/100, Train Loss(MSE): 0.037594239910443625, Validation Loss(MSE): 0.052747893457611404
2024-08-24 21:40:29,138 - Validation loss decreased (0.052869 --> 0.052748).  Saving model ...
2024-08-24 21:40:29,376 - Epoch 56/100, Train Loss(MSE): 0.03734835051000118, Validation Loss(MSE): 0.0542887132614851
2024-08-24 21:40:29,376 - EarlyStopping counter: 1 out of 5
2024-08-24 21:40:29,602 - Epoch 57/100, Train Loss(MSE): 0.03705680949820413, Validation Loss(MSE): 0.052343580250938736
2024-08-24 21:40:29,602 - Validation loss decreased (0.052748 --> 0.052344).  Saving model ...
2024-08-24 21:40:29,865 - Epoch 58/100, Train Loss(MSE): 0.03694272624949614, Validation Loss(MSE): 0.0527783657113711
2024-08-24 21:40:29,866 - EarlyStopping counter: 1 out of 5
2024-08-24 21:40:30,083 - Epoch 59/100, Train Loss(MSE): 0.03655772345761458, Validation Loss(MSE): 0.05214830425878366
2024-08-24 21:40:30,083 - Validation loss decreased (0.052344 --> 0.052148).  Saving model ...
2024-08-24 21:40:30,329 - Epoch 60/100, Train Loss(MSE): 0.03642110899090767, Validation Loss(MSE): 0.05337803935011228
2024-08-24 21:40:30,329 - EarlyStopping counter: 1 out of 5
2024-08-24 21:40:30,556 - Epoch 61/100, Train Loss(MSE): 0.03608170126875242, Validation Loss(MSE): 0.054812789584199585
2024-08-24 21:40:30,556 - EarlyStopping counter: 2 out of 5
2024-08-24 21:40:30,798 - Epoch 62/100, Train Loss(MSE): 0.0361111512614621, Validation Loss(MSE): 0.052883146330714226
2024-08-24 21:40:30,798 - EarlyStopping counter: 3 out of 5
2024-08-24 21:40:31,030 - Epoch 63/100, Train Loss(MSE): 0.035830989397234385, Validation Loss(MSE): 0.05323556003471216
2024-08-24 21:40:31,030 - EarlyStopping counter: 4 out of 5
2024-08-24 21:40:31,266 - Epoch 64/100, Train Loss(MSE): 0.035741039489706354, Validation Loss(MSE): 0.053158030534784
2024-08-24 21:40:31,267 - EarlyStopping counter: 5 out of 5
2024-08-24 21:40:31,267 - Early stopping
2024-08-24 21:40:31,277 - Test Loss(MSE): 0.0638035840044419
2024-08-24 21:40:31,284 - Model saved to D:\PythonProject\scorpioMock\MPDLinear\checkpoint\MPDLinear_Model_20240824-214031_bs32_seq30_enc24_pred_len10_individualTrue_checkpoint.pth
2024-08-24 21:40:31,291 - Test Loss (Original Scale) MSE: 7.8876366179155815
