2024-08-28 15:34:30,535 - Epoch 1/100, Train Loss(MSE): 0.9674757265526316, Validation Loss(MSE): 0.8314179480075836
2024-08-28 15:34:30,536 - Validation loss decreased for the first time. Saving model ...
2024-08-28 15:34:30,748 - Epoch 2/100, Train Loss(MSE): 0.8811961010746334, Validation Loss(MSE): 0.7619866828123728
2024-08-28 15:34:30,749 - Validation loss decreased (0.831418 --> 0.761987).  Saving model ...
2024-08-28 15:34:30,956 - Epoch 3/100, Train Loss(MSE): 0.8107640237911887, Validation Loss(MSE): 0.7031720081965128
2024-08-28 15:34:30,956 - Validation loss decreased (0.761987 --> 0.703172).  Saving model ...
2024-08-28 15:34:31,169 - Epoch 4/100, Train Loss(MSE): 0.7537855324537858, Validation Loss(MSE): 0.6526583731174469
2024-08-28 15:34:31,170 - Validation loss decreased (0.703172 --> 0.652658).  Saving model ...
2024-08-28 15:34:31,395 - Epoch 5/100, Train Loss(MSE): 0.7020663327496984, Validation Loss(MSE): 0.6083257794380188
2024-08-28 15:34:31,396 - Validation loss decreased (0.652658 --> 0.608326).  Saving model ...
2024-08-28 15:34:31,619 - Epoch 6/100, Train Loss(MSE): 0.6540074795484543, Validation Loss(MSE): 0.5686047573884329
2024-08-28 15:34:31,619 - Validation loss decreased (0.608326 --> 0.568605).  Saving model ...
2024-08-28 15:34:31,841 - Epoch 7/100, Train Loss(MSE): 0.6101093920676605, Validation Loss(MSE): 0.5328658521175385
2024-08-28 15:34:31,841 - Validation loss decreased (0.568605 --> 0.532866).  Saving model ...
2024-08-28 15:34:32,040 - Epoch 8/100, Train Loss(MSE): 0.5709426150373791, Validation Loss(MSE): 0.49957457184791565
2024-08-28 15:34:32,040 - Validation loss decreased (0.532866 --> 0.499575).  Saving model ...
2024-08-28 15:34:32,250 - Epoch 9/100, Train Loss(MSE): 0.540365708263024, Validation Loss(MSE): 0.46978681286176044
2024-08-28 15:34:32,251 - Validation loss decreased (0.499575 --> 0.469787).  Saving model ...
2024-08-28 15:34:32,469 - Epoch 10/100, Train Loss(MSE): 0.5077933273885561, Validation Loss(MSE): 0.4421477218468984
2024-08-28 15:34:32,469 - Validation loss decreased (0.469787 --> 0.442148).  Saving model ...
2024-08-28 15:34:32,678 - Epoch 11/100, Train Loss(MSE): 0.4828766519608705, Validation Loss(MSE): 0.4173327336708705
2024-08-28 15:34:32,678 - Validation loss decreased (0.442148 --> 0.417333).  Saving model ...
2024-08-28 15:34:32,880 - Epoch 12/100, Train Loss(MSE): 0.4577160121306129, Validation Loss(MSE): 0.3936703950166702
2024-08-28 15:34:32,880 - Validation loss decreased (0.417333 --> 0.393670).  Saving model ...
2024-08-28 15:34:33,089 - Epoch 13/100, Train Loss(MSE): 0.4330949414035548, Validation Loss(MSE): 0.3720482736825943
2024-08-28 15:34:33,089 - Validation loss decreased (0.393670 --> 0.372048).  Saving model ...
2024-08-28 15:34:33,292 - Epoch 14/100, Train Loss(MSE): 0.41256455882735876, Validation Loss(MSE): 0.35233605404694873
2024-08-28 15:34:33,292 - Validation loss decreased (0.372048 --> 0.352336).  Saving model ...
2024-08-28 15:34:33,512 - Epoch 15/100, Train Loss(MSE): 0.3899137565623159, Validation Loss(MSE): 0.33453650772571564
2024-08-28 15:34:33,512 - Validation loss decreased (0.352336 --> 0.334537).  Saving model ...
2024-08-28 15:34:33,724 - Epoch 16/100, Train Loss(MSE): 0.3720537618450496, Validation Loss(MSE): 0.31803421676158905
2024-08-28 15:34:33,724 - Validation loss decreased (0.334537 --> 0.318034).  Saving model ...
2024-08-28 15:34:33,938 - Epoch 17/100, Train Loss(MSE): 0.3553611937424411, Validation Loss(MSE): 0.30256742238998413
2024-08-28 15:34:33,938 - Validation loss decreased (0.318034 --> 0.302567).  Saving model ...
2024-08-28 15:34:34,161 - Epoch 18/100, Train Loss(MSE): 0.3383003061880236, Validation Loss(MSE): 0.28845471640427905
2024-08-28 15:34:34,161 - Validation loss decreased (0.302567 --> 0.288455).  Saving model ...
2024-08-28 15:34:34,367 - Epoch 19/100, Train Loss(MSE): 0.3237452364486197, Validation Loss(MSE): 0.2753356918692589
2024-08-28 15:34:34,367 - Validation loss decreased (0.288455 --> 0.275336).  Saving model ...
2024-08-28 15:34:34,572 - Epoch 20/100, Train Loss(MSE): 0.31023200763308484, Validation Loss(MSE): 0.26380908240874607
2024-08-28 15:34:34,573 - Validation loss decreased (0.275336 --> 0.263809).  Saving model ...
2024-08-28 15:34:34,801 - Epoch 21/100, Train Loss(MSE): 0.2983279309195021, Validation Loss(MSE): 0.253136212627093
2024-08-28 15:34:34,801 - Validation loss decreased (0.263809 --> 0.253136).  Saving model ...
2024-08-28 15:34:35,006 - Epoch 22/100, Train Loss(MSE): 0.28677878366864246, Validation Loss(MSE): 0.24264533817768097
2024-08-28 15:34:35,006 - Validation loss decreased (0.253136 --> 0.242645).  Saving model ...
2024-08-28 15:34:35,210 - Epoch 23/100, Train Loss(MSE): 0.27690583337908203, Validation Loss(MSE): 0.23361094544331232
2024-08-28 15:34:35,210 - Validation loss decreased (0.242645 --> 0.233611).  Saving model ...
2024-08-28 15:34:35,430 - Epoch 24/100, Train Loss(MSE): 0.2663246581087942, Validation Loss(MSE): 0.22507486244042715
2024-08-28 15:34:35,430 - Validation loss decreased (0.233611 --> 0.225075).  Saving model ...
2024-08-28 15:34:35,661 - Epoch 25/100, Train Loss(MSE): 0.25758612900972366, Validation Loss(MSE): 0.2172518620888392
2024-08-28 15:34:35,662 - Validation loss decreased (0.225075 --> 0.217252).  Saving model ...
2024-08-28 15:34:35,876 - Epoch 26/100, Train Loss(MSE): 0.249163869606412, Validation Loss(MSE): 0.20993570983409882
2024-08-28 15:34:35,876 - Validation loss decreased (0.217252 --> 0.209936).  Saving model ...
2024-08-28 15:34:36,094 - Epoch 27/100, Train Loss(MSE): 0.23916434966351674, Validation Loss(MSE): 0.20355002830425897
2024-08-28 15:34:36,094 - Validation loss decreased (0.209936 --> 0.203550).  Saving model ...
2024-08-28 15:34:36,302 - Epoch 28/100, Train Loss(MSE): 0.23162279278039932, Validation Loss(MSE): 0.19710420072078705
2024-08-28 15:34:36,302 - Validation loss decreased (0.203550 --> 0.197104).  Saving model ...
2024-08-28 15:34:36,510 - Epoch 29/100, Train Loss(MSE): 0.2241985185638718, Validation Loss(MSE): 0.19138363003730774
2024-08-28 15:34:36,510 - Validation loss decreased (0.197104 --> 0.191384).  Saving model ...
2024-08-28 15:34:36,730 - Epoch 30/100, Train Loss(MSE): 0.21850932195134784, Validation Loss(MSE): 0.18658741315205893
2024-08-28 15:34:36,730 - Validation loss decreased (0.191384 --> 0.186587).  Saving model ...
2024-08-28 15:34:36,971 - Epoch 31/100, Train Loss(MSE): 0.21014221935816432, Validation Loss(MSE): 0.18144677579402924
2024-08-28 15:34:36,971 - Validation loss decreased (0.186587 --> 0.181447).  Saving model ...
2024-08-28 15:34:37,169 - Epoch 32/100, Train Loss(MSE): 0.2043900300303231, Validation Loss(MSE): 0.17707326511542001
2024-08-28 15:34:37,169 - Validation loss decreased (0.181447 --> 0.177073).  Saving model ...
2024-08-28 15:34:37,403 - Epoch 33/100, Train Loss(MSE): 0.19958566809478012, Validation Loss(MSE): 0.17286433527866998
2024-08-28 15:34:37,403 - Validation loss decreased (0.177073 --> 0.172864).  Saving model ...
2024-08-28 15:34:37,611 - Epoch 34/100, Train Loss(MSE): 0.19361067449916963, Validation Loss(MSE): 0.16924487302700678
2024-08-28 15:34:37,611 - Validation loss decreased (0.172864 --> 0.169245).  Saving model ...
2024-08-28 15:34:37,810 - Epoch 35/100, Train Loss(MSE): 0.18810832613836165, Validation Loss(MSE): 0.16582933316628137
2024-08-28 15:34:37,810 - Validation loss decreased (0.169245 --> 0.165829).  Saving model ...
2024-08-28 15:34:38,026 - Epoch 36/100, Train Loss(MSE): 0.1835961494108905, Validation Loss(MSE): 0.16241992513338724
2024-08-28 15:34:38,026 - Validation loss decreased (0.165829 --> 0.162420).  Saving model ...
2024-08-28 15:34:38,236 - Epoch 37/100, Train Loss(MSE): 0.1794363080483416, Validation Loss(MSE): 0.15954512109359106
2024-08-28 15:34:38,237 - Validation loss decreased (0.162420 --> 0.159545).  Saving model ...
2024-08-28 15:34:38,472 - Epoch 38/100, Train Loss(MSE): 0.17627155343475548, Validation Loss(MSE): 0.1568607563773791
2024-08-28 15:34:38,472 - Validation loss decreased (0.159545 --> 0.156861).  Saving model ...
2024-08-28 15:34:38,665 - Epoch 39/100, Train Loss(MSE): 0.17298978048822153, Validation Loss(MSE): 0.15439941734075546
2024-08-28 15:34:38,665 - Validation loss decreased (0.156861 --> 0.154399).  Saving model ...
2024-08-28 15:34:38,872 - Epoch 40/100, Train Loss(MSE): 0.16760840785244238, Validation Loss(MSE): 0.15185833474000296
2024-08-28 15:34:38,872 - Validation loss decreased (0.154399 --> 0.151858).  Saving model ...
2024-08-28 15:34:39,086 - Epoch 41/100, Train Loss(MSE): 0.16359129531875902, Validation Loss(MSE): 0.14959989984830221
2024-08-28 15:34:39,086 - Validation loss decreased (0.151858 --> 0.149600).  Saving model ...
2024-08-28 15:34:39,287 - Epoch 42/100, Train Loss(MSE): 0.15996335884151253, Validation Loss(MSE): 0.1474271056552728
2024-08-28 15:34:39,287 - Validation loss decreased (0.149600 --> 0.147427).  Saving model ...
2024-08-28 15:34:39,498 - Epoch 43/100, Train Loss(MSE): 0.15704299379949985, Validation Loss(MSE): 0.14561962087949118
2024-08-28 15:34:39,498 - Validation loss decreased (0.147427 --> 0.145620).  Saving model ...
2024-08-28 15:34:39,691 - Epoch 44/100, Train Loss(MSE): 0.15402458268015282, Validation Loss(MSE): 0.14365031446019808
2024-08-28 15:34:39,691 - Validation loss decreased (0.145620 --> 0.143650).  Saving model ...
2024-08-28 15:34:39,905 - Epoch 45/100, Train Loss(MSE): 0.15083319467046988, Validation Loss(MSE): 0.14223300789793333
2024-08-28 15:34:39,906 - Validation loss decreased (0.143650 --> 0.142233).  Saving model ...
2024-08-28 15:34:40,112 - Epoch 46/100, Train Loss(MSE): 0.14762332922090654, Validation Loss(MSE): 0.14055456345280012
2024-08-28 15:34:40,113 - Validation loss decreased (0.142233 --> 0.140555).  Saving model ...
2024-08-28 15:34:40,330 - Epoch 47/100, Train Loss(MSE): 0.1445761033050392, Validation Loss(MSE): 0.13899671037991843
2024-08-28 15:34:40,330 - Validation loss decreased (0.140555 --> 0.138997).  Saving model ...
2024-08-28 15:34:40,564 - Epoch 48/100, Train Loss(MSE): 0.14346075867829117, Validation Loss(MSE): 0.13788395623366037
2024-08-28 15:34:40,565 - Validation loss decreased (0.138997 --> 0.137884).  Saving model ...
2024-08-28 15:34:40,772 - Epoch 49/100, Train Loss(MSE): 0.14108265952571578, Validation Loss(MSE): 0.1362811786433061
2024-08-28 15:34:40,772 - Validation loss decreased (0.137884 --> 0.136281).  Saving model ...
2024-08-28 15:34:40,995 - Epoch 50/100, Train Loss(MSE): 0.13837024650495985, Validation Loss(MSE): 0.1349610723555088
2024-08-28 15:34:40,995 - Validation loss decreased (0.136281 --> 0.134961).  Saving model ...
2024-08-28 15:34:41,207 - Epoch 51/100, Train Loss(MSE): 0.13535453379154205, Validation Loss(MSE): 0.13391181329886118
2024-08-28 15:34:41,207 - Validation loss decreased (0.134961 --> 0.133912).  Saving model ...
2024-08-28 15:34:41,432 - Epoch 52/100, Train Loss(MSE): 0.13325317835678224, Validation Loss(MSE): 0.13286528860529265
2024-08-28 15:34:41,433 - Validation loss decreased (0.133912 --> 0.132865).  Saving model ...
2024-08-28 15:34:41,643 - Epoch 53/100, Train Loss(MSE): 0.13167634444392246, Validation Loss(MSE): 0.13160194580753645
2024-08-28 15:34:41,643 - Validation loss decreased (0.132865 --> 0.131602).  Saving model ...
2024-08-28 15:34:41,870 - Epoch 54/100, Train Loss(MSE): 0.12876107300753178, Validation Loss(MSE): 0.13055336102843285
2024-08-28 15:34:41,870 - Validation loss decreased (0.131602 --> 0.130553).  Saving model ...
2024-08-28 15:34:42,082 - Epoch 55/100, Train Loss(MSE): 0.12762582188715105, Validation Loss(MSE): 0.12960465624928474
2024-08-28 15:34:42,082 - Validation loss decreased (0.130553 --> 0.129605).  Saving model ...
2024-08-28 15:34:42,301 - Epoch 56/100, Train Loss(MSE): 0.12521673706562622, Validation Loss(MSE): 0.12868188818295798
2024-08-28 15:34:42,301 - Validation loss decreased (0.129605 --> 0.128682).  Saving model ...
2024-08-28 15:34:42,512 - Epoch 57/100, Train Loss(MSE): 0.12505981050755666, Validation Loss(MSE): 0.12785091747840246
2024-08-28 15:34:42,512 - Validation loss decreased (0.128682 --> 0.127851).  Saving model ...
2024-08-28 15:34:42,718 - Epoch 58/100, Train Loss(MSE): 0.12211768272454324, Validation Loss(MSE): 0.12729734989504018
2024-08-28 15:34:42,718 - Validation loss decreased (0.127851 --> 0.127297).  Saving model ...
2024-08-28 15:34:42,942 - Epoch 59/100, Train Loss(MSE): 0.12253023959372354, Validation Loss(MSE): 0.12651340228815874
2024-08-28 15:34:42,943 - Validation loss decreased (0.127297 --> 0.126513).  Saving model ...
2024-08-28 15:34:43,147 - Epoch 60/100, Train Loss(MSE): 0.11972206588024678, Validation Loss(MSE): 0.12549639120697975
2024-08-28 15:34:43,148 - Validation loss decreased (0.126513 --> 0.125496).  Saving model ...
2024-08-28 15:34:43,368 - Epoch 61/100, Train Loss(MSE): 0.11750692372088847, Validation Loss(MSE): 0.12454751878976822
2024-08-28 15:34:43,368 - Validation loss decreased (0.125496 --> 0.124548).  Saving model ...
2024-08-28 15:34:43,579 - Epoch 62/100, Train Loss(MSE): 0.11569660561888115, Validation Loss(MSE): 0.12441224604845047
2024-08-28 15:34:43,579 - Validation loss decreased (0.124548 --> 0.124412).  Saving model ...
2024-08-28 15:34:43,806 - Epoch 63/100, Train Loss(MSE): 0.11381377061100109, Validation Loss(MSE): 0.12328871960441272
2024-08-28 15:34:43,807 - Validation loss decreased (0.124412 --> 0.123289).  Saving model ...
2024-08-28 15:34:44,015 - Epoch 64/100, Train Loss(MSE): 0.11330284081075502, Validation Loss(MSE): 0.12307688842217128
2024-08-28 15:34:44,015 - Validation loss decreased (0.123289 --> 0.123077).  Saving model ...
2024-08-28 15:34:44,238 - Epoch 65/100, Train Loss(MSE): 0.11160968997232291, Validation Loss(MSE): 0.12236912610630195
2024-08-28 15:34:44,238 - Validation loss decreased (0.123077 --> 0.122369).  Saving model ...
2024-08-28 15:34:44,449 - Epoch 66/100, Train Loss(MSE): 0.1126864937984425, Validation Loss(MSE): 0.12147533210615317
2024-08-28 15:34:44,449 - Validation loss decreased (0.122369 --> 0.121475).  Saving model ...
2024-08-28 15:34:44,674 - Epoch 67/100, Train Loss(MSE): 0.10896869084757307, Validation Loss(MSE): 0.1212318812807401
2024-08-28 15:34:44,674 - Validation loss decreased (0.121475 --> 0.121232).  Saving model ...
2024-08-28 15:34:44,921 - Epoch 68/100, Train Loss(MSE): 0.1082429647769617, Validation Loss(MSE): 0.12085618699590366
2024-08-28 15:34:44,921 - Validation loss decreased (0.121232 --> 0.120856).  Saving model ...
2024-08-28 15:34:45,125 - Epoch 69/100, Train Loss(MSE): 0.10663184102462686, Validation Loss(MSE): 0.12019716575741768
2024-08-28 15:34:45,125 - Validation loss decreased (0.120856 --> 0.120197).  Saving model ...
2024-08-28 15:34:45,330 - Epoch 70/100, Train Loss(MSE): 0.10679250291508177, Validation Loss(MSE): 0.11976787199576695
2024-08-28 15:34:45,330 - Validation loss decreased (0.120197 --> 0.119768).  Saving model ...
2024-08-28 15:34:45,554 - Epoch 71/100, Train Loss(MSE): 0.10470451908591001, Validation Loss(MSE): 0.11919106853504975
2024-08-28 15:34:45,554 - Validation loss decreased (0.119768 --> 0.119191).  Saving model ...
2024-08-28 15:34:45,756 - Epoch 72/100, Train Loss(MSE): 0.1042987786071456, Validation Loss(MSE): 0.11806502752006054
2024-08-28 15:34:45,756 - Validation loss decreased (0.119191 --> 0.118065).  Saving model ...
2024-08-28 15:34:45,969 - Epoch 73/100, Train Loss(MSE): 0.10294488120986067, Validation Loss(MSE): 0.11825749278068542
2024-08-28 15:34:45,969 - EarlyStopping counter: 1 out of 5
2024-08-28 15:34:46,179 - Epoch 74/100, Train Loss(MSE): 0.10229638170288957, Validation Loss(MSE): 0.11732410515348117
2024-08-28 15:34:46,180 - Validation loss decreased (0.118065 --> 0.117324).  Saving model ...
2024-08-28 15:34:46,399 - Epoch 75/100, Train Loss(MSE): 0.1011169820861972, Validation Loss(MSE): 0.11741907522082329
2024-08-28 15:34:46,399 - EarlyStopping counter: 1 out of 5
2024-08-28 15:34:46,622 - Epoch 76/100, Train Loss(MSE): 0.10043138864895572, Validation Loss(MSE): 0.11679602724810441
2024-08-28 15:34:46,622 - Validation loss decreased (0.117324 --> 0.116796).  Saving model ...
2024-08-28 15:34:46,829 - Epoch 77/100, Train Loss(MSE): 0.09953547738816428, Validation Loss(MSE): 0.11606482105950515
2024-08-28 15:34:46,829 - Validation loss decreased (0.116796 --> 0.116065).  Saving model ...
2024-08-28 15:34:47,034 - Epoch 78/100, Train Loss(MSE): 0.09910066927904668, Validation Loss(MSE): 0.11572725760440032
2024-08-28 15:34:47,035 - Validation loss decreased (0.116065 --> 0.115727).  Saving model ...
2024-08-28 15:34:47,258 - Epoch 79/100, Train Loss(MSE): 0.09832102562422337, Validation Loss(MSE): 0.11529726100464661
2024-08-28 15:34:47,258 - Validation loss decreased (0.115727 --> 0.115297).  Saving model ...
2024-08-28 15:34:47,483 - Epoch 80/100, Train Loss(MSE): 0.09805958750455276, Validation Loss(MSE): 0.11504969870050748
2024-08-28 15:34:47,483 - Validation loss decreased (0.115297 --> 0.115050).  Saving model ...
2024-08-28 15:34:47,690 - Epoch 81/100, Train Loss(MSE): 0.09665006358662377, Validation Loss(MSE): 0.11441550590097904
2024-08-28 15:34:47,690 - Validation loss decreased (0.115050 --> 0.114416).  Saving model ...
2024-08-28 15:34:47,910 - Epoch 82/100, Train Loss(MSE): 0.0958955684757751, Validation Loss(MSE): 0.11415186524391174
2024-08-28 15:34:47,910 - Validation loss decreased (0.114416 --> 0.114152).  Saving model ...
2024-08-28 15:34:48,128 - Epoch 83/100, Train Loss(MSE): 0.09666143301064553, Validation Loss(MSE): 0.11380802653729916
2024-08-28 15:34:48,128 - Validation loss decreased (0.114152 --> 0.113808).  Saving model ...
2024-08-28 15:34:48,361 - Epoch 84/100, Train Loss(MSE): 0.09452950760074284, Validation Loss(MSE): 0.11381347849965096
2024-08-28 15:34:48,361 - EarlyStopping counter: 1 out of 5
2024-08-28 15:34:48,573 - Epoch 85/100, Train Loss(MSE): 0.0937732437868481, Validation Loss(MSE): 0.11313985474407673
2024-08-28 15:34:48,574 - Validation loss decreased (0.113808 --> 0.113140).  Saving model ...
2024-08-28 15:34:48,786 - Epoch 86/100, Train Loss(MSE): 0.0935115947023682, Validation Loss(MSE): 0.11296015232801437
2024-08-28 15:34:48,786 - Validation loss decreased (0.113140 --> 0.112960).  Saving model ...
2024-08-28 15:34:49,048 - Epoch 87/100, Train Loss(MSE): 0.09274800972122213, Validation Loss(MSE): 0.11267807645102342
2024-08-28 15:34:49,048 - Validation loss decreased (0.112960 --> 0.112678).  Saving model ...
2024-08-28 15:34:49,264 - Epoch 88/100, Train Loss(MSE): 0.0926456424691107, Validation Loss(MSE): 0.11207765775422256
2024-08-28 15:34:49,265 - Validation loss decreased (0.112678 --> 0.112078).  Saving model ...
2024-08-28 15:34:49,492 - Epoch 89/100, Train Loss(MSE): 0.09219668951371442, Validation Loss(MSE): 0.11181864825387795
2024-08-28 15:34:49,492 - Validation loss decreased (0.112078 --> 0.111819).  Saving model ...
2024-08-28 15:34:49,696 - Epoch 90/100, Train Loss(MSE): 0.09208246935968814, Validation Loss(MSE): 0.11170049508412679
2024-08-28 15:34:49,696 - Validation loss decreased (0.111819 --> 0.111700).  Saving model ...
2024-08-28 15:34:49,920 - Epoch 91/100, Train Loss(MSE): 0.09069448377451171, Validation Loss(MSE): 0.11157755802075069
2024-08-28 15:34:49,920 - Validation loss decreased (0.111700 --> 0.111578).  Saving model ...
2024-08-28 15:34:50,142 - Epoch 92/100, Train Loss(MSE): 0.09055077300771423, Validation Loss(MSE): 0.11115548262993495
2024-08-28 15:34:50,143 - Validation loss decreased (0.111578 --> 0.111155).  Saving model ...
2024-08-28 15:34:50,371 - Epoch 93/100, Train Loss(MSE): 0.09108204507957333, Validation Loss(MSE): 0.11066781356930733
2024-08-28 15:34:50,371 - Validation loss decreased (0.111155 --> 0.110668).  Saving model ...
2024-08-28 15:34:50,595 - Epoch 94/100, Train Loss(MSE): 0.08964731981572897, Validation Loss(MSE): 0.11027955388029416
2024-08-28 15:34:50,595 - Validation loss decreased (0.110668 --> 0.110280).  Saving model ...
2024-08-28 15:34:50,830 - Epoch 95/100, Train Loss(MSE): 0.08916233309909054, Validation Loss(MSE): 0.10984929588933785
2024-08-28 15:34:50,830 - Validation loss decreased (0.110280 --> 0.109849).  Saving model ...
2024-08-28 15:34:51,057 - Epoch 96/100, Train Loss(MSE): 0.08872414032078307, Validation Loss(MSE): 0.11023399295906226
2024-08-28 15:34:51,057 - EarlyStopping counter: 1 out of 5
2024-08-28 15:34:51,267 - Epoch 97/100, Train Loss(MSE): 0.08850431709509829, Validation Loss(MSE): 0.10985259587566058
2024-08-28 15:34:51,267 - EarlyStopping counter: 2 out of 5
2024-08-28 15:34:51,476 - Epoch 98/100, Train Loss(MSE): 0.08873337361475696, Validation Loss(MSE): 0.10950148105621338
2024-08-28 15:34:51,476 - Validation loss decreased (0.109849 --> 0.109501).  Saving model ...
2024-08-28 15:34:51,700 - Epoch 99/100, Train Loss(MSE): 0.08787300664445628, Validation Loss(MSE): 0.108737051486969
2024-08-28 15:34:51,700 - Validation loss decreased (0.109501 --> 0.108737).  Saving model ...
2024-08-28 15:34:51,921 - Epoch 100/100, Train Loss(MSE): 0.0880281962454319, Validation Loss(MSE): 0.10901884796718757
2024-08-28 15:34:51,921 - EarlyStopping counter: 1 out of 5
2024-08-28 15:34:51,921 - —µ¡∑ 100 ¥Œepoch£¨—µ¡∑ ±≥§: 21.60173797607422 √Î
2024-08-28 15:34:51,930 - Test Loss(MSE): 0.09670561986664931
2024-08-28 15:34:51,932 - Model saved to D:\PythonProject\scorpioMock\MPDLinear\checkpoint\MPDLinear_20240828-153451_bs32_seq7_enc24_pred_len10_individualTrue_checkpoint.pth
2024-08-28 15:34:51,939 - Test Loss (Original Scale) MSE: 12.027436939596413
