2024-08-26 22:05:34,563 - Epoch 1/100, Train Loss(MSE): 0.9280384287729369, Validation Loss(MSE): 0.7431999444961548
2024-08-26 22:05:34,564 - Validation loss decreased for the first time. Saving model ...
2024-08-26 22:05:34,982 - Epoch 2/100, Train Loss(MSE): 0.7953545595263387, Validation Loss(MSE): 0.6413833722472191
2024-08-26 22:05:34,986 - Validation loss decreased (0.743200 --> 0.641383).  Saving model ...
2024-08-26 22:05:35,423 - Epoch 3/100, Train Loss(MSE): 0.6940383413335779, Validation Loss(MSE): 0.5614724506934484
2024-08-26 22:05:35,424 - Validation loss decreased (0.641383 --> 0.561472).  Saving model ...
2024-08-26 22:05:35,834 - Epoch 4/100, Train Loss(MSE): 0.6132504717334286, Validation Loss(MSE): 0.49750327070554096
2024-08-26 22:05:35,834 - Validation loss decreased (0.561472 --> 0.497503).  Saving model ...
2024-08-26 22:05:36,250 - Epoch 5/100, Train Loss(MSE): 0.5474254521694812, Validation Loss(MSE): 0.4432695060968399
2024-08-26 22:05:36,250 - Validation loss decreased (0.497503 --> 0.443270).  Saving model ...
2024-08-26 22:05:36,659 - Epoch 6/100, Train Loss(MSE): 0.4932299303811985, Validation Loss(MSE): 0.3972242499391238
2024-08-26 22:05:36,659 - Validation loss decreased (0.443270 --> 0.397224).  Saving model ...
2024-08-26 22:05:37,088 - Epoch 7/100, Train Loss(MSE): 0.44706821343400976, Validation Loss(MSE): 0.3577608789006869
2024-08-26 22:05:37,088 - Validation loss decreased (0.397224 --> 0.357761).  Saving model ...
2024-08-26 22:05:37,506 - Epoch 8/100, Train Loss(MSE): 0.406952556672987, Validation Loss(MSE): 0.32384970660010975
2024-08-26 22:05:37,506 - Validation loss decreased (0.357761 --> 0.323850).  Saving model ...
2024-08-26 22:05:37,934 - Epoch 9/100, Train Loss(MSE): 0.37212073933947215, Validation Loss(MSE): 0.2949030560751756
2024-08-26 22:05:37,934 - Validation loss decreased (0.323850 --> 0.294903).  Saving model ...
2024-08-26 22:05:38,347 - Epoch 10/100, Train Loss(MSE): 0.34150863741780374, Validation Loss(MSE): 0.26975037530064583
2024-08-26 22:05:38,347 - Validation loss decreased (0.294903 --> 0.269750).  Saving model ...
2024-08-26 22:05:38,742 - Epoch 11/100, Train Loss(MSE): 0.3153164968058303, Validation Loss(MSE): 0.24803627406557402
2024-08-26 22:05:38,742 - Validation loss decreased (0.269750 --> 0.248036).  Saving model ...
2024-08-26 22:05:39,168 - Epoch 12/100, Train Loss(MSE): 0.2921804793915906, Validation Loss(MSE): 0.22953440994024277
2024-08-26 22:05:39,168 - Validation loss decreased (0.248036 --> 0.229534).  Saving model ...
2024-08-26 22:05:39,584 - Epoch 13/100, Train Loss(MSE): 0.2718884185939045, Validation Loss(MSE): 0.21416926011443138
2024-08-26 22:05:39,584 - Validation loss decreased (0.229534 --> 0.214169).  Saving model ...
2024-08-26 22:05:39,987 - Epoch 14/100, Train Loss(MSE): 0.2537714050530077, Validation Loss(MSE): 0.20059437366823354
2024-08-26 22:05:39,987 - Validation loss decreased (0.214169 --> 0.200594).  Saving model ...
2024-08-26 22:05:40,398 - Epoch 15/100, Train Loss(MSE): 0.2382258489564225, Validation Loss(MSE): 0.18916540841261545
2024-08-26 22:05:40,398 - Validation loss decreased (0.200594 --> 0.189165).  Saving model ...
2024-08-26 22:05:40,808 - Epoch 16/100, Train Loss(MSE): 0.22391902033116792, Validation Loss(MSE): 0.17979978087047735
2024-08-26 22:05:40,809 - Validation loss decreased (0.189165 --> 0.179800).  Saving model ...
2024-08-26 22:05:41,221 - Epoch 17/100, Train Loss(MSE): 0.2115032718731807, Validation Loss(MSE): 0.17143261432647705
2024-08-26 22:05:41,221 - Validation loss decreased (0.179800 --> 0.171433).  Saving model ...
2024-08-26 22:05:41,622 - Epoch 18/100, Train Loss(MSE): 0.20045584178232884, Validation Loss(MSE): 0.16434080029527345
2024-08-26 22:05:41,622 - Validation loss decreased (0.171433 --> 0.164341).  Saving model ...
2024-08-26 22:05:42,036 - Epoch 19/100, Train Loss(MSE): 0.19030951675805416, Validation Loss(MSE): 0.15811683237552643
2024-08-26 22:05:42,036 - Validation loss decreased (0.164341 --> 0.158117).  Saving model ...
2024-08-26 22:05:42,448 - Epoch 20/100, Train Loss(MSE): 0.1815149499983578, Validation Loss(MSE): 0.15290156503518423
2024-08-26 22:05:42,448 - Validation loss decreased (0.158117 --> 0.152902).  Saving model ...
2024-08-26 22:05:42,849 - Epoch 21/100, Train Loss(MSE): 0.17323585296725177, Validation Loss(MSE): 0.148543918505311
2024-08-26 22:05:42,849 - Validation loss decreased (0.152902 --> 0.148544).  Saving model ...
2024-08-26 22:05:43,243 - Epoch 22/100, Train Loss(MSE): 0.16613902585519538, Validation Loss(MSE): 0.14464023212591806
2024-08-26 22:05:43,244 - Validation loss decreased (0.148544 --> 0.144640).  Saving model ...
2024-08-26 22:05:43,685 - Epoch 23/100, Train Loss(MSE): 0.1594816484785342, Validation Loss(MSE): 0.1413513987014691
2024-08-26 22:05:43,686 - Validation loss decreased (0.144640 --> 0.141351).  Saving model ...
2024-08-26 22:05:44,106 - Epoch 24/100, Train Loss(MSE): 0.15351125794452625, Validation Loss(MSE): 0.13830105339487395
2024-08-26 22:05:44,106 - Validation loss decreased (0.141351 --> 0.138301).  Saving model ...
2024-08-26 22:05:44,518 - Epoch 25/100, Train Loss(MSE): 0.14792606062614, Validation Loss(MSE): 0.13557682993511358
2024-08-26 22:05:44,518 - Validation loss decreased (0.138301 --> 0.135577).  Saving model ...
2024-08-26 22:05:44,956 - Epoch 26/100, Train Loss(MSE): 0.14296454174832984, Validation Loss(MSE): 0.13340980435411134
2024-08-26 22:05:44,956 - Validation loss decreased (0.135577 --> 0.133410).  Saving model ...
2024-08-26 22:05:45,386 - Epoch 27/100, Train Loss(MSE): 0.13854727329133631, Validation Loss(MSE): 0.13139729698499045
2024-08-26 22:05:45,386 - Validation loss decreased (0.133410 --> 0.131397).  Saving model ...
2024-08-26 22:05:45,810 - Epoch 28/100, Train Loss(MSE): 0.13423198543407105, Validation Loss(MSE): 0.1296016654620568
2024-08-26 22:05:45,810 - Validation loss decreased (0.131397 --> 0.129602).  Saving model ...
2024-08-26 22:05:46,229 - Epoch 29/100, Train Loss(MSE): 0.13034725365239186, Validation Loss(MSE): 0.12803163410474858
2024-08-26 22:05:46,229 - Validation loss decreased (0.129602 --> 0.128032).  Saving model ...
2024-08-26 22:05:46,638 - Epoch 30/100, Train Loss(MSE): 0.12685448037726538, Validation Loss(MSE): 0.12642162013798952
2024-08-26 22:05:46,639 - Validation loss decreased (0.128032 --> 0.126422).  Saving model ...
2024-08-26 22:05:47,044 - Epoch 31/100, Train Loss(MSE): 0.12352314824750135, Validation Loss(MSE): 0.12509461616476378
2024-08-26 22:05:47,044 - Validation loss decreased (0.126422 --> 0.125095).  Saving model ...
2024-08-26 22:05:47,465 - Epoch 32/100, Train Loss(MSE): 0.12049921896758971, Validation Loss(MSE): 0.1237287288531661
2024-08-26 22:05:47,465 - Validation loss decreased (0.125095 --> 0.123729).  Saving model ...
2024-08-26 22:05:47,887 - Epoch 33/100, Train Loss(MSE): 0.11765890269652828, Validation Loss(MSE): 0.12220201299836238
2024-08-26 22:05:47,887 - Validation loss decreased (0.123729 --> 0.122202).  Saving model ...
2024-08-26 22:05:48,296 - Epoch 34/100, Train Loss(MSE): 0.11491227145869654, Validation Loss(MSE): 0.12189150725801785
2024-08-26 22:05:48,296 - Validation loss decreased (0.122202 --> 0.121892).  Saving model ...
2024-08-26 22:05:48,695 - Epoch 35/100, Train Loss(MSE): 0.11243818589782976, Validation Loss(MSE): 0.12005510491629441
2024-08-26 22:05:48,695 - Validation loss decreased (0.121892 --> 0.120055).  Saving model ...
2024-08-26 22:05:49,098 - Epoch 36/100, Train Loss(MSE): 0.1101957320511996, Validation Loss(MSE): 0.1190888329098622
2024-08-26 22:05:49,098 - Validation loss decreased (0.120055 --> 0.119089).  Saving model ...
2024-08-26 22:05:49,523 - Epoch 37/100, Train Loss(MSE): 0.10787780705716583, Validation Loss(MSE): 0.11816300482799609
2024-08-26 22:05:49,524 - Validation loss decreased (0.119089 --> 0.118163).  Saving model ...
2024-08-26 22:05:49,937 - Epoch 38/100, Train Loss(MSE): 0.10611860433613861, Validation Loss(MSE): 0.11764649705340464
2024-08-26 22:05:49,938 - Validation loss decreased (0.118163 --> 0.117646).  Saving model ...
2024-08-26 22:05:50,344 - Epoch 39/100, Train Loss(MSE): 0.10408641244438323, Validation Loss(MSE): 0.11642044472197692
2024-08-26 22:05:50,344 - Validation loss decreased (0.117646 --> 0.116420).  Saving model ...
2024-08-26 22:05:50,750 - Epoch 40/100, Train Loss(MSE): 0.10232967752349245, Validation Loss(MSE): 0.11556457293530305
2024-08-26 22:05:50,750 - Validation loss decreased (0.116420 --> 0.115565).  Saving model ...
2024-08-26 22:05:51,177 - Epoch 41/100, Train Loss(MSE): 0.10074552701233508, Validation Loss(MSE): 0.11591083649545908
2024-08-26 22:05:51,177 - EarlyStopping counter: 1 out of 5
2024-08-26 22:05:51,588 - Epoch 42/100, Train Loss(MSE): 0.09933018340514256, Validation Loss(MSE): 0.11483677135159572
2024-08-26 22:05:51,588 - Validation loss decreased (0.115565 --> 0.114837).  Saving model ...
2024-08-26 22:05:52,011 - Epoch 43/100, Train Loss(MSE): 0.0977520040840238, Validation Loss(MSE): 0.1140512606749932
2024-08-26 22:05:52,011 - Validation loss decreased (0.114837 --> 0.114051).  Saving model ...
2024-08-26 22:05:52,440 - Epoch 44/100, Train Loss(MSE): 0.09645896712011033, Validation Loss(MSE): 0.11412826552987099
2024-08-26 22:05:52,440 - EarlyStopping counter: 1 out of 5
2024-08-26 22:05:52,846 - Epoch 45/100, Train Loss(MSE): 0.0954546327242157, Validation Loss(MSE): 0.11306186486035585
2024-08-26 22:05:52,847 - Validation loss decreased (0.114051 --> 0.113062).  Saving model ...
2024-08-26 22:05:53,251 - Epoch 46/100, Train Loss(MSE): 0.09437829133245972, Validation Loss(MSE): 0.11189343438794215
2024-08-26 22:05:53,251 - Validation loss decreased (0.113062 --> 0.111893).  Saving model ...
2024-08-26 22:05:53,655 - Epoch 47/100, Train Loss(MSE): 0.09312403537742384, Validation Loss(MSE): 0.11166762467473745
2024-08-26 22:05:53,656 - Validation loss decreased (0.111893 --> 0.111668).  Saving model ...
2024-08-26 22:05:54,085 - Epoch 48/100, Train Loss(MSE): 0.09214138628526049, Validation Loss(MSE): 0.11167802195996046
2024-08-26 22:05:54,086 - EarlyStopping counter: 1 out of 5
2024-08-26 22:05:54,480 - Epoch 49/100, Train Loss(MSE): 0.09135901479685045, Validation Loss(MSE): 0.11052316551407178
2024-08-26 22:05:54,480 - Validation loss decreased (0.111668 --> 0.110523).  Saving model ...
2024-08-26 22:05:54,887 - Epoch 50/100, Train Loss(MSE): 0.09047492605808018, Validation Loss(MSE): 0.10992793800930183
2024-08-26 22:05:54,887 - Validation loss decreased (0.110523 --> 0.109928).  Saving model ...
2024-08-26 22:05:55,329 - Epoch 51/100, Train Loss(MSE): 0.08959356179604164, Validation Loss(MSE): 0.109836312631766
2024-08-26 22:05:55,329 - Validation loss decreased (0.109928 --> 0.109836).  Saving model ...
2024-08-26 22:05:55,750 - Epoch 52/100, Train Loss(MSE): 0.08892686263873027, Validation Loss(MSE): 0.11023780393103759
2024-08-26 22:05:55,750 - EarlyStopping counter: 1 out of 5
2024-08-26 22:05:56,178 - Epoch 53/100, Train Loss(MSE): 0.08830248826480173, Validation Loss(MSE): 0.10952526393036048
2024-08-26 22:05:56,178 - Validation loss decreased (0.109836 --> 0.109525).  Saving model ...
2024-08-26 22:05:56,600 - Epoch 54/100, Train Loss(MSE): 0.08783582393284682, Validation Loss(MSE): 0.10903039916108052
2024-08-26 22:05:56,600 - Validation loss decreased (0.109525 --> 0.109030).  Saving model ...
2024-08-26 22:05:57,015 - Epoch 55/100, Train Loss(MSE): 0.087072899217134, Validation Loss(MSE): 0.10888619627803564
2024-08-26 22:05:57,015 - Validation loss decreased (0.109030 --> 0.108886).  Saving model ...
2024-08-26 22:05:57,448 - Epoch 56/100, Train Loss(MSE): 0.0866361052452863, Validation Loss(MSE): 0.10925008573879798
2024-08-26 22:05:57,448 - EarlyStopping counter: 1 out of 5
2024-08-26 22:05:57,867 - Epoch 57/100, Train Loss(MSE): 0.0861283225099464, Validation Loss(MSE): 0.10864466646065314
2024-08-26 22:05:57,867 - Validation loss decreased (0.108886 --> 0.108645).  Saving model ...
2024-08-26 22:05:58,258 - Epoch 58/100, Train Loss(MSE): 0.08551403225123227, Validation Loss(MSE): 0.10791685028622548
2024-08-26 22:05:58,258 - Validation loss decreased (0.108645 --> 0.107917).  Saving model ...
2024-08-26 22:05:58,691 - Epoch 59/100, Train Loss(MSE): 0.08513885318905443, Validation Loss(MSE): 0.10646421431253354
2024-08-26 22:05:58,692 - Validation loss decreased (0.107917 --> 0.106464).  Saving model ...
2024-08-26 22:05:59,092 - Epoch 60/100, Train Loss(MSE): 0.08456212691553347, Validation Loss(MSE): 0.10774020540217559
2024-08-26 22:05:59,092 - EarlyStopping counter: 1 out of 5
2024-08-26 22:05:59,503 - Epoch 61/100, Train Loss(MSE): 0.08446193787340935, Validation Loss(MSE): 0.10623929711679618
2024-08-26 22:05:59,503 - Validation loss decreased (0.106464 --> 0.106239).  Saving model ...
2024-08-26 22:05:59,899 - Epoch 62/100, Train Loss(MSE): 0.08388903344070518, Validation Loss(MSE): 0.10568556406845649
2024-08-26 22:05:59,899 - Validation loss decreased (0.106239 --> 0.105686).  Saving model ...
2024-08-26 22:06:00,339 - Epoch 63/100, Train Loss(MSE): 0.0836207831462661, Validation Loss(MSE): 0.10633547883480787
2024-08-26 22:06:00,339 - EarlyStopping counter: 1 out of 5
2024-08-26 22:06:00,740 - Epoch 64/100, Train Loss(MSE): 0.08327418108276285, Validation Loss(MSE): 0.10564381132523219
2024-08-26 22:06:00,740 - Validation loss decreased (0.105686 --> 0.105644).  Saving model ...
2024-08-26 22:06:01,182 - Epoch 65/100, Train Loss(MSE): 0.08309575542807579, Validation Loss(MSE): 0.10558624099940062
2024-08-26 22:06:01,182 - Validation loss decreased (0.105644 --> 0.105586).  Saving model ...
2024-08-26 22:06:01,590 - Epoch 66/100, Train Loss(MSE): 0.08276744559407234, Validation Loss(MSE): 0.10506630192200343
2024-08-26 22:06:01,590 - Validation loss decreased (0.105586 --> 0.105066).  Saving model ...
2024-08-26 22:06:01,999 - Epoch 67/100, Train Loss(MSE): 0.08249130026324765, Validation Loss(MSE): 0.10575325880199671
2024-08-26 22:06:01,999 - EarlyStopping counter: 1 out of 5
2024-08-26 22:06:02,412 - Epoch 68/100, Train Loss(MSE): 0.08208109530528168, Validation Loss(MSE): 0.10556789177159469
2024-08-26 22:06:02,412 - EarlyStopping counter: 2 out of 5
2024-08-26 22:06:02,836 - Epoch 69/100, Train Loss(MSE): 0.08192220784641885, Validation Loss(MSE): 0.1052606925368309
2024-08-26 22:06:02,837 - EarlyStopping counter: 3 out of 5
2024-08-26 22:06:03,250 - Epoch 70/100, Train Loss(MSE): 0.08172974614733523, Validation Loss(MSE): 0.10555207418898742
2024-08-26 22:06:03,250 - EarlyStopping counter: 4 out of 5
2024-08-26 22:06:03,689 - Epoch 71/100, Train Loss(MSE): 0.08146273637456554, Validation Loss(MSE): 0.10439098284890254
2024-08-26 22:06:03,689 - Validation loss decreased (0.105066 --> 0.104391).  Saving model ...
2024-08-26 22:06:04,106 - Epoch 72/100, Train Loss(MSE): 0.08122854268403498, Validation Loss(MSE): 0.1045503926773866
2024-08-26 22:06:04,106 - EarlyStopping counter: 1 out of 5
2024-08-26 22:06:04,557 - Epoch 73/100, Train Loss(MSE): 0.08111821647201266, Validation Loss(MSE): 0.10440382764985164
2024-08-26 22:06:04,558 - EarlyStopping counter: 2 out of 5
2024-08-26 22:06:04,957 - Epoch 74/100, Train Loss(MSE): 0.08095791794687182, Validation Loss(MSE): 0.10349497354278962
2024-08-26 22:06:04,957 - Validation loss decreased (0.104391 --> 0.103495).  Saving model ...
2024-08-26 22:06:05,388 - Epoch 75/100, Train Loss(MSE): 0.08074059194097152, Validation Loss(MSE): 0.10369716864079237
2024-08-26 22:06:05,389 - EarlyStopping counter: 1 out of 5
2024-08-26 22:06:05,780 - Epoch 76/100, Train Loss(MSE): 0.08072075386951258, Validation Loss(MSE): 0.10372926108539104
2024-08-26 22:06:05,780 - EarlyStopping counter: 2 out of 5
2024-08-26 22:06:06,173 - Epoch 77/100, Train Loss(MSE): 0.08039872026951103, Validation Loss(MSE): 0.10353650556256373
2024-08-26 22:06:06,173 - EarlyStopping counter: 3 out of 5
2024-08-26 22:06:06,601 - Epoch 78/100, Train Loss(MSE): 0.080283934414223, Validation Loss(MSE): 0.10356832264612119
2024-08-26 22:06:06,601 - EarlyStopping counter: 4 out of 5
2024-08-26 22:06:07,032 - Epoch 79/100, Train Loss(MSE): 0.0801439215684985, Validation Loss(MSE): 0.10355276179810365
2024-08-26 22:06:07,032 - EarlyStopping counter: 5 out of 5
2024-08-26 22:06:07,032 - Early stopping
2024-08-26 22:06:07,032 - —µ¡∑ 79 ¥Œepoch£¨—µ¡∑ ±≥§: 32.89547610282898 √Î
2024-08-26 22:06:07,045 - Test Loss(MSE): 0.09294246820112069
2024-08-26 22:06:07,051 - Model saved to D:\PythonProject\scorpioMock\MPDLinear\checkpoint\MPDLinear_20240826-220607_bs16_seq7_enc24_pred_len30_individualTrue_checkpoint.pth
2024-08-26 22:06:07,062 - Test Loss (Original Scale) MSE: 11.030834314035504
