2024-08-25 14:49:25,764 - Epoch 1/100, Train Loss(MSE): 0.8058522635036045, Validation Loss(MSE): 0.6000627080599467
2024-08-25 14:49:25,764 - Validation loss decreased for the first time. Saving model ...
2024-08-25 14:49:25,998 - Epoch 2/100, Train Loss(MSE): 0.5406618601746029, Validation Loss(MSE): 0.4192873239517212
2024-08-25 14:49:26,002 - Validation loss decreased (0.600063 --> 0.419287).  Saving model ...
2024-08-25 14:49:26,236 - Epoch 3/100, Train Loss(MSE): 0.3790021197663413, Validation Loss(MSE): 0.30889635781447095
2024-08-25 14:49:26,236 - Validation loss decreased (0.419287 --> 0.308896).  Saving model ...
2024-08-25 14:49:26,477 - Epoch 4/100, Train Loss(MSE): 0.27900633249017925, Validation Loss(MSE): 0.23908559481302896
2024-08-25 14:49:26,477 - Validation loss decreased (0.308896 --> 0.239086).  Saving model ...
2024-08-25 14:49:26,719 - Epoch 5/100, Train Loss(MSE): 0.2172456873787774, Validation Loss(MSE): 0.19457741330067316
2024-08-25 14:49:26,719 - Validation loss decreased (0.239086 --> 0.194577).  Saving model ...
2024-08-25 14:49:26,942 - Epoch 6/100, Train Loss(MSE): 0.17632851054271062, Validation Loss(MSE): 0.16351943463087082
2024-08-25 14:49:26,943 - Validation loss decreased (0.194577 --> 0.163519).  Saving model ...
2024-08-25 14:49:27,160 - Epoch 7/100, Train Loss(MSE): 0.14904542482561536, Validation Loss(MSE): 0.1419840877254804
2024-08-25 14:49:27,160 - Validation loss decreased (0.163519 --> 0.141984).  Saving model ...
2024-08-25 14:49:27,373 - Epoch 8/100, Train Loss(MSE): 0.1296738127867381, Validation Loss(MSE): 0.12517666444182396
2024-08-25 14:49:27,373 - Validation loss decreased (0.141984 --> 0.125177).  Saving model ...
2024-08-25 14:49:27,600 - Epoch 9/100, Train Loss(MSE): 0.11569214852319823, Validation Loss(MSE): 0.11264198273420334
2024-08-25 14:49:27,601 - Validation loss decreased (0.125177 --> 0.112642).  Saving model ...
2024-08-25 14:49:27,845 - Epoch 10/100, Train Loss(MSE): 0.10537587619490094, Validation Loss(MSE): 0.10218568022052447
2024-08-25 14:49:27,845 - Validation loss decreased (0.112642 --> 0.102186).  Saving model ...
2024-08-25 14:49:28,072 - Epoch 11/100, Train Loss(MSE): 0.09693512072165807, Validation Loss(MSE): 0.09529848645130794
2024-08-25 14:49:28,073 - Validation loss decreased (0.102186 --> 0.095298).  Saving model ...
2024-08-25 14:49:28,321 - Epoch 12/100, Train Loss(MSE): 0.09060369349188274, Validation Loss(MSE): 0.08976445533335209
2024-08-25 14:49:28,321 - Validation loss decreased (0.095298 --> 0.089764).  Saving model ...
2024-08-25 14:49:28,564 - Epoch 13/100, Train Loss(MSE): 0.08509751401013799, Validation Loss(MSE): 0.08384879678487778
2024-08-25 14:49:28,564 - Validation loss decreased (0.089764 --> 0.083849).  Saving model ...
2024-08-25 14:49:28,800 - Epoch 14/100, Train Loss(MSE): 0.08047360670235422, Validation Loss(MSE): 0.0795286459227403
2024-08-25 14:49:28,801 - Validation loss decreased (0.083849 --> 0.079529).  Saving model ...
2024-08-25 14:49:29,030 - Epoch 15/100, Train Loss(MSE): 0.07667684530218442, Validation Loss(MSE): 0.07565768746038277
2024-08-25 14:49:29,030 - Validation loss decreased (0.079529 --> 0.075658).  Saving model ...
2024-08-25 14:49:29,274 - Epoch 16/100, Train Loss(MSE): 0.07332797961102591, Validation Loss(MSE): 0.0732903213550647
2024-08-25 14:49:29,274 - Validation loss decreased (0.075658 --> 0.073290).  Saving model ...
2024-08-25 14:49:29,486 - Epoch 17/100, Train Loss(MSE): 0.07043449249532488, Validation Loss(MSE): 0.07072329893708229
2024-08-25 14:49:29,486 - Validation loss decreased (0.073290 --> 0.070723).  Saving model ...
2024-08-25 14:49:29,717 - Epoch 18/100, Train Loss(MSE): 0.0675491368605031, Validation Loss(MSE): 0.06813232166071732
2024-08-25 14:49:29,717 - Validation loss decreased (0.070723 --> 0.068132).  Saving model ...
2024-08-25 14:49:29,943 - Epoch 19/100, Train Loss(MSE): 0.0652777322464519, Validation Loss(MSE): 0.06593524975081284
2024-08-25 14:49:29,945 - Validation loss decreased (0.068132 --> 0.065935).  Saving model ...
2024-08-25 14:49:30,194 - Epoch 20/100, Train Loss(MSE): 0.06301318945156203, Validation Loss(MSE): 0.06451822631061077
2024-08-25 14:49:30,195 - Validation loss decreased (0.065935 --> 0.064518).  Saving model ...
2024-08-25 14:49:30,410 - Epoch 21/100, Train Loss(MSE): 0.061161129135224555, Validation Loss(MSE): 0.06302338962753613
2024-08-25 14:49:30,410 - Validation loss decreased (0.064518 --> 0.063023).  Saving model ...
2024-08-25 14:49:30,656 - Epoch 22/100, Train Loss(MSE): 0.05928293954994943, Validation Loss(MSE): 0.06117830115060011
2024-08-25 14:49:30,657 - Validation loss decreased (0.063023 --> 0.061178).  Saving model ...
2024-08-25 14:49:30,875 - Epoch 23/100, Train Loss(MSE): 0.05770237611399757, Validation Loss(MSE): 0.06027586820224921
2024-08-25 14:49:30,876 - Validation loss decreased (0.061178 --> 0.060276).  Saving model ...
2024-08-25 14:49:31,118 - Epoch 24/100, Train Loss(MSE): 0.05617227202488317, Validation Loss(MSE): 0.05922378910084566
2024-08-25 14:49:31,119 - Validation loss decreased (0.060276 --> 0.059224).  Saving model ...
2024-08-25 14:49:31,343 - Epoch 25/100, Train Loss(MSE): 0.054860963217086264, Validation Loss(MSE): 0.05924117565155029
2024-08-25 14:49:31,343 - EarlyStopping counter: 1 out of 5
2024-08-25 14:49:31,562 - Epoch 26/100, Train Loss(MSE): 0.05356860537495878, Validation Loss(MSE): 0.05738277484973272
2024-08-25 14:49:31,563 - Validation loss decreased (0.059224 --> 0.057383).  Saving model ...
2024-08-25 14:49:31,793 - Epoch 27/100, Train Loss(MSE): 0.05243927091360092, Validation Loss(MSE): 0.05673032874862353
2024-08-25 14:49:31,794 - Validation loss decreased (0.057383 --> 0.056730).  Saving model ...
2024-08-25 14:49:32,020 - Epoch 28/100, Train Loss(MSE): 0.05120506336291631, Validation Loss(MSE): 0.05617838352918625
2024-08-25 14:49:32,021 - Validation loss decreased (0.056730 --> 0.056178).  Saving model ...
2024-08-25 14:49:32,225 - Epoch 29/100, Train Loss(MSE): 0.0502973471250799, Validation Loss(MSE): 0.05520336329936981
2024-08-25 14:49:32,226 - Validation loss decreased (0.056178 --> 0.055203).  Saving model ...
2024-08-25 14:49:32,461 - Epoch 30/100, Train Loss(MSE): 0.049291422590613365, Validation Loss(MSE): 0.05446582722167174
2024-08-25 14:49:32,462 - Validation loss decreased (0.055203 --> 0.054466).  Saving model ...
2024-08-25 14:49:32,712 - Epoch 31/100, Train Loss(MSE): 0.048358786685599224, Validation Loss(MSE): 0.05471839879949888
2024-08-25 14:49:32,713 - EarlyStopping counter: 1 out of 5
2024-08-25 14:49:32,962 - Epoch 32/100, Train Loss(MSE): 0.04757462309466468, Validation Loss(MSE): 0.05434131994843483
2024-08-25 14:49:32,963 - Validation loss decreased (0.054466 --> 0.054341).  Saving model ...
2024-08-25 14:49:33,193 - Epoch 33/100, Train Loss(MSE): 0.04669870680405034, Validation Loss(MSE): 0.05319751426577568
2024-08-25 14:49:33,193 - Validation loss decreased (0.054341 --> 0.053198).  Saving model ...
2024-08-25 14:49:33,424 - Epoch 34/100, Train Loss(MSE): 0.04597340499361356, Validation Loss(MSE): 0.05318322405219078
2024-08-25 14:49:33,424 - Validation loss decreased (0.053198 --> 0.053183).  Saving model ...
2024-08-25 14:49:33,653 - Epoch 35/100, Train Loss(MSE): 0.04527116616566976, Validation Loss(MSE): 0.05270560085773468
2024-08-25 14:49:33,653 - Validation loss decreased (0.053183 --> 0.052706).  Saving model ...
2024-08-25 14:49:33,896 - Epoch 36/100, Train Loss(MSE): 0.044533160742786196, Validation Loss(MSE): 0.05249924771487713
2024-08-25 14:49:33,896 - Validation loss decreased (0.052706 --> 0.052499).  Saving model ...
2024-08-25 14:49:34,130 - Epoch 37/100, Train Loss(MSE): 0.043895600363612175, Validation Loss(MSE): 0.05208863131701946
2024-08-25 14:49:34,130 - Validation loss decreased (0.052499 --> 0.052089).  Saving model ...
2024-08-25 14:49:34,363 - Epoch 38/100, Train Loss(MSE): 0.04337272242539459, Validation Loss(MSE): 0.05199507251381874
2024-08-25 14:49:34,363 - Validation loss decreased (0.052089 --> 0.051995).  Saving model ...
2024-08-25 14:49:34,600 - Epoch 39/100, Train Loss(MSE): 0.0429098244342539, Validation Loss(MSE): 0.05237908288836479
2024-08-25 14:49:34,601 - EarlyStopping counter: 1 out of 5
2024-08-25 14:49:34,814 - Epoch 40/100, Train Loss(MSE): 0.042398595271839035, Validation Loss(MSE): 0.05120361099640528
2024-08-25 14:49:34,814 - Validation loss decreased (0.051995 --> 0.051204).  Saving model ...
2024-08-25 14:49:35,045 - Epoch 41/100, Train Loss(MSE): 0.041853826782769624, Validation Loss(MSE): 0.051379665111502014
2024-08-25 14:49:35,045 - EarlyStopping counter: 1 out of 5
2024-08-25 14:49:35,279 - Epoch 42/100, Train Loss(MSE): 0.04123030056556066, Validation Loss(MSE): 0.051257035384575524
2024-08-25 14:49:35,279 - EarlyStopping counter: 2 out of 5
2024-08-25 14:49:35,487 - Epoch 43/100, Train Loss(MSE): 0.04077409389946196, Validation Loss(MSE): 0.050973587979873024
2024-08-25 14:49:35,487 - Validation loss decreased (0.051204 --> 0.050974).  Saving model ...
2024-08-25 14:49:35,716 - Epoch 44/100, Train Loss(MSE): 0.040395444797145, Validation Loss(MSE): 0.050617231676975884
2024-08-25 14:49:35,716 - Validation loss decreased (0.050974 --> 0.050617).  Saving model ...
2024-08-25 14:49:35,947 - Epoch 45/100, Train Loss(MSE): 0.040058970285786526, Validation Loss(MSE): 0.05082260755201181
2024-08-25 14:49:35,947 - EarlyStopping counter: 1 out of 5
2024-08-25 14:49:36,163 - Epoch 46/100, Train Loss(MSE): 0.03961255335145526, Validation Loss(MSE): 0.05074889585375786
2024-08-25 14:49:36,163 - EarlyStopping counter: 2 out of 5
2024-08-25 14:49:36,414 - Epoch 47/100, Train Loss(MSE): 0.03922062570022212, Validation Loss(MSE): 0.05068304700156053
2024-08-25 14:49:36,414 - EarlyStopping counter: 3 out of 5
2024-08-25 14:49:36,646 - Epoch 48/100, Train Loss(MSE): 0.03888290081587103, Validation Loss(MSE): 0.050845164184769
2024-08-25 14:49:36,646 - EarlyStopping counter: 4 out of 5
2024-08-25 14:49:36,891 - Epoch 49/100, Train Loss(MSE): 0.03851920527716478, Validation Loss(MSE): 0.050564595187703766
2024-08-25 14:49:36,891 - Validation loss decreased (0.050617 --> 0.050565).  Saving model ...
2024-08-25 14:49:37,144 - Epoch 50/100, Train Loss(MSE): 0.03815899375412199, Validation Loss(MSE): 0.050940473874409996
2024-08-25 14:49:37,144 - EarlyStopping counter: 1 out of 5
2024-08-25 14:49:37,360 - Epoch 51/100, Train Loss(MSE): 0.03796548479133182, Validation Loss(MSE): 0.05110681243240833
2024-08-25 14:49:37,360 - EarlyStopping counter: 2 out of 5
2024-08-25 14:49:37,585 - Epoch 52/100, Train Loss(MSE): 0.037733836968739824, Validation Loss(MSE): 0.050955880433321
2024-08-25 14:49:37,586 - EarlyStopping counter: 3 out of 5
2024-08-25 14:49:37,797 - Epoch 53/100, Train Loss(MSE): 0.037364804910288915, Validation Loss(MSE): 0.05090814890960852
2024-08-25 14:49:37,797 - EarlyStopping counter: 4 out of 5
2024-08-25 14:49:38,027 - Epoch 54/100, Train Loss(MSE): 0.03700218598047892, Validation Loss(MSE): 0.05092043802142143
2024-08-25 14:49:38,028 - EarlyStopping counter: 5 out of 5
2024-08-25 14:49:38,028 - Early stopping
2024-08-25 14:49:38,037 - Test Loss(MSE): 0.061796924099326134
2024-08-25 14:49:38,044 - Model saved to D:\PythonProject\scorpioMock\MPDLinear\checkpoint\MPDLinear_20240825-144938_bs32_seq30_enc24_pred_len10_individualTrue_checkpoint.pth
2024-08-25 14:49:38,052 - Test Loss (Original Scale) MSE: 7.635391339470797
