2024-08-24 21:41:04,068 - Epoch 1/100, Train Loss(MSE): 0.8059689296616448, Validation Loss(MSE): 0.5938552916049957
2024-08-24 21:41:04,068 - Validation loss decreased for the first time. Saving model ...
2024-08-24 21:41:04,319 - Epoch 2/100, Train Loss(MSE): 0.5455279323789809, Validation Loss(MSE): 0.41712385416030884
2024-08-24 21:41:04,319 - Validation loss decreased (0.593855 --> 0.417124).  Saving model ...
2024-08-24 21:41:04,555 - Epoch 3/100, Train Loss(MSE): 0.38483223252826265, Validation Loss(MSE): 0.3076990097761154
2024-08-24 21:41:04,560 - Validation loss decreased (0.417124 --> 0.307699).  Saving model ...
2024-08-24 21:41:04,797 - Epoch 4/100, Train Loss(MSE): 0.2848517732487785, Validation Loss(MSE): 0.24109925578037897
2024-08-24 21:41:04,797 - Validation loss decreased (0.307699 --> 0.241099).  Saving model ...
2024-08-24 21:41:05,044 - Epoch 5/100, Train Loss(MSE): 0.2216273643904262, Validation Loss(MSE): 0.1951726054151853
2024-08-24 21:41:05,044 - Validation loss decreased (0.241099 --> 0.195173).  Saving model ...
2024-08-24 21:41:05,278 - Epoch 6/100, Train Loss(MSE): 0.18040209843052757, Validation Loss(MSE): 0.1642505961159865
2024-08-24 21:41:05,278 - Validation loss decreased (0.195173 --> 0.164251).  Saving model ...
2024-08-24 21:41:05,524 - Epoch 7/100, Train Loss(MSE): 0.1528963691658444, Validation Loss(MSE): 0.1427719828983148
2024-08-24 21:41:05,524 - Validation loss decreased (0.164251 --> 0.142772).  Saving model ...
2024-08-24 21:41:05,763 - Epoch 8/100, Train Loss(MSE): 0.13344684657123354, Validation Loss(MSE): 0.12641372407476106
2024-08-24 21:41:05,764 - Validation loss decreased (0.142772 --> 0.126414).  Saving model ...
2024-08-24 21:41:06,021 - Epoch 9/100, Train Loss(MSE): 0.11889499608013365, Validation Loss(MSE): 0.11428155253330867
2024-08-24 21:41:06,022 - Validation loss decreased (0.126414 --> 0.114282).  Saving model ...
2024-08-24 21:41:06,262 - Epoch 10/100, Train Loss(MSE): 0.10808692740069495, Validation Loss(MSE): 0.1046486347913742
2024-08-24 21:41:06,263 - Validation loss decreased (0.114282 --> 0.104649).  Saving model ...
2024-08-24 21:41:06,547 - Epoch 11/100, Train Loss(MSE): 0.10028601479199198, Validation Loss(MSE): 0.0984330102801323
2024-08-24 21:41:06,547 - Validation loss decreased (0.104649 --> 0.098433).  Saving model ...
2024-08-24 21:41:06,794 - Epoch 12/100, Train Loss(MSE): 0.09363630529907015, Validation Loss(MSE): 0.09169043103853862
2024-08-24 21:41:06,794 - Validation loss decreased (0.098433 --> 0.091690).  Saving model ...
2024-08-24 21:41:07,027 - Epoch 13/100, Train Loss(MSE): 0.08833552988039123, Validation Loss(MSE): 0.08624805634220441
2024-08-24 21:41:07,027 - Validation loss decreased (0.091690 --> 0.086248).  Saving model ...
2024-08-24 21:41:07,266 - Epoch 14/100, Train Loss(MSE): 0.08372373630603154, Validation Loss(MSE): 0.08233031009634335
2024-08-24 21:41:07,266 - Validation loss decreased (0.086248 --> 0.082330).  Saving model ...
2024-08-24 21:41:07,506 - Epoch 15/100, Train Loss(MSE): 0.07970679642425643, Validation Loss(MSE): 0.07845060216883819
2024-08-24 21:41:07,506 - Validation loss decreased (0.082330 --> 0.078451).  Saving model ...
2024-08-24 21:41:07,726 - Epoch 16/100, Train Loss(MSE): 0.07623105090525416, Validation Loss(MSE): 0.07553060601154964
2024-08-24 21:41:07,727 - Validation loss decreased (0.078451 --> 0.075531).  Saving model ...
2024-08-24 21:41:07,987 - Epoch 17/100, Train Loss(MSE): 0.0733230339984099, Validation Loss(MSE): 0.07367124035954475
2024-08-24 21:41:07,987 - Validation loss decreased (0.075531 --> 0.073671).  Saving model ...
2024-08-24 21:41:08,235 - Epoch 18/100, Train Loss(MSE): 0.07063567000958655, Validation Loss(MSE): 0.07113293185830116
2024-08-24 21:41:08,235 - Validation loss decreased (0.073671 --> 0.071133).  Saving model ...
2024-08-24 21:41:08,475 - Epoch 19/100, Train Loss(MSE): 0.06815805261333784, Validation Loss(MSE): 0.06846677574018638
2024-08-24 21:41:08,475 - Validation loss decreased (0.071133 --> 0.068467).  Saving model ...
2024-08-24 21:41:08,718 - Epoch 20/100, Train Loss(MSE): 0.0659072788639201, Validation Loss(MSE): 0.06714788017173608
2024-08-24 21:41:08,718 - Validation loss decreased (0.068467 --> 0.067148).  Saving model ...
2024-08-24 21:41:08,963 - Epoch 21/100, Train Loss(MSE): 0.06393511063522762, Validation Loss(MSE): 0.06514959968626499
2024-08-24 21:41:08,963 - Validation loss decreased (0.067148 --> 0.065150).  Saving model ...
2024-08-24 21:41:09,204 - Epoch 22/100, Train Loss(MSE): 0.06210758917861515, Validation Loss(MSE): 0.06444240858157475
2024-08-24 21:41:09,204 - Validation loss decreased (0.065150 --> 0.064442).  Saving model ...
2024-08-24 21:41:09,446 - Epoch 23/100, Train Loss(MSE): 0.06034410869081815, Validation Loss(MSE): 0.0633838524421056
2024-08-24 21:41:09,447 - Validation loss decreased (0.064442 --> 0.063384).  Saving model ...
2024-08-24 21:41:09,691 - Epoch 24/100, Train Loss(MSE): 0.058767232216066785, Validation Loss(MSE): 0.062193251525362335
2024-08-24 21:41:09,691 - Validation loss decreased (0.063384 --> 0.062193).  Saving model ...
2024-08-24 21:41:09,937 - Epoch 25/100, Train Loss(MSE): 0.057253898680210115, Validation Loss(MSE): 0.06061252268652121
2024-08-24 21:41:09,937 - Validation loss decreased (0.062193 --> 0.060613).  Saving model ...
2024-08-24 21:41:10,158 - Epoch 26/100, Train Loss(MSE): 0.05590105371342765, Validation Loss(MSE): 0.06027311086654663
2024-08-24 21:41:10,159 - Validation loss decreased (0.060613 --> 0.060273).  Saving model ...
2024-08-24 21:41:10,422 - Epoch 27/100, Train Loss(MSE): 0.05466036208801799, Validation Loss(MSE): 0.05891239767273267
2024-08-24 21:41:10,422 - Validation loss decreased (0.060273 --> 0.058912).  Saving model ...
2024-08-24 21:41:10,708 - Epoch 28/100, Train Loss(MSE): 0.05342317947910891, Validation Loss(MSE): 0.05843225494027138
2024-08-24 21:41:10,709 - Validation loss decreased (0.058912 --> 0.058432).  Saving model ...
2024-08-24 21:41:10,951 - Epoch 29/100, Train Loss(MSE): 0.052392678666445945, Validation Loss(MSE): 0.057720386112729706
2024-08-24 21:41:10,951 - Validation loss decreased (0.058432 --> 0.057720).  Saving model ...
2024-08-24 21:41:11,188 - Epoch 30/100, Train Loss(MSE): 0.051356778376632266, Validation Loss(MSE): 0.057718475038806595
2024-08-24 21:41:11,188 - EarlyStopping counter: 1 out of 5
2024-08-24 21:41:11,423 - Epoch 31/100, Train Loss(MSE): 0.05042345809439818, Validation Loss(MSE): 0.05670895675818125
2024-08-24 21:41:11,423 - Validation loss decreased (0.057720 --> 0.056709).  Saving model ...
2024-08-24 21:41:11,656 - Epoch 32/100, Train Loss(MSE): 0.04945618274311225, Validation Loss(MSE): 0.05678915046155453
2024-08-24 21:41:11,657 - EarlyStopping counter: 1 out of 5
2024-08-24 21:41:11,907 - Epoch 33/100, Train Loss(MSE): 0.048534212427006826, Validation Loss(MSE): 0.05553202579418818
2024-08-24 21:41:11,907 - Validation loss decreased (0.056709 --> 0.055532).  Saving model ...
2024-08-24 21:41:12,140 - Epoch 34/100, Train Loss(MSE): 0.04771937003566159, Validation Loss(MSE): 0.055351328725616135
2024-08-24 21:41:12,141 - Validation loss decreased (0.055532 --> 0.055351).  Saving model ...
2024-08-24 21:41:12,361 - Epoch 35/100, Train Loss(MSE): 0.04712384007871151, Validation Loss(MSE): 0.05449269339442253
2024-08-24 21:41:12,361 - Validation loss decreased (0.055351 --> 0.054493).  Saving model ...
2024-08-24 21:41:12,599 - Epoch 36/100, Train Loss(MSE): 0.046306147136622004, Validation Loss(MSE): 0.054548341780900955
2024-08-24 21:41:12,600 - EarlyStopping counter: 1 out of 5
2024-08-24 21:41:12,823 - Epoch 37/100, Train Loss(MSE): 0.04555688475569089, Validation Loss(MSE): 0.05337759479880333
2024-08-24 21:41:12,823 - Validation loss decreased (0.054493 --> 0.053378).  Saving model ...
2024-08-24 21:41:13,059 - Epoch 38/100, Train Loss(MSE): 0.04500798963838153, Validation Loss(MSE): 0.05376388939718405
2024-08-24 21:41:13,059 - EarlyStopping counter: 1 out of 5
2024-08-24 21:41:13,312 - Epoch 39/100, Train Loss(MSE): 0.044320858145753546, Validation Loss(MSE): 0.053452299907803535
2024-08-24 21:41:13,313 - EarlyStopping counter: 2 out of 5
2024-08-24 21:41:13,539 - Epoch 40/100, Train Loss(MSE): 0.043795373166600864, Validation Loss(MSE): 0.05349776707589626
2024-08-24 21:41:13,539 - EarlyStopping counter: 3 out of 5
2024-08-24 21:41:13,771 - Epoch 41/100, Train Loss(MSE): 0.04320815938214461, Validation Loss(MSE): 0.053242009753982224
2024-08-24 21:41:13,772 - Validation loss decreased (0.053378 --> 0.053242).  Saving model ...
2024-08-24 21:41:14,034 - Epoch 42/100, Train Loss(MSE): 0.04263736353152328, Validation Loss(MSE): 0.05245307398339113
2024-08-24 21:41:14,034 - Validation loss decreased (0.053242 --> 0.052453).  Saving model ...
2024-08-24 21:41:14,269 - Epoch 43/100, Train Loss(MSE): 0.042202028135458626, Validation Loss(MSE): 0.05240428758164247
2024-08-24 21:41:14,270 - Validation loss decreased (0.052453 --> 0.052404).  Saving model ...
2024-08-24 21:41:14,504 - Epoch 44/100, Train Loss(MSE): 0.04187178239226341, Validation Loss(MSE): 0.05307051042715708
2024-08-24 21:41:14,505 - EarlyStopping counter: 1 out of 5
2024-08-24 21:41:14,762 - Epoch 45/100, Train Loss(MSE): 0.04130913035737144, Validation Loss(MSE): 0.052136508747935295
2024-08-24 21:41:14,762 - Validation loss decreased (0.052404 --> 0.052137).  Saving model ...
2024-08-24 21:41:15,033 - Epoch 46/100, Train Loss(MSE): 0.04099612157377932, Validation Loss(MSE): 0.05196216578284899
2024-08-24 21:41:15,033 - Validation loss decreased (0.052137 --> 0.051962).  Saving model ...
2024-08-24 21:41:15,273 - Epoch 47/100, Train Loss(MSE): 0.040516186795300904, Validation Loss(MSE): 0.051391941805680595
2024-08-24 21:41:15,273 - Validation loss decreased (0.051962 --> 0.051392).  Saving model ...
2024-08-24 21:41:15,530 - Epoch 48/100, Train Loss(MSE): 0.040090437316232255, Validation Loss(MSE): 0.05174315720796585
2024-08-24 21:41:15,531 - EarlyStopping counter: 1 out of 5
2024-08-24 21:41:15,763 - Epoch 49/100, Train Loss(MSE): 0.03969545542365975, Validation Loss(MSE): 0.05172747497757276
2024-08-24 21:41:15,763 - EarlyStopping counter: 2 out of 5
2024-08-24 21:41:16,003 - Epoch 50/100, Train Loss(MSE): 0.03936789408326149, Validation Loss(MSE): 0.05187314252058665
2024-08-24 21:41:16,004 - EarlyStopping counter: 3 out of 5
2024-08-24 21:41:16,257 - Epoch 51/100, Train Loss(MSE): 0.03903752904799249, Validation Loss(MSE): 0.05164279416203499
2024-08-24 21:41:16,257 - EarlyStopping counter: 4 out of 5
2024-08-24 21:41:16,499 - Epoch 52/100, Train Loss(MSE): 0.038661154690716, Validation Loss(MSE): 0.051504251857598625
2024-08-24 21:41:16,500 - EarlyStopping counter: 5 out of 5
2024-08-24 21:41:16,500 - Early stopping
2024-08-24 21:41:16,512 - Test Loss(MSE): 0.06360621377825737
2024-08-24 21:41:16,519 - Model saved to D:\PythonProject\scorpioMock\MPDLinear\checkpoint\MPDLinear_Model_20240824-214116_bs32_seq30_enc24_pred_len10_individualTrue_checkpoint.pth
2024-08-24 21:41:16,526 - Test Loss (Original Scale) MSE: 7.808080625013624
