2024-09-05 17:58:30,253 - Epoch 1/100, Train Loss(MSE): 0.9612541418326529, Validation Loss(MSE): 0.7873067061106364
2024-09-05 17:58:30,254 - Validation loss decreased for the first time. Saving model ...
2024-09-05 17:58:30,423 - Epoch 2/100, Train Loss(MSE): 0.3374240276844878, Validation Loss(MSE): 0.12514000882705054
2024-09-05 17:58:30,424 - Validation loss decreased (0.787307 --> 0.125140).  Saving model ...
2024-09-05 17:58:30,593 - Epoch 3/100, Train Loss(MSE): 0.07981496206239651, Validation Loss(MSE): 0.07267662634452184
2024-09-05 17:58:30,593 - Validation loss decreased (0.125140 --> 0.072677).  Saving model ...
2024-09-05 17:58:30,733 - Epoch 4/100, Train Loss(MSE): 0.0552709998660966, Validation Loss(MSE): 0.06859762966632843
2024-09-05 17:58:30,734 - Validation loss decreased (0.072677 --> 0.068598).  Saving model ...
2024-09-05 17:58:30,898 - Epoch 5/100, Train Loss(MSE): 0.04758607341270698, Validation Loss(MSE): 0.06638408203919728
2024-09-05 17:58:30,898 - Validation loss decreased (0.068598 --> 0.066384).  Saving model ...
2024-09-05 17:58:31,064 - Epoch 6/100, Train Loss(MSE): 0.04498435752956491, Validation Loss(MSE): 0.06402779122193654
2024-09-05 17:58:31,064 - Validation loss decreased (0.066384 --> 0.064028).  Saving model ...
2024-09-05 17:58:31,228 - Epoch 7/100, Train Loss(MSE): 0.04369495171857508, Validation Loss(MSE): 0.06410512700676918
2024-09-05 17:58:31,229 - EarlyStopping counter: 1 out of 5
2024-09-05 17:58:31,377 - Epoch 8/100, Train Loss(MSE): 0.04390308280524455, Validation Loss(MSE): 0.06457592671116193
2024-09-05 17:58:31,377 - EarlyStopping counter: 2 out of 5
2024-09-05 17:58:31,533 - Epoch 9/100, Train Loss(MSE): 0.04083193887613321, Validation Loss(MSE): 0.06754579643408458
2024-09-05 17:58:31,533 - EarlyStopping counter: 3 out of 5
2024-09-05 17:58:31,679 - Epoch 10/100, Train Loss(MSE): 0.04091029026006397, Validation Loss(MSE): 0.06206932912270228
2024-09-05 17:58:31,679 - Validation loss decreased (0.064028 --> 0.062069).  Saving model ...
2024-09-05 17:58:31,829 - Epoch 11/100, Train Loss(MSE): 0.0381601112649629, Validation Loss(MSE): 0.06369759639104207
2024-09-05 17:58:31,829 - EarlyStopping counter: 1 out of 5
2024-09-05 17:58:31,974 - Epoch 12/100, Train Loss(MSE): 0.03707585326935116, Validation Loss(MSE): 0.06107009450594584
2024-09-05 17:58:31,974 - Validation loss decreased (0.062069 --> 0.061070).  Saving model ...
2024-09-05 17:58:32,127 - Epoch 13/100, Train Loss(MSE): 0.03608616265027147, Validation Loss(MSE): 0.06082255020737648
2024-09-05 17:58:32,128 - Validation loss decreased (0.061070 --> 0.060823).  Saving model ...
2024-09-05 17:58:32,270 - Epoch 14/100, Train Loss(MSE): 0.0346421598407783, Validation Loss(MSE): 0.06015421822667122
2024-09-05 17:58:32,270 - Validation loss decreased (0.060823 --> 0.060154).  Saving model ...
2024-09-05 17:58:32,429 - Epoch 15/100, Train Loss(MSE): 0.033645891045269216, Validation Loss(MSE): 0.06193959340453148
2024-09-05 17:58:32,430 - EarlyStopping counter: 1 out of 5
2024-09-05 17:58:32,581 - Epoch 16/100, Train Loss(MSE): 0.03258388862013817, Validation Loss(MSE): 0.060210256526867546
2024-09-05 17:58:32,581 - EarlyStopping counter: 2 out of 5
2024-09-05 17:58:32,727 - Epoch 17/100, Train Loss(MSE): 0.030719655124764694, Validation Loss(MSE): 0.06133785595496496
2024-09-05 17:58:32,728 - EarlyStopping counter: 3 out of 5
2024-09-05 17:58:32,871 - Epoch 18/100, Train Loss(MSE): 0.030516303487514194, Validation Loss(MSE): 0.06010409196217855
2024-09-05 17:58:32,872 - Validation loss decreased (0.060154 --> 0.060104).  Saving model ...
2024-09-05 17:58:33,037 - Epoch 19/100, Train Loss(MSE): 0.03019482122832223, Validation Loss(MSE): 0.06106842557589213
2024-09-05 17:58:33,038 - EarlyStopping counter: 1 out of 5
2024-09-05 17:58:33,185 - Epoch 20/100, Train Loss(MSE): 0.028916127097449805, Validation Loss(MSE): 0.06363236904144287
2024-09-05 17:58:33,185 - EarlyStopping counter: 2 out of 5
2024-09-05 17:58:33,335 - Epoch 21/100, Train Loss(MSE): 0.027700266261634073, Validation Loss(MSE): 0.061773497611284256
2024-09-05 17:58:33,335 - EarlyStopping counter: 3 out of 5
2024-09-05 17:58:33,478 - Epoch 22/100, Train Loss(MSE): 0.025978581293633108, Validation Loss(MSE): 0.06350563963254292
2024-09-05 17:58:33,478 - EarlyStopping counter: 4 out of 5
2024-09-05 17:58:33,637 - Epoch 23/100, Train Loss(MSE): 0.024825194605479117, Validation Loss(MSE): 0.06248454377055168
2024-09-05 17:58:33,638 - EarlyStopping counter: 5 out of 5
2024-09-05 17:58:33,638 - Early stopping
2024-09-05 17:58:33,638 - —µ¡∑ 23 ¥Œepoch£¨—µ¡∑ ±≥§: 3.580129623413086 √Î
2024-09-05 17:58:33,653 - Test Loss(MSE): 0.042490669836600624
2024-09-05 17:58:33,656 - Model saved to D:\PythonProject\scorpioMock\MPDLinear\checkpoint\MPDLinear_v9_20240905-175833_bs64_seq365_enc24_pred_len5_individualTrue_checkpoint.pth
2024-09-05 17:58:33,667 - Test Loss (Original Scale) MSE: 5.052217845617238
2024-09-05 17:58:33,667 - Test Loss (Original Scale) MAE: 1.7836613337884752
