2024-08-28 15:30:09,687 - Epoch 1/100, Train Loss(MSE): 0.929333217765974, Validation Loss(MSE): 0.8648515244325002
2024-08-28 15:30:09,687 - Validation loss decreased for the first time. Saving model ...
2024-08-28 15:30:09,899 - Epoch 2/100, Train Loss(MSE): 0.8193924971248793, Validation Loss(MSE): 0.7666128575801849
2024-08-28 15:30:09,903 - Validation loss decreased (0.864852 --> 0.766613).  Saving model ...
2024-08-28 15:30:10,103 - Epoch 3/100, Train Loss(MSE): 0.727162158359652, Validation Loss(MSE): 0.686019649108251
2024-08-28 15:30:10,103 - Validation loss decreased (0.766613 --> 0.686020).  Saving model ...
2024-08-28 15:30:10,307 - Epoch 4/100, Train Loss(MSE): 0.6537703878205755, Validation Loss(MSE): 0.6185300747553507
2024-08-28 15:30:10,307 - Validation loss decreased (0.686020 --> 0.618530).  Saving model ...
2024-08-28 15:30:10,530 - Epoch 5/100, Train Loss(MSE): 0.5897786299819532, Validation Loss(MSE): 0.5626164476076762
2024-08-28 15:30:10,530 - Validation loss decreased (0.618530 --> 0.562616).  Saving model ...
2024-08-28 15:30:10,741 - Epoch 6/100, Train Loss(MSE): 0.5367996297452761, Validation Loss(MSE): 0.5137797296047211
2024-08-28 15:30:10,741 - Validation loss decreased (0.562616 --> 0.513780).  Saving model ...
2024-08-28 15:30:10,970 - Epoch 7/100, Train Loss(MSE): 0.4890219167522762, Validation Loss(MSE): 0.47108657161394757
2024-08-28 15:30:10,970 - Validation loss decreased (0.513780 --> 0.471087).  Saving model ...
2024-08-28 15:30:11,175 - Epoch 8/100, Train Loss(MSE): 0.44836747225212015, Validation Loss(MSE): 0.43523286779721576
2024-08-28 15:30:11,175 - Validation loss decreased (0.471087 --> 0.435233).  Saving model ...
2024-08-28 15:30:11,392 - Epoch 9/100, Train Loss(MSE): 0.4140797672064408, Validation Loss(MSE): 0.4030618965625763
2024-08-28 15:30:11,393 - Validation loss decreased (0.435233 --> 0.403062).  Saving model ...
2024-08-28 15:30:11,613 - Epoch 10/100, Train Loss(MSE): 0.38399710538594617, Validation Loss(MSE): 0.3744945724805196
2024-08-28 15:30:11,613 - Validation loss decreased (0.403062 --> 0.374495).  Saving model ...
2024-08-28 15:30:11,821 - Epoch 11/100, Train Loss(MSE): 0.3566824220444845, Validation Loss(MSE): 0.35048994918664295
2024-08-28 15:30:11,821 - Validation loss decreased (0.374495 --> 0.350490).  Saving model ...
2024-08-28 15:30:12,018 - Epoch 12/100, Train Loss(MSE): 0.3304031743951466, Validation Loss(MSE): 0.3281596253315608
2024-08-28 15:30:12,018 - Validation loss decreased (0.350490 --> 0.328160).  Saving model ...
2024-08-28 15:30:12,239 - Epoch 13/100, Train Loss(MSE): 0.31055465988490893, Validation Loss(MSE): 0.30785152316093445
2024-08-28 15:30:12,239 - Validation loss decreased (0.328160 --> 0.307852).  Saving model ...
2024-08-28 15:30:12,449 - Epoch 14/100, Train Loss(MSE): 0.29261818981688953, Validation Loss(MSE): 0.2905174568295479
2024-08-28 15:30:12,449 - Validation loss decreased (0.307852 --> 0.290517).  Saving model ...
2024-08-28 15:30:12,664 - Epoch 15/100, Train Loss(MSE): 0.2789755492754605, Validation Loss(MSE): 0.2742420310775439
2024-08-28 15:30:12,664 - Validation loss decreased (0.290517 --> 0.274242).  Saving model ...
2024-08-28 15:30:12,864 - Epoch 16/100, Train Loss(MSE): 0.26050094353116077, Validation Loss(MSE): 0.25982243567705154
2024-08-28 15:30:12,864 - Validation loss decreased (0.274242 --> 0.259822).  Saving model ...
2024-08-28 15:30:13,075 - Epoch 17/100, Train Loss(MSE): 0.24697264737409094, Validation Loss(MSE): 0.2466201956073443
2024-08-28 15:30:13,075 - Validation loss decreased (0.259822 --> 0.246620).  Saving model ...
2024-08-28 15:30:13,289 - Epoch 18/100, Train Loss(MSE): 0.23328518673129703, Validation Loss(MSE): 0.2340094049771627
2024-08-28 15:30:13,289 - Validation loss decreased (0.246620 --> 0.234009).  Saving model ...
2024-08-28 15:30:13,502 - Epoch 19/100, Train Loss(MSE): 0.22406766045352686, Validation Loss(MSE): 0.22362680236498514
2024-08-28 15:30:13,502 - Validation loss decreased (0.234009 --> 0.223627).  Saving model ...
2024-08-28 15:30:13,720 - Epoch 20/100, Train Loss(MSE): 0.21233089106238406, Validation Loss(MSE): 0.2134226014216741
2024-08-28 15:30:13,720 - Validation loss decreased (0.223627 --> 0.213423).  Saving model ...
2024-08-28 15:30:13,931 - Epoch 21/100, Train Loss(MSE): 0.2035384061543838, Validation Loss(MSE): 0.20427067577838898
2024-08-28 15:30:13,931 - Validation loss decreased (0.213423 --> 0.204271).  Saving model ...
2024-08-28 15:30:14,143 - Epoch 22/100, Train Loss(MSE): 0.19482344388961792, Validation Loss(MSE): 0.19563881059487662
2024-08-28 15:30:14,143 - Validation loss decreased (0.204271 --> 0.195639).  Saving model ...
2024-08-28 15:30:14,374 - Epoch 23/100, Train Loss(MSE): 0.1866348408486532, Validation Loss(MSE): 0.18778305500745773
2024-08-28 15:30:14,374 - Validation loss decreased (0.195639 --> 0.187783).  Saving model ...
2024-08-28 15:30:14,566 - Epoch 24/100, Train Loss(MSE): 0.18185054105908974, Validation Loss(MSE): 0.18053371459245682
2024-08-28 15:30:14,566 - Validation loss decreased (0.187783 --> 0.180534).  Saving model ...
2024-08-28 15:30:14,770 - Epoch 25/100, Train Loss(MSE): 0.17394641560056937, Validation Loss(MSE): 0.17413833737373352
2024-08-28 15:30:14,770 - Validation loss decreased (0.180534 --> 0.174138).  Saving model ...
2024-08-28 15:30:14,974 - Epoch 26/100, Train Loss(MSE): 0.16858201603526654, Validation Loss(MSE): 0.1680080716808637
2024-08-28 15:30:14,975 - Validation loss decreased (0.174138 --> 0.168008).  Saving model ...
2024-08-28 15:30:15,200 - Epoch 27/100, Train Loss(MSE): 0.16135881420062936, Validation Loss(MSE): 0.1620335727930069
2024-08-28 15:30:15,200 - Validation loss decreased (0.168008 --> 0.162034).  Saving model ...
2024-08-28 15:30:15,409 - Epoch 28/100, Train Loss(MSE): 0.1566754532573016, Validation Loss(MSE): 0.1567050889134407
2024-08-28 15:30:15,409 - Validation loss decreased (0.162034 --> 0.156705).  Saving model ...
2024-08-28 15:30:15,622 - Epoch 29/100, Train Loss(MSE): 0.15203515585997832, Validation Loss(MSE): 0.1519414484500885
2024-08-28 15:30:15,622 - Validation loss decreased (0.156705 --> 0.151941).  Saving model ...
2024-08-28 15:30:15,845 - Epoch 30/100, Train Loss(MSE): 0.14805845495151437, Validation Loss(MSE): 0.1469774196545283
2024-08-28 15:30:15,845 - Validation loss decreased (0.151941 --> 0.146977).  Saving model ...
2024-08-28 15:30:16,051 - Epoch 31/100, Train Loss(MSE): 0.14249188185709974, Validation Loss(MSE): 0.14229032893975577
2024-08-28 15:30:16,051 - Validation loss decreased (0.146977 --> 0.142290).  Saving model ...
2024-08-28 15:30:16,255 - Epoch 32/100, Train Loss(MSE): 0.14048019812806792, Validation Loss(MSE): 0.1383181537191073
2024-08-28 15:30:16,255 - Validation loss decreased (0.142290 --> 0.138318).  Saving model ...
2024-08-28 15:30:16,475 - Epoch 33/100, Train Loss(MSE): 0.13759981095790863, Validation Loss(MSE): 0.13463360195358595
2024-08-28 15:30:16,475 - Validation loss decreased (0.138318 --> 0.134634).  Saving model ...
2024-08-28 15:30:16,673 - Epoch 34/100, Train Loss(MSE): 0.1329016529995462, Validation Loss(MSE): 0.13039383788903555
2024-08-28 15:30:16,673 - Validation loss decreased (0.134634 --> 0.130394).  Saving model ...
2024-08-28 15:30:16,885 - Epoch 35/100, Train Loss(MSE): 0.12979294311093248, Validation Loss(MSE): 0.1268980304400126
2024-08-28 15:30:16,885 - Validation loss decreased (0.130394 --> 0.126898).  Saving model ...
2024-08-28 15:30:17,094 - Epoch 36/100, Train Loss(MSE): 0.12632571241777876, Validation Loss(MSE): 0.12366315101583798
2024-08-28 15:30:17,094 - Validation loss decreased (0.126898 --> 0.123663).  Saving model ...
2024-08-28 15:30:17,298 - Epoch 37/100, Train Loss(MSE): 0.12383168061142383, Validation Loss(MSE): 0.12056206663449605
2024-08-28 15:30:17,298 - Validation loss decreased (0.123663 --> 0.120562).  Saving model ...
2024-08-28 15:30:17,505 - Epoch 38/100, Train Loss(MSE): 0.1214224249124527, Validation Loss(MSE): 0.11763214692473412
2024-08-28 15:30:17,505 - Validation loss decreased (0.120562 --> 0.117632).  Saving model ...
2024-08-28 15:30:17,707 - Epoch 39/100, Train Loss(MSE): 0.11835184709533401, Validation Loss(MSE): 0.11483038713534673
2024-08-28 15:30:17,707 - Validation loss decreased (0.117632 --> 0.114830).  Saving model ...
2024-08-28 15:30:17,943 - Epoch 40/100, Train Loss(MSE): 0.11710893500434316, Validation Loss(MSE): 0.11207081253329913
2024-08-28 15:30:17,943 - Validation loss decreased (0.114830 --> 0.112071).  Saving model ...
2024-08-28 15:30:18,164 - Epoch 41/100, Train Loss(MSE): 0.11414179643211157, Validation Loss(MSE): 0.10948268820842107
2024-08-28 15:30:18,165 - Validation loss decreased (0.112071 --> 0.109483).  Saving model ...
2024-08-28 15:30:18,389 - Epoch 42/100, Train Loss(MSE): 0.11113608393656171, Validation Loss(MSE): 0.10696162283420563
2024-08-28 15:30:18,389 - Validation loss decreased (0.109483 --> 0.106962).  Saving model ...
2024-08-28 15:30:18,585 - Epoch 43/100, Train Loss(MSE): 0.10980769586951836, Validation Loss(MSE): 0.10487499833106995
2024-08-28 15:30:18,585 - Validation loss decreased (0.106962 --> 0.104875).  Saving model ...
2024-08-28 15:30:18,806 - Epoch 44/100, Train Loss(MSE): 0.10773969417356927, Validation Loss(MSE): 0.10261507953206699
2024-08-28 15:30:18,807 - Validation loss decreased (0.104875 --> 0.102615).  Saving model ...
2024-08-28 15:30:19,002 - Epoch 45/100, Train Loss(MSE): 0.1073412436829961, Validation Loss(MSE): 0.10080775866905849
2024-08-28 15:30:19,002 - Validation loss decreased (0.102615 --> 0.100808).  Saving model ...
2024-08-28 15:30:19,212 - Epoch 46/100, Train Loss(MSE): 0.10385290727667186, Validation Loss(MSE): 0.09867584332823753
2024-08-28 15:30:19,213 - Validation loss decreased (0.100808 --> 0.098676).  Saving model ...
2024-08-28 15:30:19,420 - Epoch 47/100, Train Loss(MSE): 0.10299829053490059, Validation Loss(MSE): 0.09682476396361987
2024-08-28 15:30:19,420 - Validation loss decreased (0.098676 --> 0.096825).  Saving model ...
2024-08-28 15:30:19,630 - Epoch 48/100, Train Loss(MSE): 0.1020649200224358, Validation Loss(MSE): 0.09536888698736827
2024-08-28 15:30:19,630 - Validation loss decreased (0.096825 --> 0.095369).  Saving model ...
2024-08-28 15:30:19,864 - Epoch 49/100, Train Loss(MSE): 0.09951975131812303, Validation Loss(MSE): 0.09310978651046753
2024-08-28 15:30:19,864 - Validation loss decreased (0.095369 --> 0.093110).  Saving model ...
2024-08-28 15:30:20,084 - Epoch 50/100, Train Loss(MSE): 0.09875098583490952, Validation Loss(MSE): 0.0916860190530618
2024-08-28 15:30:20,084 - Validation loss decreased (0.093110 --> 0.091686).  Saving model ...
2024-08-28 15:30:20,288 - Epoch 51/100, Train Loss(MSE): 0.09583826371185157, Validation Loss(MSE): 0.08984804650147755
2024-08-28 15:30:20,288 - Validation loss decreased (0.091686 --> 0.089848).  Saving model ...
2024-08-28 15:30:20,509 - Epoch 52/100, Train Loss(MSE): 0.09506834678999755, Validation Loss(MSE): 0.08817420030633609
2024-08-28 15:30:20,509 - Validation loss decreased (0.089848 --> 0.088174).  Saving model ...
2024-08-28 15:30:20,711 - Epoch 53/100, Train Loss(MSE): 0.09481139424378457, Validation Loss(MSE): 0.08705067882935207
2024-08-28 15:30:20,711 - Validation loss decreased (0.088174 --> 0.087051).  Saving model ...
2024-08-28 15:30:20,927 - Epoch 54/100, Train Loss(MSE): 0.09330090928984724, Validation Loss(MSE): 0.08578170090913773
2024-08-28 15:30:20,927 - Validation loss decreased (0.087051 --> 0.085782).  Saving model ...
2024-08-28 15:30:21,133 - Epoch 55/100, Train Loss(MSE): 0.09176230722147485, Validation Loss(MSE): 0.08449277405937512
2024-08-28 15:30:21,133 - Validation loss decreased (0.085782 --> 0.084493).  Saving model ...
2024-08-28 15:30:21,376 - Epoch 56/100, Train Loss(MSE): 0.0919589044769173, Validation Loss(MSE): 0.08307973047097524
2024-08-28 15:30:21,377 - Validation loss decreased (0.084493 --> 0.083080).  Saving model ...
2024-08-28 15:30:21,594 - Epoch 57/100, Train Loss(MSE): 0.08956819416388222, Validation Loss(MSE): 0.08166538799802463
2024-08-28 15:30:21,594 - Validation loss decreased (0.083080 --> 0.081665).  Saving model ...
2024-08-28 15:30:21,817 - Epoch 58/100, Train Loss(MSE): 0.08822215388974418, Validation Loss(MSE): 0.08097315952181816
2024-08-28 15:30:21,817 - Validation loss decreased (0.081665 --> 0.080973).  Saving model ...
2024-08-28 15:30:22,019 - Epoch 59/100, Train Loss(MSE): 0.08822029901911384, Validation Loss(MSE): 0.07993666579325993
2024-08-28 15:30:22,019 - Validation loss decreased (0.080973 --> 0.079937).  Saving model ...
2024-08-28 15:30:22,243 - Epoch 60/100, Train Loss(MSE): 0.0869105113265307, Validation Loss(MSE): 0.07903529827793439
2024-08-28 15:30:22,244 - Validation loss decreased (0.079937 --> 0.079035).  Saving model ...
2024-08-28 15:30:22,470 - Epoch 61/100, Train Loss(MSE): 0.08568100809403088, Validation Loss(MSE): 0.07773270830512047
2024-08-28 15:30:22,470 - Validation loss decreased (0.079035 --> 0.077733).  Saving model ...
2024-08-28 15:30:22,696 - Epoch 62/100, Train Loss(MSE): 0.08506990620947402, Validation Loss(MSE): 0.07693708439668019
2024-08-28 15:30:22,696 - Validation loss decreased (0.077733 --> 0.076937).  Saving model ...
2024-08-28 15:30:22,919 - Epoch 63/100, Train Loss(MSE): 0.08452437283552211, Validation Loss(MSE): 0.07629363611340523
2024-08-28 15:30:22,919 - Validation loss decreased (0.076937 --> 0.076294).  Saving model ...
2024-08-28 15:30:23,129 - Epoch 64/100, Train Loss(MSE): 0.08309087222037108, Validation Loss(MSE): 0.07527687524755795
2024-08-28 15:30:23,129 - Validation loss decreased (0.076294 --> 0.075277).  Saving model ...
2024-08-28 15:30:23,350 - Epoch 65/100, Train Loss(MSE): 0.08181998919209708, Validation Loss(MSE): 0.07444327448805173
2024-08-28 15:30:23,350 - Validation loss decreased (0.075277 --> 0.074443).  Saving model ...
2024-08-28 15:30:23,548 - Epoch 66/100, Train Loss(MSE): 0.08160363137722015, Validation Loss(MSE): 0.07363295927643776
2024-08-28 15:30:23,549 - Validation loss decreased (0.074443 --> 0.073633).  Saving model ...
2024-08-28 15:30:23,772 - Epoch 67/100, Train Loss(MSE): 0.0813785902345958, Validation Loss(MSE): 0.0729500874876976
2024-08-28 15:30:23,772 - Validation loss decreased (0.073633 --> 0.072950).  Saving model ...
2024-08-28 15:30:24,013 - Epoch 68/100, Train Loss(MSE): 0.08099508479885432, Validation Loss(MSE): 0.07237433145443599
2024-08-28 15:30:24,014 - Validation loss decreased (0.072950 --> 0.072374).  Saving model ...
2024-08-28 15:30:24,292 - Epoch 69/100, Train Loss(MSE): 0.07979829909036988, Validation Loss(MSE): 0.0714830073217551
2024-08-28 15:30:24,294 - Validation loss decreased (0.072374 --> 0.071483).  Saving model ...
2024-08-28 15:30:24,505 - Epoch 70/100, Train Loss(MSE): 0.07908022144566411, Validation Loss(MSE): 0.07103615999221802
2024-08-28 15:30:24,505 - Validation loss decreased (0.071483 --> 0.071036).  Saving model ...
2024-08-28 15:30:24,719 - Epoch 71/100, Train Loss(MSE): 0.07858535720278388, Validation Loss(MSE): 0.0702340230345726
2024-08-28 15:30:24,719 - Validation loss decreased (0.071036 --> 0.070234).  Saving model ...
2024-08-28 15:30:24,958 - Epoch 72/100, Train Loss(MSE): 0.07842793040301489, Validation Loss(MSE): 0.06994990135232608
2024-08-28 15:30:24,958 - Validation loss decreased (0.070234 --> 0.069950).  Saving model ...
2024-08-28 15:30:25,176 - Epoch 73/100, Train Loss(MSE): 0.07709298663489196, Validation Loss(MSE): 0.06959059586127599
2024-08-28 15:30:25,176 - Validation loss decreased (0.069950 --> 0.069591).  Saving model ...
2024-08-28 15:30:25,411 - Epoch 74/100, Train Loss(MSE): 0.07658663027636382, Validation Loss(MSE): 0.06903071701526642
2024-08-28 15:30:25,411 - Validation loss decreased (0.069591 --> 0.069031).  Saving model ...
2024-08-28 15:30:25,622 - Epoch 75/100, Train Loss(MSE): 0.07647083302878815, Validation Loss(MSE): 0.06836331263184547
2024-08-28 15:30:25,623 - Validation loss decreased (0.069031 --> 0.068363).  Saving model ...
2024-08-28 15:30:25,839 - Epoch 76/100, Train Loss(MSE): 0.0760522722064153, Validation Loss(MSE): 0.0680361899236838
2024-08-28 15:30:25,839 - Validation loss decreased (0.068363 --> 0.068036).  Saving model ...
2024-08-28 15:30:26,058 - Epoch 77/100, Train Loss(MSE): 0.07522184247879879, Validation Loss(MSE): 0.06745670052866141
2024-08-28 15:30:26,059 - Validation loss decreased (0.068036 --> 0.067457).  Saving model ...
2024-08-28 15:30:26,280 - Epoch 78/100, Train Loss(MSE): 0.07531896573693855, Validation Loss(MSE): 0.06708893552422523
2024-08-28 15:30:26,280 - Validation loss decreased (0.067457 --> 0.067089).  Saving model ...
2024-08-28 15:30:26,483 - Epoch 79/100, Train Loss(MSE): 0.07477138879830422, Validation Loss(MSE): 0.0664914653946956
2024-08-28 15:30:26,484 - Validation loss decreased (0.067089 --> 0.066491).  Saving model ...
2024-08-28 15:30:26,682 - Epoch 80/100, Train Loss(MSE): 0.07387779474906299, Validation Loss(MSE): 0.06629228219389915
2024-08-28 15:30:26,682 - Validation loss decreased (0.066491 --> 0.066292).  Saving model ...
2024-08-28 15:30:26,882 - Epoch 81/100, Train Loss(MSE): 0.07339083014622978, Validation Loss(MSE): 0.06605786706010501
2024-08-28 15:30:26,882 - Validation loss decreased (0.066292 --> 0.066058).  Saving model ...
2024-08-28 15:30:27,099 - Epoch 82/100, Train Loss(MSE): 0.0729988857941783, Validation Loss(MSE): 0.06553292212386926
2024-08-28 15:30:27,099 - Validation loss decreased (0.066058 --> 0.065533).  Saving model ...
2024-08-28 15:30:27,330 - Epoch 83/100, Train Loss(MSE): 0.07274705916643143, Validation Loss(MSE): 0.06525857498248418
2024-08-28 15:30:27,331 - Validation loss decreased (0.065533 --> 0.065259).  Saving model ...
2024-08-28 15:30:27,539 - Epoch 84/100, Train Loss(MSE): 0.07308583342186782, Validation Loss(MSE): 0.06505487548808257
2024-08-28 15:30:27,539 - Validation loss decreased (0.065259 --> 0.065055).  Saving model ...
2024-08-28 15:30:27,760 - Epoch 85/100, Train Loss(MSE): 0.07201762813264909, Validation Loss(MSE): 0.06477079664667447
2024-08-28 15:30:27,760 - Validation loss decreased (0.065055 --> 0.064771).  Saving model ...
2024-08-28 15:30:27,988 - Epoch 86/100, Train Loss(MSE): 0.07234809636745763, Validation Loss(MSE): 0.06459498095015685
2024-08-28 15:30:27,988 - Validation loss decreased (0.064771 --> 0.064595).  Saving model ...
2024-08-28 15:30:28,202 - Epoch 87/100, Train Loss(MSE): 0.07212910752581514, Validation Loss(MSE): 0.06430561033387978
2024-08-28 15:30:28,202 - Validation loss decreased (0.064595 --> 0.064306).  Saving model ...
2024-08-28 15:30:28,440 - Epoch 88/100, Train Loss(MSE): 0.07171911268454531, Validation Loss(MSE): 0.0639314769456784
2024-08-28 15:30:28,440 - Validation loss decreased (0.064306 --> 0.063931).  Saving model ...
2024-08-28 15:30:28,641 - Epoch 89/100, Train Loss(MSE): 0.07114791327520557, Validation Loss(MSE): 0.06383843533694744
2024-08-28 15:30:28,642 - Validation loss decreased (0.063931 --> 0.063838).  Saving model ...
2024-08-28 15:30:28,862 - Epoch 90/100, Train Loss(MSE): 0.07056143219866183, Validation Loss(MSE): 0.06334494426846504
2024-08-28 15:30:28,862 - Validation loss decreased (0.063838 --> 0.063345).  Saving model ...
2024-08-28 15:30:29,084 - Epoch 91/100, Train Loss(MSE): 0.07120385733635529, Validation Loss(MSE): 0.06314349733293056
2024-08-28 15:30:29,084 - Validation loss decreased (0.063345 --> 0.063143).  Saving model ...
2024-08-28 15:30:29,309 - Epoch 92/100, Train Loss(MSE): 0.06995031606082035, Validation Loss(MSE): 0.06317061247924964
2024-08-28 15:30:29,309 - EarlyStopping counter: 1 out of 5
2024-08-28 15:30:29,506 - Epoch 93/100, Train Loss(MSE): 0.07053307929764623, Validation Loss(MSE): 0.06295783010621865
2024-08-28 15:30:29,506 - Validation loss decreased (0.063143 --> 0.062958).  Saving model ...
2024-08-28 15:30:29,714 - Epoch 94/100, Train Loss(MSE): 0.0697777308523655, Validation Loss(MSE): 0.06245180716117223
2024-08-28 15:30:29,714 - Validation loss decreased (0.062958 --> 0.062452).  Saving model ...
2024-08-28 15:30:29,948 - Epoch 95/100, Train Loss(MSE): 0.06920653107859519, Validation Loss(MSE): 0.06256477534770966
2024-08-28 15:30:29,948 - EarlyStopping counter: 1 out of 5
2024-08-28 15:30:30,152 - Epoch 96/100, Train Loss(MSE): 0.06974422356680683, Validation Loss(MSE): 0.06215747880438963
2024-08-28 15:30:30,152 - Validation loss decreased (0.062452 --> 0.062157).  Saving model ...
2024-08-28 15:30:30,375 - Epoch 97/100, Train Loss(MSE): 0.0690920215262019, Validation Loss(MSE): 0.06182422178486983
2024-08-28 15:30:30,375 - Validation loss decreased (0.062157 --> 0.061824).  Saving model ...
2024-08-28 15:30:30,581 - Epoch 98/100, Train Loss(MSE): 0.069608508568743, Validation Loss(MSE): 0.061873424177368484
2024-08-28 15:30:30,581 - EarlyStopping counter: 1 out of 5
2024-08-28 15:30:30,786 - Epoch 99/100, Train Loss(MSE): 0.06917450714694418, Validation Loss(MSE): 0.06166731317838033
2024-08-28 15:30:30,786 - Validation loss decreased (0.061824 --> 0.061667).  Saving model ...
2024-08-28 15:30:30,989 - Epoch 100/100, Train Loss(MSE): 0.06896317628738673, Validation Loss(MSE): 0.06175893172621727
2024-08-28 15:30:30,989 - EarlyStopping counter: 1 out of 5
2024-08-28 15:30:30,989 - —µ¡∑ 100 ¥Œepoch£¨—µ¡∑ ±≥§: 21.518192052841187 √Î
2024-08-28 15:30:31,000 - Test Loss(MSE): 0.08811313286423683
2024-08-28 15:30:31,003 - Model saved to D:\PythonProject\scorpioMock\MPDLinear\checkpoint\MPDLinear_20240828-153031_bs32_seq10_enc24_pred_len7_individualTrue_checkpoint.pth
2024-08-28 15:30:31,010 - Test Loss (Original Scale) MSE: 11.068587769287218
