2024-08-26 22:33:36,674 - Epoch 1/100, Train Loss(MSE): 0.7306530747148726, Validation Loss(MSE): 0.44010449945926666
2024-08-26 22:33:36,674 - Validation loss decreased for the first time. Saving model ...
2024-08-26 22:33:37,082 - Epoch 2/100, Train Loss(MSE): 0.3750872587164243, Validation Loss(MSE): 0.2583438878258069
2024-08-26 22:33:37,086 - Validation loss decreased (0.440104 --> 0.258344).  Saving model ...
2024-08-26 22:33:37,495 - Epoch 3/100, Train Loss(MSE): 0.22755241948697302, Validation Loss(MSE): 0.18107792052129904
2024-08-26 22:33:37,496 - Validation loss decreased (0.258344 --> 0.181078).  Saving model ...
2024-08-26 22:33:37,935 - Epoch 4/100, Train Loss(MSE): 0.160683143676983, Validation Loss(MSE): 0.14008849238355955
2024-08-26 22:33:37,935 - Validation loss decreased (0.181078 --> 0.140088).  Saving model ...
2024-08-26 22:33:38,350 - Epoch 5/100, Train Loss(MSE): 0.12559000481333998, Validation Loss(MSE): 0.116415415580074
2024-08-26 22:33:38,350 - Validation loss decreased (0.140088 --> 0.116415).  Saving model ...
2024-08-26 22:33:38,756 - Epoch 6/100, Train Loss(MSE): 0.10579594357146158, Validation Loss(MSE): 0.09923484579970439
2024-08-26 22:33:38,756 - Validation loss decreased (0.116415 --> 0.099235).  Saving model ...
2024-08-26 22:33:39,155 - Epoch 7/100, Train Loss(MSE): 0.0921648611418075, Validation Loss(MSE): 0.08743192472805579
2024-08-26 22:33:39,155 - Validation loss decreased (0.099235 --> 0.087432).  Saving model ...
2024-08-26 22:33:39,566 - Epoch 8/100, Train Loss(MSE): 0.08315309613115257, Validation Loss(MSE): 0.07825504677991073
2024-08-26 22:33:39,566 - Validation loss decreased (0.087432 --> 0.078255).  Saving model ...
2024-08-26 22:33:39,960 - Epoch 9/100, Train Loss(MSE): 0.07620794446104102, Validation Loss(MSE): 0.07249322595695655
2024-08-26 22:33:39,960 - Validation loss decreased (0.078255 --> 0.072493).  Saving model ...
2024-08-26 22:33:40,375 - Epoch 10/100, Train Loss(MSE): 0.07081677812255091, Validation Loss(MSE): 0.06849926679084699
2024-08-26 22:33:40,375 - Validation loss decreased (0.072493 --> 0.068499).  Saving model ...
2024-08-26 22:33:40,783 - Epoch 11/100, Train Loss(MSE): 0.06647556629031896, Validation Loss(MSE): 0.0638204977537195
2024-08-26 22:33:40,783 - Validation loss decreased (0.068499 --> 0.063820).  Saving model ...
2024-08-26 22:33:41,199 - Epoch 12/100, Train Loss(MSE): 0.06293257679790258, Validation Loss(MSE): 0.06061767848829428
2024-08-26 22:33:41,199 - Validation loss decreased (0.063820 --> 0.060618).  Saving model ...
2024-08-26 22:33:41,607 - Epoch 13/100, Train Loss(MSE): 0.05955032470325629, Validation Loss(MSE): 0.058289481326937675
2024-08-26 22:33:41,607 - Validation loss decreased (0.060618 --> 0.058289).  Saving model ...
2024-08-26 22:33:42,017 - Epoch 14/100, Train Loss(MSE): 0.05682631062550677, Validation Loss(MSE): 0.05661634200563034
2024-08-26 22:33:42,017 - Validation loss decreased (0.058289 --> 0.056616).  Saving model ...
2024-08-26 22:33:42,441 - Epoch 15/100, Train Loss(MSE): 0.05472492097566525, Validation Loss(MSE): 0.0551627262805899
2024-08-26 22:33:42,441 - Validation loss decreased (0.056616 --> 0.055163).  Saving model ...
2024-08-26 22:33:42,855 - Epoch 16/100, Train Loss(MSE): 0.052612216336031754, Validation Loss(MSE): 0.05353006534278393
2024-08-26 22:33:42,855 - Validation loss decreased (0.055163 --> 0.053530).  Saving model ...
2024-08-26 22:33:43,256 - Epoch 17/100, Train Loss(MSE): 0.05061393073863453, Validation Loss(MSE): 0.05342174880206585
2024-08-26 22:33:43,256 - Validation loss decreased (0.053530 --> 0.053422).  Saving model ...
2024-08-26 22:33:43,643 - Epoch 18/100, Train Loss(MSE): 0.04892955772164795, Validation Loss(MSE): 0.05228522187098861
2024-08-26 22:33:43,643 - Validation loss decreased (0.053422 --> 0.052285).  Saving model ...
2024-08-26 22:33:44,042 - Epoch 19/100, Train Loss(MSE): 0.04724472434156471, Validation Loss(MSE): 0.05073619059597453
2024-08-26 22:33:44,042 - Validation loss decreased (0.052285 --> 0.050736).  Saving model ...
2024-08-26 22:33:44,450 - Epoch 20/100, Train Loss(MSE): 0.04631213850031297, Validation Loss(MSE): 0.05019298413147529
2024-08-26 22:33:44,450 - Validation loss decreased (0.050736 --> 0.050193).  Saving model ...
2024-08-26 22:33:44,855 - Epoch 21/100, Train Loss(MSE): 0.045083401528083614, Validation Loss(MSE): 0.04996755362177888
2024-08-26 22:33:44,855 - Validation loss decreased (0.050193 --> 0.049968).  Saving model ...
2024-08-26 22:33:45,297 - Epoch 22/100, Train Loss(MSE): 0.04405669112586313, Validation Loss(MSE): 0.04971481176714102
2024-08-26 22:33:45,297 - Validation loss decreased (0.049968 --> 0.049715).  Saving model ...
2024-08-26 22:33:45,708 - Epoch 23/100, Train Loss(MSE): 0.0430923064549764, Validation Loss(MSE): 0.04858966233829657
2024-08-26 22:33:45,709 - Validation loss decreased (0.049715 --> 0.048590).  Saving model ...
2024-08-26 22:33:46,135 - Epoch 24/100, Train Loss(MSE): 0.042288961364991134, Validation Loss(MSE): 0.04826485784724355
2024-08-26 22:33:46,135 - Validation loss decreased (0.048590 --> 0.048265).  Saving model ...
2024-08-26 22:33:46,569 - Epoch 25/100, Train Loss(MSE): 0.04135080052332746, Validation Loss(MSE): 0.04839444082851211
2024-08-26 22:33:46,569 - EarlyStopping counter: 1 out of 5
2024-08-26 22:33:46,965 - Epoch 26/100, Train Loss(MSE): 0.04068314062638415, Validation Loss(MSE): 0.04799034198125204
2024-08-26 22:33:46,965 - Validation loss decreased (0.048265 --> 0.047990).  Saving model ...
2024-08-26 22:33:47,371 - Epoch 27/100, Train Loss(MSE): 0.04003416746854782, Validation Loss(MSE): 0.04852259655793508
2024-08-26 22:33:47,372 - EarlyStopping counter: 1 out of 5
2024-08-26 22:33:47,777 - Epoch 28/100, Train Loss(MSE): 0.03941783857428365, Validation Loss(MSE): 0.049146723778297506
2024-08-26 22:33:47,777 - EarlyStopping counter: 2 out of 5
2024-08-26 22:33:48,174 - Epoch 29/100, Train Loss(MSE): 0.03882948329879178, Validation Loss(MSE): 0.04871143804242214
2024-08-26 22:33:48,174 - EarlyStopping counter: 3 out of 5
2024-08-26 22:33:48,570 - Epoch 30/100, Train Loss(MSE): 0.03839635873834292, Validation Loss(MSE): 0.048346166188518204
2024-08-26 22:33:48,570 - EarlyStopping counter: 4 out of 5
2024-08-26 22:33:48,979 - Epoch 31/100, Train Loss(MSE): 0.03796661666904887, Validation Loss(MSE): 0.047859369311481714
2024-08-26 22:33:48,979 - Validation loss decreased (0.047990 --> 0.047859).  Saving model ...
2024-08-26 22:33:49,391 - Epoch 32/100, Train Loss(MSE): 0.037568230513069366, Validation Loss(MSE): 0.04816154933845004
2024-08-26 22:33:49,391 - EarlyStopping counter: 1 out of 5
2024-08-26 22:33:49,834 - Epoch 33/100, Train Loss(MSE): 0.0371543419547379, Validation Loss(MSE): 0.048897747260828815
2024-08-26 22:33:49,834 - EarlyStopping counter: 2 out of 5
2024-08-26 22:33:50,268 - Epoch 34/100, Train Loss(MSE): 0.0366167810642057, Validation Loss(MSE): 0.04805848840624094
2024-08-26 22:33:50,268 - EarlyStopping counter: 3 out of 5
2024-08-26 22:33:50,670 - Epoch 35/100, Train Loss(MSE): 0.03642023159191012, Validation Loss(MSE): 0.04925052309408784
2024-08-26 22:33:50,670 - EarlyStopping counter: 4 out of 5
2024-08-26 22:33:51,052 - Epoch 36/100, Train Loss(MSE): 0.03619829462841153, Validation Loss(MSE): 0.048854687406371035
2024-08-26 22:33:51,053 - EarlyStopping counter: 5 out of 5
2024-08-26 22:33:51,053 - Early stopping
2024-08-26 22:33:51,053 - —µ¡∑ 36 ¥Œepoch£¨—µ¡∑ ±≥§: 14.849216938018799 √Î
2024-08-26 22:33:51,066 - Test Loss(MSE): 0.057855713491638504
2024-08-26 22:33:51,068 - Model saved to D:\PythonProject\scorpioMock\MPDLinear\checkpoint\MPDLinear_20240826-223351_bs16_seq30_enc24_pred_len5_individualTrue_checkpoint.pth
2024-08-26 22:33:51,079 - Test Loss (Original Scale) MSE: 7.499690262597766
