2024-08-24 21:30:15,045 - Epoch 1/100, Train Loss(MSE): 0.8291538331243727, Validation Loss(MSE): 0.6148156225681305
2024-08-24 21:30:15,046 - Validation loss decreased for the first time. Saving model ...
2024-08-24 21:30:15,293 - Epoch 2/100, Train Loss(MSE): 0.5619104511208004, Validation Loss(MSE): 0.4332626710335414
2024-08-24 21:30:15,293 - Validation loss decreased (0.614816 --> 0.433263).  Saving model ...
2024-08-24 21:30:15,560 - Epoch 3/100, Train Loss(MSE): 0.3967250178257624, Validation Loss(MSE): 0.3210975031057994
2024-08-24 21:30:15,564 - Validation loss decreased (0.433263 --> 0.321098).  Saving model ...
2024-08-24 21:30:15,889 - Epoch 4/100, Train Loss(MSE): 0.29437100489934287, Validation Loss(MSE): 0.25387782603502274
2024-08-24 21:30:15,889 - Validation loss decreased (0.321098 --> 0.253878).  Saving model ...
2024-08-24 21:30:16,216 - Epoch 5/100, Train Loss(MSE): 0.23019896265533235, Validation Loss(MSE): 0.20800479501485825
2024-08-24 21:30:16,216 - Validation loss decreased (0.253878 --> 0.208005).  Saving model ...
2024-08-24 21:30:16,490 - Epoch 6/100, Train Loss(MSE): 0.18818555474281312, Validation Loss(MSE): 0.17815914253393808
2024-08-24 21:30:16,490 - Validation loss decreased (0.208005 --> 0.178159).  Saving model ...
2024-08-24 21:30:16,813 - Epoch 7/100, Train Loss(MSE): 0.16017036620113584, Validation Loss(MSE): 0.15449969843029976
2024-08-24 21:30:16,813 - Validation loss decreased (0.178159 --> 0.154500).  Saving model ...
2024-08-24 21:30:17,076 - Epoch 8/100, Train Loss(MSE): 0.13951628804206848, Validation Loss(MSE): 0.13721527035037676
2024-08-24 21:30:17,076 - Validation loss decreased (0.154500 --> 0.137215).  Saving model ...
2024-08-24 21:30:17,395 - Epoch 9/100, Train Loss(MSE): 0.12483273562457826, Validation Loss(MSE): 0.12420944372812907
2024-08-24 21:30:17,395 - Validation loss decreased (0.137215 --> 0.124209).  Saving model ...
2024-08-24 21:30:17,712 - Epoch 10/100, Train Loss(MSE): 0.11334592352310817, Validation Loss(MSE): 0.11271629234155019
2024-08-24 21:30:17,712 - Validation loss decreased (0.124209 --> 0.112716).  Saving model ...
2024-08-24 21:30:18,028 - Epoch 11/100, Train Loss(MSE): 0.10437018374602, Validation Loss(MSE): 0.10392065967122714
2024-08-24 21:30:18,028 - Validation loss decreased (0.112716 --> 0.103921).  Saving model ...
2024-08-24 21:30:18,336 - Epoch 12/100, Train Loss(MSE): 0.0970736927456326, Validation Loss(MSE): 0.09737551709016164
2024-08-24 21:30:18,336 - Validation loss decreased (0.103921 --> 0.097376).  Saving model ...
2024-08-24 21:30:18,569 - Epoch 13/100, Train Loss(MSE): 0.09131080193652047, Validation Loss(MSE): 0.09085443367560704
2024-08-24 21:30:18,569 - Validation loss decreased (0.097376 --> 0.090854).  Saving model ...
2024-08-24 21:30:18,812 - Epoch 14/100, Train Loss(MSE): 0.08618397042155265, Validation Loss(MSE): 0.08629512538512547
2024-08-24 21:30:18,812 - Validation loss decreased (0.090854 --> 0.086295).  Saving model ...
2024-08-24 21:30:19,141 - Epoch 15/100, Train Loss(MSE): 0.08195592421624395, Validation Loss(MSE): 0.08191345135370891
2024-08-24 21:30:19,141 - Validation loss decreased (0.086295 --> 0.081913).  Saving model ...
2024-08-24 21:30:19,412 - Epoch 16/100, Train Loss(MSE): 0.07815879699256685, Validation Loss(MSE): 0.07884931067625682
2024-08-24 21:30:19,412 - Validation loss decreased (0.081913 --> 0.078849).  Saving model ...
2024-08-24 21:30:19,675 - Epoch 17/100, Train Loss(MSE): 0.07492985104521116, Validation Loss(MSE): 0.07570308198531468
2024-08-24 21:30:19,675 - Validation loss decreased (0.078849 --> 0.075703).  Saving model ...
2024-08-24 21:30:19,982 - Epoch 18/100, Train Loss(MSE): 0.07206615606943766, Validation Loss(MSE): 0.07230615119139354
2024-08-24 21:30:19,982 - Validation loss decreased (0.075703 --> 0.072306).  Saving model ...
2024-08-24 21:30:20,255 - Epoch 19/100, Train Loss(MSE): 0.06946907300088141, Validation Loss(MSE): 0.07049403091271718
2024-08-24 21:30:20,255 - Validation loss decreased (0.072306 --> 0.070494).  Saving model ...
2024-08-24 21:30:20,492 - Epoch 20/100, Train Loss(MSE): 0.06701263421111636, Validation Loss(MSE): 0.06859916572769482
2024-08-24 21:30:20,493 - Validation loss decreased (0.070494 --> 0.068599).  Saving model ...
2024-08-24 21:30:20,724 - Epoch 21/100, Train Loss(MSE): 0.06495176984204186, Validation Loss(MSE): 0.06677917949855328
2024-08-24 21:30:20,724 - Validation loss decreased (0.068599 --> 0.066779).  Saving model ...
2024-08-24 21:30:20,969 - Epoch 22/100, Train Loss(MSE): 0.06292035728693009, Validation Loss(MSE): 0.06494468698898952
2024-08-24 21:30:20,970 - Validation loss decreased (0.066779 --> 0.064945).  Saving model ...
2024-08-24 21:30:21,219 - Epoch 23/100, Train Loss(MSE): 0.06123614932099978, Validation Loss(MSE): 0.06333792520066102
2024-08-24 21:30:21,220 - Validation loss decreased (0.064945 --> 0.063338).  Saving model ...
2024-08-24 21:30:21,444 - Epoch 24/100, Train Loss(MSE): 0.059541040576166576, Validation Loss(MSE): 0.06252581874529521
2024-08-24 21:30:21,445 - EarlyStopping counter: 1 out of 5
2024-08-24 21:30:21,691 - Epoch 25/100, Train Loss(MSE): 0.05791973243984911, Validation Loss(MSE): 0.06157377175986767
2024-08-24 21:30:21,693 - Validation loss decreased (0.063338 --> 0.061574).  Saving model ...
2024-08-24 21:30:21,952 - Epoch 26/100, Train Loss(MSE): 0.056534128056632146, Validation Loss(MSE): 0.06022000809510549
2024-08-24 21:30:21,952 - Validation loss decreased (0.061574 --> 0.060220).  Saving model ...
2024-08-24 21:30:22,272 - Epoch 27/100, Train Loss(MSE): 0.05533334575593472, Validation Loss(MSE): 0.05894438487788042
2024-08-24 21:30:22,273 - Validation loss decreased (0.060220 --> 0.058944).  Saving model ...
2024-08-24 21:30:22,561 - Epoch 28/100, Train Loss(MSE): 0.05426902145975166, Validation Loss(MSE): 0.058260755613446236
2024-08-24 21:30:22,561 - EarlyStopping counter: 1 out of 5
2024-08-24 21:30:22,834 - Epoch 29/100, Train Loss(MSE): 0.05291694477200508, Validation Loss(MSE): 0.05809416063129902
2024-08-24 21:30:22,834 - EarlyStopping counter: 2 out of 5
2024-08-24 21:30:23,089 - Epoch 30/100, Train Loss(MSE): 0.0517943868206607, Validation Loss(MSE): 0.056777711336811386
2024-08-24 21:30:23,089 - Validation loss decreased (0.058944 --> 0.056778).  Saving model ...
2024-08-24 21:30:23,333 - Epoch 31/100, Train Loss(MSE): 0.05091267033583588, Validation Loss(MSE): 0.05617018478612105
2024-08-24 21:30:23,334 - EarlyStopping counter: 1 out of 5
2024-08-24 21:30:23,563 - Epoch 32/100, Train Loss(MSE): 0.04996651568346554, Validation Loss(MSE): 0.055575997879107795
2024-08-24 21:30:23,564 - Validation loss decreased (0.056778 --> 0.055576).  Saving model ...
2024-08-24 21:30:23,820 - Epoch 33/100, Train Loss(MSE): 0.04893297851085663, Validation Loss(MSE): 0.0553634533037742
2024-08-24 21:30:23,820 - EarlyStopping counter: 1 out of 5
2024-08-24 21:30:24,107 - Epoch 34/100, Train Loss(MSE): 0.04815809180339178, Validation Loss(MSE): 0.055353804801901184
2024-08-24 21:30:24,107 - EarlyStopping counter: 2 out of 5
2024-08-24 21:30:24,396 - Epoch 35/100, Train Loss(MSE): 0.04734914778835243, Validation Loss(MSE): 0.05505276098847389
2024-08-24 21:30:24,396 - EarlyStopping counter: 3 out of 5
2024-08-24 21:30:24,638 - Epoch 36/100, Train Loss(MSE): 0.04656174344321092, Validation Loss(MSE): 0.0544323759774367
2024-08-24 21:30:24,638 - Validation loss decreased (0.055576 --> 0.054432).  Saving model ...
2024-08-24 21:30:24,884 - Epoch 37/100, Train Loss(MSE): 0.045813505599896116, Validation Loss(MSE): 0.05382822764416536
2024-08-24 21:30:24,884 - EarlyStopping counter: 1 out of 5
2024-08-24 21:30:25,123 - Epoch 38/100, Train Loss(MSE): 0.04521456869939963, Validation Loss(MSE): 0.05355683093269666
2024-08-24 21:30:25,124 - EarlyStopping counter: 2 out of 5
2024-08-24 21:30:25,373 - Epoch 39/100, Train Loss(MSE): 0.044627934280369014, Validation Loss(MSE): 0.053158191964030266
2024-08-24 21:30:25,373 - Validation loss decreased (0.054432 --> 0.053158).  Saving model ...
2024-08-24 21:30:25,622 - Epoch 40/100, Train Loss(MSE): 0.043909965579708415, Validation Loss(MSE): 0.053221664081017174
2024-08-24 21:30:25,623 - EarlyStopping counter: 1 out of 5
2024-08-24 21:30:25,881 - Epoch 41/100, Train Loss(MSE): 0.04345139496856266, Validation Loss(MSE): 0.0531441035370032
2024-08-24 21:30:25,882 - EarlyStopping counter: 2 out of 5
2024-08-24 21:30:26,177 - Epoch 42/100, Train Loss(MSE): 0.04283726372652584, Validation Loss(MSE): 0.052551199992497764
2024-08-24 21:30:26,177 - EarlyStopping counter: 3 out of 5
2024-08-24 21:30:26,402 - Epoch 43/100, Train Loss(MSE): 0.042335136855642004, Validation Loss(MSE): 0.05233650468289852
2024-08-24 21:30:26,402 - EarlyStopping counter: 4 out of 5
2024-08-24 21:30:26,624 - Epoch 44/100, Train Loss(MSE): 0.041949934346808326, Validation Loss(MSE): 0.052457703898350395
2024-08-24 21:30:26,625 - EarlyStopping counter: 5 out of 5
2024-08-24 21:30:26,625 - Early stopping
2024-08-24 21:30:26,636 - Test Loss(MSE): 0.06892152937750022
2024-08-24 21:30:26,644 - Model saved to D:\PythonProject\scorpioMock\MPDLinear\checkpoint\MPDLinear_Model_20240824-213026_bs32_seq30_enc24_pred_len10_individualTrue_checkpoint.pth
2024-08-24 21:30:26,656 - Test Loss (Original Scale) MSE: 8.49226870858377
