2024-08-28 15:32:25,267 - Epoch 1/100, Train Loss(MSE): 0.9244862082211868, Validation Loss(MSE): 0.7972736954689026
2024-08-28 15:32:25,268 - Validation loss decreased for the first time. Saving model ...
2024-08-28 15:32:25,485 - Epoch 2/100, Train Loss(MSE): 0.8477963779283606, Validation Loss(MSE): 0.7340090274810791
2024-08-28 15:32:25,490 - Validation loss decreased (0.797274 --> 0.734009).  Saving model ...
2024-08-28 15:32:25,687 - Epoch 3/100, Train Loss(MSE): 0.781428144029949, Validation Loss(MSE): 0.6808322966098785
2024-08-28 15:32:25,687 - Validation loss decreased (0.734009 --> 0.680832).  Saving model ...
2024-08-28 15:32:25,877 - Epoch 4/100, Train Loss(MSE): 0.7258241008157316, Validation Loss(MSE): 0.6345162888367971
2024-08-28 15:32:25,877 - Validation loss decreased (0.680832 --> 0.634516).  Saving model ...
2024-08-28 15:32:26,080 - Epoch 5/100, Train Loss(MSE): 0.6775971813046414, Validation Loss(MSE): 0.5926510741313299
2024-08-28 15:32:26,080 - Validation loss decreased (0.634516 --> 0.592651).  Saving model ...
2024-08-28 15:32:26,290 - Epoch 6/100, Train Loss(MSE): 0.6339395603407985, Validation Loss(MSE): 0.5540458112955093
2024-08-28 15:32:26,290 - Validation loss decreased (0.592651 --> 0.554046).  Saving model ...
2024-08-28 15:32:26,466 - Epoch 7/100, Train Loss(MSE): 0.596297553052073, Validation Loss(MSE): 0.5195854157209396
2024-08-28 15:32:26,466 - Validation loss decreased (0.554046 --> 0.519585).  Saving model ...
2024-08-28 15:32:26,651 - Epoch 8/100, Train Loss(MSE): 0.5619418996831645, Validation Loss(MSE): 0.48812630275885266
2024-08-28 15:32:26,651 - Validation loss decreased (0.519585 --> 0.488126).  Saving model ...
2024-08-28 15:32:26,822 - Epoch 9/100, Train Loss(MSE): 0.5268066467150397, Validation Loss(MSE): 0.459364374478658
2024-08-28 15:32:26,822 - Validation loss decreased (0.488126 --> 0.459364).  Saving model ...
2024-08-28 15:32:27,039 - Epoch 10/100, Train Loss(MSE): 0.49805193750754645, Validation Loss(MSE): 0.43212100366751355
2024-08-28 15:32:27,039 - Validation loss decreased (0.459364 --> 0.432121).  Saving model ...
2024-08-28 15:32:27,234 - Epoch 11/100, Train Loss(MSE): 0.4722944070463595, Validation Loss(MSE): 0.4073219547669093
2024-08-28 15:32:27,234 - Validation loss decreased (0.432121 --> 0.407322).  Saving model ...
2024-08-28 15:32:27,431 - Epoch 12/100, Train Loss(MSE): 0.4460739571115245, Validation Loss(MSE): 0.3850280741850535
2024-08-28 15:32:27,431 - Validation loss decreased (0.407322 --> 0.385028).  Saving model ...
2024-08-28 15:32:27,612 - Epoch 13/100, Train Loss(MSE): 0.42471496501694556, Validation Loss(MSE): 0.3641532411177953
2024-08-28 15:32:27,612 - Validation loss decreased (0.385028 --> 0.364153).  Saving model ...
2024-08-28 15:32:27,798 - Epoch 14/100, Train Loss(MSE): 0.4025686950139377, Validation Loss(MSE): 0.34502007563908893
2024-08-28 15:32:27,798 - Validation loss decreased (0.364153 --> 0.345020).  Saving model ...
2024-08-28 15:32:27,987 - Epoch 15/100, Train Loss(MSE): 0.3839016313786092, Validation Loss(MSE): 0.32753132780392963
2024-08-28 15:32:27,988 - Validation loss decreased (0.345020 --> 0.327531).  Saving model ...
2024-08-28 15:32:28,183 - Epoch 16/100, Train Loss(MSE): 0.36368594189052994, Validation Loss(MSE): 0.3111310750246048
2024-08-28 15:32:28,183 - Validation loss decreased (0.327531 --> 0.311131).  Saving model ...
2024-08-28 15:32:28,372 - Epoch 17/100, Train Loss(MSE): 0.34836312577776285, Validation Loss(MSE): 0.2964344347516696
2024-08-28 15:32:28,372 - Validation loss decreased (0.311131 --> 0.296434).  Saving model ...
2024-08-28 15:32:28,567 - Epoch 18/100, Train Loss(MSE): 0.33434401420147525, Validation Loss(MSE): 0.2821750193834305
2024-08-28 15:32:28,567 - Validation loss decreased (0.296434 --> 0.282175).  Saving model ...
2024-08-28 15:32:28,738 - Epoch 19/100, Train Loss(MSE): 0.31957084102475125, Validation Loss(MSE): 0.26968668897946674
2024-08-28 15:32:28,738 - Validation loss decreased (0.282175 --> 0.269687).  Saving model ...
2024-08-28 15:32:28,930 - Epoch 20/100, Train Loss(MSE): 0.30531491339206696, Validation Loss(MSE): 0.2582734450697899
2024-08-28 15:32:28,930 - Validation loss decreased (0.269687 --> 0.258273).  Saving model ...
2024-08-28 15:32:29,122 - Epoch 21/100, Train Loss(MSE): 0.29248957044404483, Validation Loss(MSE): 0.24754579116900763
2024-08-28 15:32:29,122 - Validation loss decreased (0.258273 --> 0.247546).  Saving model ...
2024-08-28 15:32:29,305 - Epoch 22/100, Train Loss(MSE): 0.28034013218205905, Validation Loss(MSE): 0.23795364797115326
2024-08-28 15:32:29,305 - Validation loss decreased (0.247546 --> 0.237954).  Saving model ...
2024-08-28 15:32:29,473 - Epoch 23/100, Train Loss(MSE): 0.2706303100871003, Validation Loss(MSE): 0.22907757014036179
2024-08-28 15:32:29,474 - Validation loss decreased (0.237954 --> 0.229078).  Saving model ...
2024-08-28 15:32:29,688 - Epoch 24/100, Train Loss(MSE): 0.2594915482660998, Validation Loss(MSE): 0.2202551985780398
2024-08-28 15:32:29,688 - Validation loss decreased (0.229078 --> 0.220255).  Saving model ...
2024-08-28 15:32:29,870 - Epoch 25/100, Train Loss(MSE): 0.2513127233023229, Validation Loss(MSE): 0.2130431185166041
2024-08-28 15:32:29,870 - Validation loss decreased (0.220255 --> 0.213043).  Saving model ...
2024-08-28 15:32:30,071 - Epoch 26/100, Train Loss(MSE): 0.24181370372357575, Validation Loss(MSE): 0.205980251232783
2024-08-28 15:32:30,072 - Validation loss decreased (0.213043 --> 0.205980).  Saving model ...
2024-08-28 15:32:30,257 - Epoch 27/100, Train Loss(MSE): 0.23276361499143683, Validation Loss(MSE): 0.19917568316062292
2024-08-28 15:32:30,258 - Validation loss decreased (0.205980 --> 0.199176).  Saving model ...
2024-08-28 15:32:30,449 - Epoch 28/100, Train Loss(MSE): 0.2251250099228776, Validation Loss(MSE): 0.19327294826507568
2024-08-28 15:32:30,449 - Validation loss decreased (0.199176 --> 0.193273).  Saving model ...
2024-08-28 15:32:30,624 - Epoch 29/100, Train Loss(MSE): 0.2185355680792228, Validation Loss(MSE): 0.1880505234003067
2024-08-28 15:32:30,624 - Validation loss decreased (0.193273 --> 0.188051).  Saving model ...
2024-08-28 15:32:30,822 - Epoch 30/100, Train Loss(MSE): 0.2121383476516475, Validation Loss(MSE): 0.18273359537124634
2024-08-28 15:32:30,822 - Validation loss decreased (0.188051 --> 0.182734).  Saving model ...
2024-08-28 15:32:31,010 - Epoch 31/100, Train Loss(MSE): 0.20650804901252623, Validation Loss(MSE): 0.17810715114076933
2024-08-28 15:32:31,010 - Validation loss decreased (0.182734 --> 0.178107).  Saving model ...
2024-08-28 15:32:31,199 - Epoch 32/100, Train Loss(MSE): 0.20018437213223914, Validation Loss(MSE): 0.17392529547214508
2024-08-28 15:32:31,199 - Validation loss decreased (0.178107 --> 0.173925).  Saving model ...
2024-08-28 15:32:31,385 - Epoch 33/100, Train Loss(MSE): 0.19391028923184975, Validation Loss(MSE): 0.16997655977805456
2024-08-28 15:32:31,385 - Validation loss decreased (0.173925 --> 0.169977).  Saving model ...
2024-08-28 15:32:31,586 - Epoch 34/100, Train Loss(MSE): 0.18877122696975004, Validation Loss(MSE): 0.16626385723551115
2024-08-28 15:32:31,586 - Validation loss decreased (0.169977 --> 0.166264).  Saving model ...
2024-08-28 15:32:31,774 - Epoch 35/100, Train Loss(MSE): 0.18302001755522646, Validation Loss(MSE): 0.16291429474949837
2024-08-28 15:32:31,774 - Validation loss decreased (0.166264 --> 0.162914).  Saving model ...
2024-08-28 15:32:31,967 - Epoch 36/100, Train Loss(MSE): 0.182174039437719, Validation Loss(MSE): 0.15980544065435728
2024-08-28 15:32:31,967 - Validation loss decreased (0.162914 --> 0.159805).  Saving model ...
2024-08-28 15:32:32,168 - Epoch 37/100, Train Loss(MSE): 0.17587446696732356, Validation Loss(MSE): 0.15690499047438303
2024-08-28 15:32:32,168 - Validation loss decreased (0.159805 --> 0.156905).  Saving model ...
2024-08-28 15:32:32,346 - Epoch 38/100, Train Loss(MSE): 0.17108701137096985, Validation Loss(MSE): 0.1543213091790676
2024-08-28 15:32:32,346 - Validation loss decreased (0.156905 --> 0.154321).  Saving model ...
2024-08-28 15:32:32,525 - Epoch 39/100, Train Loss(MSE): 0.16580648056190947, Validation Loss(MSE): 0.15164562066396078
2024-08-28 15:32:32,525 - Validation loss decreased (0.154321 --> 0.151646).  Saving model ...
2024-08-28 15:32:32,707 - Epoch 40/100, Train Loss(MSE): 0.16420682989384816, Validation Loss(MSE): 0.14947142203648886
2024-08-28 15:32:32,707 - Validation loss decreased (0.151646 --> 0.149471).  Saving model ...
2024-08-28 15:32:32,884 - Epoch 41/100, Train Loss(MSE): 0.16015039805484854, Validation Loss(MSE): 0.14716010416547456
2024-08-28 15:32:32,885 - Validation loss decreased (0.149471 --> 0.147160).  Saving model ...
2024-08-28 15:32:33,081 - Epoch 42/100, Train Loss(MSE): 0.15736812498906386, Validation Loss(MSE): 0.14559533447027206
2024-08-28 15:32:33,081 - Validation loss decreased (0.147160 --> 0.145595).  Saving model ...
2024-08-28 15:32:33,268 - Epoch 43/100, Train Loss(MSE): 0.15174974586166765, Validation Loss(MSE): 0.1433878851433595
2024-08-28 15:32:33,268 - Validation loss decreased (0.145595 --> 0.143388).  Saving model ...
2024-08-28 15:32:33,459 - Epoch 44/100, Train Loss(MSE): 0.14979129219832626, Validation Loss(MSE): 0.14147765437761942
2024-08-28 15:32:33,459 - Validation loss decreased (0.143388 --> 0.141478).  Saving model ...
2024-08-28 15:32:33,643 - Epoch 45/100, Train Loss(MSE): 0.14702701568603516, Validation Loss(MSE): 0.1401644249757131
2024-08-28 15:32:33,643 - Validation loss decreased (0.141478 --> 0.140164).  Saving model ...
2024-08-28 15:32:33,853 - Epoch 46/100, Train Loss(MSE): 0.14416088649760123, Validation Loss(MSE): 0.13891021038095155
2024-08-28 15:32:33,853 - Validation loss decreased (0.140164 --> 0.138910).  Saving model ...
2024-08-28 15:32:34,034 - Epoch 47/100, Train Loss(MSE): 0.14167995378375053, Validation Loss(MSE): 0.1371230830748876
2024-08-28 15:32:34,034 - Validation loss decreased (0.138910 --> 0.137123).  Saving model ...
2024-08-28 15:32:34,222 - Epoch 48/100, Train Loss(MSE): 0.1400377871873586, Validation Loss(MSE): 0.13575846826036772
2024-08-28 15:32:34,222 - Validation loss decreased (0.137123 --> 0.135758).  Saving model ...
2024-08-28 15:32:34,409 - Epoch 49/100, Train Loss(MSE): 0.13780365592759589, Validation Loss(MSE): 0.1345506931344668
2024-08-28 15:32:34,409 - Validation loss decreased (0.135758 --> 0.134551).  Saving model ...
2024-08-28 15:32:34,621 - Epoch 50/100, Train Loss(MSE): 0.1351792128837627, Validation Loss(MSE): 0.1334606632590294
2024-08-28 15:32:34,621 - Validation loss decreased (0.134551 --> 0.133461).  Saving model ...
2024-08-28 15:32:34,812 - Epoch 51/100, Train Loss(MSE): 0.13235128865293835, Validation Loss(MSE): 0.13252020006378493
2024-08-28 15:32:34,813 - Validation loss decreased (0.133461 --> 0.132520).  Saving model ...
2024-08-28 15:32:34,993 - Epoch 52/100, Train Loss(MSE): 0.129887907806298, Validation Loss(MSE): 0.1312050186097622
2024-08-28 15:32:34,993 - Validation loss decreased (0.132520 --> 0.131205).  Saving model ...
2024-08-28 15:32:35,197 - Epoch 53/100, Train Loss(MSE): 0.12871265524755354, Validation Loss(MSE): 0.13031921721994877
2024-08-28 15:32:35,197 - Validation loss decreased (0.131205 --> 0.130319).  Saving model ...
2024-08-28 15:32:35,381 - Epoch 54/100, Train Loss(MSE): 0.12648811758212422, Validation Loss(MSE): 0.1292437563339869
2024-08-28 15:32:35,381 - Validation loss decreased (0.130319 --> 0.129244).  Saving model ...
2024-08-28 15:32:35,570 - Epoch 55/100, Train Loss(MSE): 0.12534769964606865, Validation Loss(MSE): 0.12841706412533918
2024-08-28 15:32:35,570 - Validation loss decreased (0.129244 --> 0.128417).  Saving model ...
2024-08-28 15:32:35,751 - Epoch 56/100, Train Loss(MSE): 0.12308528776402058, Validation Loss(MSE): 0.12787285260856152
2024-08-28 15:32:35,751 - Validation loss decreased (0.128417 --> 0.127873).  Saving model ...
2024-08-28 15:32:35,954 - Epoch 57/100, Train Loss(MSE): 0.12129121856844943, Validation Loss(MSE): 0.12690824642777443
2024-08-28 15:32:35,954 - Validation loss decreased (0.127873 --> 0.126908).  Saving model ...
2024-08-28 15:32:36,140 - Epoch 58/100, Train Loss(MSE): 0.12027540041700653, Validation Loss(MSE): 0.12618650930623213
2024-08-28 15:32:36,141 - Validation loss decreased (0.126908 --> 0.126187).  Saving model ...
2024-08-28 15:32:36,333 - Epoch 59/100, Train Loss(MSE): 0.11830344245485637, Validation Loss(MSE): 0.12513111966351667
2024-08-28 15:32:36,333 - Validation loss decreased (0.126187 --> 0.125131).  Saving model ...
2024-08-28 15:32:36,514 - Epoch 60/100, Train Loss(MSE): 0.11842383136567862, Validation Loss(MSE): 0.1244818214327097
2024-08-28 15:32:36,514 - Validation loss decreased (0.125131 --> 0.124482).  Saving model ...
2024-08-28 15:32:36,718 - Epoch 61/100, Train Loss(MSE): 0.11550257112021031, Validation Loss(MSE): 0.12367196691532929
2024-08-28 15:32:36,718 - Validation loss decreased (0.124482 --> 0.123672).  Saving model ...
2024-08-28 15:32:36,898 - Epoch 62/100, Train Loss(MSE): 0.11386303312104681, Validation Loss(MSE): 0.12336631988485654
2024-08-28 15:32:36,898 - Validation loss decreased (0.123672 --> 0.123366).  Saving model ...
2024-08-28 15:32:37,089 - Epoch 63/100, Train Loss(MSE): 0.11326623327382233, Validation Loss(MSE): 0.12275380517045657
2024-08-28 15:32:37,089 - Validation loss decreased (0.123366 --> 0.122754).  Saving model ...
2024-08-28 15:32:37,264 - Epoch 64/100, Train Loss(MSE): 0.11180776657293671, Validation Loss(MSE): 0.12188087403774261
2024-08-28 15:32:37,264 - Validation loss decreased (0.122754 --> 0.121881).  Saving model ...
2024-08-28 15:32:37,470 - Epoch 65/100, Train Loss(MSE): 0.11052601039409637, Validation Loss(MSE): 0.12114616235097249
2024-08-28 15:32:37,470 - Validation loss decreased (0.121881 --> 0.121146).  Saving model ...
2024-08-28 15:32:37,655 - Epoch 66/100, Train Loss(MSE): 0.10936240787091463, Validation Loss(MSE): 0.12071490349868934
2024-08-28 15:32:37,655 - Validation loss decreased (0.121146 --> 0.120715).  Saving model ...
2024-08-28 15:32:37,847 - Epoch 67/100, Train Loss(MSE): 0.10902784797160522, Validation Loss(MSE): 0.12030154404540856
2024-08-28 15:32:37,847 - Validation loss decreased (0.120715 --> 0.120302).  Saving model ...
2024-08-28 15:32:38,039 - Epoch 68/100, Train Loss(MSE): 0.1068898037723873, Validation Loss(MSE): 0.11954373307526112
2024-08-28 15:32:38,039 - Validation loss decreased (0.120302 --> 0.119544).  Saving model ...
2024-08-28 15:32:38,229 - Epoch 69/100, Train Loss(MSE): 0.10537573784265829, Validation Loss(MSE): 0.11923531504968803
2024-08-28 15:32:38,230 - Validation loss decreased (0.119544 --> 0.119235).  Saving model ...
2024-08-28 15:32:38,414 - Epoch 70/100, Train Loss(MSE): 0.10556279187617094, Validation Loss(MSE): 0.11902405507862568
2024-08-28 15:32:38,414 - Validation loss decreased (0.119235 --> 0.119024).  Saving model ...
2024-08-28 15:32:38,620 - Epoch 71/100, Train Loss(MSE): 0.10406651283087938, Validation Loss(MSE): 0.11865800370772679
2024-08-28 15:32:38,620 - Validation loss decreased (0.119024 --> 0.118658).  Saving model ...
2024-08-28 15:32:38,809 - Epoch 72/100, Train Loss(MSE): 0.10342244771511658, Validation Loss(MSE): 0.11792976409196854
2024-08-28 15:32:38,809 - Validation loss decreased (0.118658 --> 0.117930).  Saving model ...
2024-08-28 15:32:39,000 - Epoch 73/100, Train Loss(MSE): 0.10295622034565262, Validation Loss(MSE): 0.11739442000786464
2024-08-28 15:32:39,000 - Validation loss decreased (0.117930 --> 0.117394).  Saving model ...
2024-08-28 15:32:39,199 - Epoch 74/100, Train Loss(MSE): 0.10169998702147733, Validation Loss(MSE): 0.11676466837525368
2024-08-28 15:32:39,199 - Validation loss decreased (0.117394 --> 0.116765).  Saving model ...
2024-08-28 15:32:39,387 - Epoch 75/100, Train Loss(MSE): 0.10239470685305803, Validation Loss(MSE): 0.11610833990077178
2024-08-28 15:32:39,387 - Validation loss decreased (0.116765 --> 0.116108).  Saving model ...
2024-08-28 15:32:39,564 - Epoch 76/100, Train Loss(MSE): 0.10113047905590224, Validation Loss(MSE): 0.11616610984007518
2024-08-28 15:32:39,564 - EarlyStopping counter: 1 out of 5
2024-08-28 15:32:39,766 - Epoch 77/100, Train Loss(MSE): 0.09863202371027159, Validation Loss(MSE): 0.11550083632270496
2024-08-28 15:32:39,766 - Validation loss decreased (0.116108 --> 0.115501).  Saving model ...
2024-08-28 15:32:39,959 - Epoch 78/100, Train Loss(MSE): 0.09995705682946288, Validation Loss(MSE): 0.11530752666294575
2024-08-28 15:32:39,960 - Validation loss decreased (0.115501 --> 0.115308).  Saving model ...
2024-08-28 15:32:40,146 - Epoch 79/100, Train Loss(MSE): 0.09711287834722063, Validation Loss(MSE): 0.11459363872806232
2024-08-28 15:32:40,146 - Validation loss decreased (0.115308 --> 0.114594).  Saving model ...
2024-08-28 15:32:40,323 - Epoch 80/100, Train Loss(MSE): 0.09708474892313065, Validation Loss(MSE): 0.11424084131916364
2024-08-28 15:32:40,323 - Validation loss decreased (0.114594 --> 0.114241).  Saving model ...
2024-08-28 15:32:40,514 - Epoch 81/100, Train Loss(MSE): 0.09580265107038229, Validation Loss(MSE): 0.11433241081734498
2024-08-28 15:32:40,515 - EarlyStopping counter: 1 out of 5
2024-08-28 15:32:40,704 - Epoch 82/100, Train Loss(MSE): 0.096765601116678, Validation Loss(MSE): 0.11399879927436511
2024-08-28 15:32:40,704 - Validation loss decreased (0.114241 --> 0.113999).  Saving model ...
2024-08-28 15:32:40,896 - Epoch 83/100, Train Loss(MSE): 0.09529121341588705, Validation Loss(MSE): 0.11397418628136317
2024-08-28 15:32:40,896 - Validation loss decreased (0.113999 --> 0.113974).  Saving model ...
2024-08-28 15:32:41,093 - Epoch 84/100, Train Loss(MSE): 0.09459010511636734, Validation Loss(MSE): 0.11355752932528655
2024-08-28 15:32:41,093 - Validation loss decreased (0.113974 --> 0.113558).  Saving model ...
2024-08-28 15:32:41,283 - Epoch 85/100, Train Loss(MSE): 0.09410877339541912, Validation Loss(MSE): 0.1130918903897206
2024-08-28 15:32:41,283 - Validation loss decreased (0.113558 --> 0.113092).  Saving model ...
2024-08-28 15:32:41,458 - Epoch 86/100, Train Loss(MSE): 0.09339517087716123, Validation Loss(MSE): 0.11286961597700913
2024-08-28 15:32:41,458 - Validation loss decreased (0.113092 --> 0.112870).  Saving model ...
2024-08-28 15:32:41,637 - Epoch 87/100, Train Loss(MSE): 0.09310493010865606, Validation Loss(MSE): 0.11216492764651775
2024-08-28 15:32:41,637 - Validation loss decreased (0.112870 --> 0.112165).  Saving model ...
2024-08-28 15:32:41,828 - Epoch 88/100, Train Loss(MSE): 0.09204940327807613, Validation Loss(MSE): 0.11227901900808017
2024-08-28 15:32:41,828 - EarlyStopping counter: 1 out of 5
2024-08-28 15:32:42,007 - Epoch 89/100, Train Loss(MSE): 0.09285870445487292, Validation Loss(MSE): 0.11181475097934405
2024-08-28 15:32:42,007 - Validation loss decreased (0.112165 --> 0.111815).  Saving model ...
2024-08-28 15:32:42,198 - Epoch 90/100, Train Loss(MSE): 0.09186819940805435, Validation Loss(MSE): 0.11171123137076695
2024-08-28 15:32:42,198 - Validation loss decreased (0.111815 --> 0.111711).  Saving model ...
2024-08-28 15:32:42,399 - Epoch 91/100, Train Loss(MSE): 0.09108937410232813, Validation Loss(MSE): 0.11198529228568077
2024-08-28 15:32:42,399 - EarlyStopping counter: 1 out of 5
2024-08-28 15:32:42,614 - Epoch 92/100, Train Loss(MSE): 0.09009182436958603, Validation Loss(MSE): 0.11101210738221805
2024-08-28 15:32:42,614 - Validation loss decreased (0.111711 --> 0.111012).  Saving model ...
2024-08-28 15:32:42,833 - Epoch 93/100, Train Loss(MSE): 0.0912377371898164, Validation Loss(MSE): 0.11096969371040662
2024-08-28 15:32:42,833 - Validation loss decreased (0.111012 --> 0.110970).  Saving model ...
2024-08-28 15:32:43,031 - Epoch 94/100, Train Loss(MSE): 0.08970982702853887, Validation Loss(MSE): 0.11073155390719573
2024-08-28 15:32:43,031 - Validation loss decreased (0.110970 --> 0.110732).  Saving model ...
2024-08-28 15:32:43,213 - Epoch 95/100, Train Loss(MSE): 0.08962425727235235, Validation Loss(MSE): 0.11051037969688575
2024-08-28 15:32:43,213 - Validation loss decreased (0.110732 --> 0.110510).  Saving model ...
2024-08-28 15:32:43,389 - Epoch 96/100, Train Loss(MSE): 0.08887152333298455, Validation Loss(MSE): 0.10982639777163665
2024-08-28 15:32:43,389 - Validation loss decreased (0.110510 --> 0.109826).  Saving model ...
2024-08-28 15:32:43,583 - Epoch 97/100, Train Loss(MSE): 0.08807269451410873, Validation Loss(MSE): 0.10992078421016534
2024-08-28 15:32:43,583 - EarlyStopping counter: 1 out of 5
2024-08-28 15:32:43,759 - Epoch 98/100, Train Loss(MSE): 0.08855790215665879, Validation Loss(MSE): 0.11004381316403548
2024-08-28 15:32:43,759 - EarlyStopping counter: 2 out of 5
2024-08-28 15:32:43,957 - Epoch 99/100, Train Loss(MSE): 0.0880968712432229, Validation Loss(MSE): 0.10982326480249564
2024-08-28 15:32:43,957 - EarlyStopping counter: 3 out of 5
2024-08-28 15:32:44,152 - Epoch 100/100, Train Loss(MSE): 0.0873710092805002, Validation Loss(MSE): 0.10929481002191703
2024-08-28 15:32:44,153 - Validation loss decreased (0.109826 --> 0.109295).  Saving model ...
2024-08-28 15:32:44,154 - —µ¡∑ 100 ¥Œepoch£¨—µ¡∑ ±≥§: 19.067403316497803 √Î
2024-08-28 15:32:44,162 - Test Loss(MSE): 0.09642147086560726
2024-08-28 15:32:44,165 - Model saved to D:\PythonProject\scorpioMock\MPDLinear\checkpoint\MPDLinear_20240828-153244_bs32_seq7_enc24_pred_len1_individualTrue_checkpoint.pth
2024-08-28 15:32:44,170 - Test Loss (Original Scale) MSE: 11.990002064390076
