2024-09-05 19:25:16,893 - Epoch 1/100, Train Loss(MSE): 0.769017324635857, Validation Loss(MSE): 0.3283733129501343
2024-09-05 19:25:16,893 - Validation loss decreased for the first time. Saving model ...
2024-09-05 19:25:17,144 - Epoch 2/100, Train Loss(MSE): 0.12046500275793828, Validation Loss(MSE): 0.08771763493617375
2024-09-05 19:25:17,145 - Validation loss decreased (0.328373 --> 0.087718).  Saving model ...
2024-09-05 19:25:17,397 - Epoch 3/100, Train Loss(MSE): 0.05205897114386684, Validation Loss(MSE): 0.06777520726124446
2024-09-05 19:25:17,397 - Validation loss decreased (0.087718 --> 0.067775).  Saving model ...
2024-09-05 19:25:17,670 - Epoch 4/100, Train Loss(MSE): 0.038976602844501794, Validation Loss(MSE): 0.06484316537777583
2024-09-05 19:25:17,670 - Validation loss decreased (0.067775 --> 0.064843).  Saving model ...
2024-09-05 19:25:17,922 - Epoch 5/100, Train Loss(MSE): 0.031324397478448715, Validation Loss(MSE): 0.056948079417149224
2024-09-05 19:25:17,922 - Validation loss decreased (0.064843 --> 0.056948).  Saving model ...
2024-09-05 19:25:18,188 - Epoch 6/100, Train Loss(MSE): 0.026737559880865246, Validation Loss(MSE): 0.05369804923733076
2024-09-05 19:25:18,188 - Validation loss decreased (0.056948 --> 0.053698).  Saving model ...
2024-09-05 19:25:18,452 - Epoch 7/100, Train Loss(MSE): 0.021772478020897035, Validation Loss(MSE): 0.05006787180900574
2024-09-05 19:25:18,453 - Validation loss decreased (0.053698 --> 0.050068).  Saving model ...
2024-09-05 19:25:18,725 - Epoch 8/100, Train Loss(MSE): 0.017544975504279137, Validation Loss(MSE): 0.047421069194873176
2024-09-05 19:25:18,726 - Validation loss decreased (0.050068 --> 0.047421).  Saving model ...
2024-09-05 19:25:18,985 - Epoch 9/100, Train Loss(MSE): 0.014536787265617596, Validation Loss(MSE): 0.045072401563326515
2024-09-05 19:25:18,985 - Validation loss decreased (0.047421 --> 0.045072).  Saving model ...
2024-09-05 19:25:19,255 - Epoch 10/100, Train Loss(MSE): 0.010895336635018649, Validation Loss(MSE): 0.04477072755495707
2024-09-05 19:25:19,256 - Validation loss decreased (0.045072 --> 0.044771).  Saving model ...
2024-09-05 19:25:19,520 - Epoch 11/100, Train Loss(MSE): 0.008356237710502586, Validation Loss(MSE): 0.04363401730855306
2024-09-05 19:25:19,520 - Validation loss decreased (0.044771 --> 0.043634).  Saving model ...
2024-09-05 19:25:19,773 - Epoch 12/100, Train Loss(MSE): 0.006747666145919969, Validation Loss(MSE): 0.04186644529302915
2024-09-05 19:25:19,773 - Validation loss decreased (0.043634 --> 0.041866).  Saving model ...
2024-09-05 19:25:20,041 - Epoch 13/100, Train Loss(MSE): 0.004796106968761275, Validation Loss(MSE): 0.041370763132969536
2024-09-05 19:25:20,041 - Validation loss decreased (0.041866 --> 0.041371).  Saving model ...
2024-09-05 19:25:20,299 - Epoch 14/100, Train Loss(MSE): 0.0039042239812643906, Validation Loss(MSE): 0.0432796503106753
2024-09-05 19:25:20,299 - EarlyStopping counter: 1 out of 5
2024-09-05 19:25:20,572 - Epoch 15/100, Train Loss(MSE): 0.0030389405100753435, Validation Loss(MSE): 0.04337750499447187
2024-09-05 19:25:20,572 - EarlyStopping counter: 2 out of 5
2024-09-05 19:25:20,836 - Epoch 16/100, Train Loss(MSE): 0.0022774961176573448, Validation Loss(MSE): 0.04368370523055395
2024-09-05 19:25:20,836 - EarlyStopping counter: 3 out of 5
2024-09-05 19:25:21,088 - Epoch 17/100, Train Loss(MSE): 0.001836242117477875, Validation Loss(MSE): 0.04360453908642133
2024-09-05 19:25:21,088 - EarlyStopping counter: 4 out of 5
2024-09-05 19:25:21,356 - Epoch 18/100, Train Loss(MSE): 0.0013950098808364648, Validation Loss(MSE): 0.04267963021993637
2024-09-05 19:25:21,356 - EarlyStopping counter: 5 out of 5
2024-09-05 19:25:21,356 - Early stopping
2024-09-05 19:25:21,356 - —µ¡∑ 18 ¥Œepoch£¨—µ¡∑ ±≥§: 4.749325752258301 √Î
2024-09-05 19:25:21,375 - Test Loss(MSE): 0.03809919704993566
2024-09-05 19:25:21,383 - Model saved to D:\PythonProject\scorpioMock\MPDLinear\checkpoint\MPDLinear_v14_20240905-192521_bs64_seq365_enc24_pred_len5_individualTrue_checkpoint.pth
2024-09-05 19:25:21,398 - Test Loss (Original Scale) MSE: 4.193301377966629
2024-09-05 19:25:21,398 - Test Loss (Original Scale) MAE: 1.6244107901640406
