2024-08-24 21:36:11,769 - Epoch 1/100, Train Loss(MSE): 0.7932030412885878, Validation Loss(MSE): 0.6002622644106547
2024-08-24 21:36:11,770 - Validation loss decreased for the first time. Saving model ...
2024-08-24 21:36:11,999 - Epoch 2/100, Train Loss(MSE): 0.5347696158621046, Validation Loss(MSE): 0.42155978083610535
2024-08-24 21:36:12,000 - Validation loss decreased (0.600262 --> 0.421560).  Saving model ...
2024-08-24 21:36:12,222 - Epoch 3/100, Train Loss(MSE): 0.3764063457647959, Validation Loss(MSE): 0.3113815039396286
2024-08-24 21:36:12,223 - Validation loss decreased (0.421560 --> 0.311382).  Saving model ...
2024-08-24 21:36:12,443 - Epoch 4/100, Train Loss(MSE): 0.2779799305730396, Validation Loss(MSE): 0.24374439318974814
2024-08-24 21:36:12,443 - Validation loss decreased (0.311382 --> 0.243744).  Saving model ...
2024-08-24 21:36:12,677 - Epoch 5/100, Train Loss(MSE): 0.21655951688687006, Validation Loss(MSE): 0.19689477731784186
2024-08-24 21:36:12,677 - Validation loss decreased (0.243744 --> 0.196895).  Saving model ...
2024-08-24 21:36:12,917 - Epoch 6/100, Train Loss(MSE): 0.1769657755891482, Validation Loss(MSE): 0.1665725832184156
2024-08-24 21:36:12,918 - Validation loss decreased (0.196895 --> 0.166573).  Saving model ...
2024-08-24 21:36:13,153 - Epoch 7/100, Train Loss(MSE): 0.14899317456616296, Validation Loss(MSE): 0.14418287202715874
2024-08-24 21:36:13,154 - Validation loss decreased (0.166573 --> 0.144183).  Saving model ...
2024-08-24 21:36:13,389 - Epoch 8/100, Train Loss(MSE): 0.12985255006286833, Validation Loss(MSE): 0.1264033392071724
2024-08-24 21:36:13,389 - Validation loss decreased (0.144183 --> 0.126403).  Saving model ...
2024-08-24 21:36:13,613 - Epoch 9/100, Train Loss(MSE): 0.1158838215801451, Validation Loss(MSE): 0.11424263815085094
2024-08-24 21:36:13,614 - Validation loss decreased (0.126403 --> 0.114243).  Saving model ...
2024-08-24 21:36:13,871 - Epoch 10/100, Train Loss(MSE): 0.10535527401500278, Validation Loss(MSE): 0.10441325729091962
2024-08-24 21:36:13,872 - Validation loss decreased (0.114243 --> 0.104413).  Saving model ...
2024-08-24 21:36:14,094 - Epoch 11/100, Train Loss(MSE): 0.09735720629493395, Validation Loss(MSE): 0.09693086892366409
2024-08-24 21:36:14,094 - Validation loss decreased (0.104413 --> 0.096931).  Saving model ...
2024-08-24 21:36:14,328 - Epoch 12/100, Train Loss(MSE): 0.09063831294576327, Validation Loss(MSE): 0.08984699224432309
2024-08-24 21:36:14,329 - Validation loss decreased (0.096931 --> 0.089847).  Saving model ...
2024-08-24 21:36:14,579 - Epoch 13/100, Train Loss(MSE): 0.08529253958000077, Validation Loss(MSE): 0.08528024330735207
2024-08-24 21:36:14,580 - Validation loss decreased (0.089847 --> 0.085280).  Saving model ...
2024-08-24 21:36:14,821 - Epoch 14/100, Train Loss(MSE): 0.08066661374436485, Validation Loss(MSE): 0.08049030974507332
2024-08-24 21:36:14,822 - Validation loss decreased (0.085280 --> 0.080490).  Saving model ...
2024-08-24 21:36:15,072 - Epoch 15/100, Train Loss(MSE): 0.07701458823349741, Validation Loss(MSE): 0.0773919348915418
2024-08-24 21:36:15,073 - Validation loss decreased (0.080490 --> 0.077392).  Saving model ...
2024-08-24 21:36:15,347 - Epoch 16/100, Train Loss(MSE): 0.073447169115146, Validation Loss(MSE): 0.0735472987095515
2024-08-24 21:36:15,347 - Validation loss decreased (0.077392 --> 0.073547).  Saving model ...
2024-08-24 21:36:15,606 - Epoch 17/100, Train Loss(MSE): 0.07028082046243879, Validation Loss(MSE): 0.07116876728832722
2024-08-24 21:36:15,606 - Validation loss decreased (0.073547 --> 0.071169).  Saving model ...
2024-08-24 21:36:15,843 - Epoch 18/100, Train Loss(MSE): 0.06773334079318577, Validation Loss(MSE): 0.06866466129819553
2024-08-24 21:36:15,843 - Validation loss decreased (0.071169 --> 0.068665).  Saving model ...
2024-08-24 21:36:16,059 - Epoch 19/100, Train Loss(MSE): 0.06525515102677876, Validation Loss(MSE): 0.06671563784281413
2024-08-24 21:36:16,060 - Validation loss decreased (0.068665 --> 0.066716).  Saving model ...
2024-08-24 21:36:16,292 - Epoch 20/100, Train Loss(MSE): 0.06320286285546091, Validation Loss(MSE): 0.06507595318059127
2024-08-24 21:36:16,292 - Validation loss decreased (0.066716 --> 0.065076).  Saving model ...
2024-08-24 21:36:16,534 - Epoch 21/100, Train Loss(MSE): 0.06125396630830235, Validation Loss(MSE): 0.06383236249287923
2024-08-24 21:36:16,534 - Validation loss decreased (0.065076 --> 0.063832).  Saving model ...
2024-08-24 21:36:16,765 - Epoch 22/100, Train Loss(MSE): 0.0595395811729961, Validation Loss(MSE): 0.06234202471872171
2024-08-24 21:36:16,766 - Validation loss decreased (0.063832 --> 0.062342).  Saving model ...
2024-08-24 21:36:17,001 - Epoch 23/100, Train Loss(MSE): 0.05778305617471536, Validation Loss(MSE): 0.060992453868190445
2024-08-24 21:36:17,001 - Validation loss decreased (0.062342 --> 0.060992).  Saving model ...
2024-08-24 21:36:17,236 - Epoch 24/100, Train Loss(MSE): 0.056241880729794504, Validation Loss(MSE): 0.059616327906648316
2024-08-24 21:36:17,236 - Validation loss decreased (0.060992 --> 0.059616).  Saving model ...
2024-08-24 21:36:17,462 - Epoch 25/100, Train Loss(MSE): 0.05494004028538863, Validation Loss(MSE): 0.05819115787744522
2024-08-24 21:36:17,462 - Validation loss decreased (0.059616 --> 0.058191).  Saving model ...
2024-08-24 21:36:17,721 - Epoch 26/100, Train Loss(MSE): 0.053525362412134805, Validation Loss(MSE): 0.05756056743363539
2024-08-24 21:36:17,721 - Validation loss decreased (0.058191 --> 0.057561).  Saving model ...
2024-08-24 21:36:17,956 - Epoch 27/100, Train Loss(MSE): 0.052394597232341765, Validation Loss(MSE): 0.056775989631811775
2024-08-24 21:36:17,956 - Validation loss decreased (0.057561 --> 0.056776).  Saving model ...
2024-08-24 21:36:18,187 - Epoch 28/100, Train Loss(MSE): 0.05137800085875723, Validation Loss(MSE): 0.056235372399290405
2024-08-24 21:36:18,187 - Validation loss decreased (0.056776 --> 0.056235).  Saving model ...
2024-08-24 21:36:18,421 - Epoch 29/100, Train Loss(MSE): 0.05029363930225372, Validation Loss(MSE): 0.05596377576390902
2024-08-24 21:36:18,422 - Validation loss decreased (0.056235 --> 0.055964).  Saving model ...
2024-08-24 21:36:18,671 - Epoch 30/100, Train Loss(MSE): 0.04914803923004203, Validation Loss(MSE): 0.05517720617353916
2024-08-24 21:36:18,671 - Validation loss decreased (0.055964 --> 0.055177).  Saving model ...
2024-08-24 21:36:18,891 - Epoch 31/100, Train Loss(MSE): 0.04842350830634435, Validation Loss(MSE): 0.05480317771434784
2024-08-24 21:36:18,892 - Validation loss decreased (0.055177 --> 0.054803).  Saving model ...
2024-08-24 21:36:19,121 - Epoch 32/100, Train Loss(MSE): 0.047554877193437685, Validation Loss(MSE): 0.05431638161341349
2024-08-24 21:36:19,121 - Validation loss decreased (0.054803 --> 0.054316).  Saving model ...
2024-08-24 21:36:19,391 - Epoch 33/100, Train Loss(MSE): 0.04676598178015815, Validation Loss(MSE): 0.05396078651150068
2024-08-24 21:36:19,391 - Validation loss decreased (0.054316 --> 0.053961).  Saving model ...
2024-08-24 21:36:19,659 - Epoch 34/100, Train Loss(MSE): 0.04589062945710288, Validation Loss(MSE): 0.053680580109357834
2024-08-24 21:36:19,659 - Validation loss decreased (0.053961 --> 0.053681).  Saving model ...
2024-08-24 21:36:19,907 - Epoch 35/100, Train Loss(MSE): 0.04516176279220316, Validation Loss(MSE): 0.053065781171123184
2024-08-24 21:36:19,907 - Validation loss decreased (0.053681 --> 0.053066).  Saving model ...
2024-08-24 21:36:20,180 - Epoch 36/100, Train Loss(MSE): 0.04455816638138559, Validation Loss(MSE): 0.05298625802000364
2024-08-24 21:36:20,180 - EarlyStopping counter: 1 out of 5
2024-08-24 21:36:20,411 - Epoch 37/100, Train Loss(MSE): 0.043953120501505, Validation Loss(MSE): 0.0524675597747167
2024-08-24 21:36:20,411 - Validation loss decreased (0.053066 --> 0.052468).  Saving model ...
2024-08-24 21:36:20,640 - Epoch 38/100, Train Loss(MSE): 0.04334907734559642, Validation Loss(MSE): 0.052125321701169014
2024-08-24 21:36:20,640 - Validation loss decreased (0.052468 --> 0.052125).  Saving model ...
2024-08-24 21:36:20,873 - Epoch 39/100, Train Loss(MSE): 0.04273196243577533, Validation Loss(MSE): 0.05233574534455935
2024-08-24 21:36:20,874 - EarlyStopping counter: 1 out of 5
2024-08-24 21:36:21,106 - Epoch 40/100, Train Loss(MSE): 0.042244421607918206, Validation Loss(MSE): 0.051737713937958084
2024-08-24 21:36:21,106 - Validation loss decreased (0.052125 --> 0.051738).  Saving model ...
2024-08-24 21:36:21,326 - Epoch 41/100, Train Loss(MSE): 0.04165526388419999, Validation Loss(MSE): 0.05118412027756373
2024-08-24 21:36:21,327 - Validation loss decreased (0.051738 --> 0.051184).  Saving model ...
2024-08-24 21:36:21,572 - Epoch 42/100, Train Loss(MSE): 0.041182759155829744, Validation Loss(MSE): 0.05110112143059572
2024-08-24 21:36:21,572 - EarlyStopping counter: 1 out of 5
2024-08-24 21:36:21,792 - Epoch 43/100, Train Loss(MSE): 0.04102485121952163, Validation Loss(MSE): 0.05131180832783381
2024-08-24 21:36:21,792 - EarlyStopping counter: 2 out of 5
2024-08-24 21:36:22,023 - Epoch 44/100, Train Loss(MSE): 0.040550146169132655, Validation Loss(MSE): 0.051649898290634155
2024-08-24 21:36:22,023 - EarlyStopping counter: 3 out of 5
2024-08-24 21:36:22,243 - Epoch 45/100, Train Loss(MSE): 0.04003849497271909, Validation Loss(MSE): 0.051317558934291206
2024-08-24 21:36:22,244 - EarlyStopping counter: 4 out of 5
2024-08-24 21:36:22,495 - Epoch 46/100, Train Loss(MSE): 0.0394868277427223, Validation Loss(MSE): 0.05054963876803716
2024-08-24 21:36:22,495 - Validation loss decreased (0.051184 --> 0.050550).  Saving model ...
2024-08-24 21:36:22,715 - Epoch 47/100, Train Loss(MSE): 0.039195693987939095, Validation Loss(MSE): 0.05125530560811361
2024-08-24 21:36:22,716 - EarlyStopping counter: 1 out of 5
2024-08-24 21:36:22,949 - Epoch 48/100, Train Loss(MSE): 0.03888608349694146, Validation Loss(MSE): 0.05084918066859245
2024-08-24 21:36:22,950 - EarlyStopping counter: 2 out of 5
2024-08-24 21:36:23,178 - Epoch 49/100, Train Loss(MSE): 0.03842774141165945, Validation Loss(MSE): 0.05091012641787529
2024-08-24 21:36:23,179 - EarlyStopping counter: 3 out of 5
2024-08-24 21:36:23,425 - Epoch 50/100, Train Loss(MSE): 0.03830313897795147, Validation Loss(MSE): 0.051104272405306496
2024-08-24 21:36:23,426 - EarlyStopping counter: 4 out of 5
2024-08-24 21:36:23,718 - Epoch 51/100, Train Loss(MSE): 0.03809246350493696, Validation Loss(MSE): 0.05037328973412514
2024-08-24 21:36:23,719 - Validation loss decreased (0.050550 --> 0.050373).  Saving model ...
2024-08-24 21:36:23,964 - Epoch 52/100, Train Loss(MSE): 0.03779077914853891, Validation Loss(MSE): 0.05034172907471657
2024-08-24 21:36:23,965 - EarlyStopping counter: 1 out of 5
2024-08-24 21:36:24,185 - Epoch 53/100, Train Loss(MSE): 0.03737511686566803, Validation Loss(MSE): 0.050551971420645714
2024-08-24 21:36:24,185 - EarlyStopping counter: 2 out of 5
2024-08-24 21:36:24,434 - Epoch 54/100, Train Loss(MSE): 0.03716555457148287, Validation Loss(MSE): 0.05022300221025944
2024-08-24 21:36:24,435 - Validation loss decreased (0.050373 --> 0.050223).  Saving model ...
2024-08-24 21:36:24,686 - Epoch 55/100, Train Loss(MSE): 0.03689544817639722, Validation Loss(MSE): 0.05011552137633165
2024-08-24 21:36:24,686 - Validation loss decreased (0.050223 --> 0.050116).  Saving model ...
2024-08-24 21:36:24,917 - Epoch 56/100, Train Loss(MSE): 0.0367214216126336, Validation Loss(MSE): 0.05134747611979643
2024-08-24 21:36:24,917 - EarlyStopping counter: 1 out of 5
2024-08-24 21:36:25,141 - Epoch 57/100, Train Loss(MSE): 0.036310327094462184, Validation Loss(MSE): 0.051144011318683624
2024-08-24 21:36:25,141 - EarlyStopping counter: 2 out of 5
2024-08-24 21:36:25,368 - Epoch 58/100, Train Loss(MSE): 0.036139130757914646, Validation Loss(MSE): 0.050958976770440735
2024-08-24 21:36:25,368 - EarlyStopping counter: 3 out of 5
2024-08-24 21:36:25,615 - Epoch 59/100, Train Loss(MSE): 0.03602497457630104, Validation Loss(MSE): 0.05218496980766455
2024-08-24 21:36:25,616 - EarlyStopping counter: 4 out of 5
2024-08-24 21:36:25,849 - Epoch 60/100, Train Loss(MSE): 0.03578680223888821, Validation Loss(MSE): 0.05149719802041849
2024-08-24 21:36:25,849 - EarlyStopping counter: 5 out of 5
2024-08-24 21:36:25,849 - Early stopping
2024-08-24 21:36:25,859 - Test Loss(MSE): 0.06348926822344463
2024-08-24 21:36:25,867 - Model saved to D:\PythonProject\scorpioMock\MPDLinear\checkpoint\MPDLinear_Model_20240824-213625_bs32_seq30_enc24_pred_len10_individualTrue_checkpoint.pth
2024-08-24 21:36:25,874 - Test Loss (Original Scale) MSE: 7.869758153360662
