2024-08-24 21:29:22,759 - Epoch 1/100, Train Loss(MSE): 0.7465010113186307, Validation Loss(MSE): 0.5801009684801102
2024-08-24 21:29:22,760 - Validation loss decreased for the first time. Saving model ...
2024-08-24 21:29:23,054 - Epoch 2/100, Train Loss(MSE): 0.5010486980279286, Validation Loss(MSE): 0.40728867550690967
2024-08-24 21:29:23,055 - Validation loss decreased (0.580101 --> 0.407289).  Saving model ...
2024-08-24 21:29:23,375 - Epoch 3/100, Train Loss(MSE): 0.35419354803032344, Validation Loss(MSE): 0.30499426523844403
2024-08-24 21:29:23,380 - Validation loss decreased (0.407289 --> 0.304994).  Saving model ...
2024-08-24 21:29:23,693 - Epoch 4/100, Train Loss(MSE): 0.2657872888776991, Validation Loss(MSE): 0.24092581123113632
2024-08-24 21:29:23,693 - Validation loss decreased (0.304994 --> 0.240926).  Saving model ...
2024-08-24 21:29:23,993 - Epoch 5/100, Train Loss(MSE): 0.20970464332236183, Validation Loss(MSE): 0.2000377227862676
2024-08-24 21:29:23,994 - Validation loss decreased (0.240926 --> 0.200038).  Saving model ...
2024-08-24 21:29:24,298 - Epoch 6/100, Train Loss(MSE): 0.17253908829556572, Validation Loss(MSE): 0.17079912374416986
2024-08-24 21:29:24,299 - Validation loss decreased (0.200038 --> 0.170799).  Saving model ...
2024-08-24 21:29:24,611 - Epoch 7/100, Train Loss(MSE): 0.147708251244492, Validation Loss(MSE): 0.14828812330961227
2024-08-24 21:29:24,612 - Validation loss decreased (0.170799 --> 0.148288).  Saving model ...
2024-08-24 21:29:24,942 - Epoch 8/100, Train Loss(MSE): 0.12902587743269073, Validation Loss(MSE): 0.13241816932956377
2024-08-24 21:29:24,942 - Validation loss decreased (0.148288 --> 0.132418).  Saving model ...
2024-08-24 21:29:25,275 - Epoch 9/100, Train Loss(MSE): 0.11534638529022535, Validation Loss(MSE): 0.11901361991961797
2024-08-24 21:29:25,275 - Validation loss decreased (0.132418 --> 0.119014).  Saving model ...
2024-08-24 21:29:25,582 - Epoch 10/100, Train Loss(MSE): 0.1051997417377101, Validation Loss(MSE): 0.10949553673466046
2024-08-24 21:29:25,583 - Validation loss decreased (0.119014 --> 0.109496).  Saving model ...
2024-08-24 21:29:25,909 - Epoch 11/100, Train Loss(MSE): 0.09694740962651041, Validation Loss(MSE): 0.10193943232297897
2024-08-24 21:29:25,909 - Validation loss decreased (0.109496 --> 0.101939).  Saving model ...
2024-08-24 21:29:26,222 - Epoch 12/100, Train Loss(MSE): 0.09035537656810548, Validation Loss(MSE): 0.0947234220802784
2024-08-24 21:29:26,223 - Validation loss decreased (0.101939 --> 0.094723).  Saving model ...
2024-08-24 21:29:26,537 - Epoch 13/100, Train Loss(MSE): 0.08479336384269927, Validation Loss(MSE): 0.08905211215217908
2024-08-24 21:29:26,537 - Validation loss decreased (0.094723 --> 0.089052).  Saving model ...
2024-08-24 21:29:26,820 - Epoch 14/100, Train Loss(MSE): 0.08034310018022855, Validation Loss(MSE): 0.08431757986545563
2024-08-24 21:29:26,820 - Validation loss decreased (0.089052 --> 0.084318).  Saving model ...
2024-08-24 21:29:27,107 - Epoch 15/100, Train Loss(MSE): 0.07653848429520925, Validation Loss(MSE): 0.08059981962045033
2024-08-24 21:29:27,107 - Validation loss decreased (0.084318 --> 0.080600).  Saving model ...
2024-08-24 21:29:27,393 - Epoch 16/100, Train Loss(MSE): 0.07296375160415967, Validation Loss(MSE): 0.07750385006268819
2024-08-24 21:29:27,394 - Validation loss decreased (0.080600 --> 0.077504).  Saving model ...
2024-08-24 21:29:27,692 - Epoch 17/100, Train Loss(MSE): 0.06979694565137227, Validation Loss(MSE): 0.07433926748732726
2024-08-24 21:29:27,692 - Validation loss decreased (0.077504 --> 0.074339).  Saving model ...
2024-08-24 21:29:27,990 - Epoch 18/100, Train Loss(MSE): 0.06723946750991874, Validation Loss(MSE): 0.0719273357341687
2024-08-24 21:29:27,990 - Validation loss decreased (0.074339 --> 0.071927).  Saving model ...
2024-08-24 21:29:28,267 - Epoch 19/100, Train Loss(MSE): 0.0647338611798154, Validation Loss(MSE): 0.0699099488556385
2024-08-24 21:29:28,267 - Validation loss decreased (0.071927 --> 0.069910).  Saving model ...
2024-08-24 21:29:28,572 - Epoch 20/100, Train Loss(MSE): 0.06263980091445975, Validation Loss(MSE): 0.06730195631583531
2024-08-24 21:29:28,572 - Validation loss decreased (0.069910 --> 0.067302).  Saving model ...
2024-08-24 21:29:28,905 - Epoch 21/100, Train Loss(MSE): 0.06059779052933057, Validation Loss(MSE): 0.06564284923175971
2024-08-24 21:29:28,906 - Validation loss decreased (0.067302 --> 0.065643).  Saving model ...
2024-08-24 21:29:29,235 - Epoch 22/100, Train Loss(MSE): 0.05882342337734169, Validation Loss(MSE): 0.0642741813013951
2024-08-24 21:29:29,237 - Validation loss decreased (0.065643 --> 0.064274).  Saving model ...
2024-08-24 21:29:29,535 - Epoch 23/100, Train Loss(MSE): 0.05714664583404859, Validation Loss(MSE): 0.06290593557059765
2024-08-24 21:29:29,535 - Validation loss decreased (0.064274 --> 0.062906).  Saving model ...
2024-08-24 21:29:29,859 - Epoch 24/100, Train Loss(MSE): 0.05571813094947073, Validation Loss(MSE): 0.06123769469559193
2024-08-24 21:29:29,859 - Validation loss decreased (0.062906 --> 0.061238).  Saving model ...
2024-08-24 21:29:30,168 - Epoch 25/100, Train Loss(MSE): 0.0542989254825645, Validation Loss(MSE): 0.06005863348642985
2024-08-24 21:29:30,168 - Validation loss decreased (0.061238 --> 0.060059).  Saving model ...
2024-08-24 21:29:30,477 - Epoch 26/100, Train Loss(MSE): 0.05308902305033472, Validation Loss(MSE): 0.05926849879324436
2024-08-24 21:29:30,478 - EarlyStopping counter: 1 out of 5
2024-08-24 21:29:30,757 - Epoch 27/100, Train Loss(MSE): 0.05170160498883989, Validation Loss(MSE): 0.058815946181615196
2024-08-24 21:29:30,758 - Validation loss decreased (0.060059 --> 0.058816).  Saving model ...
2024-08-24 21:29:31,068 - Epoch 28/100, Train Loss(MSE): 0.05077341327236758, Validation Loss(MSE): 0.05727253978451093
2024-08-24 21:29:31,068 - Validation loss decreased (0.058816 --> 0.057273).  Saving model ...
2024-08-24 21:29:31,353 - Epoch 29/100, Train Loss(MSE): 0.04986818122367064, Validation Loss(MSE): 0.056593253587683044
2024-08-24 21:29:31,353 - EarlyStopping counter: 1 out of 5
2024-08-24 21:29:31,633 - Epoch 30/100, Train Loss(MSE): 0.04875222328636381, Validation Loss(MSE): 0.0561783853918314
2024-08-24 21:29:31,633 - Validation loss decreased (0.057273 --> 0.056178).  Saving model ...
2024-08-24 21:29:31,939 - Epoch 31/100, Train Loss(MSE): 0.04783000329302417, Validation Loss(MSE): 0.05591607714692751
2024-08-24 21:29:31,939 - EarlyStopping counter: 1 out of 5
2024-08-24 21:29:32,233 - Epoch 32/100, Train Loss(MSE): 0.04696414934264289, Validation Loss(MSE): 0.05576058104634285
2024-08-24 21:29:32,233 - EarlyStopping counter: 2 out of 5
2024-08-24 21:29:32,506 - Epoch 33/100, Train Loss(MSE): 0.04620208355287711, Validation Loss(MSE): 0.05444555543363094
2024-08-24 21:29:32,506 - Validation loss decreased (0.056178 --> 0.054446).  Saving model ...
2024-08-24 21:29:32,808 - Epoch 34/100, Train Loss(MSE): 0.04566284923089875, Validation Loss(MSE): 0.05469842006762823
2024-08-24 21:29:32,808 - EarlyStopping counter: 1 out of 5
2024-08-24 21:29:33,100 - Epoch 35/100, Train Loss(MSE): 0.044689508568909436, Validation Loss(MSE): 0.05395780441661676
2024-08-24 21:29:33,101 - EarlyStopping counter: 2 out of 5
2024-08-24 21:29:33,417 - Epoch 36/100, Train Loss(MSE): 0.04401818679438697, Validation Loss(MSE): 0.0534964973727862
2024-08-24 21:29:33,418 - EarlyStopping counter: 3 out of 5
2024-08-24 21:29:33,741 - Epoch 37/100, Train Loss(MSE): 0.043401855644252564, Validation Loss(MSE): 0.052812615409493446
2024-08-24 21:29:33,741 - Validation loss decreased (0.054446 --> 0.052813).  Saving model ...
2024-08-24 21:29:34,023 - Epoch 38/100, Train Loss(MSE): 0.042814585111207434, Validation Loss(MSE): 0.05338171869516373
2024-08-24 21:29:34,023 - EarlyStopping counter: 1 out of 5
2024-08-24 21:29:34,283 - Epoch 39/100, Train Loss(MSE): 0.04215255764623483, Validation Loss(MSE): 0.05287038659056028
2024-08-24 21:29:34,283 - EarlyStopping counter: 2 out of 5
2024-08-24 21:29:34,577 - Epoch 40/100, Train Loss(MSE): 0.04171739688350095, Validation Loss(MSE): 0.052176314095656075
2024-08-24 21:29:34,578 - EarlyStopping counter: 3 out of 5
2024-08-24 21:29:34,862 - Epoch 41/100, Train Loss(MSE): 0.04125867486000061, Validation Loss(MSE): 0.051829446107149124
2024-08-24 21:29:34,863 - EarlyStopping counter: 4 out of 5
2024-08-24 21:29:35,147 - Epoch 42/100, Train Loss(MSE): 0.040757447439763284, Validation Loss(MSE): 0.052040896068016686
2024-08-24 21:29:35,147 - EarlyStopping counter: 5 out of 5
2024-08-24 21:29:35,147 - Early stopping
