2024-08-28 15:23:26,905 - Epoch 1/100, Train Loss(MSE): 0.9836720409600631, Validation Loss(MSE): 0.8025355339050293
2024-08-28 15:23:26,905 - Validation loss decreased for the first time. Saving model ...
2024-08-28 15:23:27,096 - Epoch 2/100, Train Loss(MSE): 0.895818179068358, Validation Loss(MSE): 0.7342722614606222
2024-08-28 15:23:27,096 - Validation loss decreased (0.802536 --> 0.734272).  Saving model ...
2024-08-28 15:23:27,294 - Epoch 3/100, Train Loss(MSE): 0.825092841749606, Validation Loss(MSE): 0.6775060594081879
2024-08-28 15:23:27,294 - Validation loss decreased (0.734272 --> 0.677506).  Saving model ...
2024-08-28 15:23:27,497 - Epoch 4/100, Train Loss(MSE): 0.7697574275991191, Validation Loss(MSE): 0.6273527642091116
2024-08-28 15:23:27,497 - Validation loss decreased (0.677506 --> 0.627353).  Saving model ...
2024-08-28 15:23:27,688 - Epoch 5/100, Train Loss(MSE): 0.714299201965332, Validation Loss(MSE): 0.584172730644544
2024-08-28 15:23:27,688 - Validation loss decreased (0.627353 --> 0.584173).  Saving model ...
2024-08-28 15:23:27,911 - Epoch 6/100, Train Loss(MSE): 0.6641711903655011, Validation Loss(MSE): 0.5452526062726974
2024-08-28 15:23:27,911 - Validation loss decreased (0.584173 --> 0.545253).  Saving model ...
2024-08-28 15:23:28,109 - Epoch 7/100, Train Loss(MSE): 0.6215415221193562, Validation Loss(MSE): 0.5112383216619492
2024-08-28 15:23:28,109 - Validation loss decreased (0.545253 --> 0.511238).  Saving model ...
2024-08-28 15:23:28,293 - Epoch 8/100, Train Loss(MSE): 0.5860647112131119, Validation Loss(MSE): 0.4793434292078018
2024-08-28 15:23:28,293 - Validation loss decreased (0.511238 --> 0.479343).  Saving model ...
2024-08-28 15:23:28,479 - Epoch 9/100, Train Loss(MSE): 0.5488532204990801, Validation Loss(MSE): 0.45069212714831036
2024-08-28 15:23:28,479 - Validation loss decreased (0.479343 --> 0.450692).  Saving model ...
2024-08-28 15:23:28,667 - Epoch 10/100, Train Loss(MSE): 0.518009004385575, Validation Loss(MSE): 0.42472611864407855
2024-08-28 15:23:28,668 - Validation loss decreased (0.450692 --> 0.424726).  Saving model ...
2024-08-28 15:23:28,848 - Epoch 11/100, Train Loss(MSE): 0.49297533864560333, Validation Loss(MSE): 0.4009197453657786
2024-08-28 15:23:28,848 - Validation loss decreased (0.424726 --> 0.400920).  Saving model ...
2024-08-28 15:23:29,057 - Epoch 12/100, Train Loss(MSE): 0.4671935490939928, Validation Loss(MSE): 0.37919319172700244
2024-08-28 15:23:29,058 - Validation loss decreased (0.400920 --> 0.379193).  Saving model ...
2024-08-28 15:23:29,247 - Epoch 13/100, Train Loss(MSE): 0.4430556180684463, Validation Loss(MSE): 0.3585325727860133
2024-08-28 15:23:29,247 - Validation loss decreased (0.379193 --> 0.358533).  Saving model ...
2024-08-28 15:23:29,441 - Epoch 14/100, Train Loss(MSE): 0.42071475088596344, Validation Loss(MSE): 0.3399166464805603
2024-08-28 15:23:29,441 - Validation loss decreased (0.358533 --> 0.339917).  Saving model ...
2024-08-28 15:23:29,684 - Epoch 15/100, Train Loss(MSE): 0.3991028925646906, Validation Loss(MSE): 0.32272477944691974
2024-08-28 15:23:29,684 - Validation loss decreased (0.339917 --> 0.322725).  Saving model ...
2024-08-28 15:23:29,870 - Epoch 16/100, Train Loss(MSE): 0.3841743589095447, Validation Loss(MSE): 0.3069266825914383
2024-08-28 15:23:29,870 - Validation loss decreased (0.322725 --> 0.306927).  Saving model ...
2024-08-28 15:23:30,075 - Epoch 17/100, Train Loss(MSE): 0.3651304468512535, Validation Loss(MSE): 0.2921128074328105
2024-08-28 15:23:30,075 - Validation loss decreased (0.306927 --> 0.292113).  Saving model ...
2024-08-28 15:23:30,285 - Epoch 18/100, Train Loss(MSE): 0.3515161852473798, Validation Loss(MSE): 0.2784142966071765
2024-08-28 15:23:30,285 - Validation loss decreased (0.292113 --> 0.278414).  Saving model ...
2024-08-28 15:23:30,463 - Epoch 19/100, Train Loss(MSE): 0.33472434334132983, Validation Loss(MSE): 0.26657451192537945
2024-08-28 15:23:30,463 - Validation loss decreased (0.278414 --> 0.266575).  Saving model ...
2024-08-28 15:23:30,649 - Epoch 20/100, Train Loss(MSE): 0.32147511937048123, Validation Loss(MSE): 0.25510316838820773
2024-08-28 15:23:30,649 - Validation loss decreased (0.266575 --> 0.255103).  Saving model ...
2024-08-28 15:23:30,865 - Epoch 21/100, Train Loss(MSE): 0.31014396185460297, Validation Loss(MSE): 0.24490415304899216
2024-08-28 15:23:30,865 - Validation loss decreased (0.255103 --> 0.244904).  Saving model ...
2024-08-28 15:23:31,074 - Epoch 22/100, Train Loss(MSE): 0.297005383864693, Validation Loss(MSE): 0.23488207161426544
2024-08-28 15:23:31,074 - Validation loss decreased (0.244904 --> 0.234882).  Saving model ...
2024-08-28 15:23:31,268 - Epoch 23/100, Train Loss(MSE): 0.28500038385391235, Validation Loss(MSE): 0.226072167356809
2024-08-28 15:23:31,268 - Validation loss decreased (0.234882 --> 0.226072).  Saving model ...
2024-08-28 15:23:31,463 - Epoch 24/100, Train Loss(MSE): 0.2765334857546765, Validation Loss(MSE): 0.21832608679930368
2024-08-28 15:23:31,463 - Validation loss decreased (0.226072 --> 0.218326).  Saving model ...
2024-08-28 15:23:31,663 - Epoch 25/100, Train Loss(MSE): 0.26532455728105875, Validation Loss(MSE): 0.21081321189800897
2024-08-28 15:23:31,663 - Validation loss decreased (0.218326 --> 0.210813).  Saving model ...
2024-08-28 15:23:31,838 - Epoch 26/100, Train Loss(MSE): 0.2579678070286046, Validation Loss(MSE): 0.20406448344389597
2024-08-28 15:23:31,839 - Validation loss decreased (0.210813 --> 0.204064).  Saving model ...
2024-08-28 15:23:32,044 - Epoch 27/100, Train Loss(MSE): 0.24925180168255515, Validation Loss(MSE): 0.1974474141995112
2024-08-28 15:23:32,044 - Validation loss decreased (0.204064 --> 0.197447).  Saving model ...
2024-08-28 15:23:32,248 - Epoch 28/100, Train Loss(MSE): 0.24087159011674963, Validation Loss(MSE): 0.19193581491708755
2024-08-28 15:23:32,248 - Validation loss decreased (0.197447 --> 0.191936).  Saving model ...
2024-08-28 15:23:32,456 - Epoch 29/100, Train Loss(MSE): 0.23317698130141135, Validation Loss(MSE): 0.18664866189161936
2024-08-28 15:23:32,457 - Validation loss decreased (0.191936 --> 0.186649).  Saving model ...
2024-08-28 15:23:32,644 - Epoch 30/100, Train Loss(MSE): 0.22819604692251785, Validation Loss(MSE): 0.18169565747181574
2024-08-28 15:23:32,644 - Validation loss decreased (0.186649 --> 0.181696).  Saving model ...
2024-08-28 15:23:32,832 - Epoch 31/100, Train Loss(MSE): 0.21918609851728316, Validation Loss(MSE): 0.1769513301551342
2024-08-28 15:23:32,832 - Validation loss decreased (0.181696 --> 0.176951).  Saving model ...
2024-08-28 15:23:33,018 - Epoch 32/100, Train Loss(MSE): 0.21328594001091045, Validation Loss(MSE): 0.17282080898682275
2024-08-28 15:23:33,018 - Validation loss decreased (0.176951 --> 0.172821).  Saving model ...
2024-08-28 15:23:33,213 - Epoch 33/100, Train Loss(MSE): 0.2081736888250579, Validation Loss(MSE): 0.16904216135541597
2024-08-28 15:23:33,213 - Validation loss decreased (0.172821 --> 0.169042).  Saving model ...
2024-08-28 15:23:33,383 - Epoch 34/100, Train Loss(MSE): 0.20108811848837396, Validation Loss(MSE): 0.16551543772220612
2024-08-28 15:23:33,384 - Validation loss decreased (0.169042 --> 0.165515).  Saving model ...
2024-08-28 15:23:33,571 - Epoch 35/100, Train Loss(MSE): 0.1987004757899305, Validation Loss(MSE): 0.1622521554430326
2024-08-28 15:23:33,571 - Validation loss decreased (0.165515 --> 0.162252).  Saving model ...
2024-08-28 15:23:33,769 - Epoch 36/100, Train Loss(MSE): 0.19214275997617972, Validation Loss(MSE): 0.1592362473408381
2024-08-28 15:23:33,769 - Validation loss decreased (0.162252 --> 0.159236).  Saving model ...
2024-08-28 15:23:33,965 - Epoch 37/100, Train Loss(MSE): 0.18770232278367746, Validation Loss(MSE): 0.15650608763098717
2024-08-28 15:23:33,965 - Validation loss decreased (0.159236 --> 0.156506).  Saving model ...
2024-08-28 15:23:34,145 - Epoch 38/100, Train Loss(MSE): 0.18381998477422673, Validation Loss(MSE): 0.15367566297451654
2024-08-28 15:23:34,145 - Validation loss decreased (0.156506 --> 0.153676).  Saving model ...
2024-08-28 15:23:34,340 - Epoch 39/100, Train Loss(MSE): 0.18045398301404456, Validation Loss(MSE): 0.15144033481677374
2024-08-28 15:23:34,340 - Validation loss decreased (0.153676 --> 0.151440).  Saving model ...
2024-08-28 15:23:34,531 - Epoch 40/100, Train Loss(MSE): 0.1740123841749585, Validation Loss(MSE): 0.1488929788271586
2024-08-28 15:23:34,531 - Validation loss decreased (0.151440 --> 0.148893).  Saving model ...
2024-08-28 15:23:34,723 - Epoch 41/100, Train Loss(MSE): 0.1712069798098958, Validation Loss(MSE): 0.14670637001593909
2024-08-28 15:23:34,723 - Validation loss decreased (0.148893 --> 0.146706).  Saving model ...
2024-08-28 15:23:34,919 - Epoch 42/100, Train Loss(MSE): 0.16842377331593764, Validation Loss(MSE): 0.14485487714409828
2024-08-28 15:23:34,920 - Validation loss decreased (0.146706 --> 0.144855).  Saving model ...
2024-08-28 15:23:35,121 - Epoch 43/100, Train Loss(MSE): 0.163450729911742, Validation Loss(MSE): 0.1429996800919374
2024-08-28 15:23:35,122 - Validation loss decreased (0.144855 --> 0.143000).  Saving model ...
2024-08-28 15:23:35,305 - Epoch 44/100, Train Loss(MSE): 0.1604503487115321, Validation Loss(MSE): 0.1413020690282186
2024-08-28 15:23:35,305 - Validation loss decreased (0.143000 --> 0.141302).  Saving model ...
2024-08-28 15:23:35,509 - Epoch 45/100, Train Loss(MSE): 0.15734180646098178, Validation Loss(MSE): 0.13954225182533264
2024-08-28 15:23:35,509 - Validation loss decreased (0.141302 --> 0.139542).  Saving model ...
2024-08-28 15:23:35,702 - Epoch 46/100, Train Loss(MSE): 0.15424447782013728, Validation Loss(MSE): 0.1381412868698438
2024-08-28 15:23:35,702 - Validation loss decreased (0.139542 --> 0.138141).  Saving model ...
2024-08-28 15:23:35,887 - Epoch 47/100, Train Loss(MSE): 0.15138849486475406, Validation Loss(MSE): 0.136897761374712
2024-08-28 15:23:35,887 - Validation loss decreased (0.138141 --> 0.136898).  Saving model ...
2024-08-28 15:23:36,078 - Epoch 48/100, Train Loss(MSE): 0.14886641259426656, Validation Loss(MSE): 0.13556298365195593
2024-08-28 15:23:36,078 - Validation loss decreased (0.136898 --> 0.135563).  Saving model ...
2024-08-28 15:23:36,262 - Epoch 49/100, Train Loss(MSE): 0.14563237227823422, Validation Loss(MSE): 0.13419492170214653
2024-08-28 15:23:36,262 - Validation loss decreased (0.135563 --> 0.134195).  Saving model ...
2024-08-28 15:23:36,453 - Epoch 50/100, Train Loss(MSE): 0.14434383971535641, Validation Loss(MSE): 0.1326562762260437
2024-08-28 15:23:36,453 - Validation loss decreased (0.134195 --> 0.132656).  Saving model ...
2024-08-28 15:23:36,645 - Epoch 51/100, Train Loss(MSE): 0.14084020921069643, Validation Loss(MSE): 0.13167359679937363
2024-08-28 15:23:36,645 - Validation loss decreased (0.132656 --> 0.131674).  Saving model ...
2024-08-28 15:23:36,822 - Epoch 52/100, Train Loss(MSE): 0.13816604625595652, Validation Loss(MSE): 0.13087920223673186
2024-08-28 15:23:36,823 - Validation loss decreased (0.131674 --> 0.130879).  Saving model ...
2024-08-28 15:23:37,015 - Epoch 53/100, Train Loss(MSE): 0.1373134148509606, Validation Loss(MSE): 0.12967204178373018
2024-08-28 15:23:37,015 - Validation loss decreased (0.130879 --> 0.129672).  Saving model ...
2024-08-28 15:23:37,213 - Epoch 54/100, Train Loss(MSE): 0.13455867540577185, Validation Loss(MSE): 0.12854076052705446
2024-08-28 15:23:37,214 - Validation loss decreased (0.129672 --> 0.128541).  Saving model ...
2024-08-28 15:23:37,407 - Epoch 55/100, Train Loss(MSE): 0.13250053916936336, Validation Loss(MSE): 0.12786507233977318
2024-08-28 15:23:37,407 - Validation loss decreased (0.128541 --> 0.127865).  Saving model ...
2024-08-28 15:23:37,598 - Epoch 56/100, Train Loss(MSE): 0.1309583165237437, Validation Loss(MSE): 0.12692424841225147
2024-08-28 15:23:37,598 - Validation loss decreased (0.127865 --> 0.126924).  Saving model ...
2024-08-28 15:23:37,788 - Epoch 57/100, Train Loss(MSE): 0.13062643583702005, Validation Loss(MSE): 0.12593985348939896
2024-08-28 15:23:37,788 - Validation loss decreased (0.126924 --> 0.125940).  Saving model ...
2024-08-28 15:23:37,973 - Epoch 58/100, Train Loss(MSE): 0.12667720700087753, Validation Loss(MSE): 0.12500113373001417
2024-08-28 15:23:37,973 - Validation loss decreased (0.125940 --> 0.125001).  Saving model ...
2024-08-28 15:23:38,166 - Epoch 59/100, Train Loss(MSE): 0.12452796571280646, Validation Loss(MSE): 0.12442427935699622
2024-08-28 15:23:38,166 - Validation loss decreased (0.125001 --> 0.124424).  Saving model ...
2024-08-28 15:23:38,352 - Epoch 60/100, Train Loss(MSE): 0.12280483722038892, Validation Loss(MSE): 0.12367878605922063
2024-08-28 15:23:38,352 - Validation loss decreased (0.124424 --> 0.123679).  Saving model ...
2024-08-28 15:23:38,554 - Epoch 61/100, Train Loss(MSE): 0.12175647979197295, Validation Loss(MSE): 0.12329178924361865
2024-08-28 15:23:38,555 - Validation loss decreased (0.123679 --> 0.123292).  Saving model ...
2024-08-28 15:23:38,734 - Epoch 62/100, Train Loss(MSE): 0.1198129127530948, Validation Loss(MSE): 0.12251850900550683
2024-08-28 15:23:38,734 - Validation loss decreased (0.123292 --> 0.122519).  Saving model ...
2024-08-28 15:23:38,932 - Epoch 63/100, Train Loss(MSE): 0.1188041107810062, Validation Loss(MSE): 0.12145325851937135
2024-08-28 15:23:38,932 - Validation loss decreased (0.122519 --> 0.121453).  Saving model ...
2024-08-28 15:23:39,137 - Epoch 64/100, Train Loss(MSE): 0.1194167998821839, Validation Loss(MSE): 0.12074556512137254
2024-08-28 15:23:39,137 - Validation loss decreased (0.121453 --> 0.120746).  Saving model ...
2024-08-28 15:23:39,352 - Epoch 65/100, Train Loss(MSE): 0.11726910248398781, Validation Loss(MSE): 0.11985474204023679
2024-08-28 15:23:39,352 - Validation loss decreased (0.120746 --> 0.119855).  Saving model ...
2024-08-28 15:23:39,541 - Epoch 66/100, Train Loss(MSE): 0.11469757978035056, Validation Loss(MSE): 0.11965676521261533
2024-08-28 15:23:39,541 - Validation loss decreased (0.119855 --> 0.119657).  Saving model ...
2024-08-28 15:23:39,736 - Epoch 67/100, Train Loss(MSE): 0.11270805561672086, Validation Loss(MSE): 0.1188230849802494
2024-08-28 15:23:39,736 - Validation loss decreased (0.119657 --> 0.118823).  Saving model ...
2024-08-28 15:23:39,958 - Epoch 68/100, Train Loss(MSE): 0.11199133494949859, Validation Loss(MSE): 0.11849795840680599
2024-08-28 15:23:39,958 - Validation loss decreased (0.118823 --> 0.118498).  Saving model ...
2024-08-28 15:23:40,204 - Epoch 69/100, Train Loss(MSE): 0.11054073023083417, Validation Loss(MSE): 0.11815796109537284
2024-08-28 15:23:40,204 - Validation loss decreased (0.118498 --> 0.118158).  Saving model ...
2024-08-28 15:23:40,552 - Epoch 70/100, Train Loss(MSE): 0.10945568824915783, Validation Loss(MSE): 0.1172602338095506
2024-08-28 15:23:40,552 - Validation loss decreased (0.118158 --> 0.117260).  Saving model ...
2024-08-28 15:23:40,923 - Epoch 71/100, Train Loss(MSE): 0.1083189444211514, Validation Loss(MSE): 0.11691365887721379
2024-08-28 15:23:40,925 - Validation loss decreased (0.117260 --> 0.116914).  Saving model ...
2024-08-28 15:23:41,221 - Epoch 72/100, Train Loss(MSE): 0.10842400238565776, Validation Loss(MSE): 0.11626504485805829
2024-08-28 15:23:41,221 - Validation loss decreased (0.116914 --> 0.116265).  Saving model ...
2024-08-28 15:23:41,439 - Epoch 73/100, Train Loss(MSE): 0.10673671701680058, Validation Loss(MSE): 0.11625170210997264
2024-08-28 15:23:41,439 - Validation loss decreased (0.116265 --> 0.116252).  Saving model ...
2024-08-28 15:23:41,625 - Epoch 74/100, Train Loss(MSE): 0.10502947267630826, Validation Loss(MSE): 0.11549593073626359
2024-08-28 15:23:41,626 - Validation loss decreased (0.116252 --> 0.115496).  Saving model ...
2024-08-28 15:23:41,815 - Epoch 75/100, Train Loss(MSE): 0.10504383480419284, Validation Loss(MSE): 0.1151674414674441
2024-08-28 15:23:41,815 - Validation loss decreased (0.115496 --> 0.115167).  Saving model ...
2024-08-28 15:23:42,003 - Epoch 76/100, Train Loss(MSE): 0.10367098304888477, Validation Loss(MSE): 0.11471994904180367
2024-08-28 15:23:42,003 - Validation loss decreased (0.115167 --> 0.114720).  Saving model ...
2024-08-28 15:23:42,196 - Epoch 77/100, Train Loss(MSE): 0.10246308650011601, Validation Loss(MSE): 0.11406465247273445
2024-08-28 15:23:42,196 - Validation loss decreased (0.114720 --> 0.114065).  Saving model ...
2024-08-28 15:23:42,381 - Epoch 78/100, Train Loss(MSE): 0.10135222534122675, Validation Loss(MSE): 0.11374895709256332
2024-08-28 15:23:42,381 - Validation loss decreased (0.114065 --> 0.113749).  Saving model ...
2024-08-28 15:23:42,584 - Epoch 79/100, Train Loss(MSE): 0.1005993913859129, Validation Loss(MSE): 0.11344228871166706
2024-08-28 15:23:42,584 - Validation loss decreased (0.113749 --> 0.113442).  Saving model ...
2024-08-28 15:23:42,763 - Epoch 80/100, Train Loss(MSE): 0.0998076866178409, Validation Loss(MSE): 0.11313251592218876
2024-08-28 15:23:42,763 - Validation loss decreased (0.113442 --> 0.113133).  Saving model ...
2024-08-28 15:23:42,954 - Epoch 81/100, Train Loss(MSE): 0.09914809789346613, Validation Loss(MSE): 0.11280336106816928
2024-08-28 15:23:42,954 - Validation loss decreased (0.113133 --> 0.112803).  Saving model ...
2024-08-28 15:23:43,162 - Epoch 82/100, Train Loss(MSE): 0.09934004890206068, Validation Loss(MSE): 0.11200263351202011
2024-08-28 15:23:43,162 - Validation loss decreased (0.112803 --> 0.112003).  Saving model ...
2024-08-28 15:23:43,363 - Epoch 83/100, Train Loss(MSE): 0.09878031229195387, Validation Loss(MSE): 0.11170947303374608
2024-08-28 15:23:43,363 - Validation loss decreased (0.112003 --> 0.111709).  Saving model ...
2024-08-28 15:23:43,558 - Epoch 84/100, Train Loss(MSE): 0.0973574890066748, Validation Loss(MSE): 0.11185933835804462
2024-08-28 15:23:43,558 - EarlyStopping counter: 1 out of 5
2024-08-28 15:23:43,731 - Epoch 85/100, Train Loss(MSE): 0.0976013674846162, Validation Loss(MSE): 0.11124633935590585
2024-08-28 15:23:43,731 - Validation loss decreased (0.111709 --> 0.111246).  Saving model ...
2024-08-28 15:23:43,925 - Epoch 86/100, Train Loss(MSE): 0.09608257132703843, Validation Loss(MSE): 0.11105624524255593
2024-08-28 15:23:43,926 - Validation loss decreased (0.111246 --> 0.111056).  Saving model ...
2024-08-28 15:23:44,132 - Epoch 87/100, Train Loss(MSE): 0.09567271456446337, Validation Loss(MSE): 0.11112438514828682
2024-08-28 15:23:44,132 - EarlyStopping counter: 1 out of 5
2024-08-28 15:23:44,328 - Epoch 88/100, Train Loss(MSE): 0.09474335222140602, Validation Loss(MSE): 0.11023322741190593
2024-08-28 15:23:44,329 - Validation loss decreased (0.111056 --> 0.110233).  Saving model ...
2024-08-28 15:23:44,515 - Epoch 89/100, Train Loss(MSE): 0.0943720488930526, Validation Loss(MSE): 0.10960439282159011
2024-08-28 15:23:44,515 - Validation loss decreased (0.110233 --> 0.109604).  Saving model ...
2024-08-28 15:23:44,765 - Epoch 90/100, Train Loss(MSE): 0.09364499135509781, Validation Loss(MSE): 0.10998857269684474
2024-08-28 15:23:44,765 - EarlyStopping counter: 1 out of 5
2024-08-28 15:23:44,954 - Epoch 91/100, Train Loss(MSE): 0.09298220657460067, Validation Loss(MSE): 0.10931428521871567
2024-08-28 15:23:44,954 - Validation loss decreased (0.109604 --> 0.109314).  Saving model ...
2024-08-28 15:23:45,158 - Epoch 92/100, Train Loss(MSE): 0.09250242643706176, Validation Loss(MSE): 0.10897948841253917
2024-08-28 15:23:45,158 - Validation loss decreased (0.109314 --> 0.108979).  Saving model ...
2024-08-28 15:23:45,343 - Epoch 93/100, Train Loss(MSE): 0.09149685502052307, Validation Loss(MSE): 0.10896072288354237
2024-08-28 15:23:45,343 - Validation loss decreased (0.108979 --> 0.108961).  Saving model ...
2024-08-28 15:23:45,541 - Epoch 94/100, Train Loss(MSE): 0.09160461641200211, Validation Loss(MSE): 0.10878536353508632
2024-08-28 15:23:45,541 - Validation loss decreased (0.108961 --> 0.108785).  Saving model ...
2024-08-28 15:23:45,722 - Epoch 95/100, Train Loss(MSE): 0.09060752675261187, Validation Loss(MSE): 0.10831652084986369
2024-08-28 15:23:45,722 - Validation loss decreased (0.108785 --> 0.108317).  Saving model ...
2024-08-28 15:23:45,916 - Epoch 96/100, Train Loss(MSE): 0.0909123071671828, Validation Loss(MSE): 0.10789394875367482
2024-08-28 15:23:45,916 - Validation loss decreased (0.108317 --> 0.107894).  Saving model ...
2024-08-28 15:23:46,107 - Epoch 97/100, Train Loss(MSE): 0.09071600833988708, Validation Loss(MSE): 0.10803325412174065
2024-08-28 15:23:46,107 - EarlyStopping counter: 1 out of 5
2024-08-28 15:23:46,301 - Epoch 98/100, Train Loss(MSE): 0.08904021581553895, Validation Loss(MSE): 0.10773545503616333
2024-08-28 15:23:46,302 - Validation loss decreased (0.107894 --> 0.107735).  Saving model ...
2024-08-28 15:23:46,485 - Epoch 99/100, Train Loss(MSE): 0.08890568051973115, Validation Loss(MSE): 0.10781468513111274
2024-08-28 15:23:46,485 - EarlyStopping counter: 1 out of 5
2024-08-28 15:23:46,688 - Epoch 100/100, Train Loss(MSE): 0.08883023083857867, Validation Loss(MSE): 0.10743922429780166
2024-08-28 15:23:46,688 - Validation loss decreased (0.107735 --> 0.107439).  Saving model ...
2024-08-28 15:23:46,690 - —µ¡∑ 100 ¥Œepoch£¨—µ¡∑ ±≥§: 19.972774982452393 √Î
2024-08-28 15:23:46,697 - Test Loss(MSE): 0.10084087898333867
2024-08-28 15:23:46,700 - Model saved to D:\PythonProject\scorpioMock\MPDLinear\checkpoint\MPDLinear_20240828-152346_bs32_seq7_enc24_pred_len1_individualTrue_checkpoint.pth
2024-08-28 15:23:46,705 - Test Loss (Original Scale) MSE: 12.52451510382943
