2024-09-02 14:39:22,585 - Epoch 1/100, Train Loss(MSE): 1.3602808382776048, Validation Loss(MSE): 0.637156476577123
2024-09-02 14:39:22,585 - Validation loss decreased for the first time. Saving model ...
2024-09-02 14:39:24,136 - Epoch 2/100, Train Loss(MSE): 0.30356908374362523, Validation Loss(MSE): 0.11603614315390587
2024-09-02 14:39:24,151 - Validation loss decreased (0.637156 --> 0.116036).  Saving model ...
2024-09-02 14:39:25,716 - Epoch 3/100, Train Loss(MSE): 0.09826003859440485, Validation Loss(MSE): 0.07486294147868951
2024-09-02 14:39:25,716 - Validation loss decreased (0.116036 --> 0.074863).  Saving model ...
2024-09-02 14:39:27,252 - Epoch 4/100, Train Loss(MSE): 0.07516893645127615, Validation Loss(MSE): 0.06184158350030581
2024-09-02 14:39:27,252 - Validation loss decreased (0.074863 --> 0.061842).  Saving model ...
2024-09-02 14:39:28,737 - Epoch 5/100, Train Loss(MSE): 0.0653953418135643, Validation Loss(MSE): 0.057364076375961304
2024-09-02 14:39:28,738 - Validation loss decreased (0.061842 --> 0.057364).  Saving model ...
2024-09-02 14:39:30,296 - Epoch 6/100, Train Loss(MSE): 0.05962845563060708, Validation Loss(MSE): 0.054377440363168716
2024-09-02 14:39:30,296 - Validation loss decreased (0.057364 --> 0.054377).  Saving model ...
2024-09-02 14:39:31,814 - Epoch 7/100, Train Loss(MSE): 0.05556758985751205, Validation Loss(MSE): 0.05078505973021189
2024-09-02 14:39:31,815 - Validation loss decreased (0.054377 --> 0.050785).  Saving model ...
2024-09-02 14:39:33,339 - Epoch 8/100, Train Loss(MSE): 0.05326340459287167, Validation Loss(MSE): 0.050249841064214706
2024-09-02 14:39:33,340 - Validation loss decreased (0.050785 --> 0.050250).  Saving model ...
2024-09-02 14:39:34,920 - Epoch 9/100, Train Loss(MSE): 0.049015693283743327, Validation Loss(MSE): 0.04815608076751232
2024-09-02 14:39:34,920 - Validation loss decreased (0.050250 --> 0.048156).  Saving model ...
2024-09-02 14:39:36,469 - Epoch 10/100, Train Loss(MSE): 0.04759432342317369, Validation Loss(MSE): 0.046963684260845184
2024-09-02 14:39:36,470 - Validation loss decreased (0.048156 --> 0.046964).  Saving model ...
2024-09-02 14:39:38,011 - Epoch 11/100, Train Loss(MSE): 0.045001667820745044, Validation Loss(MSE): 0.04648979691167673
2024-09-02 14:39:38,011 - Validation loss decreased (0.046964 --> 0.046490).  Saving model ...
2024-09-02 14:39:39,525 - Epoch 12/100, Train Loss(MSE): 0.04349367469549179, Validation Loss(MSE): 0.04627692885696888
2024-09-02 14:39:39,525 - Validation loss decreased (0.046490 --> 0.046277).  Saving model ...
2024-09-02 14:39:41,071 - Epoch 13/100, Train Loss(MSE): 0.04158294503059652, Validation Loss(MSE): 0.04471972522636255
2024-09-02 14:39:41,072 - Validation loss decreased (0.046277 --> 0.044720).  Saving model ...
2024-09-02 14:39:42,626 - Epoch 14/100, Train Loss(MSE): 0.04101499964793523, Validation Loss(MSE): 0.04143303260207176
2024-09-02 14:39:42,626 - Validation loss decreased (0.044720 --> 0.041433).  Saving model ...
2024-09-02 14:39:44,155 - Epoch 15/100, Train Loss(MSE): 0.038829441161619294, Validation Loss(MSE): 0.041798645320038
2024-09-02 14:39:44,156 - EarlyStopping counter: 1 out of 5
2024-09-02 14:39:45,675 - Epoch 16/100, Train Loss(MSE): 0.03759632450011041, Validation Loss(MSE): 0.04082929187764724
2024-09-02 14:39:45,675 - Validation loss decreased (0.041433 --> 0.040829).  Saving model ...
2024-09-02 14:39:47,187 - Epoch 17/100, Train Loss(MSE): 0.03671987669335471, Validation Loss(MSE): 0.04002156977852186
2024-09-02 14:39:47,187 - Validation loss decreased (0.040829 --> 0.040022).  Saving model ...
2024-09-02 14:39:48,715 - Epoch 18/100, Train Loss(MSE): 0.035036027390095925, Validation Loss(MSE): 0.038759212009608746
2024-09-02 14:39:48,717 - Validation loss decreased (0.040022 --> 0.038759).  Saving model ...
2024-09-02 14:39:50,210 - Epoch 19/100, Train Loss(MSE): 0.034377109673288136, Validation Loss(MSE): 0.038068995190163456
2024-09-02 14:39:50,210 - Validation loss decreased (0.038759 --> 0.038069).  Saving model ...
2024-09-02 14:39:51,748 - Epoch 20/100, Train Loss(MSE): 0.034004406341248086, Validation Loss(MSE): 0.03746765789886316
2024-09-02 14:39:51,748 - Validation loss decreased (0.038069 --> 0.037468).  Saving model ...
2024-09-02 14:39:53,242 - Epoch 21/100, Train Loss(MSE): 0.03241050545540121, Validation Loss(MSE): 0.038465997825066246
2024-09-02 14:39:53,242 - EarlyStopping counter: 1 out of 5
2024-09-02 14:39:54,774 - Epoch 22/100, Train Loss(MSE): 0.031010196937455072, Validation Loss(MSE): 0.03767048784842094
2024-09-02 14:39:54,774 - EarlyStopping counter: 2 out of 5
2024-09-02 14:39:56,299 - Epoch 23/100, Train Loss(MSE): 0.029908502226074538, Validation Loss(MSE): 0.03718622773885727
2024-09-02 14:39:56,299 - Validation loss decreased (0.037468 --> 0.037186).  Saving model ...
2024-09-02 14:39:57,833 - Epoch 24/100, Train Loss(MSE): 0.028962590793768565, Validation Loss(MSE): 0.035784066654741764
2024-09-02 14:39:57,833 - Validation loss decreased (0.037186 --> 0.035784).  Saving model ...
2024-09-02 14:39:59,365 - Epoch 25/100, Train Loss(MSE): 0.028439909571574794, Validation Loss(MSE): 0.03591584041714668
2024-09-02 14:39:59,365 - EarlyStopping counter: 1 out of 5
2024-09-02 14:40:00,921 - Epoch 26/100, Train Loss(MSE): 0.028470210317108367, Validation Loss(MSE): 0.035446004631618656
2024-09-02 14:40:00,922 - Validation loss decreased (0.035784 --> 0.035446).  Saving model ...
2024-09-02 14:40:02,412 - Epoch 27/100, Train Loss(MSE): 0.027560827301608193, Validation Loss(MSE): 0.03523352680106958
2024-09-02 14:40:02,412 - Validation loss decreased (0.035446 --> 0.035234).  Saving model ...
2024-09-02 14:40:03,958 - Epoch 28/100, Train Loss(MSE): 0.027098450043963062, Validation Loss(MSE): 0.03620880780120691
2024-09-02 14:40:03,958 - EarlyStopping counter: 1 out of 5
2024-09-02 14:40:05,429 - Epoch 29/100, Train Loss(MSE): 0.02613419039795796, Validation Loss(MSE): 0.035148000034193196
2024-09-02 14:40:05,429 - Validation loss decreased (0.035234 --> 0.035148).  Saving model ...
2024-09-02 14:40:06,944 - Epoch 30/100, Train Loss(MSE): 0.025946461864643628, Validation Loss(MSE): 0.03424061990032593
2024-09-02 14:40:06,944 - Validation loss decreased (0.035148 --> 0.034241).  Saving model ...
2024-09-02 14:40:08,470 - Epoch 31/100, Train Loss(MSE): 0.02499464005231857, Validation Loss(MSE): 0.034838719914356865
2024-09-02 14:40:08,470 - EarlyStopping counter: 1 out of 5
2024-09-02 14:40:10,017 - Epoch 32/100, Train Loss(MSE): 0.02544386527604527, Validation Loss(MSE): 0.034122949155668415
2024-09-02 14:40:10,017 - Validation loss decreased (0.034241 --> 0.034123).  Saving model ...
2024-09-02 14:40:11,546 - Epoch 33/100, Train Loss(MSE): 0.02401284896251228, Validation Loss(MSE): 0.0345812418187658
2024-09-02 14:40:11,546 - EarlyStopping counter: 1 out of 5
2024-09-02 14:40:13,084 - Epoch 34/100, Train Loss(MSE): 0.02422814362992843, Validation Loss(MSE): 0.03656937709699074
2024-09-02 14:40:13,085 - EarlyStopping counter: 2 out of 5
2024-09-02 14:40:14,590 - Epoch 35/100, Train Loss(MSE): 0.02457236320608192, Validation Loss(MSE): 0.034288824225465454
2024-09-02 14:40:14,590 - EarlyStopping counter: 3 out of 5
2024-09-02 14:40:16,152 - Epoch 36/100, Train Loss(MSE): 0.023309445939958096, Validation Loss(MSE): 0.0378557617465655
2024-09-02 14:40:16,152 - EarlyStopping counter: 4 out of 5
2024-09-02 14:40:17,683 - Epoch 37/100, Train Loss(MSE): 0.023071600310504436, Validation Loss(MSE): 0.0370669507731994
2024-09-02 14:40:17,683 - EarlyStopping counter: 5 out of 5
2024-09-02 14:40:17,683 - Early stopping
2024-09-02 14:40:17,683 - —µ¡∑ 37 ¥Œepoch£¨—µ¡∑ ±≥§: 56.654356479644775 √Î
2024-09-02 14:40:17,746 - Test Loss(MSE): 0.04422477136055628
2024-09-02 14:40:17,780 - Model saved to D:\PythonProject\scorpioMock\MPDLinear\checkpoint\MPDLinear_20240902-144017_bs32_seq30_enc24_pred_len1_individualTrue_checkpoint.pth
2024-09-02 14:40:17,825 - Test Loss (Original Scale) MSE: 5.548101592307059
2024-09-02 14:40:17,825 - Test Loss (Original Scale) MAE: 1.8673917408121958
