2024-08-24 22:02:37,235 - Epoch 1/100, Train Loss(MSE): 0.8144864029354519, Validation Loss(MSE): 0.6026646693547567
2024-08-24 22:02:37,236 - Validation loss decreased for the first time. Saving model ...
2024-08-24 22:02:37,568 - Epoch 2/100, Train Loss(MSE): 0.5486103733380635, Validation Loss(MSE): 0.4189661542574565
2024-08-24 22:02:37,569 - Validation loss decreased (0.602665 --> 0.418966).  Saving model ...
2024-08-24 22:02:37,793 - Epoch 3/100, Train Loss(MSE): 0.38496338526407875, Validation Loss(MSE): 0.309819757938385
2024-08-24 22:02:37,793 - Validation loss decreased (0.418966 --> 0.309820).  Saving model ...
2024-08-24 22:02:38,060 - Epoch 4/100, Train Loss(MSE): 0.2842842572265201, Validation Loss(MSE): 0.2415001541376114
2024-08-24 22:02:38,060 - Validation loss decreased (0.309820 --> 0.241500).  Saving model ...
2024-08-24 22:02:38,311 - Epoch 5/100, Train Loss(MSE): 0.2201113094886144, Validation Loss(MSE): 0.19490992029507956
2024-08-24 22:02:38,312 - Validation loss decreased (0.241500 --> 0.194910).  Saving model ...
2024-08-24 22:02:38,529 - Epoch 6/100, Train Loss(MSE): 0.17910966508918338, Validation Loss(MSE): 0.1647530421614647
2024-08-24 22:02:38,529 - Validation loss decreased (0.194910 --> 0.164753).  Saving model ...
2024-08-24 22:02:38,794 - Epoch 7/100, Train Loss(MSE): 0.15082785156038073, Validation Loss(MSE): 0.14231484507520994
2024-08-24 22:02:38,794 - Validation loss decreased (0.164753 --> 0.142315).  Saving model ...
2024-08-24 22:02:39,045 - Epoch 8/100, Train Loss(MSE): 0.1308858360681269, Validation Loss(MSE): 0.12514141201972961
2024-08-24 22:02:39,046 - Validation loss decreased (0.142315 --> 0.125141).  Saving model ...
2024-08-24 22:02:39,277 - Epoch 9/100, Train Loss(MSE): 0.11643464888135592, Validation Loss(MSE): 0.11312446494897206
2024-08-24 22:02:39,278 - Validation loss decreased (0.125141 --> 0.113124).  Saving model ...
2024-08-24 22:02:39,496 - Epoch 10/100, Train Loss(MSE): 0.10595971610811021, Validation Loss(MSE): 0.10231287404894829
2024-08-24 22:02:39,496 - Validation loss decreased (0.113124 --> 0.102313).  Saving model ...
2024-08-24 22:02:39,744 - Epoch 11/100, Train Loss(MSE): 0.09781962889764044, Validation Loss(MSE): 0.09550002651909988
2024-08-24 22:02:39,745 - Validation loss decreased (0.102313 --> 0.095500).  Saving model ...
2024-08-24 22:02:39,977 - Epoch 12/100, Train Loss(MSE): 0.09115341338846418, Validation Loss(MSE): 0.08906724552313487
2024-08-24 22:02:39,978 - Validation loss decreased (0.095500 --> 0.089067).  Saving model ...
2024-08-24 22:02:40,233 - Epoch 13/100, Train Loss(MSE): 0.08569355640146467, Validation Loss(MSE): 0.08416193475325902
2024-08-24 22:02:40,234 - Validation loss decreased (0.089067 --> 0.084162).  Saving model ...
2024-08-24 22:02:40,469 - Epoch 14/100, Train Loss(MSE): 0.08123408613933457, Validation Loss(MSE): 0.07954224695761998
2024-08-24 22:02:40,469 - Validation loss decreased (0.084162 --> 0.079542).  Saving model ...
2024-08-24 22:02:40,719 - Epoch 15/100, Train Loss(MSE): 0.07732881895369953, Validation Loss(MSE): 0.07553200485805671
2024-08-24 22:02:40,719 - Validation loss decreased (0.079542 --> 0.075532).  Saving model ...
2024-08-24 22:02:40,924 - Epoch 16/100, Train Loss(MSE): 0.07378580537107256, Validation Loss(MSE): 0.07297474642594655
2024-08-24 22:02:40,924 - Validation loss decreased (0.075532 --> 0.072975).  Saving model ...
2024-08-24 22:02:41,179 - Epoch 17/100, Train Loss(MSE): 0.07068863213062286, Validation Loss(MSE): 0.07047918252646923
2024-08-24 22:02:41,179 - Validation loss decreased (0.072975 --> 0.070479).  Saving model ...
2024-08-24 22:02:41,419 - Epoch 18/100, Train Loss(MSE): 0.0682282355096605, Validation Loss(MSE): 0.06765890618165334
2024-08-24 22:02:41,419 - Validation loss decreased (0.070479 --> 0.067659).  Saving model ...
2024-08-24 22:02:41,658 - Epoch 19/100, Train Loss(MSE): 0.06590328758789434, Validation Loss(MSE): 0.0663414504379034
2024-08-24 22:02:41,658 - Validation loss decreased (0.067659 --> 0.066341).  Saving model ...
2024-08-24 22:02:41,887 - Epoch 20/100, Train Loss(MSE): 0.06366218907965554, Validation Loss(MSE): 0.06474499776959419
2024-08-24 22:02:41,887 - Validation loss decreased (0.066341 --> 0.064745).  Saving model ...
2024-08-24 22:02:42,117 - Epoch 21/100, Train Loss(MSE): 0.06159015173713366, Validation Loss(MSE): 0.06354295896987121
2024-08-24 22:02:42,118 - Validation loss decreased (0.064745 --> 0.063543).  Saving model ...
2024-08-24 22:02:42,349 - Epoch 22/100, Train Loss(MSE): 0.05985855816139115, Validation Loss(MSE): 0.06160009714464346
2024-08-24 22:02:42,349 - Validation loss decreased (0.063543 --> 0.061600).  Saving model ...
2024-08-24 22:02:42,640 - Epoch 23/100, Train Loss(MSE): 0.05814624288015895, Validation Loss(MSE): 0.060496547569831215
2024-08-24 22:02:42,641 - Validation loss decreased (0.061600 --> 0.060497).  Saving model ...
2024-08-24 22:02:42,938 - Epoch 24/100, Train Loss(MSE): 0.05657733923031224, Validation Loss(MSE): 0.059322586903969445
2024-08-24 22:02:42,939 - Validation loss decreased (0.060497 --> 0.059323).  Saving model ...
2024-08-24 22:02:43,232 - Epoch 25/100, Train Loss(MSE): 0.05525118936267164, Validation Loss(MSE): 0.05910191312432289
2024-08-24 22:02:43,232 - Validation loss decreased (0.059323 --> 0.059102).  Saving model ...
2024-08-24 22:02:43,539 - Epoch 26/100, Train Loss(MSE): 0.05407872022026115, Validation Loss(MSE): 0.05812750508387884
2024-08-24 22:02:43,539 - Validation loss decreased (0.059102 --> 0.058128).  Saving model ...
2024-08-24 22:02:43,835 - Epoch 27/100, Train Loss(MSE): 0.052698854274219935, Validation Loss(MSE): 0.05643858388066292
2024-08-24 22:02:43,835 - Validation loss decreased (0.058128 --> 0.056439).  Saving model ...
2024-08-24 22:02:44,115 - Epoch 28/100, Train Loss(MSE): 0.05174670269091924, Validation Loss(MSE): 0.05595060996711254
2024-08-24 22:02:44,115 - Validation loss decreased (0.056439 --> 0.055951).  Saving model ...
2024-08-24 22:02:44,411 - Epoch 29/100, Train Loss(MSE): 0.05046911442445384, Validation Loss(MSE): 0.05576159060001373
2024-08-24 22:02:44,412 - Validation loss decreased (0.055951 --> 0.055762).  Saving model ...
2024-08-24 22:02:44,708 - Epoch 30/100, Train Loss(MSE): 0.0494449596438143, Validation Loss(MSE): 0.055155434335271515
2024-08-24 22:02:44,708 - Validation loss decreased (0.055762 --> 0.055155).  Saving model ...
2024-08-24 22:02:45,018 - Epoch 31/100, Train Loss(MSE): 0.048605078996883495, Validation Loss(MSE): 0.054521131018797554
2024-08-24 22:02:45,019 - Validation loss decreased (0.055155 --> 0.054521).  Saving model ...
2024-08-24 22:02:45,309 - Epoch 32/100, Train Loss(MSE): 0.04772925666636891, Validation Loss(MSE): 0.05477571673691273
2024-08-24 22:02:45,309 - EarlyStopping counter: 1 out of 5
2024-08-24 22:02:45,600 - Epoch 33/100, Train Loss(MSE): 0.04696391042735842, Validation Loss(MSE): 0.05354192666709423
2024-08-24 22:02:45,600 - Validation loss decreased (0.054521 --> 0.053542).  Saving model ...
2024-08-24 22:02:45,870 - Epoch 34/100, Train Loss(MSE): 0.046190820758541425, Validation Loss(MSE): 0.05363248040278753
2024-08-24 22:02:45,870 - EarlyStopping counter: 1 out of 5
2024-08-24 22:02:46,099 - Epoch 35/100, Train Loss(MSE): 0.045558785647153856, Validation Loss(MSE): 0.052847924952705704
2024-08-24 22:02:46,099 - Validation loss decreased (0.053542 --> 0.052848).  Saving model ...
2024-08-24 22:02:46,359 - Epoch 36/100, Train Loss(MSE): 0.04483138024806976, Validation Loss(MSE): 0.052818091586232185
2024-08-24 22:02:46,360 - Validation loss decreased (0.052848 --> 0.052818).  Saving model ...
2024-08-24 22:02:46,616 - Epoch 37/100, Train Loss(MSE): 0.044240503675407834, Validation Loss(MSE): 0.0529441541681687
2024-08-24 22:02:46,617 - EarlyStopping counter: 1 out of 5
2024-08-24 22:02:46,865 - Epoch 38/100, Train Loss(MSE): 0.0436884375082122, Validation Loss(MSE): 0.052606346706549324
2024-08-24 22:02:46,866 - Validation loss decreased (0.052818 --> 0.052606).  Saving model ...
2024-08-24 22:02:47,106 - Epoch 39/100, Train Loss(MSE): 0.043243321072724134, Validation Loss(MSE): 0.05214261760314306
2024-08-24 22:02:47,107 - Validation loss decreased (0.052606 --> 0.052143).  Saving model ...
2024-08-24 22:02:47,366 - Epoch 40/100, Train Loss(MSE): 0.04269798927836948, Validation Loss(MSE): 0.05153637814025084
2024-08-24 22:02:47,366 - Validation loss decreased (0.052143 --> 0.051536).  Saving model ...
2024-08-24 22:02:47,620 - Epoch 41/100, Train Loss(MSE): 0.04189789481461048, Validation Loss(MSE): 0.05260701663792133
2024-08-24 22:02:47,621 - EarlyStopping counter: 1 out of 5
2024-08-24 22:02:47,865 - Epoch 42/100, Train Loss(MSE): 0.04155922792851925, Validation Loss(MSE): 0.05115347417692343
2024-08-24 22:02:47,865 - Validation loss decreased (0.051536 --> 0.051153).  Saving model ...
2024-08-24 22:02:48,124 - Epoch 43/100, Train Loss(MSE): 0.040959202663766014, Validation Loss(MSE): 0.05159756851692995
2024-08-24 22:02:48,124 - EarlyStopping counter: 1 out of 5
2024-08-24 22:02:48,396 - Epoch 44/100, Train Loss(MSE): 0.04046722551186879, Validation Loss(MSE): 0.051199013367295265
2024-08-24 22:02:48,396 - EarlyStopping counter: 2 out of 5
2024-08-24 22:02:48,660 - Epoch 45/100, Train Loss(MSE): 0.040113786525196496, Validation Loss(MSE): 0.05145447018245856
2024-08-24 22:02:48,660 - EarlyStopping counter: 3 out of 5
2024-08-24 22:02:48,949 - Epoch 46/100, Train Loss(MSE): 0.03971154495245881, Validation Loss(MSE): 0.051682802538077034
2024-08-24 22:02:48,949 - EarlyStopping counter: 4 out of 5
2024-08-24 22:02:49,190 - Epoch 47/100, Train Loss(MSE): 0.039346152337061034, Validation Loss(MSE): 0.05083667176465193
2024-08-24 22:02:49,191 - Validation loss decreased (0.051153 --> 0.050837).  Saving model ...
2024-08-24 22:02:49,417 - Epoch 48/100, Train Loss(MSE): 0.03902147060467137, Validation Loss(MSE): 0.051286266495784126
2024-08-24 22:02:49,417 - EarlyStopping counter: 1 out of 5
2024-08-24 22:02:49,652 - Epoch 49/100, Train Loss(MSE): 0.038705994395746124, Validation Loss(MSE): 0.050455326214432716
2024-08-24 22:02:49,652 - Validation loss decreased (0.050837 --> 0.050455).  Saving model ...
2024-08-24 22:02:49,890 - Epoch 50/100, Train Loss(MSE): 0.0382822814087073, Validation Loss(MSE): 0.05173520495494207
2024-08-24 22:02:49,890 - EarlyStopping counter: 1 out of 5
2024-08-24 22:02:50,125 - Epoch 51/100, Train Loss(MSE): 0.03789582492576705, Validation Loss(MSE): 0.05061342132588228
2024-08-24 22:02:50,125 - EarlyStopping counter: 2 out of 5
2024-08-24 22:02:50,374 - Epoch 52/100, Train Loss(MSE): 0.03775104176667002, Validation Loss(MSE): 0.051236638178428016
2024-08-24 22:02:50,374 - EarlyStopping counter: 3 out of 5
2024-08-24 22:02:50,630 - Epoch 53/100, Train Loss(MSE): 0.03755020820018318, Validation Loss(MSE): 0.051359253004193306
2024-08-24 22:02:50,631 - EarlyStopping counter: 4 out of 5
2024-08-24 22:02:50,877 - Epoch 54/100, Train Loss(MSE): 0.037269420218136576, Validation Loss(MSE): 0.051521461457014084
2024-08-24 22:02:50,877 - EarlyStopping counter: 5 out of 5
2024-08-24 22:02:50,877 - Early stopping
2024-08-24 22:02:50,888 - Test Loss(MSE): 0.06311867572367191
2024-08-24 22:02:50,891 - Model saved to D:\PythonProject\scorpioMock\MPDLinear\checkpoint\MPDLinear_20240824-220250_bs32_seq30_enc24_pred_len10_individualTrue_checkpoint.pth
2024-08-24 22:02:50,898 - Test Loss (Original Scale) MSE: 7.818756168683497
