2024-08-28 15:31:09,180 - Epoch 1/100, Train Loss(MSE): 0.8388930943277148, Validation Loss(MSE): 0.630259652932485
2024-08-28 15:31:09,180 - Validation loss decreased for the first time. Saving model ...
2024-08-28 15:31:09,398 - Epoch 2/100, Train Loss(MSE): 0.5717387358347575, Validation Loss(MSE): 0.4428663949171702
2024-08-28 15:31:09,403 - Validation loss decreased (0.630260 --> 0.442866).  Saving model ...
2024-08-28 15:31:09,606 - Epoch 3/100, Train Loss(MSE): 0.40180863738059996, Validation Loss(MSE): 0.32743201156457263
2024-08-28 15:31:09,606 - Validation loss decreased (0.442866 --> 0.327432).  Saving model ...
2024-08-28 15:31:09,829 - Epoch 4/100, Train Loss(MSE): 0.2971878919336531, Validation Loss(MSE): 0.2567026267449061
2024-08-28 15:31:09,830 - Validation loss decreased (0.327432 --> 0.256703).  Saving model ...
2024-08-28 15:31:10,067 - Epoch 5/100, Train Loss(MSE): 0.2306888512439198, Validation Loss(MSE): 0.20762573927640915
2024-08-28 15:31:10,067 - Validation loss decreased (0.256703 --> 0.207626).  Saving model ...
2024-08-28 15:31:10,265 - Epoch 6/100, Train Loss(MSE): 0.18723057955503464, Validation Loss(MSE): 0.17620207369327545
2024-08-28 15:31:10,265 - Validation loss decreased (0.207626 --> 0.176202).  Saving model ...
2024-08-28 15:31:10,491 - Epoch 7/100, Train Loss(MSE): 0.1583644386794832, Validation Loss(MSE): 0.15053227171301842
2024-08-28 15:31:10,491 - Validation loss decreased (0.176202 --> 0.150532).  Saving model ...
2024-08-28 15:31:10,702 - Epoch 8/100, Train Loss(MSE): 0.13702259345187082, Validation Loss(MSE): 0.1327542153497537
2024-08-28 15:31:10,702 - Validation loss decreased (0.150532 --> 0.132754).  Saving model ...
2024-08-28 15:31:10,924 - Epoch 9/100, Train Loss(MSE): 0.12193836006853316, Validation Loss(MSE): 0.11963155617316563
2024-08-28 15:31:10,925 - Validation loss decreased (0.132754 --> 0.119632).  Saving model ...
2024-08-28 15:31:11,124 - Epoch 10/100, Train Loss(MSE): 0.11032144278287888, Validation Loss(MSE): 0.10913239046931267
2024-08-28 15:31:11,124 - Validation loss decreased (0.119632 --> 0.109132).  Saving model ...
2024-08-28 15:31:11,334 - Epoch 11/100, Train Loss(MSE): 0.10133422041932742, Validation Loss(MSE): 0.10058962802092235
2024-08-28 15:31:11,334 - Validation loss decreased (0.109132 --> 0.100590).  Saving model ...
2024-08-28 15:31:11,538 - Epoch 12/100, Train Loss(MSE): 0.09432348906993866, Validation Loss(MSE): 0.09375257417559624
2024-08-28 15:31:11,538 - Validation loss decreased (0.100590 --> 0.093753).  Saving model ...
2024-08-28 15:31:11,779 - Epoch 13/100, Train Loss(MSE): 0.08849635695417722, Validation Loss(MSE): 0.08825189806520939
2024-08-28 15:31:11,779 - Validation loss decreased (0.093753 --> 0.088252).  Saving model ...
2024-08-28 15:31:11,994 - Epoch 14/100, Train Loss(MSE): 0.08374562685688337, Validation Loss(MSE): 0.08335654872159164
2024-08-28 15:31:11,994 - Validation loss decreased (0.088252 --> 0.083357).  Saving model ...
2024-08-28 15:31:12,224 - Epoch 15/100, Train Loss(MSE): 0.07959805387589666, Validation Loss(MSE): 0.07952176531155904
2024-08-28 15:31:12,224 - Validation loss decreased (0.083357 --> 0.079522).  Saving model ...
2024-08-28 15:31:12,437 - Epoch 16/100, Train Loss(MSE): 0.07578476741909981, Validation Loss(MSE): 0.07679848559200764
2024-08-28 15:31:12,437 - Validation loss decreased (0.079522 --> 0.076798).  Saving model ...
2024-08-28 15:31:12,647 - Epoch 17/100, Train Loss(MSE): 0.07263695382409625, Validation Loss(MSE): 0.07350056308011214
2024-08-28 15:31:12,648 - Validation loss decreased (0.076798 --> 0.073501).  Saving model ...
2024-08-28 15:31:12,905 - Epoch 18/100, Train Loss(MSE): 0.06993097017208735, Validation Loss(MSE): 0.0710999487588803
2024-08-28 15:31:12,906 - Validation loss decreased (0.073501 --> 0.071100).  Saving model ...
2024-08-28 15:31:13,150 - Epoch 19/100, Train Loss(MSE): 0.06736800045602852, Validation Loss(MSE): 0.06878956966102123
2024-08-28 15:31:13,150 - Validation loss decreased (0.071100 --> 0.068790).  Saving model ...
2024-08-28 15:31:13,402 - Epoch 20/100, Train Loss(MSE): 0.06519131834308306, Validation Loss(MSE): 0.06681665529807408
2024-08-28 15:31:13,402 - Validation loss decreased (0.068790 --> 0.066817).  Saving model ...
2024-08-28 15:31:13,643 - Epoch 21/100, Train Loss(MSE): 0.06304532243973679, Validation Loss(MSE): 0.06546646232406299
2024-08-28 15:31:13,643 - Validation loss decreased (0.066817 --> 0.065466).  Saving model ...
2024-08-28 15:31:13,885 - Epoch 22/100, Train Loss(MSE): 0.06117820139560434, Validation Loss(MSE): 0.06363563860456149
2024-08-28 15:31:13,885 - Validation loss decreased (0.065466 --> 0.063636).  Saving model ...
2024-08-28 15:31:14,159 - Epoch 23/100, Train Loss(MSE): 0.059449262296160064, Validation Loss(MSE): 0.06257899043460687
2024-08-28 15:31:14,159 - Validation loss decreased (0.063636 --> 0.062579).  Saving model ...
2024-08-28 15:31:14,404 - Epoch 24/100, Train Loss(MSE): 0.05782890655100346, Validation Loss(MSE): 0.061224197347958885
2024-08-28 15:31:14,404 - Validation loss decreased (0.062579 --> 0.061224).  Saving model ...
2024-08-28 15:31:14,652 - Epoch 25/100, Train Loss(MSE): 0.05622345929344495, Validation Loss(MSE): 0.060114108646909394
2024-08-28 15:31:14,652 - Validation loss decreased (0.061224 --> 0.060114).  Saving model ...
2024-08-28 15:31:14,906 - Epoch 26/100, Train Loss(MSE): 0.05503295631044441, Validation Loss(MSE): 0.0596833365658919
2024-08-28 15:31:14,906 - Validation loss decreased (0.060114 --> 0.059683).  Saving model ...
2024-08-28 15:31:15,151 - Epoch 27/100, Train Loss(MSE): 0.05375840274824036, Validation Loss(MSE): 0.0586373737702767
2024-08-28 15:31:15,151 - Validation loss decreased (0.059683 --> 0.058637).  Saving model ...
2024-08-28 15:31:15,406 - Epoch 28/100, Train Loss(MSE): 0.052570098555750316, Validation Loss(MSE): 0.057774015391866364
2024-08-28 15:31:15,407 - Validation loss decreased (0.058637 --> 0.057774).  Saving model ...
2024-08-28 15:31:15,656 - Epoch 29/100, Train Loss(MSE): 0.05133290944827928, Validation Loss(MSE): 0.05737286868194739
2024-08-28 15:31:15,656 - Validation loss decreased (0.057774 --> 0.057373).  Saving model ...
2024-08-28 15:31:15,892 - Epoch 30/100, Train Loss(MSE): 0.050453971843752596, Validation Loss(MSE): 0.05653196945786476
2024-08-28 15:31:15,892 - Validation loss decreased (0.057373 --> 0.056532).  Saving model ...
2024-08-28 15:31:16,141 - Epoch 31/100, Train Loss(MSE): 0.04931345830361048, Validation Loss(MSE): 0.05570146627724171
2024-08-28 15:31:16,141 - Validation loss decreased (0.056532 --> 0.055701).  Saving model ...
2024-08-28 15:31:16,390 - Epoch 32/100, Train Loss(MSE): 0.048630596987075274, Validation Loss(MSE): 0.05460581245521704
2024-08-28 15:31:16,390 - Validation loss decreased (0.055701 --> 0.054606).  Saving model ...
2024-08-28 15:31:16,647 - Epoch 33/100, Train Loss(MSE): 0.04786142636504438, Validation Loss(MSE): 0.05482679232954979
2024-08-28 15:31:16,647 - EarlyStopping counter: 1 out of 5
2024-08-28 15:31:16,901 - Epoch 34/100, Train Loss(MSE): 0.04693933878507879, Validation Loss(MSE): 0.05432846521337827
2024-08-28 15:31:16,901 - Validation loss decreased (0.054606 --> 0.054328).  Saving model ...
2024-08-28 15:31:17,156 - Epoch 35/100, Train Loss(MSE): 0.04600499864253733, Validation Loss(MSE): 0.05432168828944365
2024-08-28 15:31:17,156 - EarlyStopping counter: 1 out of 5
2024-08-28 15:31:17,403 - Epoch 36/100, Train Loss(MSE): 0.04538644341131051, Validation Loss(MSE): 0.05450494773685932
2024-08-28 15:31:17,403 - EarlyStopping counter: 2 out of 5
2024-08-28 15:31:17,653 - Epoch 37/100, Train Loss(MSE): 0.04472687844600942, Validation Loss(MSE): 0.053609276190400124
2024-08-28 15:31:17,653 - Validation loss decreased (0.054328 --> 0.053609).  Saving model ...
2024-08-28 15:31:17,914 - Epoch 38/100, Train Loss(MSE): 0.04409242164757517, Validation Loss(MSE): 0.05319793398181597
2024-08-28 15:31:17,914 - Validation loss decreased (0.053609 --> 0.053198).  Saving model ...
2024-08-28 15:31:18,173 - Epoch 39/100, Train Loss(MSE): 0.04346727306644122, Validation Loss(MSE): 0.05326797254383564
2024-08-28 15:31:18,173 - EarlyStopping counter: 1 out of 5
2024-08-28 15:31:18,419 - Epoch 40/100, Train Loss(MSE): 0.04304430476493305, Validation Loss(MSE): 0.05325060275693735
2024-08-28 15:31:18,419 - EarlyStopping counter: 2 out of 5
2024-08-28 15:31:18,672 - Epoch 41/100, Train Loss(MSE): 0.0423492810378472, Validation Loss(MSE): 0.05307363532483578
2024-08-28 15:31:18,672 - Validation loss decreased (0.053198 --> 0.053074).  Saving model ...
2024-08-28 15:31:18,938 - Epoch 42/100, Train Loss(MSE): 0.04199156773587068, Validation Loss(MSE): 0.05251247684160868
2024-08-28 15:31:18,938 - Validation loss decreased (0.053074 --> 0.052512).  Saving model ...
2024-08-28 15:31:19,200 - Epoch 43/100, Train Loss(MSE): 0.04144088878399796, Validation Loss(MSE): 0.05224104473988215
2024-08-28 15:31:19,200 - Validation loss decreased (0.052512 --> 0.052241).  Saving model ...
2024-08-28 15:31:19,458 - Epoch 44/100, Train Loss(MSE): 0.04096735798650318, Validation Loss(MSE): 0.05230875934163729
2024-08-28 15:31:19,458 - EarlyStopping counter: 1 out of 5
2024-08-28 15:31:19,727 - Epoch 45/100, Train Loss(MSE): 0.04056166944404443, Validation Loss(MSE): 0.0517298448830843
2024-08-28 15:31:19,728 - Validation loss decreased (0.052241 --> 0.051730).  Saving model ...
2024-08-28 15:31:19,987 - Epoch 46/100, Train Loss(MSE): 0.04008538466360834, Validation Loss(MSE): 0.05173648086686929
2024-08-28 15:31:19,987 - EarlyStopping counter: 1 out of 5
2024-08-28 15:31:20,237 - Epoch 47/100, Train Loss(MSE): 0.03971793854402171, Validation Loss(MSE): 0.051611496756474175
2024-08-28 15:31:20,237 - Validation loss decreased (0.051730 --> 0.051611).  Saving model ...
2024-08-28 15:31:20,496 - Epoch 48/100, Train Loss(MSE): 0.039329597312543124, Validation Loss(MSE): 0.05186047901709875
2024-08-28 15:31:20,496 - EarlyStopping counter: 1 out of 5
2024-08-28 15:31:20,751 - Epoch 49/100, Train Loss(MSE): 0.03891361314389441, Validation Loss(MSE): 0.05156728935738405
2024-08-28 15:31:20,751 - Validation loss decreased (0.051611 --> 0.051567).  Saving model ...
2024-08-28 15:31:21,013 - Epoch 50/100, Train Loss(MSE): 0.038700664581524, Validation Loss(MSE): 0.05207759762803713
2024-08-28 15:31:21,013 - EarlyStopping counter: 1 out of 5
2024-08-28 15:31:21,274 - Epoch 51/100, Train Loss(MSE): 0.038274770602583885, Validation Loss(MSE): 0.051289837807416916
2024-08-28 15:31:21,274 - Validation loss decreased (0.051567 --> 0.051290).  Saving model ...
2024-08-28 15:31:21,510 - Epoch 52/100, Train Loss(MSE): 0.03805679939687252, Validation Loss(MSE): 0.051684897392988205
2024-08-28 15:31:21,510 - EarlyStopping counter: 1 out of 5
2024-08-28 15:31:21,872 - Epoch 53/100, Train Loss(MSE): 0.03788459975686338, Validation Loss(MSE): 0.05076941599448522
2024-08-28 15:31:21,872 - Validation loss decreased (0.051290 --> 0.050769).  Saving model ...
2024-08-28 15:31:22,201 - Epoch 54/100, Train Loss(MSE): 0.037374309657348524, Validation Loss(MSE): 0.05180276123185953
2024-08-28 15:31:22,201 - EarlyStopping counter: 1 out of 5
2024-08-28 15:31:22,806 - Epoch 55/100, Train Loss(MSE): 0.037213473435905246, Validation Loss(MSE): 0.05213900717596213
2024-08-28 15:31:22,807 - EarlyStopping counter: 2 out of 5
2024-08-28 15:31:23,078 - Epoch 56/100, Train Loss(MSE): 0.03696178396542867, Validation Loss(MSE): 0.05097311859329542
2024-08-28 15:31:23,078 - EarlyStopping counter: 3 out of 5
2024-08-28 15:31:23,321 - Epoch 57/100, Train Loss(MSE): 0.03673783826331298, Validation Loss(MSE): 0.051896040638287864
2024-08-28 15:31:23,321 - EarlyStopping counter: 4 out of 5
2024-08-28 15:31:23,587 - Epoch 58/100, Train Loss(MSE): 0.03648357532090611, Validation Loss(MSE): 0.05131060257554054
2024-08-28 15:31:23,588 - EarlyStopping counter: 5 out of 5
2024-08-28 15:31:23,588 - Early stopping
2024-08-28 15:31:23,588 - —µ¡∑ 58 ¥Œepoch£¨—µ¡∑ ±≥§: 14.648041725158691 √Î
2024-08-28 15:31:23,599 - Test Loss(MSE): 0.06335327960550785
2024-08-28 15:31:23,606 - Model saved to D:\PythonProject\scorpioMock\MPDLinear\checkpoint\MPDLinear_20240828-153123_bs32_seq30_enc24_pred_len7_individualTrue_checkpoint.pth
2024-08-28 15:31:23,614 - Test Loss (Original Scale) MSE: 7.841735706615528
