2024-08-24 21:28:26,155 - Epoch 1/100, Train Loss(MSE): 0.8706319888432821, Validation Loss(MSE): 0.6632952392101288
2024-08-24 21:28:26,156 - Validation loss decreased for the first time. Saving model ...
2024-08-24 21:28:26,438 - Epoch 2/100, Train Loss(MSE): 0.5989321748415629, Validation Loss(MSE): 0.4763076702753703
2024-08-24 21:28:26,438 - Validation loss decreased (0.663295 --> 0.476308).  Saving model ...
2024-08-24 21:28:26,720 - Epoch 3/100, Train Loss(MSE): 0.42613627910614016, Validation Loss(MSE): 0.35489504039287567
2024-08-24 21:28:26,725 - Validation loss decreased (0.476308 --> 0.354895).  Saving model ...
2024-08-24 21:28:27,037 - Epoch 4/100, Train Loss(MSE): 0.3181404832336638, Validation Loss(MSE): 0.2776709347963333
2024-08-24 21:28:27,037 - Validation loss decreased (0.354895 --> 0.277671).  Saving model ...
2024-08-24 21:28:27,351 - Epoch 5/100, Train Loss(MSE): 0.24820108314355213, Validation Loss(MSE): 0.22709434231122336
2024-08-24 21:28:27,351 - Validation loss decreased (0.277671 --> 0.227094).  Saving model ...
2024-08-24 21:28:27,635 - Epoch 6/100, Train Loss(MSE): 0.20204374078247284, Validation Loss(MSE): 0.1920389880736669
2024-08-24 21:28:27,636 - Validation loss decreased (0.227094 --> 0.192039).  Saving model ...
2024-08-24 21:28:27,929 - Epoch 7/100, Train Loss(MSE): 0.17051434963941575, Validation Loss(MSE): 0.16644690682490668
2024-08-24 21:28:27,930 - Validation loss decreased (0.192039 --> 0.166447).  Saving model ...
2024-08-24 21:28:28,216 - Epoch 8/100, Train Loss(MSE): 0.14840881394015418, Validation Loss(MSE): 0.1467659001549085
2024-08-24 21:28:28,216 - Validation loss decreased (0.166447 --> 0.146766).  Saving model ...
2024-08-24 21:28:28,491 - Epoch 9/100, Train Loss(MSE): 0.13164829479323492, Validation Loss(MSE): 0.13312405720353127
2024-08-24 21:28:28,492 - Validation loss decreased (0.146766 --> 0.133124).  Saving model ...
2024-08-24 21:28:28,792 - Epoch 10/100, Train Loss(MSE): 0.11932085504134496, Validation Loss(MSE): 0.1214545654753844
2024-08-24 21:28:28,792 - Validation loss decreased (0.133124 --> 0.121455).  Saving model ...
2024-08-24 21:28:29,079 - Epoch 11/100, Train Loss(MSE): 0.10985492716232935, Validation Loss(MSE): 0.1125769888361295
2024-08-24 21:28:29,079 - Validation loss decreased (0.121455 --> 0.112577).  Saving model ...
2024-08-24 21:28:29,365 - Epoch 12/100, Train Loss(MSE): 0.10216795826951662, Validation Loss(MSE): 0.10454812521735828
2024-08-24 21:28:29,366 - Validation loss decreased (0.112577 --> 0.104548).  Saving model ...
2024-08-24 21:28:29,638 - Epoch 13/100, Train Loss(MSE): 0.09568135738372803, Validation Loss(MSE): 0.09826772784193356
2024-08-24 21:28:29,638 - Validation loss decreased (0.104548 --> 0.098268).  Saving model ...
2024-08-24 21:28:29,932 - Epoch 14/100, Train Loss(MSE): 0.0904014539387491, Validation Loss(MSE): 0.0930958849688371
2024-08-24 21:28:29,932 - Validation loss decreased (0.098268 --> 0.093096).  Saving model ...
2024-08-24 21:28:30,252 - Epoch 15/100, Train Loss(MSE): 0.08594019719296031, Validation Loss(MSE): 0.08877424336969852
2024-08-24 21:28:30,252 - Validation loss decreased (0.093096 --> 0.088774).  Saving model ...
2024-08-24 21:28:30,535 - Epoch 16/100, Train Loss(MSE): 0.08197709230913056, Validation Loss(MSE): 0.0844135961184899
2024-08-24 21:28:30,535 - Validation loss decreased (0.088774 --> 0.084414).  Saving model ...
2024-08-24 21:28:30,823 - Epoch 17/100, Train Loss(MSE): 0.07856309273176723, Validation Loss(MSE): 0.08154999961455663
2024-08-24 21:28:30,824 - Validation loss decreased (0.084414 --> 0.081550).  Saving model ...
2024-08-24 21:28:31,117 - Epoch 18/100, Train Loss(MSE): 0.075413688355022, Validation Loss(MSE): 0.07882365770637989
2024-08-24 21:28:31,117 - Validation loss decreased (0.081550 --> 0.078824).  Saving model ...
2024-08-24 21:28:31,414 - Epoch 19/100, Train Loss(MSE): 0.07264217933019003, Validation Loss(MSE): 0.07601805093387763
2024-08-24 21:28:31,415 - Validation loss decreased (0.078824 --> 0.076018).  Saving model ...
2024-08-24 21:28:31,722 - Epoch 20/100, Train Loss(MSE): 0.07023074966337946, Validation Loss(MSE): 0.07387475669384003
2024-08-24 21:28:31,723 - Validation loss decreased (0.076018 --> 0.073875).  Saving model ...
2024-08-24 21:28:31,997 - Epoch 21/100, Train Loss(MSE): 0.06785706587963634, Validation Loss(MSE): 0.07202524443467458
2024-08-24 21:28:31,997 - Validation loss decreased (0.073875 --> 0.072025).  Saving model ...
2024-08-24 21:28:32,261 - Epoch 22/100, Train Loss(MSE): 0.0659323315239615, Validation Loss(MSE): 0.07002585815886657
2024-08-24 21:28:32,262 - Validation loss decreased (0.072025 --> 0.070026).  Saving model ...
2024-08-24 21:28:32,565 - Epoch 23/100, Train Loss(MSE): 0.063838264801436, Validation Loss(MSE): 0.06832530535757542
2024-08-24 21:28:32,565 - Validation loss decreased (0.070026 --> 0.068325).  Saving model ...
2024-08-24 21:28:32,848 - Epoch 24/100, Train Loss(MSE): 0.06224598122967614, Validation Loss(MSE): 0.06736651187141736
2024-08-24 21:28:32,848 - EarlyStopping counter: 1 out of 5
2024-08-24 21:28:33,134 - Epoch 25/100, Train Loss(MSE): 0.06048646569252014, Validation Loss(MSE): 0.06553286251922448
2024-08-24 21:28:33,135 - Validation loss decreased (0.068325 --> 0.065533).  Saving model ...
2024-08-24 21:28:33,454 - Epoch 26/100, Train Loss(MSE): 0.05925354436039924, Validation Loss(MSE): 0.06447280819217364
2024-08-24 21:28:33,455 - Validation loss decreased (0.065533 --> 0.064473).  Saving model ...
2024-08-24 21:28:33,764 - Epoch 27/100, Train Loss(MSE): 0.05772221725847986, Validation Loss(MSE): 0.06387513379255931
2024-08-24 21:28:33,764 - EarlyStopping counter: 1 out of 5
2024-08-24 21:28:34,071 - Epoch 28/100, Train Loss(MSE): 0.05639803078439501, Validation Loss(MSE): 0.06314851343631744
2024-08-24 21:28:34,071 - Validation loss decreased (0.064473 --> 0.063149).  Saving model ...
2024-08-24 21:28:34,406 - Epoch 29/100, Train Loss(MSE): 0.05536038039459123, Validation Loss(MSE): 0.06174558214843273
2024-08-24 21:28:34,406 - Validation loss decreased (0.063149 --> 0.061746).  Saving model ...
2024-08-24 21:28:34,711 - Epoch 30/100, Train Loss(MSE): 0.05404311683442858, Validation Loss(MSE): 0.06095066977043947
2024-08-24 21:28:34,711 - EarlyStopping counter: 1 out of 5
2024-08-24 21:28:34,978 - Epoch 31/100, Train Loss(MSE): 0.05308474049799972, Validation Loss(MSE): 0.060915964966019
2024-08-24 21:28:34,978 - EarlyStopping counter: 2 out of 5
2024-08-24 21:28:35,252 - Epoch 32/100, Train Loss(MSE): 0.05195225965645578, Validation Loss(MSE): 0.05987090493241946
2024-08-24 21:28:35,253 - Validation loss decreased (0.061746 --> 0.059871).  Saving model ...
2024-08-24 21:28:35,530 - Epoch 33/100, Train Loss(MSE): 0.05089443793727292, Validation Loss(MSE): 0.05888750962913036
2024-08-24 21:28:35,531 - EarlyStopping counter: 1 out of 5
2024-08-24 21:28:35,827 - Epoch 34/100, Train Loss(MSE): 0.050091835690869224, Validation Loss(MSE): 0.05868742614984512
2024-08-24 21:28:35,827 - Validation loss decreased (0.059871 --> 0.058687).  Saving model ...
2024-08-24 21:28:36,094 - Epoch 35/100, Train Loss(MSE): 0.049438708027203876, Validation Loss(MSE): 0.058515885223944984
2024-08-24 21:28:36,095 - EarlyStopping counter: 1 out of 5
2024-08-24 21:28:36,394 - Epoch 36/100, Train Loss(MSE): 0.04855464601682292, Validation Loss(MSE): 0.05779285542666912
2024-08-24 21:28:36,394 - EarlyStopping counter: 2 out of 5
2024-08-24 21:28:36,691 - Epoch 37/100, Train Loss(MSE): 0.047621430787775254, Validation Loss(MSE): 0.05732035574813684
2024-08-24 21:28:36,691 - Validation loss decreased (0.058687 --> 0.057320).  Saving model ...
2024-08-24 21:28:37,001 - Epoch 38/100, Train Loss(MSE): 0.04700815342366695, Validation Loss(MSE): 0.056962805489699044
2024-08-24 21:28:37,001 - EarlyStopping counter: 1 out of 5
2024-08-24 21:28:37,282 - Epoch 39/100, Train Loss(MSE): 0.04623650328980552, Validation Loss(MSE): 0.056002393985788025
2024-08-24 21:28:37,282 - Validation loss decreased (0.057320 --> 0.056002).  Saving model ...
2024-08-24 21:28:37,571 - Epoch 40/100, Train Loss(MSE): 0.04581024241116312, Validation Loss(MSE): 0.05579919678469499
2024-08-24 21:28:37,571 - EarlyStopping counter: 1 out of 5
2024-08-24 21:28:37,859 - Epoch 41/100, Train Loss(MSE): 0.0449145490096675, Validation Loss(MSE): 0.05612838827073574
2024-08-24 21:28:37,860 - EarlyStopping counter: 2 out of 5
2024-08-24 21:28:38,141 - Epoch 42/100, Train Loss(MSE): 0.044344326770967904, Validation Loss(MSE): 0.05590998940169811
2024-08-24 21:28:38,141 - EarlyStopping counter: 3 out of 5
2024-08-24 21:28:38,452 - Epoch 43/100, Train Loss(MSE): 0.0439499720517132, Validation Loss(MSE): 0.05625585342446963
2024-08-24 21:28:38,452 - EarlyStopping counter: 4 out of 5
2024-08-24 21:28:38,755 - Epoch 44/100, Train Loss(MSE): 0.0433148796359698, Validation Loss(MSE): 0.05463844289382299
2024-08-24 21:28:38,755 - Validation loss decreased (0.056002 --> 0.054638).  Saving model ...
2024-08-24 21:28:39,035 - Epoch 45/100, Train Loss(MSE): 0.04279044721689489, Validation Loss(MSE): 0.05476873802642027
2024-08-24 21:28:39,035 - EarlyStopping counter: 1 out of 5
2024-08-24 21:28:39,316 - Epoch 46/100, Train Loss(MSE): 0.04239087750514348, Validation Loss(MSE): 0.05533586318294207
2024-08-24 21:28:39,316 - EarlyStopping counter: 2 out of 5
2024-08-24 21:28:39,600 - Epoch 47/100, Train Loss(MSE): 0.04183031382660071, Validation Loss(MSE): 0.054574765264987946
2024-08-24 21:28:39,600 - EarlyStopping counter: 3 out of 5
2024-08-24 21:28:39,881 - Epoch 48/100, Train Loss(MSE): 0.041444159837232694, Validation Loss(MSE): 0.05402000000079473
2024-08-24 21:28:39,881 - EarlyStopping counter: 4 out of 5
2024-08-24 21:28:40,160 - Epoch 49/100, Train Loss(MSE): 0.04104767230649789, Validation Loss(MSE): 0.053960161904493965
2024-08-24 21:28:40,160 - EarlyStopping counter: 5 out of 5
2024-08-24 21:28:40,160 - Early stopping
