2024-08-26 22:40:14,790 - Epoch 1/100, Train Loss(MSE): 0.371566030914071, Validation Loss(MSE): 0.09477547894824635
2024-08-26 22:40:14,790 - Validation loss decreased for the first time. Saving model ...
2024-08-26 22:40:15,137 - Epoch 2/100, Train Loss(MSE): 0.08150522821936114, Validation Loss(MSE): 0.06998465277931908
2024-08-26 22:40:15,142 - Validation loss decreased (0.094775 --> 0.069985).  Saving model ...
2024-08-26 22:40:15,500 - Epoch 3/100, Train Loss(MSE): 0.060750983387831296, Validation Loss(MSE): 0.060541525821794166
2024-08-26 22:40:15,500 - Validation loss decreased (0.069985 --> 0.060542).  Saving model ...
2024-08-26 22:40:15,845 - Epoch 4/100, Train Loss(MSE): 0.04931996465157503, Validation Loss(MSE): 0.0573268939148296
2024-08-26 22:40:15,846 - Validation loss decreased (0.060542 --> 0.057327).  Saving model ...
2024-08-26 22:40:16,202 - Epoch 5/100, Train Loss(MSE): 0.04221573436696981, Validation Loss(MSE): 0.05373886684802445
2024-08-26 22:40:16,202 - Validation loss decreased (0.057327 --> 0.053739).  Saving model ...
2024-08-26 22:40:16,569 - Epoch 6/100, Train Loss(MSE): 0.03674853981697354, Validation Loss(MSE): 0.05179719694636085
2024-08-26 22:40:16,569 - Validation loss decreased (0.053739 --> 0.051797).  Saving model ...
2024-08-26 22:40:16,953 - Epoch 7/100, Train Loss(MSE): 0.03287040029556073, Validation Loss(MSE): 0.050661456855860626
2024-08-26 22:40:16,954 - Validation loss decreased (0.051797 --> 0.050661).  Saving model ...
2024-08-26 22:40:17,298 - Epoch 8/100, Train Loss(MSE): 0.029438510965341808, Validation Loss(MSE): 0.04928413439880718
2024-08-26 22:40:17,298 - Validation loss decreased (0.050661 --> 0.049284).  Saving model ...
2024-08-26 22:40:17,674 - Epoch 9/100, Train Loss(MSE): 0.026999927414902324, Validation Loss(MSE): 0.049017599360509354
2024-08-26 22:40:17,674 - Validation loss decreased (0.049284 --> 0.049018).  Saving model ...
2024-08-26 22:40:18,035 - Epoch 10/100, Train Loss(MSE): 0.02474443992899581, Validation Loss(MSE): 0.04828637330369516
2024-08-26 22:40:18,036 - Validation loss decreased (0.049018 --> 0.048286).  Saving model ...
2024-08-26 22:40:18,403 - Epoch 11/100, Train Loss(MSE): 0.023035171827108694, Validation Loss(MSE): 0.04758568887006153
2024-08-26 22:40:18,403 - Validation loss decreased (0.048286 --> 0.047586).  Saving model ...
2024-08-26 22:40:18,782 - Epoch 12/100, Train Loss(MSE): 0.021523877689293747, Validation Loss(MSE): 0.047812760892239486
2024-08-26 22:40:18,782 - EarlyStopping counter: 1 out of 5
2024-08-26 22:40:19,134 - Epoch 13/100, Train Loss(MSE): 0.02008369901677829, Validation Loss(MSE): 0.047282272441820664
2024-08-26 22:40:19,134 - Validation loss decreased (0.047586 --> 0.047282).  Saving model ...
2024-08-26 22:40:19,481 - Epoch 14/100, Train Loss(MSE): 0.019010278647872567, Validation Loss(MSE): 0.04824941435998136
2024-08-26 22:40:19,481 - EarlyStopping counter: 1 out of 5
2024-08-26 22:40:19,824 - Epoch 15/100, Train Loss(MSE): 0.01812618358553141, Validation Loss(MSE): 0.047052124345844444
2024-08-26 22:40:19,824 - Validation loss decreased (0.047282 --> 0.047052).  Saving model ...
2024-08-26 22:40:20,201 - Epoch 16/100, Train Loss(MSE): 0.01719666756261354, Validation Loss(MSE): 0.04789342274042693
2024-08-26 22:40:20,201 - EarlyStopping counter: 1 out of 5
2024-08-26 22:40:20,558 - Epoch 17/100, Train Loss(MSE): 0.016224898290873944, Validation Loss(MSE): 0.04782714356075634
2024-08-26 22:40:20,558 - EarlyStopping counter: 2 out of 5
2024-08-26 22:40:20,911 - Epoch 18/100, Train Loss(MSE): 0.015371773937909767, Validation Loss(MSE): 0.04687360216948119
2024-08-26 22:40:20,912 - Validation loss decreased (0.047052 --> 0.046874).  Saving model ...
2024-08-26 22:40:21,247 - Epoch 19/100, Train Loss(MSE): 0.014786967159323823, Validation Loss(MSE): 0.047774820334532044
2024-08-26 22:40:21,247 - EarlyStopping counter: 1 out of 5
2024-08-26 22:40:21,614 - Epoch 20/100, Train Loss(MSE): 0.014112115377324751, Validation Loss(MSE): 0.04831493815237826
2024-08-26 22:40:21,614 - EarlyStopping counter: 2 out of 5
2024-08-26 22:40:22,006 - Epoch 21/100, Train Loss(MSE): 0.013630598700530398, Validation Loss(MSE): 0.04818432100794532
2024-08-26 22:40:22,006 - EarlyStopping counter: 3 out of 5
2024-08-26 22:40:22,377 - Epoch 22/100, Train Loss(MSE): 0.013077624886157527, Validation Loss(MSE): 0.048308121379126205
2024-08-26 22:40:22,377 - EarlyStopping counter: 4 out of 5
2024-08-26 22:40:22,739 - Epoch 23/100, Train Loss(MSE): 0.012580372211148685, Validation Loss(MSE): 0.049157105047594414
2024-08-26 22:40:22,739 - EarlyStopping counter: 5 out of 5
2024-08-26 22:40:22,739 - Early stopping
2024-08-26 22:40:22,739 - —µ¡∑ 23 ¥Œepoch£¨—µ¡∑ ±≥§: 8.332498550415039 √Î
2024-08-26 22:40:22,752 - Test Loss(MSE): 0.047886443409052765
2024-08-26 22:40:22,758 - Model saved to D:\PythonProject\scorpioMock\MPDLinear\checkpoint\MPDLinear_20240826-224022_bs16_seq90_enc24_pred_len1_individualTrue_checkpoint.pth
2024-08-26 22:40:22,771 - Test Loss (Original Scale) MSE: 5.919056175177355
