2024-08-26 22:27:39,183 - Epoch 1/100, Train Loss(MSE): 0.6575986257857747, Validation Loss(MSE): 0.4015945978462696
2024-08-26 22:27:39,183 - Validation loss decreased for the first time. Saving model ...
2024-08-26 22:27:39,544 - Epoch 2/100, Train Loss(MSE): 0.32726753999789554, Validation Loss(MSE): 0.23696342607339224
2024-08-26 22:27:39,548 - Validation loss decreased (0.401595 --> 0.236963).  Saving model ...
2024-08-26 22:27:39,924 - Epoch 3/100, Train Loss(MSE): 0.197011655734645, Validation Loss(MSE): 0.16685418660442033
2024-08-26 22:27:39,924 - Validation loss decreased (0.236963 --> 0.166854).  Saving model ...
2024-08-26 22:27:40,283 - Epoch 4/100, Train Loss(MSE): 0.1413841414782736, Validation Loss(MSE): 0.13104834345479807
2024-08-26 22:27:40,283 - Validation loss decreased (0.166854 --> 0.131048).  Saving model ...
2024-08-26 22:27:40,630 - Epoch 5/100, Train Loss(MSE): 0.11353954736971193, Validation Loss(MSE): 0.10749451474597056
2024-08-26 22:27:40,630 - Validation loss decreased (0.131048 --> 0.107495).  Saving model ...
2024-08-26 22:27:40,983 - Epoch 6/100, Train Loss(MSE): 0.09732417269713349, Validation Loss(MSE): 0.09283646879096825
2024-08-26 22:27:40,983 - Validation loss decreased (0.107495 --> 0.092836).  Saving model ...
2024-08-26 22:27:41,361 - Epoch 7/100, Train Loss(MSE): 0.08664593280603489, Validation Loss(MSE): 0.08353239359954993
2024-08-26 22:27:41,361 - Validation loss decreased (0.092836 --> 0.083532).  Saving model ...
2024-08-26 22:27:41,739 - Epoch 8/100, Train Loss(MSE): 0.07905995013813177, Validation Loss(MSE): 0.07475126783053081
2024-08-26 22:27:41,740 - Validation loss decreased (0.083532 --> 0.074751).  Saving model ...
2024-08-26 22:27:42,124 - Epoch 9/100, Train Loss(MSE): 0.07317318982548184, Validation Loss(MSE): 0.0698203882202506
2024-08-26 22:27:42,124 - Validation loss decreased (0.074751 --> 0.069820).  Saving model ...
2024-08-26 22:27:42,470 - Epoch 10/100, Train Loss(MSE): 0.06839010156691075, Validation Loss(MSE): 0.06539625177780788
2024-08-26 22:27:42,470 - Validation loss decreased (0.069820 --> 0.065396).  Saving model ...
2024-08-26 22:27:42,833 - Epoch 11/100, Train Loss(MSE): 0.06449307180527183, Validation Loss(MSE): 0.06197902373969555
2024-08-26 22:27:42,833 - Validation loss decreased (0.065396 --> 0.061979).  Saving model ...
2024-08-26 22:27:43,217 - Epoch 12/100, Train Loss(MSE): 0.06134466301235888, Validation Loss(MSE): 0.05959786598881086
2024-08-26 22:27:43,217 - Validation loss decreased (0.061979 --> 0.059598).  Saving model ...
2024-08-26 22:27:43,594 - Epoch 13/100, Train Loss(MSE): 0.05840712845739391, Validation Loss(MSE): 0.05760909337550402
2024-08-26 22:27:43,594 - Validation loss decreased (0.059598 --> 0.057609).  Saving model ...
2024-08-26 22:27:43,961 - Epoch 14/100, Train Loss(MSE): 0.05577622834179136, Validation Loss(MSE): 0.05640952164928118
2024-08-26 22:27:43,961 - Validation loss decreased (0.057609 --> 0.056410).  Saving model ...
2024-08-26 22:27:44,324 - Epoch 15/100, Train Loss(MSE): 0.05380297334243854, Validation Loss(MSE): 0.054966335805753865
2024-08-26 22:27:44,324 - Validation loss decreased (0.056410 --> 0.054966).  Saving model ...
2024-08-26 22:27:44,688 - Epoch 16/100, Train Loss(MSE): 0.05198333693875207, Validation Loss(MSE): 0.05362116483350595
2024-08-26 22:27:44,689 - Validation loss decreased (0.054966 --> 0.053621).  Saving model ...
2024-08-26 22:27:45,065 - Epoch 17/100, Train Loss(MSE): 0.05001468937844038, Validation Loss(MSE): 0.05274622452755769
2024-08-26 22:27:45,065 - Validation loss decreased (0.053621 --> 0.052746).  Saving model ...
2024-08-26 22:27:45,417 - Epoch 18/100, Train Loss(MSE): 0.04844637018524938, Validation Loss(MSE): 0.052308883828421436
2024-08-26 22:27:45,417 - Validation loss decreased (0.052746 --> 0.052309).  Saving model ...
2024-08-26 22:27:45,789 - Epoch 19/100, Train Loss(MSE): 0.0472153519694176, Validation Loss(MSE): 0.051344700157642365
2024-08-26 22:27:45,789 - Validation loss decreased (0.052309 --> 0.051345).  Saving model ...
2024-08-26 22:27:46,142 - Epoch 20/100, Train Loss(MSE): 0.0461233107580079, Validation Loss(MSE): 0.050616972148418427
2024-08-26 22:27:46,143 - Validation loss decreased (0.051345 --> 0.050617).  Saving model ...
2024-08-26 22:27:46,497 - Epoch 21/100, Train Loss(MSE): 0.04479625683484806, Validation Loss(MSE): 0.05044345837086439
2024-08-26 22:27:46,497 - Validation loss decreased (0.050617 --> 0.050443).  Saving model ...
2024-08-26 22:27:46,871 - Epoch 22/100, Train Loss(MSE): 0.04395211334857676, Validation Loss(MSE): 0.04993358828748266
2024-08-26 22:27:46,871 - Validation loss decreased (0.050443 --> 0.049934).  Saving model ...
2024-08-26 22:27:47,236 - Epoch 23/100, Train Loss(MSE): 0.043051179643306466, Validation Loss(MSE): 0.05002975386256973
2024-08-26 22:27:47,236 - EarlyStopping counter: 1 out of 5
2024-08-26 22:27:47,618 - Epoch 24/100, Train Loss(MSE): 0.041996071932630406, Validation Loss(MSE): 0.04946903775756558
2024-08-26 22:27:47,618 - Validation loss decreased (0.049934 --> 0.049469).  Saving model ...
2024-08-26 22:27:47,977 - Epoch 25/100, Train Loss(MSE): 0.04126674114829964, Validation Loss(MSE): 0.0491924014252921
2024-08-26 22:27:47,977 - Validation loss decreased (0.049469 --> 0.049192).  Saving model ...
2024-08-26 22:27:48,354 - Epoch 26/100, Train Loss(MSE): 0.04059283409474625, Validation Loss(MSE): 0.04957996138061086
2024-08-26 22:27:48,354 - EarlyStopping counter: 1 out of 5
2024-08-26 22:27:48,709 - Epoch 27/100, Train Loss(MSE): 0.04004694610420201, Validation Loss(MSE): 0.049120185586313404
2024-08-26 22:27:48,709 - Validation loss decreased (0.049192 --> 0.049120).  Saving model ...
2024-08-26 22:27:49,077 - Epoch 28/100, Train Loss(MSE): 0.03961252682945794, Validation Loss(MSE): 0.04934822069481015
2024-08-26 22:27:49,077 - EarlyStopping counter: 1 out of 5
2024-08-26 22:27:49,444 - Epoch 29/100, Train Loss(MSE): 0.03888577524986532, Validation Loss(MSE): 0.04920300546412667
2024-08-26 22:27:49,444 - EarlyStopping counter: 2 out of 5
2024-08-26 22:27:49,847 - Epoch 30/100, Train Loss(MSE): 0.03835733577402101, Validation Loss(MSE): 0.04915422402943174
2024-08-26 22:27:49,847 - EarlyStopping counter: 3 out of 5
2024-08-26 22:27:50,231 - Epoch 31/100, Train Loss(MSE): 0.038067999047537646, Validation Loss(MSE): 0.049738544349869095
2024-08-26 22:27:50,231 - EarlyStopping counter: 4 out of 5
2024-08-26 22:27:50,607 - Epoch 32/100, Train Loss(MSE): 0.037748819320566125, Validation Loss(MSE): 0.04949037233988444
2024-08-26 22:27:50,608 - EarlyStopping counter: 5 out of 5
2024-08-26 22:27:50,608 - Early stopping
2024-08-26 22:27:50,608 - —µ¡∑ 32 ¥Œepoch£¨—µ¡∑ ±≥§: 11.834280967712402 √Î
2024-08-26 22:27:50,620 - Test Loss(MSE): 0.057229626923799515
2024-08-26 22:27:50,627 - Model saved to D:\PythonProject\scorpioMock\MPDLinear\checkpoint\MPDLinear_20240826-222750_bs16_seq30_enc24_pred_len1_individualTrue_checkpoint.pth
2024-08-26 22:27:50,637 - Test Loss (Original Scale) MSE: 7.4276140714876195
