2024-09-05 19:28:12,771 - Epoch 1/100, Train Loss(MSE): 1.0757754445075989, Validation Loss(MSE): 1.1068045298258464
2024-09-05 19:28:12,771 - Validation loss decreased for the first time. Saving model ...
2024-09-05 19:28:13,037 - Epoch 2/100, Train Loss(MSE): 1.014025932864139, Validation Loss(MSE): 1.0505133072535198
2024-09-05 19:28:13,037 - Validation loss decreased (1.106805 --> 1.050513).  Saving model ...
2024-09-05 19:28:13,294 - Epoch 3/100, Train Loss(MSE): 0.9353828461546647, Validation Loss(MSE): 0.9776371518770853
2024-09-05 19:28:13,294 - Validation loss decreased (1.050513 --> 0.977637).  Saving model ...
2024-09-05 19:28:13,579 - Epoch 4/100, Train Loss(MSE): 0.8585072473475808, Validation Loss(MSE): 0.8862150112787882
2024-09-05 19:28:13,579 - Validation loss decreased (0.977637 --> 0.886215).  Saving model ...
2024-09-05 19:28:13,857 - Epoch 5/100, Train Loss(MSE): 0.7597629804360239, Validation Loss(MSE): 0.7688868641853333
2024-09-05 19:28:13,857 - Validation loss decreased (0.886215 --> 0.768887).  Saving model ...
2024-09-05 19:28:14,142 - Epoch 6/100, Train Loss(MSE): 0.6261281794623325, Validation Loss(MSE): 0.6056154370307922
2024-09-05 19:28:14,142 - Validation loss decreased (0.768887 --> 0.605615).  Saving model ...
2024-09-05 19:28:14,424 - Epoch 7/100, Train Loss(MSE): 0.4500160436881216, Validation Loss(MSE): 0.38182778159777325
2024-09-05 19:28:14,424 - Validation loss decreased (0.605615 --> 0.381828).  Saving model ...
2024-09-05 19:28:14,708 - Epoch 8/100, Train Loss(MSE): 0.24051961930174576, Validation Loss(MSE): 0.18160347640514374
2024-09-05 19:28:14,709 - Validation loss decreased (0.381828 --> 0.181603).  Saving model ...
2024-09-05 19:28:14,994 - Epoch 9/100, Train Loss(MSE): 0.11854091325872823, Validation Loss(MSE): 0.11724346627791722
2024-09-05 19:28:14,994 - Validation loss decreased (0.181603 --> 0.117243).  Saving model ...
2024-09-05 19:28:15,258 - Epoch 10/100, Train Loss(MSE): 0.08633915413367121, Validation Loss(MSE): 0.09927732000748317
2024-09-05 19:28:15,258 - Validation loss decreased (0.117243 --> 0.099277).  Saving model ...
2024-09-05 19:28:15,543 - Epoch 11/100, Train Loss(MSE): 0.06850974849964443, Validation Loss(MSE): 0.08957761029402415
2024-09-05 19:28:15,544 - Validation loss decreased (0.099277 --> 0.089578).  Saving model ...
2024-09-05 19:28:15,816 - Epoch 12/100, Train Loss(MSE): 0.05857449946434874, Validation Loss(MSE): 0.08049738655487697
2024-09-05 19:28:15,816 - Validation loss decreased (0.089578 --> 0.080497).  Saving model ...
2024-09-05 19:28:16,097 - Epoch 13/100, Train Loss(MSE): 0.05157865417238913, Validation Loss(MSE): 0.0743790144721667
2024-09-05 19:28:16,097 - Validation loss decreased (0.080497 --> 0.074379).  Saving model ...
2024-09-05 19:28:16,375 - Epoch 14/100, Train Loss(MSE): 0.04871407072795065, Validation Loss(MSE): 0.07056470463673274
2024-09-05 19:28:16,375 - Validation loss decreased (0.074379 --> 0.070565).  Saving model ...
2024-09-05 19:28:16,661 - Epoch 15/100, Train Loss(MSE): 0.047834610174361025, Validation Loss(MSE): 0.06710413098335266
2024-09-05 19:28:16,661 - Validation loss decreased (0.070565 --> 0.067104).  Saving model ...
2024-09-05 19:28:16,942 - Epoch 16/100, Train Loss(MSE): 0.04550365799743878, Validation Loss(MSE): 0.06397237007816632
2024-09-05 19:28:16,942 - Validation loss decreased (0.067104 --> 0.063972).  Saving model ...
2024-09-05 19:28:17,215 - Epoch 17/100, Train Loss(MSE): 0.042527357508477415, Validation Loss(MSE): 0.06279649337132771
2024-09-05 19:28:17,215 - Validation loss decreased (0.063972 --> 0.062796).  Saving model ...
2024-09-05 19:28:17,493 - Epoch 18/100, Train Loss(MSE): 0.044319860245052134, Validation Loss(MSE): 0.062411858389774956
2024-09-05 19:28:17,493 - Validation loss decreased (0.062796 --> 0.062412).  Saving model ...
2024-09-05 19:28:17,805 - Epoch 19/100, Train Loss(MSE): 0.04049128156743551, Validation Loss(MSE): 0.060686852782964706
2024-09-05 19:28:17,805 - Validation loss decreased (0.062412 --> 0.060687).  Saving model ...
2024-09-05 19:28:18,096 - Epoch 20/100, Train Loss(MSE): 0.03920011653711921, Validation Loss(MSE): 0.060182515531778336
2024-09-05 19:28:18,096 - Validation loss decreased (0.060687 --> 0.060183).  Saving model ...
2024-09-05 19:28:18,366 - Epoch 21/100, Train Loss(MSE): 0.03875971830597049, Validation Loss(MSE): 0.05957210436463356
2024-09-05 19:28:18,367 - Validation loss decreased (0.060183 --> 0.059572).  Saving model ...
2024-09-05 19:28:18,645 - Epoch 22/100, Train Loss(MSE): 0.038564559268324, Validation Loss(MSE): 0.05839281529188156
2024-09-05 19:28:18,646 - Validation loss decreased (0.059572 --> 0.058393).  Saving model ...
2024-09-05 19:28:18,926 - Epoch 23/100, Train Loss(MSE): 0.03625438960367128, Validation Loss(MSE): 0.057988543063402176
2024-09-05 19:28:18,926 - Validation loss decreased (0.058393 --> 0.057989).  Saving model ...
2024-09-05 19:28:19,232 - Epoch 24/100, Train Loss(MSE): 0.037565524836904125, Validation Loss(MSE): 0.05774552375078201
2024-09-05 19:28:19,232 - Validation loss decreased (0.057989 --> 0.057746).  Saving model ...
2024-09-05 19:28:19,510 - Epoch 25/100, Train Loss(MSE): 0.03473872122795958, Validation Loss(MSE): 0.056554791827996574
2024-09-05 19:28:19,510 - Validation loss decreased (0.057746 --> 0.056555).  Saving model ...
2024-09-05 19:28:19,799 - Epoch 26/100, Train Loss(MSE): 0.03415478599306784, Validation Loss(MSE): 0.05611656978726387
2024-09-05 19:28:19,801 - Validation loss decreased (0.056555 --> 0.056117).  Saving model ...
2024-09-05 19:28:20,085 - Epoch 27/100, Train Loss(MSE): 0.03535372332522744, Validation Loss(MSE): 0.05514457821846008
2024-09-05 19:28:20,085 - Validation loss decreased (0.056117 --> 0.055145).  Saving model ...
2024-09-05 19:28:20,358 - Epoch 28/100, Train Loss(MSE): 0.03245658662758375, Validation Loss(MSE): 0.05520726119478544
2024-09-05 19:28:20,358 - EarlyStopping counter: 1 out of 10
2024-09-05 19:28:20,634 - Epoch 29/100, Train Loss(MSE): 0.03240191152221278, Validation Loss(MSE): 0.05513576542337736
2024-09-05 19:28:20,634 - EarlyStopping counter: 2 out of 10
2024-09-05 19:28:20,909 - Epoch 30/100, Train Loss(MSE): 0.03102695608609601, Validation Loss(MSE): 0.05442972853779793
2024-09-05 19:28:20,909 - Validation loss decreased (0.055145 --> 0.054430).  Saving model ...
2024-09-05 19:28:21,188 - Epoch 31/100, Train Loss(MSE): 0.03100425857854517, Validation Loss(MSE): 0.05378459021449089
2024-09-05 19:28:21,188 - Validation loss decreased (0.054430 --> 0.053785).  Saving model ...
2024-09-05 19:28:21,456 - Epoch 32/100, Train Loss(MSE): 0.030029455003769773, Validation Loss(MSE): 0.05324177195628484
2024-09-05 19:28:21,456 - Validation loss decreased (0.053785 --> 0.053242).  Saving model ...
2024-09-05 19:28:21,755 - Epoch 33/100, Train Loss(MSE): 0.028748508199657265, Validation Loss(MSE): 0.05269189178943634
2024-09-05 19:28:21,755 - Validation loss decreased (0.053242 --> 0.052692).  Saving model ...
2024-09-05 19:28:22,034 - Epoch 34/100, Train Loss(MSE): 0.028475247911716763, Validation Loss(MSE): 0.05235244333744049
2024-09-05 19:28:22,035 - Validation loss decreased (0.052692 --> 0.052352).  Saving model ...
2024-09-05 19:28:22,314 - Epoch 35/100, Train Loss(MSE): 0.028558769018242235, Validation Loss(MSE): 0.05181888366738955
2024-09-05 19:28:22,314 - Validation loss decreased (0.052352 --> 0.051819).  Saving model ...
2024-09-05 19:28:22,591 - Epoch 36/100, Train Loss(MSE): 0.027461438586837368, Validation Loss(MSE): 0.05165711541970571
2024-09-05 19:28:22,591 - Validation loss decreased (0.051819 --> 0.051657).  Saving model ...
2024-09-05 19:28:22,876 - Epoch 37/100, Train Loss(MSE): 0.02736151600746732, Validation Loss(MSE): 0.05121517057220141
2024-09-05 19:28:22,876 - Validation loss decreased (0.051657 --> 0.051215).  Saving model ...
2024-09-05 19:28:23,165 - Epoch 38/100, Train Loss(MSE): 0.026363849247756758, Validation Loss(MSE): 0.050468129416306816
2024-09-05 19:28:23,166 - Validation loss decreased (0.051215 --> 0.050468).  Saving model ...
2024-09-05 19:28:23,435 - Epoch 39/100, Train Loss(MSE): 0.025419469824747035, Validation Loss(MSE): 0.050099410116672516
2024-09-05 19:28:23,435 - Validation loss decreased (0.050468 --> 0.050099).  Saving model ...
2024-09-05 19:28:23,714 - Epoch 40/100, Train Loss(MSE): 0.02533727423533013, Validation Loss(MSE): 0.04931142802039782
2024-09-05 19:28:23,715 - Validation loss decreased (0.050099 --> 0.049311).  Saving model ...
2024-09-05 19:28:23,990 - Epoch 41/100, Train Loss(MSE): 0.02505912376861823, Validation Loss(MSE): 0.04934196174144745
2024-09-05 19:28:23,990 - EarlyStopping counter: 1 out of 10
2024-09-05 19:28:24,270 - Epoch 42/100, Train Loss(MSE): 0.02486980098642801, Validation Loss(MSE): 0.049120633552471794
2024-09-05 19:28:24,270 - Validation loss decreased (0.049311 --> 0.049121).  Saving model ...
2024-09-05 19:28:24,548 - Epoch 43/100, Train Loss(MSE): 0.02338974172935674, Validation Loss(MSE): 0.04823928698897362
2024-09-05 19:28:24,548 - Validation loss decreased (0.049121 --> 0.048239).  Saving model ...
2024-09-05 19:28:24,828 - Epoch 44/100, Train Loss(MSE): 0.023316548941166776, Validation Loss(MSE): 0.048365332186222076
2024-09-05 19:28:24,828 - EarlyStopping counter: 1 out of 10
2024-09-05 19:28:25,108 - Epoch 45/100, Train Loss(MSE): 0.022939003611865797, Validation Loss(MSE): 0.04838233689467112
2024-09-05 19:28:25,109 - EarlyStopping counter: 2 out of 10
2024-09-05 19:28:25,381 - Epoch 46/100, Train Loss(MSE): 0.022197218611836433, Validation Loss(MSE): 0.047427826871474586
2024-09-05 19:28:25,381 - Validation loss decreased (0.048239 --> 0.047428).  Saving model ...
2024-09-05 19:28:25,659 - Epoch 47/100, Train Loss(MSE): 0.02227238894097115, Validation Loss(MSE): 0.047587680319945015
2024-09-05 19:28:25,659 - EarlyStopping counter: 1 out of 10
2024-09-05 19:28:25,935 - Epoch 48/100, Train Loss(MSE): 0.020779394103508247, Validation Loss(MSE): 0.046879760921001434
2024-09-05 19:28:25,935 - Validation loss decreased (0.047428 --> 0.046880).  Saving model ...
2024-09-05 19:28:26,215 - Epoch 49/100, Train Loss(MSE): 0.020678919887072163, Validation Loss(MSE): 0.046570939322312675
2024-09-05 19:28:26,215 - Validation loss decreased (0.046880 --> 0.046571).  Saving model ...
2024-09-05 19:28:26,488 - Epoch 50/100, Train Loss(MSE): 0.019709478426528603, Validation Loss(MSE): 0.04672968511780103
2024-09-05 19:28:26,488 - EarlyStopping counter: 1 out of 10
2024-09-05 19:28:26,763 - Epoch 51/100, Train Loss(MSE): 0.019504699365873086, Validation Loss(MSE): 0.04609449456135432
2024-09-05 19:28:26,763 - Validation loss decreased (0.046571 --> 0.046094).  Saving model ...
2024-09-05 19:28:27,038 - Epoch 52/100, Train Loss(MSE): 0.018852197467104384, Validation Loss(MSE): 0.04565038656195005
2024-09-05 19:28:27,038 - Validation loss decreased (0.046094 --> 0.045650).  Saving model ...
2024-09-05 19:28:27,332 - Epoch 53/100, Train Loss(MSE): 0.018204353406633202, Validation Loss(MSE): 0.045494704196850456
2024-09-05 19:28:27,332 - Validation loss decreased (0.045650 --> 0.045495).  Saving model ...
2024-09-05 19:28:27,609 - Epoch 54/100, Train Loss(MSE): 0.01780111597556817, Validation Loss(MSE): 0.04503283898035685
2024-09-05 19:28:27,609 - Validation loss decreased (0.045495 --> 0.045033).  Saving model ...
2024-09-05 19:28:27,892 - Epoch 55/100, Train Loss(MSE): 0.017895657569169998, Validation Loss(MSE): 0.044721756130456924
2024-09-05 19:28:27,892 - Validation loss decreased (0.045033 --> 0.044722).  Saving model ...
2024-09-05 19:28:28,175 - Epoch 56/100, Train Loss(MSE): 0.016891189605781908, Validation Loss(MSE): 0.045045134921868644
2024-09-05 19:28:28,176 - EarlyStopping counter: 1 out of 10
2024-09-05 19:28:28,453 - Epoch 57/100, Train Loss(MSE): 0.01691145748880349, Validation Loss(MSE): 0.04441505173842112
2024-09-05 19:28:28,453 - Validation loss decreased (0.044722 --> 0.044415).  Saving model ...
2024-09-05 19:28:28,732 - Epoch 58/100, Train Loss(MSE): 0.016110057158297615, Validation Loss(MSE): 0.04436556498209635
2024-09-05 19:28:28,732 - Validation loss decreased (0.044415 --> 0.044366).  Saving model ...
2024-09-05 19:28:29,013 - Epoch 59/100, Train Loss(MSE): 0.015532030871039942, Validation Loss(MSE): 0.04393935824433962
2024-09-05 19:28:29,013 - Validation loss decreased (0.044366 --> 0.043939).  Saving model ...
2024-09-05 19:28:29,297 - Epoch 60/100, Train Loss(MSE): 0.015252149075661836, Validation Loss(MSE): 0.04410460963845253
2024-09-05 19:28:29,297 - EarlyStopping counter: 1 out of 10
2024-09-05 19:28:29,564 - Epoch 61/100, Train Loss(MSE): 0.014992186211441693, Validation Loss(MSE): 0.04322910060485204
2024-09-05 19:28:29,564 - Validation loss decreased (0.043939 --> 0.043229).  Saving model ...
2024-09-05 19:28:29,847 - Epoch 62/100, Train Loss(MSE): 0.014522521658555457, Validation Loss(MSE): 0.04369917387763659
2024-09-05 19:28:29,848 - EarlyStopping counter: 1 out of 10
2024-09-05 19:28:30,148 - Epoch 63/100, Train Loss(MSE): 0.014051964016337144, Validation Loss(MSE): 0.042995043098926544
2024-09-05 19:28:30,149 - Validation loss decreased (0.043229 --> 0.042995).  Saving model ...
2024-09-05 19:28:30,424 - Epoch 64/100, Train Loss(MSE): 0.013119834230134362, Validation Loss(MSE): 0.04297721137603124
2024-09-05 19:28:30,425 - Validation loss decreased (0.042995 --> 0.042977).  Saving model ...
2024-09-05 19:28:30,700 - Epoch 65/100, Train Loss(MSE): 0.012781206493903147, Validation Loss(MSE): 0.04259381319085757
2024-09-05 19:28:30,700 - Validation loss decreased (0.042977 --> 0.042594).  Saving model ...
2024-09-05 19:28:30,976 - Epoch 66/100, Train Loss(MSE): 0.012559283279666775, Validation Loss(MSE): 0.04247605552275976
2024-09-05 19:28:30,976 - Validation loss decreased (0.042594 --> 0.042476).  Saving model ...
2024-09-05 19:28:31,269 - Epoch 67/100, Train Loss(MSE): 0.012028211384619536, Validation Loss(MSE): 0.04244035358230273
2024-09-05 19:28:31,269 - Validation loss decreased (0.042476 --> 0.042440).  Saving model ...
2024-09-05 19:28:31,549 - Epoch 68/100, Train Loss(MSE): 0.011654735910461136, Validation Loss(MSE): 0.04217144722739855
2024-09-05 19:28:31,549 - Validation loss decreased (0.042440 --> 0.042171).  Saving model ...
2024-09-05 19:28:31,837 - Epoch 69/100, Train Loss(MSE): 0.011558104796629203, Validation Loss(MSE): 0.0421472837527593
2024-09-05 19:28:31,837 - Validation loss decreased (0.042171 --> 0.042147).  Saving model ...
2024-09-05 19:28:32,108 - Epoch 70/100, Train Loss(MSE): 0.01109098496013566, Validation Loss(MSE): 0.04181445141633352
2024-09-05 19:28:32,109 - Validation loss decreased (0.042147 --> 0.041814).  Saving model ...
2024-09-05 19:28:32,393 - Epoch 71/100, Train Loss(MSE): 0.01066417575470711, Validation Loss(MSE): 0.04176002865036329
2024-09-05 19:28:32,393 - Validation loss decreased (0.041814 --> 0.041760).  Saving model ...
2024-09-05 19:28:32,672 - Epoch 72/100, Train Loss(MSE): 0.01036582291616421, Validation Loss(MSE): 0.04144160946210226
2024-09-05 19:28:32,672 - Validation loss decreased (0.041760 --> 0.041442).  Saving model ...
2024-09-05 19:28:32,946 - Epoch 73/100, Train Loss(MSE): 0.009940435815798608, Validation Loss(MSE): 0.04137541105349859
2024-09-05 19:28:32,946 - Validation loss decreased (0.041442 --> 0.041375).  Saving model ...
2024-09-05 19:28:33,220 - Epoch 74/100, Train Loss(MSE): 0.009851840177648946, Validation Loss(MSE): 0.04109308992822965
2024-09-05 19:28:33,220 - Validation loss decreased (0.041375 --> 0.041093).  Saving model ...
2024-09-05 19:28:33,495 - Epoch 75/100, Train Loss(MSE): 0.009353011773016891, Validation Loss(MSE): 0.0407785102725029
2024-09-05 19:28:33,495 - Validation loss decreased (0.041093 --> 0.040779).  Saving model ...
2024-09-05 19:28:33,770 - Epoch 76/100, Train Loss(MSE): 0.008921523799041384, Validation Loss(MSE): 0.04151210933923721
2024-09-05 19:28:33,770 - EarlyStopping counter: 1 out of 10
2024-09-05 19:28:34,054 - Epoch 77/100, Train Loss(MSE): 0.008768534385844282, Validation Loss(MSE): 0.040792182087898254
2024-09-05 19:28:34,054 - EarlyStopping counter: 2 out of 10
2024-09-05 19:28:34,323 - Epoch 78/100, Train Loss(MSE): 0.008634392490708515, Validation Loss(MSE): 0.040594909340143204
2024-09-05 19:28:34,324 - Validation loss decreased (0.040779 --> 0.040595).  Saving model ...
2024-09-05 19:28:34,594 - Epoch 79/100, Train Loss(MSE): 0.007996310038786186, Validation Loss(MSE): 0.04076118270556132
2024-09-05 19:28:34,594 - EarlyStopping counter: 1 out of 10
2024-09-05 19:28:34,861 - Epoch 80/100, Train Loss(MSE): 0.007794997091160009, Validation Loss(MSE): 0.04063271979490916
2024-09-05 19:28:34,862 - EarlyStopping counter: 2 out of 10
2024-09-05 19:28:35,134 - Epoch 81/100, Train Loss(MSE): 0.007421506103128195, Validation Loss(MSE): 0.040444167951742806
2024-09-05 19:28:35,134 - Validation loss decreased (0.040595 --> 0.040444).  Saving model ...
2024-09-05 19:28:35,416 - Epoch 82/100, Train Loss(MSE): 0.007201430118201594, Validation Loss(MSE): 0.04041453947623571
2024-09-05 19:28:35,417 - Validation loss decreased (0.040444 --> 0.040415).  Saving model ...
2024-09-05 19:28:35,698 - Epoch 83/100, Train Loss(MSE): 0.006996552827522943, Validation Loss(MSE): 0.039972756057977676
2024-09-05 19:28:35,698 - Validation loss decreased (0.040415 --> 0.039973).  Saving model ...
2024-09-05 19:28:35,980 - Epoch 84/100, Train Loss(MSE): 0.006575498460350852, Validation Loss(MSE): 0.04026343300938606
2024-09-05 19:28:35,980 - EarlyStopping counter: 1 out of 10
2024-09-05 19:28:36,255 - Epoch 85/100, Train Loss(MSE): 0.006511104415710035, Validation Loss(MSE): 0.040202354391415916
2024-09-05 19:28:36,255 - EarlyStopping counter: 2 out of 10
2024-09-05 19:28:36,521 - Epoch 86/100, Train Loss(MSE): 0.006100933239060013, Validation Loss(MSE): 0.03984059269229571
2024-09-05 19:28:36,521 - Validation loss decreased (0.039973 --> 0.039841).  Saving model ...
2024-09-05 19:28:36,801 - Epoch 87/100, Train Loss(MSE): 0.005920428745938759, Validation Loss(MSE): 0.040036607533693314
2024-09-05 19:28:36,801 - EarlyStopping counter: 1 out of 10
2024-09-05 19:28:37,073 - Epoch 88/100, Train Loss(MSE): 0.005815750208536261, Validation Loss(MSE): 0.03993820150693258
2024-09-05 19:28:37,074 - EarlyStopping counter: 2 out of 10
2024-09-05 19:28:37,343 - Epoch 89/100, Train Loss(MSE): 0.005732384363287373, Validation Loss(MSE): 0.040014232198397316
2024-09-05 19:28:37,343 - EarlyStopping counter: 3 out of 10
2024-09-05 19:28:37,617 - Epoch 90/100, Train Loss(MSE): 0.00547125748064565, Validation Loss(MSE): 0.039788772662480675
2024-09-05 19:28:37,617 - Validation loss decreased (0.039841 --> 0.039789).  Saving model ...
2024-09-05 19:28:37,897 - Epoch 91/100, Train Loss(MSE): 0.0050926375276360075, Validation Loss(MSE): 0.03980439156293869
2024-09-05 19:28:37,897 - EarlyStopping counter: 1 out of 10
2024-09-05 19:28:38,174 - Epoch 92/100, Train Loss(MSE): 0.004884751893481926, Validation Loss(MSE): 0.03972769156098366
2024-09-05 19:28:38,174 - Validation loss decreased (0.039789 --> 0.039728).  Saving model ...
2024-09-05 19:28:38,444 - Epoch 93/100, Train Loss(MSE): 0.00480288085772803, Validation Loss(MSE): 0.039610729863246284
2024-09-05 19:28:38,445 - Validation loss decreased (0.039728 --> 0.039611).  Saving model ...
2024-09-05 19:28:38,724 - Epoch 94/100, Train Loss(MSE): 0.004652246060830198, Validation Loss(MSE): 0.03936596090594927
2024-09-05 19:28:38,724 - Validation loss decreased (0.039611 --> 0.039366).  Saving model ...
2024-09-05 19:28:38,992 - Epoch 95/100, Train Loss(MSE): 0.00449019706023759, Validation Loss(MSE): 0.039462766299645104
2024-09-05 19:28:38,992 - EarlyStopping counter: 1 out of 10
2024-09-05 19:28:39,269 - Epoch 96/100, Train Loss(MSE): 0.004284924570176946, Validation Loss(MSE): 0.039726778864860535
2024-09-05 19:28:39,269 - EarlyStopping counter: 2 out of 10
2024-09-05 19:28:39,546 - Epoch 97/100, Train Loss(MSE): 0.004217880643217971, Validation Loss(MSE): 0.039362369726101555
2024-09-05 19:28:39,546 - EarlyStopping counter: 3 out of 10
2024-09-05 19:28:39,814 - Epoch 98/100, Train Loss(MSE): 0.003909494207044573, Validation Loss(MSE): 0.039557495464881264
2024-09-05 19:28:39,814 - EarlyStopping counter: 4 out of 10
2024-09-05 19:28:40,088 - Epoch 99/100, Train Loss(MSE): 0.0038401522967768343, Validation Loss(MSE): 0.03957730531692505
2024-09-05 19:28:40,088 - EarlyStopping counter: 5 out of 10
2024-09-05 19:28:40,357 - Epoch 100/100, Train Loss(MSE): 0.0037603896895521565, Validation Loss(MSE): 0.03950848802924156
2024-09-05 19:28:40,358 - EarlyStopping counter: 6 out of 10
2024-09-05 19:28:40,358 - —µ¡∑ 100 ¥Œepoch£¨—µ¡∑ ±≥§: 27.882633447647095 √Î
2024-09-05 19:28:40,378 - Test Loss(MSE): 0.03180242329835892
2024-09-05 19:28:40,387 - Model saved to D:\PythonProject\scorpioMock\MPDLinear\checkpoint\MPDLinear_v14_20240905-192840_bs64_seq365_enc24_pred_len5_individualTrue_checkpoint.pth
2024-09-05 19:28:40,402 - Test Loss (Original Scale) MSE: 3.7398815901309583
2024-09-05 19:28:40,403 - Test Loss (Original Scale) MAE: 1.5203900622566948
