2024-09-18 15:24:43,261 - 日志目录：/root/autodl-tmp/scorpioMock/MPDLinear/log
2024-09-18 15:24:43,261 - 
本次训练配置config:ModelConfig(model=MPDLinear_SOTA, batch_size=64, seq_len=336, enc_in=328, pred_len=5, individual=True, num_epochs=100,es_patience=5, es_verbose=True, es_delta=1e-05, es_path=current_best_checkpoint.pt,decomposition_kernel_size=25,learning_rate=0.0001,scaling_method=normalization,device=gpu)
2024-09-18 15:28:25,497 - Epoch 1/100, Train Loss(MSE): 0.2514893404702441, Validation Loss(MSE): 0.004188081516498109
2024-09-18 15:28:25,499 - Validation loss decreased for the first time. Saving model ...
2024-09-18 15:32:04,342 - Epoch 2/100, Train Loss(MSE): 0.003914813239199038, Validation Loss(MSE): 0.0034297629622969685
2024-09-18 15:32:04,343 - Validation loss decreased (0.004188 --> 0.003430).  Saving model ...
2024-09-18 15:35:34,752 - Epoch 3/100, Train Loss(MSE): 0.003112868520502861, Validation Loss(MSE): 0.0027815858356472923
2024-09-18 15:35:34,753 - Validation loss decreased (0.003430 --> 0.002782).  Saving model ...
2024-09-18 15:39:21,663 - Epoch 4/100, Train Loss(MSE): 0.002399558211461856, Validation Loss(MSE): 0.002130796547933686
2024-09-18 15:39:21,664 - Validation loss decreased (0.002782 --> 0.002131).  Saving model ...
2024-09-18 15:42:53,359 - Epoch 5/100, Train Loss(MSE): 0.0020887737728368778, Validation Loss(MSE): 0.0019580116665853958
2024-09-18 15:42:53,360 - Validation loss decreased (0.002131 --> 0.001958).  Saving model ...
2024-09-18 15:46:26,065 - Epoch 6/100, Train Loss(MSE): 0.0018526723182115416, Validation Loss(MSE): 0.001639439231750169
2024-09-18 15:46:26,065 - Validation loss decreased (0.001958 --> 0.001639).  Saving model ...
2024-09-18 15:49:55,436 - Epoch 7/100, Train Loss(MSE): 0.0016695016880448048, Validation Loss(MSE): 0.0016955687826294907
2024-09-18 15:49:55,436 - EarlyStopping counter: 1 out of 5
2024-09-18 15:53:32,029 - Epoch 8/100, Train Loss(MSE): 0.0015954524815942233, Validation Loss(MSE): 0.0014438285313478512
2024-09-18 15:53:32,030 - Validation loss decreased (0.001639 --> 0.001444).  Saving model ...
2024-09-18 15:57:05,280 - Epoch 9/100, Train Loss(MSE): 0.0014174601869084513, Validation Loss(MSE): 0.0013192270714903205
2024-09-18 15:57:05,281 - Validation loss decreased (0.001444 --> 0.001319).  Saving model ...
2024-09-18 16:00:42,877 - Epoch 10/100, Train Loss(MSE): 0.0014133320329710842, Validation Loss(MSE): 0.0012709006962434548
2024-09-18 16:00:42,879 - Validation loss decreased (0.001319 --> 0.001271).  Saving model ...
2024-09-18 16:04:18,183 - Epoch 11/100, Train Loss(MSE): 0.0013450791745876463, Validation Loss(MSE): 0.001205991923797694
2024-09-18 16:04:18,183 - Validation loss decreased (0.001271 --> 0.001206).  Saving model ...
2024-09-18 16:07:49,079 - Epoch 12/100, Train Loss(MSE): 0.0012857154420075508, Validation Loss(MSE): 0.0012831933421605245
2024-09-18 16:07:49,079 - EarlyStopping counter: 1 out of 5
2024-09-18 16:11:19,803 - Epoch 13/100, Train Loss(MSE): 0.0012721095479523332, Validation Loss(MSE): 0.0011714253157218237
2024-09-18 16:11:19,804 - Validation loss decreased (0.001206 --> 0.001171).  Saving model ...
2024-09-18 16:14:47,830 - Epoch 14/100, Train Loss(MSE): 0.001176040915485758, Validation Loss(MSE): 0.0012446891533483455
2024-09-18 16:14:47,831 - EarlyStopping counter: 1 out of 5
2024-09-18 16:18:16,980 - Epoch 15/100, Train Loss(MSE): 0.0011511568101839377, Validation Loss(MSE): 0.0011537320224749969
2024-09-18 16:18:16,980 - Validation loss decreased (0.001171 --> 0.001154).  Saving model ...
2024-09-18 16:21:51,754 - Epoch 16/100, Train Loss(MSE): 0.0011349486946486509, Validation Loss(MSE): 0.0010355954986951518
2024-09-18 16:21:51,755 - Validation loss decreased (0.001154 --> 0.001036).  Saving model ...
2024-09-18 16:25:33,260 - Epoch 17/100, Train Loss(MSE): 0.001113512316503777, Validation Loss(MSE): 0.001126338063353082
2024-09-18 16:25:33,261 - EarlyStopping counter: 1 out of 5
2024-09-18 16:29:02,202 - Epoch 18/100, Train Loss(MSE): 0.0010265096196403298, Validation Loss(MSE): 0.0009710875662077763
2024-09-18 16:29:02,202 - Validation loss decreased (0.001036 --> 0.000971).  Saving model ...
2024-09-18 16:32:34,435 - Epoch 19/100, Train Loss(MSE): 0.001055255692022351, Validation Loss(MSE): 0.0010780035745261646
2024-09-18 16:32:34,436 - EarlyStopping counter: 1 out of 5
2024-09-18 16:36:08,035 - Epoch 20/100, Train Loss(MSE): 0.0010270313522778452, Validation Loss(MSE): 0.0009595558030258228
2024-09-18 16:36:08,035 - Validation loss decreased (0.000971 --> 0.000960).  Saving model ...
2024-09-18 16:39:42,369 - Epoch 21/100, Train Loss(MSE): 0.0009737285145988258, Validation Loss(MSE): 0.0009218430176388654
2024-09-18 16:39:42,369 - Validation loss decreased (0.000960 --> 0.000922).  Saving model ...
2024-09-18 16:43:13,474 - Epoch 22/100, Train Loss(MSE): 0.0009496703158276013, Validation Loss(MSE): 0.0009025902687515155
2024-09-18 16:43:13,475 - Validation loss decreased (0.000922 --> 0.000903).  Saving model ...
2024-09-18 16:46:50,828 - Epoch 23/100, Train Loss(MSE): 0.000957906621759041, Validation Loss(MSE): 0.0009388826338846873
2024-09-18 16:46:50,830 - EarlyStopping counter: 1 out of 5
2024-09-18 16:50:30,607 - Epoch 24/100, Train Loss(MSE): 0.0009169913754941753, Validation Loss(MSE): 0.0009292938374550786
2024-09-18 16:50:30,609 - EarlyStopping counter: 2 out of 5
2024-09-18 16:53:58,794 - Epoch 25/100, Train Loss(MSE): 0.0008637295552314474, Validation Loss(MSE): 0.0008569549486643021
2024-09-18 16:53:58,795 - Validation loss decreased (0.000903 --> 0.000857).  Saving model ...
2024-09-18 16:57:35,557 - Epoch 26/100, Train Loss(MSE): 0.0008593516049978251, Validation Loss(MSE): 0.0010004113059172907
2024-09-18 16:57:35,558 - EarlyStopping counter: 1 out of 5
2024-09-18 17:01:06,558 - Epoch 27/100, Train Loss(MSE): 0.0008394517554328419, Validation Loss(MSE): 0.0008314753621362331
2024-09-18 17:01:06,558 - Validation loss decreased (0.000857 --> 0.000831).  Saving model ...
2024-09-18 17:04:34,996 - Epoch 28/100, Train Loss(MSE): 0.0008151938347145915, Validation Loss(MSE): 0.0012319670782833382
2024-09-18 17:04:34,997 - EarlyStopping counter: 1 out of 5
2024-09-18 17:08:09,882 - Epoch 29/100, Train Loss(MSE): 0.0008007749338419392, Validation Loss(MSE): 0.000792513247976852
2024-09-18 17:08:09,883 - Validation loss decreased (0.000831 --> 0.000793).  Saving model ...
2024-09-18 17:11:39,490 - Epoch 30/100, Train Loss(MSE): 0.0007577380142174662, Validation Loss(MSE): 0.0007757933479563402
2024-09-18 17:11:39,491 - Validation loss decreased (0.000793 --> 0.000776).  Saving model ...
2024-09-18 17:15:17,352 - Epoch 31/100, Train Loss(MSE): 0.0007251577021983954, Validation Loss(MSE): 0.0008152577821619627
2024-09-18 17:15:17,354 - EarlyStopping counter: 1 out of 5
2024-09-18 17:18:50,237 - Epoch 32/100, Train Loss(MSE): 0.0007112402866522853, Validation Loss(MSE): 0.0008160386358035683
2024-09-18 17:18:50,239 - EarlyStopping counter: 2 out of 5
2024-09-18 17:22:25,141 - Epoch 33/100, Train Loss(MSE): 0.0006580601347825275, Validation Loss(MSE): 0.0006859483873108175
2024-09-18 17:22:25,142 - Validation loss decreased (0.000776 --> 0.000686).  Saving model ...
2024-09-18 17:25:51,946 - Epoch 34/100, Train Loss(MSE): 0.0006237947759039414, Validation Loss(MSE): 0.0007167994314463945
2024-09-18 17:25:51,947 - EarlyStopping counter: 1 out of 5
2024-09-18 17:29:30,131 - Epoch 35/100, Train Loss(MSE): 0.0006177217953014546, Validation Loss(MSE): 0.0006621689010388786
2024-09-18 17:29:30,132 - Validation loss decreased (0.000686 --> 0.000662).  Saving model ...
2024-09-18 17:32:59,734 - Epoch 36/100, Train Loss(MSE): 0.0005894994889744199, Validation Loss(MSE): 0.0006562149728557504
2024-09-18 17:32:59,735 - EarlyStopping counter: 1 out of 5
2024-09-18 17:36:29,951 - Epoch 37/100, Train Loss(MSE): 0.0006008904800714495, Validation Loss(MSE): 0.0006265860738051011
2024-09-18 17:36:29,952 - Validation loss decreased (0.000662 --> 0.000627).  Saving model ...
2024-09-18 17:40:02,900 - Epoch 38/100, Train Loss(MSE): 0.0005603894131938712, Validation Loss(MSE): 0.0006501504053963666
2024-09-18 17:40:02,902 - EarlyStopping counter: 1 out of 5
2024-09-18 17:43:37,044 - Epoch 39/100, Train Loss(MSE): 0.0005496195694789863, Validation Loss(MSE): 0.0005969207317897732
2024-09-18 17:43:37,046 - Validation loss decreased (0.000627 --> 0.000597).  Saving model ...
2024-09-18 17:47:16,301 - Epoch 40/100, Train Loss(MSE): 0.0005311191101701787, Validation Loss(MSE): 0.0005840103414545698
2024-09-18 17:47:16,303 - Validation loss decreased (0.000597 --> 0.000584).  Saving model ...
2024-09-18 17:50:55,893 - Epoch 41/100, Train Loss(MSE): 0.000516024570321091, Validation Loss(MSE): 0.0005768683132795026
2024-09-18 17:50:55,893 - EarlyStopping counter: 1 out of 5
2024-09-18 17:54:26,469 - Epoch 42/100, Train Loss(MSE): 0.00049269998840128, Validation Loss(MSE): 0.0005703087279959241
2024-09-18 17:54:26,470 - Validation loss decreased (0.000584 --> 0.000570).  Saving model ...
2024-09-18 17:57:58,683 - Epoch 43/100, Train Loss(MSE): 0.00048685477473414863, Validation Loss(MSE): 0.0006520530157836108
2024-09-18 17:57:58,683 - EarlyStopping counter: 1 out of 5
2024-09-18 18:01:28,792 - Epoch 44/100, Train Loss(MSE): 0.000471660505908613, Validation Loss(MSE): 0.0005441019893623888
2024-09-18 18:01:28,793 - Validation loss decreased (0.000570 --> 0.000544).  Saving model ...
2024-09-18 18:04:58,900 - Epoch 45/100, Train Loss(MSE): 0.0004450789135164366, Validation Loss(MSE): 0.0005498806244648266
2024-09-18 18:04:58,901 - EarlyStopping counter: 1 out of 5
2024-09-18 18:08:33,128 - Epoch 46/100, Train Loss(MSE): 0.000443903543234158, Validation Loss(MSE): 0.0005461089391113691
2024-09-18 18:08:33,129 - EarlyStopping counter: 2 out of 5
2024-09-18 18:12:08,669 - Epoch 47/100, Train Loss(MSE): 0.0004335318115324928, Validation Loss(MSE): 0.0005659724453679944
2024-09-18 18:12:08,671 - EarlyStopping counter: 3 out of 5
2024-09-18 18:15:40,175 - Epoch 48/100, Train Loss(MSE): 0.00039957991371361107, Validation Loss(MSE): 0.0005343782349217047
2024-09-18 18:15:40,176 - EarlyStopping counter: 4 out of 5
2024-09-18 18:19:08,893 - Epoch 49/100, Train Loss(MSE): 0.0003771063971977967, Validation Loss(MSE): 0.0005402530830285353
2024-09-18 18:19:08,894 - EarlyStopping counter: 5 out of 5
2024-09-18 18:19:08,894 - Early stopping
2024-09-18 18:19:08,895 - 训练 49 次epoch，训练时长: 10465.633274555206 秒
2024-09-18 18:19:09,647 - Model saved to /root/autodl-tmp/scorpioMock/MPDLinear/checkpoint/MPDLinear_SOTA_20240918-181909_bs64_seq336_enc328_pred_len5_individualTrue_checkpoint.pth
2024-09-18 18:19:14,516 - Test Loss (normalization Scale) MSE: 0.0007448811005948611
2024-09-18 18:19:14,516 - Test Loss (normalization Scale) MAE: 0.01699720075490271
2024-09-18 18:19:19,283 - 测试集预测值和真实值数据存储：Predictions and True Values saved to /root/autodl-tmp/scorpioMock/MPDLinear/predict_data/predictions_vs_true_values(Original Scale)-MPDLinear_SOTA-electricity-20240918-181909-sl336_normalization.csv
2024-09-18 18:19:19,284 - Test Loss (Original Scale) MSE: 27303.352697565413
2024-09-18 18:19:19,284 - Test Loss (Original Scale) MAE: 102.8177242521419

2024-09-18 18:19:19,311 - findfont: Generic family 'sans-serif' not found because none of the following families were found: SimHei
2024-09-18 18:19:19,313 - findfont: Generic family 'sans-serif' not found because none of the following families were found: SimHei
2024-09-18 18:19:19,313 - findfont: Generic family 'sans-serif' not found because none of the following families were found: SimHei
2024-09-18 18:19:19,314 - findfont: Generic family 'sans-serif' not found because none of the following families were found: SimHei
2024-09-18 18:19:19,314 - findfont: Generic family 'sans-serif' not found because none of the following families were found: SimHei
2024-09-18 18:19:19,314 - findfont: Generic family 'sans-serif' not found because none of the following families were found: SimHei
2024-09-18 18:19:19,315 - findfont: Generic family 'sans-serif' not found because none of the following families were found: SimHei
2024-09-18 18:19:19,317 - findfont: Generic family 'sans-serif' not found because none of the following families were found: SimHei
2024-09-18 18:19:19,318 - findfont: Generic family 'sans-serif' not found because none of the following families were found: SimHei
2024-09-18 18:19:19,318 - findfont: Generic family 'sans-serif' not found because none of the following families were found: SimHei
2024-09-18 18:19:19,326 - findfont: Generic family 'sans-serif' not found because none of the following families were found: SimHei
2024-09-18 18:19:19,326 - findfont: Generic family 'sans-serif' not found because none of the following families were found: SimHei
2024-09-18 18:19:19,327 - findfont: Generic family 'sans-serif' not found because none of the following families were found: SimHei
2024-09-18 18:19:19,328 - findfont: Generic family 'sans-serif' not found because none of the following families were found: SimHei
2024-09-18 18:19:19,329 - findfont: Generic family 'sans-serif' not found because none of the following families were found: SimHei
2024-09-18 18:19:19,329 - findfont: Generic family 'sans-serif' not found because none of the following families were found: SimHei
2024-09-18 18:19:19,330 - findfont: Generic family 'sans-serif' not found because none of the following families were found: SimHei
2024-09-18 18:19:19,331 - findfont: Generic family 'sans-serif' not found because none of the following families were found: SimHei
2024-09-18 18:19:19,332 - findfont: Generic family 'sans-serif' not found because none of the following families were found: SimHei
2024-09-18 18:19:19,335 - findfont: Generic family 'sans-serif' not found because none of the following families were found: SimHei
2024-09-18 18:19:19,336 - findfont: Generic family 'sans-serif' not found because none of the following families were found: SimHei
2024-09-18 18:19:19,338 - findfont: Generic family 'sans-serif' not found because none of the following families were found: SimHei
2024-09-18 18:19:19,339 - findfont: Generic family 'sans-serif' not found because none of the following families were found: SimHei
2024-09-18 18:19:19,340 - findfont: Generic family 'sans-serif' not found because none of the following families were found: SimHei
2024-09-18 18:19:19,341 - findfont: Generic family 'sans-serif' not found because none of the following families were found: SimHei
2024-09-18 18:19:19,342 - findfont: Generic family 'sans-serif' not found because none of the following families were found: SimHei
2024-09-18 18:19:19,343 - findfont: Generic family 'sans-serif' not found because none of the following families were found: SimHei
2024-09-18 18:19:19,346 - findfont: Generic family 'sans-serif' not found because none of the following families were found: SimHei
2024-09-18 18:19:19,388 - findfont: Generic family 'sans-serif' not found because none of the following families were found: SimHei
2024-09-18 18:19:19,389 - findfont: Generic family 'sans-serif' not found because none of the following families were found: SimHei
2024-09-18 18:19:19,390 - findfont: Generic family 'sans-serif' not found because none of the following families were found: SimHei
2024-09-18 18:19:19,390 - findfont: Generic family 'sans-serif' not found because none of the following families were found: SimHei
2024-09-18 18:19:19,390 - findfont: Generic family 'sans-serif' not found because none of the following families were found: SimHei
2024-09-18 18:19:19,392 - findfont: Generic family 'sans-serif' not found because none of the following families were found: SimHei
2024-09-18 18:19:19,392 - findfont: Generic family 'sans-serif' not found because none of the following families were found: SimHei
2024-09-18 18:19:19,394 - findfont: Generic family 'sans-serif' not found because none of the following families were found: SimHei
2024-09-18 18:19:19,394 - findfont: Generic family 'sans-serif' not found because none of the following families were found: SimHei
2024-09-18 18:19:19,395 - findfont: Generic family 'sans-serif' not found because none of the following families were found: SimHei
2024-09-18 18:19:19,395 - findfont: Generic family 'sans-serif' not found because none of the following families were found: SimHei
2024-09-18 18:19:19,395 - findfont: Generic family 'sans-serif' not found because none of the following families were found: SimHei
2024-09-18 18:19:19,396 - findfont: Generic family 'sans-serif' not found because none of the following families were found: SimHei
2024-09-18 18:19:19,397 - findfont: Generic family 'sans-serif' not found because none of the following families were found: SimHei
2024-09-18 18:19:19,397 - findfont: Generic family 'sans-serif' not found because none of the following families were found: SimHei
2024-09-18 18:19:19,469 - findfont: Generic family 'sans-serif' not found because none of the following families were found: SimHei
2024-09-18 18:19:19,470 - findfont: Generic family 'sans-serif' not found because none of the following families were found: SimHei
2024-09-18 18:19:19,471 - findfont: Generic family 'sans-serif' not found because none of the following families were found: SimHei
2024-09-18 18:19:19,471 - findfont: Generic family 'sans-serif' not found because none of the following families were found: SimHei
2024-09-18 18:19:19,472 - findfont: Generic family 'sans-serif' not found because none of the following families were found: SimHei
2024-09-18 18:19:19,473 - findfont: Generic family 'sans-serif' not found because none of the following families were found: SimHei
2024-09-18 18:19:19,476 - findfont: Generic family 'sans-serif' not found because none of the following families were found: SimHei
2024-09-18 18:19:19,479 - findfont: Generic family 'sans-serif' not found because none of the following families were found: SimHei
2024-09-18 18:19:19,480 - findfont: Generic family 'sans-serif' not found because none of the following families were found: SimHei
2024-09-18 18:19:19,481 - findfont: Generic family 'sans-serif' not found because none of the following families were found: SimHei
2024-09-18 18:19:19,482 - findfont: Generic family 'sans-serif' not found because none of the following families were found: SimHei
2024-09-18 18:19:19,483 - findfont: Generic family 'sans-serif' not found because none of the following families were found: SimHei
2024-09-18 18:19:19,485 - findfont: Generic family 'sans-serif' not found because none of the following families were found: SimHei
2024-09-18 18:19:19,488 - findfont: Generic family 'sans-serif' not found because none of the following families were found: SimHei
2024-09-18 18:19:19,528 - findfont: Generic family 'sans-serif' not found because none of the following families were found: SimHei
2024-09-18 18:19:19,529 - findfont: Generic family 'sans-serif' not found because none of the following families were found: SimHei
2024-09-18 18:19:19,530 - findfont: Generic family 'sans-serif' not found because none of the following families were found: SimHei
2024-09-18 18:19:19,531 - findfont: Generic family 'sans-serif' not found because none of the following families were found: SimHei
2024-09-18 18:19:19,532 - findfont: Generic family 'sans-serif' not found because none of the following families were found: SimHei
2024-09-18 18:19:19,533 - findfont: Generic family 'sans-serif' not found because none of the following families were found: SimHei
2024-09-18 18:19:19,533 - findfont: Generic family 'sans-serif' not found because none of the following families were found: SimHei
2024-09-18 18:19:19,534 - findfont: Generic family 'sans-serif' not found because none of the following families were found: SimHei
2024-09-18 18:19:19,534 - findfont: Generic family 'sans-serif' not found because none of the following families were found: SimHei
2024-09-18 18:19:19,534 - findfont: Generic family 'sans-serif' not found because none of the following families were found: SimHei
2024-09-18 18:19:19,535 - findfont: Generic family 'sans-serif' not found because none of the following families were found: SimHei
2024-09-18 18:19:19,536 - findfont: Generic family 'sans-serif' not found because none of the following families were found: SimHei
2024-09-18 18:19:19,536 - findfont: Generic family 'sans-serif' not found because none of the following families were found: SimHei
