2024-08-28 15:33:13,922 - Epoch 1/100, Train Loss(MSE): 0.9854952265386996, Validation Loss(MSE): 0.8338727355003357
2024-08-28 15:33:13,922 - Validation loss decreased for the first time. Saving model ...
2024-08-28 15:33:14,130 - Epoch 2/100, Train Loss(MSE): 0.9047076144944066, Validation Loss(MSE): 0.7658375302950541
2024-08-28 15:33:14,134 - Validation loss decreased (0.833873 --> 0.765838).  Saving model ...
2024-08-28 15:33:14,349 - Epoch 3/100, Train Loss(MSE): 0.8335987646942553, Validation Loss(MSE): 0.7092346747716268
2024-08-28 15:33:14,349 - Validation loss decreased (0.765838 --> 0.709235).  Saving model ...
2024-08-28 15:33:14,543 - Epoch 4/100, Train Loss(MSE): 0.780202971852344, Validation Loss(MSE): 0.6591454744338989
2024-08-28 15:33:14,544 - Validation loss decreased (0.709235 --> 0.659145).  Saving model ...
2024-08-28 15:33:14,770 - Epoch 5/100, Train Loss(MSE): 0.7264243493909421, Validation Loss(MSE): 0.6152899662653605
2024-08-28 15:33:14,771 - Validation loss decreased (0.659145 --> 0.615290).  Saving model ...
2024-08-28 15:33:14,969 - Epoch 6/100, Train Loss(MSE): 0.6768558064232701, Validation Loss(MSE): 0.5759112536907196
2024-08-28 15:33:14,969 - Validation loss decreased (0.615290 --> 0.575911).  Saving model ...
2024-08-28 15:33:15,186 - Epoch 7/100, Train Loss(MSE): 0.6373390069474345, Validation Loss(MSE): 0.5396357675393423
2024-08-28 15:33:15,186 - Validation loss decreased (0.575911 --> 0.539636).  Saving model ...
2024-08-28 15:33:15,392 - Epoch 8/100, Train Loss(MSE): 0.5994711965322495, Validation Loss(MSE): 0.5072860817114512
2024-08-28 15:33:15,392 - Validation loss decreased (0.539636 --> 0.507286).  Saving model ...
2024-08-28 15:33:15,598 - Epoch 9/100, Train Loss(MSE): 0.5618948573651521, Validation Loss(MSE): 0.47693295280138653
2024-08-28 15:33:15,599 - Validation loss decreased (0.507286 --> 0.476933).  Saving model ...
2024-08-28 15:33:15,818 - Epoch 10/100, Train Loss(MSE): 0.5338795891274577, Validation Loss(MSE): 0.4490521301825841
2024-08-28 15:33:15,818 - Validation loss decreased (0.476933 --> 0.449052).  Saving model ...
2024-08-28 15:33:16,030 - Epoch 11/100, Train Loss(MSE): 0.5057405648024186, Validation Loss(MSE): 0.4238111724456151
2024-08-28 15:33:16,030 - Validation loss decreased (0.449052 --> 0.423811).  Saving model ...
2024-08-28 15:33:16,258 - Epoch 12/100, Train Loss(MSE): 0.47458926620690717, Validation Loss(MSE): 0.40057064096132916
2024-08-28 15:33:16,258 - Validation loss decreased (0.423811 --> 0.400571).  Saving model ...
2024-08-28 15:33:16,488 - Epoch 13/100, Train Loss(MSE): 0.453137604114802, Validation Loss(MSE): 0.3788478920857112
2024-08-28 15:33:16,488 - Validation loss decreased (0.400571 --> 0.378848).  Saving model ...
2024-08-28 15:33:16,697 - Epoch 14/100, Train Loss(MSE): 0.43281599101812945, Validation Loss(MSE): 0.3585946162541707
2024-08-28 15:33:16,697 - Validation loss decreased (0.378848 --> 0.358595).  Saving model ...
2024-08-28 15:33:16,905 - Epoch 15/100, Train Loss(MSE): 0.4121556774429653, Validation Loss(MSE): 0.3400282065073649
2024-08-28 15:33:16,905 - Validation loss decreased (0.358595 --> 0.340028).  Saving model ...
2024-08-28 15:33:17,102 - Epoch 16/100, Train Loss(MSE): 0.3908273635999016, Validation Loss(MSE): 0.32317258417606354
2024-08-28 15:33:17,102 - Validation loss decreased (0.340028 --> 0.323173).  Saving model ...
2024-08-28 15:33:17,329 - Epoch 17/100, Train Loss(MSE): 0.374532018666682, Validation Loss(MSE): 0.307492936650912
2024-08-28 15:33:17,330 - Validation loss decreased (0.323173 --> 0.307493).  Saving model ...
2024-08-28 15:33:17,534 - Epoch 18/100, Train Loss(MSE): 0.3558351889900539, Validation Loss(MSE): 0.29281272490819293
2024-08-28 15:33:17,534 - Validation loss decreased (0.307493 --> 0.292813).  Saving model ...
2024-08-28 15:33:17,757 - Epoch 19/100, Train Loss(MSE): 0.3433759808540344, Validation Loss(MSE): 0.2797073821226756
2024-08-28 15:33:17,758 - Validation loss decreased (0.292813 --> 0.279707).  Saving model ...
2024-08-28 15:33:17,985 - Epoch 20/100, Train Loss(MSE): 0.32858284206494043, Validation Loss(MSE): 0.2677832469344139
2024-08-28 15:33:17,985 - Validation loss decreased (0.279707 --> 0.267783).  Saving model ...
2024-08-28 15:33:18,205 - Epoch 21/100, Train Loss(MSE): 0.314581032032552, Validation Loss(MSE): 0.2562391410271327
2024-08-28 15:33:18,205 - Validation loss decreased (0.267783 --> 0.256239).  Saving model ...
2024-08-28 15:33:18,413 - Epoch 22/100, Train Loss(MSE): 0.3025449229323346, Validation Loss(MSE): 0.246186596651872
2024-08-28 15:33:18,413 - Validation loss decreased (0.256239 --> 0.246187).  Saving model ...
2024-08-28 15:33:18,618 - Epoch 23/100, Train Loss(MSE): 0.28985666451246844, Validation Loss(MSE): 0.23697235683600107
2024-08-28 15:33:18,618 - Validation loss decreased (0.246187 --> 0.236972).  Saving model ...
2024-08-28 15:33:18,831 - Epoch 24/100, Train Loss(MSE): 0.2823101087756779, Validation Loss(MSE): 0.22792776922384897
2024-08-28 15:33:18,831 - Validation loss decreased (0.236972 --> 0.227928).  Saving model ...
2024-08-28 15:33:19,029 - Epoch 25/100, Train Loss(MSE): 0.2708167472611303, Validation Loss(MSE): 0.21990091105302176
2024-08-28 15:33:19,029 - Validation loss decreased (0.227928 --> 0.219901).  Saving model ...
2024-08-28 15:33:19,241 - Epoch 26/100, Train Loss(MSE): 0.2613333807043407, Validation Loss(MSE): 0.2125250299771627
2024-08-28 15:33:19,241 - Validation loss decreased (0.219901 --> 0.212525).  Saving model ...
2024-08-28 15:33:19,433 - Epoch 27/100, Train Loss(MSE): 0.25151391262593475, Validation Loss(MSE): 0.20544575154781342
2024-08-28 15:33:19,433 - Validation loss decreased (0.212525 --> 0.205446).  Saving model ...
2024-08-28 15:33:19,638 - Epoch 28/100, Train Loss(MSE): 0.24611491321221643, Validation Loss(MSE): 0.19933645675579706
2024-08-28 15:33:19,638 - Validation loss decreased (0.205446 --> 0.199336).  Saving model ...
2024-08-28 15:33:19,860 - Epoch 29/100, Train Loss(MSE): 0.23619347713563754, Validation Loss(MSE): 0.19328288485606512
2024-08-28 15:33:19,860 - Validation loss decreased (0.199336 --> 0.193283).  Saving model ...
2024-08-28 15:33:20,078 - Epoch 30/100, Train Loss(MSE): 0.2282822412317214, Validation Loss(MSE): 0.1880794862906138
2024-08-28 15:33:20,078 - Validation loss decreased (0.193283 --> 0.188079).  Saving model ...
2024-08-28 15:33:20,299 - Epoch 31/100, Train Loss(MSE): 0.22092069572080736, Validation Loss(MSE): 0.18283223857482275
2024-08-28 15:33:20,299 - Validation loss decreased (0.188079 --> 0.182832).  Saving model ...
2024-08-28 15:33:20,503 - Epoch 32/100, Train Loss(MSE): 0.21368319039111552, Validation Loss(MSE): 0.17851954450209936
2024-08-28 15:33:20,504 - Validation loss decreased (0.182832 --> 0.178520).  Saving model ...
2024-08-28 15:33:20,730 - Epoch 33/100, Train Loss(MSE): 0.20780135237652322, Validation Loss(MSE): 0.1742753361662229
2024-08-28 15:33:20,730 - Validation loss decreased (0.178520 --> 0.174275).  Saving model ...
2024-08-28 15:33:20,932 - Epoch 34/100, Train Loss(MSE): 0.2023621240387792, Validation Loss(MSE): 0.1704311097661654
2024-08-28 15:33:20,932 - Validation loss decreased (0.174275 --> 0.170431).  Saving model ...
2024-08-28 15:33:21,161 - Epoch 35/100, Train Loss(MSE): 0.19634865953222566, Validation Loss(MSE): 0.1668127402663231
2024-08-28 15:33:21,161 - Validation loss decreased (0.170431 --> 0.166813).  Saving model ...
2024-08-28 15:33:21,438 - Epoch 36/100, Train Loss(MSE): 0.1940580306817656, Validation Loss(MSE): 0.16368414461612701
2024-08-28 15:33:21,438 - Validation loss decreased (0.166813 --> 0.163684).  Saving model ...
2024-08-28 15:33:21,644 - Epoch 37/100, Train Loss(MSE): 0.18662952356364415, Validation Loss(MSE): 0.16039986908435822
2024-08-28 15:33:21,644 - Validation loss decreased (0.163684 --> 0.160400).  Saving model ...
2024-08-28 15:33:21,867 - Epoch 38/100, Train Loss(MSE): 0.18302384861137555, Validation Loss(MSE): 0.15740365783373514
2024-08-28 15:33:21,867 - Validation loss decreased (0.160400 --> 0.157404).  Saving model ...
2024-08-28 15:33:22,088 - Epoch 39/100, Train Loss(MSE): 0.17820383154827615, Validation Loss(MSE): 0.15501322969794273
2024-08-28 15:33:22,088 - Validation loss decreased (0.157404 --> 0.155013).  Saving model ...
2024-08-28 15:33:22,310 - Epoch 40/100, Train Loss(MSE): 0.1737466852950013, Validation Loss(MSE): 0.152682363986969
2024-08-28 15:33:22,310 - Validation loss decreased (0.155013 --> 0.152682).  Saving model ...
2024-08-28 15:33:22,509 - Epoch 41/100, Train Loss(MSE): 0.1699284400952899, Validation Loss(MSE): 0.15034165605902672
2024-08-28 15:33:22,509 - Validation loss decreased (0.152682 --> 0.150342).  Saving model ...
2024-08-28 15:33:22,706 - Epoch 42/100, Train Loss(MSE): 0.16721980306117432, Validation Loss(MSE): 0.1482281039158503
2024-08-28 15:33:22,706 - Validation loss decreased (0.150342 --> 0.148228).  Saving model ...
2024-08-28 15:33:22,907 - Epoch 43/100, Train Loss(MSE): 0.16324047355548196, Validation Loss(MSE): 0.14630656192700067
2024-08-28 15:33:22,907 - Validation loss decreased (0.148228 --> 0.146307).  Saving model ...
2024-08-28 15:33:23,132 - Epoch 44/100, Train Loss(MSE): 0.15967788838821909, Validation Loss(MSE): 0.14445031310121217
2024-08-28 15:33:23,132 - Validation loss decreased (0.146307 --> 0.144450).  Saving model ...
2024-08-28 15:33:23,332 - Epoch 45/100, Train Loss(MSE): 0.15586084564742836, Validation Loss(MSE): 0.1428717461725076
2024-08-28 15:33:23,332 - Validation loss decreased (0.144450 --> 0.142872).  Saving model ...
2024-08-28 15:33:23,538 - Epoch 46/100, Train Loss(MSE): 0.15391264904452406, Validation Loss(MSE): 0.14131292576591173
2024-08-28 15:33:23,539 - Validation loss decreased (0.142872 --> 0.141313).  Saving model ...
2024-08-28 15:33:23,765 - Epoch 47/100, Train Loss(MSE): 0.1520566342641478, Validation Loss(MSE): 0.13953966895739237
2024-08-28 15:33:23,765 - Validation loss decreased (0.141313 --> 0.139540).  Saving model ...
2024-08-28 15:33:23,978 - Epoch 48/100, Train Loss(MSE): 0.14762437991473987, Validation Loss(MSE): 0.13794651379187903
2024-08-28 15:33:23,979 - Validation loss decreased (0.139540 --> 0.137947).  Saving model ...
2024-08-28 15:33:24,211 - Epoch 49/100, Train Loss(MSE): 0.14444994829271152, Validation Loss(MSE): 0.13668261220057806
2024-08-28 15:33:24,213 - Validation loss decreased (0.137947 --> 0.136683).  Saving model ...
2024-08-28 15:33:24,440 - Epoch 50/100, Train Loss(MSE): 0.1426777829942496, Validation Loss(MSE): 0.13530125468969345
2024-08-28 15:33:24,440 - Validation loss decreased (0.136683 --> 0.135301).  Saving model ...
2024-08-28 15:33:24,671 - Epoch 51/100, Train Loss(MSE): 0.13921775506890338, Validation Loss(MSE): 0.13440061857302985
2024-08-28 15:33:24,671 - Validation loss decreased (0.135301 --> 0.134401).  Saving model ...
2024-08-28 15:33:24,904 - Epoch 52/100, Train Loss(MSE): 0.1379165865642869, Validation Loss(MSE): 0.13314451028903326
2024-08-28 15:33:24,904 - Validation loss decreased (0.134401 --> 0.133145).  Saving model ...
2024-08-28 15:33:25,128 - Epoch 53/100, Train Loss(MSE): 0.13561858366365018, Validation Loss(MSE): 0.13226181517044702
2024-08-28 15:33:25,128 - Validation loss decreased (0.133145 --> 0.132262).  Saving model ...
2024-08-28 15:33:25,348 - Epoch 54/100, Train Loss(MSE): 0.13286023538397707, Validation Loss(MSE): 0.1309443712234497
2024-08-28 15:33:25,348 - Validation loss decreased (0.132262 --> 0.130944).  Saving model ...
2024-08-28 15:33:25,575 - Epoch 55/100, Train Loss(MSE): 0.1316829114018575, Validation Loss(MSE): 0.12983927130699158
2024-08-28 15:33:25,576 - Validation loss decreased (0.130944 --> 0.129839).  Saving model ...
2024-08-28 15:33:25,785 - Epoch 56/100, Train Loss(MSE): 0.12852848191624103, Validation Loss(MSE): 0.12899159702161947
2024-08-28 15:33:25,785 - Validation loss decreased (0.129839 --> 0.128992).  Saving model ...
2024-08-28 15:33:25,997 - Epoch 57/100, Train Loss(MSE): 0.12743758507396863, Validation Loss(MSE): 0.1281970733155807
2024-08-28 15:33:25,997 - Validation loss decreased (0.128992 --> 0.128197).  Saving model ...
2024-08-28 15:33:26,208 - Epoch 58/100, Train Loss(MSE): 0.1263621988017922, Validation Loss(MSE): 0.1274115275591612
2024-08-28 15:33:26,208 - Validation loss decreased (0.128197 --> 0.127412).  Saving model ...
2024-08-28 15:33:26,417 - Epoch 59/100, Train Loss(MSE): 0.12355534327418907, Validation Loss(MSE): 0.12643438391387463
2024-08-28 15:33:26,417 - Validation loss decreased (0.127412 --> 0.126434).  Saving model ...
2024-08-28 15:33:26,632 - Epoch 60/100, Train Loss(MSE): 0.12170218692525574, Validation Loss(MSE): 0.125919741888841
2024-08-28 15:33:26,632 - Validation loss decreased (0.126434 --> 0.125920).  Saving model ...
2024-08-28 15:33:26,828 - Epoch 61/100, Train Loss(MSE): 0.11997117239819921, Validation Loss(MSE): 0.12492307958503564
2024-08-28 15:33:26,828 - Validation loss decreased (0.125920 --> 0.124923).  Saving model ...
2024-08-28 15:33:27,033 - Epoch 62/100, Train Loss(MSE): 0.11881716460313486, Validation Loss(MSE): 0.12409643704692523
2024-08-28 15:33:27,034 - Validation loss decreased (0.124923 --> 0.124096).  Saving model ...
2024-08-28 15:33:27,255 - Epoch 63/100, Train Loss(MSE): 0.11733732307734697, Validation Loss(MSE): 0.12342638770739238
2024-08-28 15:33:27,255 - Validation loss decreased (0.124096 --> 0.123426).  Saving model ...
2024-08-28 15:33:27,450 - Epoch 64/100, Train Loss(MSE): 0.11685138309131497, Validation Loss(MSE): 0.12297366683681805
2024-08-28 15:33:27,450 - Validation loss decreased (0.123426 --> 0.122974).  Saving model ...
2024-08-28 15:33:27,657 - Epoch 65/100, Train Loss(MSE): 0.1138052185592444, Validation Loss(MSE): 0.12235657746593158
2024-08-28 15:33:27,657 - Validation loss decreased (0.122974 --> 0.122357).  Saving model ...
2024-08-28 15:33:27,858 - Epoch 66/100, Train Loss(MSE): 0.11217109547199114, Validation Loss(MSE): 0.1215454222013553
2024-08-28 15:33:27,858 - Validation loss decreased (0.122357 --> 0.121545).  Saving model ...
2024-08-28 15:33:28,078 - Epoch 67/100, Train Loss(MSE): 0.11279030694909718, Validation Loss(MSE): 0.12100894749164581
2024-08-28 15:33:28,078 - Validation loss decreased (0.121545 --> 0.121009).  Saving model ...
2024-08-28 15:33:28,282 - Epoch 68/100, Train Loss(MSE): 0.11253091263706269, Validation Loss(MSE): 0.12075877375900745
2024-08-28 15:33:28,282 - Validation loss decreased (0.121009 --> 0.120759).  Saving model ...
2024-08-28 15:33:28,512 - Epoch 69/100, Train Loss(MSE): 0.10919601113899895, Validation Loss(MSE): 0.11963933830459912
2024-08-28 15:33:28,513 - Validation loss decreased (0.120759 --> 0.119639).  Saving model ...
2024-08-28 15:33:28,725 - Epoch 70/100, Train Loss(MSE): 0.1087950766896424, Validation Loss(MSE): 0.11961740007003148
2024-08-28 15:33:28,726 - Validation loss decreased (0.119639 --> 0.119617).  Saving model ...
2024-08-28 15:33:28,924 - Epoch 71/100, Train Loss(MSE): 0.10662257663257745, Validation Loss(MSE): 0.11894497399528821
2024-08-28 15:33:28,925 - Validation loss decreased (0.119617 --> 0.118945).  Saving model ...
2024-08-28 15:33:29,161 - Epoch 72/100, Train Loss(MSE): 0.10585942937304145, Validation Loss(MSE): 0.11833033710718155
2024-08-28 15:33:29,161 - Validation loss decreased (0.118945 --> 0.118330).  Saving model ...
2024-08-28 15:33:29,360 - Epoch 73/100, Train Loss(MSE): 0.10544585630945537, Validation Loss(MSE): 0.1178303627918164
2024-08-28 15:33:29,361 - Validation loss decreased (0.118330 --> 0.117830).  Saving model ...
2024-08-28 15:33:29,589 - Epoch 74/100, Train Loss(MSE): 0.10401073081985764, Validation Loss(MSE): 0.11783306548992793
2024-08-28 15:33:29,589 - EarlyStopping counter: 1 out of 5
2024-08-28 15:33:29,800 - Epoch 75/100, Train Loss(MSE): 0.10295783849837988, Validation Loss(MSE): 0.11674665970106919
2024-08-28 15:33:29,800 - Validation loss decreased (0.117830 --> 0.116747).  Saving model ...
2024-08-28 15:33:30,023 - Epoch 76/100, Train Loss(MSE): 0.10220131585779398, Validation Loss(MSE): 0.11667182296514511
2024-08-28 15:33:30,023 - Validation loss decreased (0.116747 --> 0.116672).  Saving model ...
2024-08-28 15:33:30,231 - Epoch 77/100, Train Loss(MSE): 0.10175542598185332, Validation Loss(MSE): 0.11603729861478011
2024-08-28 15:33:30,231 - Validation loss decreased (0.116672 --> 0.116037).  Saving model ...
2024-08-28 15:33:30,462 - Epoch 78/100, Train Loss(MSE): 0.10189126796372559, Validation Loss(MSE): 0.11598531218866508
2024-08-28 15:33:30,463 - Validation loss decreased (0.116037 --> 0.115985).  Saving model ...
2024-08-28 15:33:30,685 - Epoch 79/100, Train Loss(MSE): 0.09964865802422813, Validation Loss(MSE): 0.11525464182098706
2024-08-28 15:33:30,685 - Validation loss decreased (0.115985 --> 0.115255).  Saving model ...
2024-08-28 15:33:30,899 - Epoch 80/100, Train Loss(MSE): 0.09944725903156011, Validation Loss(MSE): 0.11524620465934277
2024-08-28 15:33:30,899 - EarlyStopping counter: 1 out of 5
2024-08-28 15:33:31,122 - Epoch 81/100, Train Loss(MSE): 0.09815414808690548, Validation Loss(MSE): 0.11454121892650922
2024-08-28 15:33:31,122 - Validation loss decreased (0.115255 --> 0.114541).  Saving model ...
2024-08-28 15:33:31,339 - Epoch 82/100, Train Loss(MSE): 0.09726755580176479, Validation Loss(MSE): 0.11404637433588505
2024-08-28 15:33:31,339 - Validation loss decreased (0.114541 --> 0.114046).  Saving model ...
2024-08-28 15:33:31,539 - Epoch 83/100, Train Loss(MSE): 0.09634125078825848, Validation Loss(MSE): 0.113833362236619
2024-08-28 15:33:31,539 - Validation loss decreased (0.114046 --> 0.113833).  Saving model ...
2024-08-28 15:33:31,756 - Epoch 84/100, Train Loss(MSE): 0.0959246574860552, Validation Loss(MSE): 0.11324880830943584
2024-08-28 15:33:31,757 - Validation loss decreased (0.113833 --> 0.113249).  Saving model ...
2024-08-28 15:33:31,954 - Epoch 85/100, Train Loss(MSE): 0.09520712859280732, Validation Loss(MSE): 0.11332101747393608
2024-08-28 15:33:31,954 - EarlyStopping counter: 1 out of 5
2024-08-28 15:33:32,157 - Epoch 86/100, Train Loss(MSE): 0.09450688504654428, Validation Loss(MSE): 0.11264212243258953
2024-08-28 15:33:32,157 - Validation loss decreased (0.113249 --> 0.112642).  Saving model ...
2024-08-28 15:33:32,357 - Epoch 87/100, Train Loss(MSE): 0.09443392061992832, Validation Loss(MSE): 0.11234255755941074
2024-08-28 15:33:32,357 - Validation loss decreased (0.112642 --> 0.112343).  Saving model ...
2024-08-28 15:33:32,562 - Epoch 88/100, Train Loss(MSE): 0.09468589488254942, Validation Loss(MSE): 0.11224260119100411
2024-08-28 15:33:32,562 - Validation loss decreased (0.112343 --> 0.112243).  Saving model ...
2024-08-28 15:33:32,792 - Epoch 89/100, Train Loss(MSE): 0.09334041364490986, Validation Loss(MSE): 0.11153288433949153
2024-08-28 15:33:32,792 - Validation loss decreased (0.112243 --> 0.111533).  Saving model ...
2024-08-28 15:33:32,989 - Epoch 90/100, Train Loss(MSE): 0.0922994201435991, Validation Loss(MSE): 0.11111606905857722
2024-08-28 15:33:32,989 - Validation loss decreased (0.111533 --> 0.111116).  Saving model ...
2024-08-28 15:33:33,203 - Epoch 91/100, Train Loss(MSE): 0.09197605870988058, Validation Loss(MSE): 0.11109496528903644
2024-08-28 15:33:33,203 - Validation loss decreased (0.111116 --> 0.111095).  Saving model ...
2024-08-28 15:33:33,415 - Epoch 92/100, Train Loss(MSE): 0.09113809271999028, Validation Loss(MSE): 0.11061380617320538
2024-08-28 15:33:33,415 - Validation loss decreased (0.111095 --> 0.110614).  Saving model ...
2024-08-28 15:33:33,627 - Epoch 93/100, Train Loss(MSE): 0.09130787468798783, Validation Loss(MSE): 0.11047163791954517
2024-08-28 15:33:33,628 - Validation loss decreased (0.110614 --> 0.110472).  Saving model ...
2024-08-28 15:33:33,837 - Epoch 94/100, Train Loss(MSE): 0.09085556662277035, Validation Loss(MSE): 0.11048764735460281
2024-08-28 15:33:33,837 - EarlyStopping counter: 1 out of 5
2024-08-28 15:33:34,028 - Epoch 95/100, Train Loss(MSE): 0.09121819383100323, Validation Loss(MSE): 0.11094457780321439
2024-08-28 15:33:34,028 - EarlyStopping counter: 2 out of 5
2024-08-28 15:33:34,243 - Epoch 96/100, Train Loss(MSE): 0.09038245264926682, Validation Loss(MSE): 0.10953278218706448
2024-08-28 15:33:34,243 - Validation loss decreased (0.110472 --> 0.109533).  Saving model ...
2024-08-28 15:33:34,463 - Epoch 97/100, Train Loss(MSE): 0.08951204100056835, Validation Loss(MSE): 0.10933055045704047
2024-08-28 15:33:34,463 - Validation loss decreased (0.109533 --> 0.109331).  Saving model ...
2024-08-28 15:33:34,671 - Epoch 98/100, Train Loss(MSE): 0.08935504819711913, Validation Loss(MSE): 0.10940742430587609
2024-08-28 15:33:34,671 - EarlyStopping counter: 1 out of 5
2024-08-28 15:33:34,876 - Epoch 99/100, Train Loss(MSE): 0.08806471502327401, Validation Loss(MSE): 0.10891215254863103
2024-08-28 15:33:34,876 - Validation loss decreased (0.109331 --> 0.108912).  Saving model ...
2024-08-28 15:33:35,083 - Epoch 100/100, Train Loss(MSE): 0.08798422874963802, Validation Loss(MSE): 0.10905894575019677
2024-08-28 15:33:35,083 - EarlyStopping counter: 1 out of 5
2024-08-28 15:33:35,083 - —µ¡∑ 100 ¥Œepoch£¨—µ¡∑ ±≥§: 21.373168230056763 √Î
2024-08-28 15:33:35,096 - Test Loss(MSE): 0.09701211440066497
2024-08-28 15:33:35,102 - Model saved to D:\PythonProject\scorpioMock\MPDLinear\checkpoint\MPDLinear_20240828-153335_bs32_seq7_enc24_pred_len7_individualTrue_checkpoint.pth
2024-08-28 15:33:35,109 - Test Loss (Original Scale) MSE: 12.088340382320613
