2024-08-25 14:32:37,752 - Epoch 1/100, Train Loss(MSE): 0.7811795618798998, Validation Loss(MSE): 0.5823915004730225
2024-08-25 14:32:37,752 - Validation loss decreased for the first time. Saving model ...
2024-08-25 14:32:38,034 - Epoch 2/100, Train Loss(MSE): 0.5266195866796706, Validation Loss(MSE): 0.4084530621767044
2024-08-25 14:32:38,039 - Validation loss decreased (0.582392 --> 0.408453).  Saving model ...
2024-08-25 14:32:38,334 - Epoch 3/100, Train Loss(MSE): 0.36998383402824403, Validation Loss(MSE): 0.3010764668385188
2024-08-25 14:32:38,334 - Validation loss decreased (0.408453 --> 0.301076).  Saving model ...
2024-08-25 14:32:38,636 - Epoch 4/100, Train Loss(MSE): 0.2737403372923533, Validation Loss(MSE): 0.23585531363884607
2024-08-25 14:32:38,636 - Validation loss decreased (0.301076 --> 0.235855).  Saving model ...
2024-08-25 14:32:38,917 - Epoch 5/100, Train Loss(MSE): 0.2131677276558346, Validation Loss(MSE): 0.19244160503149033
2024-08-25 14:32:38,918 - Validation loss decreased (0.235855 --> 0.192442).  Saving model ...
2024-08-25 14:32:39,205 - Epoch 6/100, Train Loss(MSE): 0.173509828084045, Validation Loss(MSE): 0.16270232076446214
2024-08-25 14:32:39,205 - Validation loss decreased (0.192442 --> 0.162702).  Saving model ...
2024-08-25 14:32:39,490 - Epoch 7/100, Train Loss(MSE): 0.1468133976062139, Validation Loss(MSE): 0.13998175784945488
2024-08-25 14:32:39,490 - Validation loss decreased (0.162702 --> 0.139982).  Saving model ...
2024-08-25 14:32:39,762 - Epoch 8/100, Train Loss(MSE): 0.12792349300450748, Validation Loss(MSE): 0.12462854633728664
2024-08-25 14:32:39,763 - Validation loss decreased (0.139982 --> 0.124629).  Saving model ...
2024-08-25 14:32:40,081 - Epoch 9/100, Train Loss(MSE): 0.11430035101042854, Validation Loss(MSE): 0.11220123991370201
2024-08-25 14:32:40,081 - Validation loss decreased (0.124629 --> 0.112201).  Saving model ...
2024-08-25 14:32:40,362 - Epoch 10/100, Train Loss(MSE): 0.10361914883057276, Validation Loss(MSE): 0.10227442284425099
2024-08-25 14:32:40,362 - Validation loss decreased (0.112201 --> 0.102274).  Saving model ...
2024-08-25 14:32:40,637 - Epoch 11/100, Train Loss(MSE): 0.09562469778789415, Validation Loss(MSE): 0.09569534659385681
2024-08-25 14:32:40,638 - Validation loss decreased (0.102274 --> 0.095695).  Saving model ...
2024-08-25 14:32:40,920 - Epoch 12/100, Train Loss(MSE): 0.08916413105196423, Validation Loss(MSE): 0.08948373856643836
2024-08-25 14:32:40,920 - Validation loss decreased (0.095695 --> 0.089484).  Saving model ...
2024-08-25 14:32:41,208 - Epoch 13/100, Train Loss(MSE): 0.08375379062361188, Validation Loss(MSE): 0.08410199296971162
2024-08-25 14:32:41,208 - Validation loss decreased (0.089484 --> 0.084102).  Saving model ...
2024-08-25 14:32:41,506 - Epoch 14/100, Train Loss(MSE): 0.0794069138665994, Validation Loss(MSE): 0.07945442634324233
2024-08-25 14:32:41,506 - Validation loss decreased (0.084102 --> 0.079454).  Saving model ...
2024-08-25 14:32:41,810 - Epoch 15/100, Train Loss(MSE): 0.0756085216999054, Validation Loss(MSE): 0.0764048049847285
2024-08-25 14:32:41,810 - Validation loss decreased (0.079454 --> 0.076405).  Saving model ...
2024-08-25 14:32:42,084 - Epoch 16/100, Train Loss(MSE): 0.07239468238419956, Validation Loss(MSE): 0.0735633975515763
2024-08-25 14:32:42,084 - Validation loss decreased (0.076405 --> 0.073563).  Saving model ...
2024-08-25 14:32:42,392 - Epoch 17/100, Train Loss(MSE): 0.06932710914148224, Validation Loss(MSE): 0.07072295000155766
2024-08-25 14:32:42,392 - Validation loss decreased (0.073563 --> 0.070723).  Saving model ...
2024-08-25 14:32:42,671 - Epoch 18/100, Train Loss(MSE): 0.06674671669801076, Validation Loss(MSE): 0.06856564866999786
2024-08-25 14:32:42,671 - Validation loss decreased (0.070723 --> 0.068566).  Saving model ...
2024-08-25 14:32:42,974 - Epoch 19/100, Train Loss(MSE): 0.06459132673011886, Validation Loss(MSE): 0.06626649138828118
2024-08-25 14:32:42,975 - Validation loss decreased (0.068566 --> 0.066266).  Saving model ...
2024-08-25 14:32:43,272 - Epoch 20/100, Train Loss(MSE): 0.06250213959978687, Validation Loss(MSE): 0.06495916532973449
2024-08-25 14:32:43,272 - Validation loss decreased (0.066266 --> 0.064959).  Saving model ...
2024-08-25 14:32:43,544 - Epoch 21/100, Train Loss(MSE): 0.06053142464823193, Validation Loss(MSE): 0.06396960218747456
2024-08-25 14:32:43,544 - Validation loss decreased (0.064959 --> 0.063970).  Saving model ...
2024-08-25 14:32:43,846 - Epoch 22/100, Train Loss(MSE): 0.058797694701287484, Validation Loss(MSE): 0.06192109175026417
2024-08-25 14:32:43,846 - Validation loss decreased (0.063970 --> 0.061921).  Saving model ...
2024-08-25 14:32:44,103 - Epoch 23/100, Train Loss(MSE): 0.05719466892381509, Validation Loss(MSE): 0.06135340593755245
2024-08-25 14:32:44,103 - Validation loss decreased (0.061921 --> 0.061353).  Saving model ...
2024-08-25 14:32:44,398 - Epoch 24/100, Train Loss(MSE): 0.05566755649116304, Validation Loss(MSE): 0.05939122475683689
2024-08-25 14:32:44,398 - Validation loss decreased (0.061353 --> 0.059391).  Saving model ...
2024-08-25 14:32:44,676 - Epoch 25/100, Train Loss(MSE): 0.0543858812087112, Validation Loss(MSE): 0.05918335045377413
2024-08-25 14:32:44,676 - Validation loss decreased (0.059391 --> 0.059183).  Saving model ...
2024-08-25 14:32:44,947 - Epoch 26/100, Train Loss(MSE): 0.0529873584707578, Validation Loss(MSE): 0.0582853356997172
2024-08-25 14:32:44,948 - Validation loss decreased (0.059183 --> 0.058285).  Saving model ...
2024-08-25 14:32:45,220 - Epoch 27/100, Train Loss(MSE): 0.051986515522003174, Validation Loss(MSE): 0.057842317347725235
2024-08-25 14:32:45,220 - Validation loss decreased (0.058285 --> 0.057842).  Saving model ...
2024-08-25 14:32:45,493 - Epoch 28/100, Train Loss(MSE): 0.050877688121464516, Validation Loss(MSE): 0.056629193325837456
2024-08-25 14:32:45,493 - Validation loss decreased (0.057842 --> 0.056629).  Saving model ...
2024-08-25 14:32:45,769 - Epoch 29/100, Train Loss(MSE): 0.04981863883634408, Validation Loss(MSE): 0.056236029913028084
2024-08-25 14:32:45,769 - Validation loss decreased (0.056629 --> 0.056236).  Saving model ...
2024-08-25 14:32:46,041 - Epoch 30/100, Train Loss(MSE): 0.04888037753601869, Validation Loss(MSE): 0.055909305810928345
2024-08-25 14:32:46,042 - Validation loss decreased (0.056236 --> 0.055909).  Saving model ...
2024-08-25 14:32:46,312 - Epoch 31/100, Train Loss(MSE): 0.04799833599891928, Validation Loss(MSE): 0.05461553360025088
2024-08-25 14:32:46,313 - Validation loss decreased (0.055909 --> 0.054616).  Saving model ...
2024-08-25 14:32:46,577 - Epoch 32/100, Train Loss(MSE): 0.04705944781502088, Validation Loss(MSE): 0.05488274494806925
2024-08-25 14:32:46,577 - EarlyStopping counter: 1 out of 5
2024-08-25 14:32:46,872 - Epoch 33/100, Train Loss(MSE): 0.046361665882998046, Validation Loss(MSE): 0.054165144761403404
2024-08-25 14:32:46,872 - Validation loss decreased (0.054616 --> 0.054165).  Saving model ...
2024-08-25 14:32:47,170 - Epoch 34/100, Train Loss(MSE): 0.045551945269107816, Validation Loss(MSE): 0.05404302726189295
2024-08-25 14:32:47,170 - Validation loss decreased (0.054165 --> 0.054043).  Saving model ...
2024-08-25 14:32:47,473 - Epoch 35/100, Train Loss(MSE): 0.04485912832121054, Validation Loss(MSE): 0.053059181198477745
2024-08-25 14:32:47,473 - Validation loss decreased (0.054043 --> 0.053059).  Saving model ...
2024-08-25 14:32:47,745 - Epoch 36/100, Train Loss(MSE): 0.04440212994813919, Validation Loss(MSE): 0.05316975153982639
2024-08-25 14:32:47,746 - EarlyStopping counter: 1 out of 5
2024-08-25 14:32:48,015 - Epoch 37/100, Train Loss(MSE): 0.04377761354876889, Validation Loss(MSE): 0.052876053377985954
2024-08-25 14:32:48,015 - Validation loss decreased (0.053059 --> 0.052876).  Saving model ...
2024-08-25 14:32:48,289 - Epoch 38/100, Train Loss(MSE): 0.04308768546001779, Validation Loss(MSE): 0.05265161829690138
2024-08-25 14:32:48,290 - Validation loss decreased (0.052876 --> 0.052652).  Saving model ...
2024-08-25 14:32:48,566 - Epoch 39/100, Train Loss(MSE): 0.042541503285368286, Validation Loss(MSE): 0.05270712015529474
2024-08-25 14:32:48,566 - EarlyStopping counter: 1 out of 5
2024-08-25 14:32:48,846 - Epoch 40/100, Train Loss(MSE): 0.042004085953036945, Validation Loss(MSE): 0.05234453702966372
2024-08-25 14:32:48,847 - Validation loss decreased (0.052652 --> 0.052345).  Saving model ...
2024-08-25 14:32:49,132 - Epoch 41/100, Train Loss(MSE): 0.0415418215509918, Validation Loss(MSE): 0.051628983269135155
2024-08-25 14:32:49,132 - Validation loss decreased (0.052345 --> 0.051629).  Saving model ...
2024-08-25 14:32:49,409 - Epoch 42/100, Train Loss(MSE): 0.04093594513833523, Validation Loss(MSE): 0.05258598613242308
2024-08-25 14:32:49,410 - EarlyStopping counter: 1 out of 5
2024-08-25 14:32:49,687 - Epoch 43/100, Train Loss(MSE): 0.04066057577729225, Validation Loss(MSE): 0.052110989267627396
2024-08-25 14:32:49,687 - EarlyStopping counter: 2 out of 5
2024-08-25 14:32:49,969 - Epoch 44/100, Train Loss(MSE): 0.04027772889369064, Validation Loss(MSE): 0.05218272966643175
2024-08-25 14:32:49,969 - EarlyStopping counter: 3 out of 5
2024-08-25 14:32:50,252 - Epoch 45/100, Train Loss(MSE): 0.039813068095180724, Validation Loss(MSE): 0.052288065974911056
2024-08-25 14:32:50,253 - EarlyStopping counter: 4 out of 5
2024-08-25 14:32:50,524 - Epoch 46/100, Train Loss(MSE): 0.039461592212319374, Validation Loss(MSE): 0.05168932427962621
2024-08-25 14:32:50,524 - EarlyStopping counter: 5 out of 5
2024-08-25 14:32:50,524 - Early stopping
2024-08-25 14:32:50,542 - Test Loss(MSE): 0.06554459035396576
2024-08-25 14:32:50,551 - Model saved to D:\PythonProject\scorpioMock\MPDLinear\checkpoint\MPDLinear_20240825-143250_bs32_seq30_enc24_pred_len10_individualTrue_checkpoint.pth
