2024-08-25 14:20:19,726 - Epoch 1/100, Train Loss(MSE): 0.8128496501180861, Validation Loss(MSE): 0.60333385070165
2024-08-25 14:20:19,727 - Validation loss decreased for the first time. Saving model ...
2024-08-25 14:20:20,007 - Epoch 2/100, Train Loss(MSE): 0.5452044222089979, Validation Loss(MSE): 0.42002811034520465
2024-08-25 14:20:20,008 - Validation loss decreased (0.603334 --> 0.420028).  Saving model ...
2024-08-25 14:20:20,318 - Epoch 3/100, Train Loss(MSE): 0.3821234206358592, Validation Loss(MSE): 0.3093523184458415
2024-08-25 14:20:20,318 - Validation loss decreased (0.420028 --> 0.309352).  Saving model ...
2024-08-25 14:20:20,620 - Epoch 4/100, Train Loss(MSE): 0.2820907774898741, Validation Loss(MSE): 0.2402745634317398
2024-08-25 14:20:20,620 - Validation loss decreased (0.309352 --> 0.240275).  Saving model ...
2024-08-25 14:20:20,894 - Epoch 5/100, Train Loss(MSE): 0.21884085569116804, Validation Loss(MSE): 0.19661505768696466
2024-08-25 14:20:20,894 - Validation loss decreased (0.240275 --> 0.196615).  Saving model ...
2024-08-25 14:20:21,174 - Epoch 6/100, Train Loss(MSE): 0.17824460516373317, Validation Loss(MSE): 0.16569634899497032
2024-08-25 14:20:21,175 - Validation loss decreased (0.196615 --> 0.165696).  Saving model ...
2024-08-25 14:20:21,493 - Epoch 7/100, Train Loss(MSE): 0.1509262155327532, Validation Loss(MSE): 0.1444875175754229
2024-08-25 14:20:21,494 - Validation loss decreased (0.165696 --> 0.144488).  Saving model ...
2024-08-25 14:20:21,770 - Epoch 8/100, Train Loss(MSE): 0.13121726595693164, Validation Loss(MSE): 0.12593303869167963
2024-08-25 14:20:21,770 - Validation loss decreased (0.144488 --> 0.125933).  Saving model ...
2024-08-25 14:20:22,078 - Epoch 9/100, Train Loss(MSE): 0.11683776362074746, Validation Loss(MSE): 0.11372361208001773
2024-08-25 14:20:22,079 - Validation loss decreased (0.125933 --> 0.113724).  Saving model ...
2024-08-25 14:20:22,364 - Epoch 10/100, Train Loss(MSE): 0.10641036745574739, Validation Loss(MSE): 0.10346289972464244
2024-08-25 14:20:22,365 - Validation loss decreased (0.113724 --> 0.103463).  Saving model ...
2024-08-25 14:20:22,665 - Epoch 11/100, Train Loss(MSE): 0.09804155511988534, Validation Loss(MSE): 0.09620622421304385
2024-08-25 14:20:22,666 - Validation loss decreased (0.103463 --> 0.096206).  Saving model ...
2024-08-25 14:20:22,944 - Epoch 12/100, Train Loss(MSE): 0.0914565352929963, Validation Loss(MSE): 0.09005021614332993
2024-08-25 14:20:22,944 - Validation loss decreased (0.096206 --> 0.090050).  Saving model ...
2024-08-25 14:20:23,275 - Epoch 13/100, Train Loss(MSE): 0.08593732176555527, Validation Loss(MSE): 0.08481912190715472
2024-08-25 14:20:23,275 - Validation loss decreased (0.090050 --> 0.084819).  Saving model ...
2024-08-25 14:20:23,559 - Epoch 14/100, Train Loss(MSE): 0.0812226443654961, Validation Loss(MSE): 0.08029802702367306
2024-08-25 14:20:23,559 - Validation loss decreased (0.084819 --> 0.080298).  Saving model ...
2024-08-25 14:20:23,891 - Epoch 15/100, Train Loss(MSE): 0.07740692488021321, Validation Loss(MSE): 0.077023571357131
2024-08-25 14:20:23,892 - Validation loss decreased (0.080298 --> 0.077024).  Saving model ...
2024-08-25 14:20:24,181 - Epoch 16/100, Train Loss(MSE): 0.07398810585339864, Validation Loss(MSE): 0.07397422629098098
2024-08-25 14:20:24,182 - Validation loss decreased (0.077024 --> 0.073974).  Saving model ...
2024-08-25 14:20:24,466 - Epoch 17/100, Train Loss(MSE): 0.07095180054505666, Validation Loss(MSE): 0.07127194044490655
2024-08-25 14:20:24,466 - Validation loss decreased (0.073974 --> 0.071272).  Saving model ...
2024-08-25 14:20:24,741 - Epoch 18/100, Train Loss(MSE): 0.06828465279605654, Validation Loss(MSE): 0.06841584791739781
2024-08-25 14:20:24,741 - Validation loss decreased (0.071272 --> 0.068416).  Saving model ...
2024-08-25 14:20:25,042 - Epoch 19/100, Train Loss(MSE): 0.06590587256683243, Validation Loss(MSE): 0.06662854924798012
2024-08-25 14:20:25,042 - Validation loss decreased (0.068416 --> 0.066629).  Saving model ...
2024-08-25 14:20:25,324 - Epoch 20/100, Train Loss(MSE): 0.06370126588477029, Validation Loss(MSE): 0.06443053546051185
2024-08-25 14:20:25,324 - Validation loss decreased (0.066629 --> 0.064431).  Saving model ...
2024-08-25 14:20:25,621 - Epoch 21/100, Train Loss(MSE): 0.06162492798434364, Validation Loss(MSE): 0.06361089646816254
2024-08-25 14:20:25,621 - Validation loss decreased (0.064431 --> 0.063611).  Saving model ...
2024-08-25 14:20:25,889 - Epoch 22/100, Train Loss(MSE): 0.05984539174371296, Validation Loss(MSE): 0.061718435337146126
2024-08-25 14:20:25,889 - Validation loss decreased (0.063611 --> 0.061718).  Saving model ...
2024-08-25 14:20:26,172 - Epoch 23/100, Train Loss(MSE): 0.05820467521746953, Validation Loss(MSE): 0.06094722201426824
2024-08-25 14:20:26,172 - Validation loss decreased (0.061718 --> 0.060947).  Saving model ...
2024-08-25 14:20:26,451 - Epoch 24/100, Train Loss(MSE): 0.05681638866662979, Validation Loss(MSE): 0.05954661779105663
2024-08-25 14:20:26,451 - Validation loss decreased (0.060947 --> 0.059547).  Saving model ...
2024-08-25 14:20:26,730 - Epoch 25/100, Train Loss(MSE): 0.05530235866705577, Validation Loss(MSE): 0.05859134097894033
2024-08-25 14:20:26,731 - Validation loss decreased (0.059547 --> 0.058591).  Saving model ...
2024-08-25 14:20:27,033 - Epoch 26/100, Train Loss(MSE): 0.05406293993194898, Validation Loss(MSE): 0.057874259228507675
2024-08-25 14:20:27,034 - Validation loss decreased (0.058591 --> 0.057874).  Saving model ...
2024-08-25 14:20:27,302 - Epoch 27/100, Train Loss(MSE): 0.05270221448606915, Validation Loss(MSE): 0.0570164912690719
2024-08-25 14:20:27,302 - Validation loss decreased (0.057874 --> 0.057016).  Saving model ...
2024-08-25 14:20:27,584 - Epoch 28/100, Train Loss(MSE): 0.051724400909410585, Validation Loss(MSE): 0.05684839809934298
2024-08-25 14:20:27,584 - Validation loss decreased (0.057016 --> 0.056848).  Saving model ...
2024-08-25 14:20:27,882 - Epoch 29/100, Train Loss(MSE): 0.050536569290690954, Validation Loss(MSE): 0.05575892701745033
2024-08-25 14:20:27,882 - Validation loss decreased (0.056848 --> 0.055759).  Saving model ...
2024-08-25 14:20:28,185 - Epoch 30/100, Train Loss(MSE): 0.049607005798154406, Validation Loss(MSE): 0.054928249989946686
2024-08-25 14:20:28,186 - Validation loss decreased (0.055759 --> 0.054928).  Saving model ...
2024-08-25 14:20:28,471 - Epoch 31/100, Train Loss(MSE): 0.04871238176193502, Validation Loss(MSE): 0.05505557544529438
2024-08-25 14:20:28,471 - EarlyStopping counter: 1 out of 5
2024-08-25 14:20:28,760 - Epoch 32/100, Train Loss(MSE): 0.04778372169368797, Validation Loss(MSE): 0.05370394761363665
2024-08-25 14:20:28,760 - Validation loss decreased (0.054928 --> 0.053704).  Saving model ...
2024-08-25 14:20:29,069 - Epoch 33/100, Train Loss(MSE): 0.047062408758534326, Validation Loss(MSE): 0.05390637181699276
2024-08-25 14:20:29,070 - EarlyStopping counter: 1 out of 5
2024-08-25 14:20:29,358 - Epoch 34/100, Train Loss(MSE): 0.04628318924870756, Validation Loss(MSE): 0.05326757517953714
2024-08-25 14:20:29,358 - Validation loss decreased (0.053704 --> 0.053268).  Saving model ...
2024-08-25 14:20:29,638 - Epoch 35/100, Train Loss(MSE): 0.04557539675798681, Validation Loss(MSE): 0.05338708870112896
2024-08-25 14:20:29,638 - EarlyStopping counter: 1 out of 5
2024-08-25 14:20:29,928 - Epoch 36/100, Train Loss(MSE): 0.0451167135602898, Validation Loss(MSE): 0.05241405343015989
2024-08-25 14:20:29,928 - Validation loss decreased (0.053268 --> 0.052414).  Saving model ...
2024-08-25 14:20:30,217 - Epoch 37/100, Train Loss(MSE): 0.044167984773715335, Validation Loss(MSE): 0.052219634875655174
2024-08-25 14:20:30,217 - Validation loss decreased (0.052414 --> 0.052220).  Saving model ...
2024-08-25 14:20:30,484 - Epoch 38/100, Train Loss(MSE): 0.04357094520495997, Validation Loss(MSE): 0.052849402030309044
2024-08-25 14:20:30,484 - EarlyStopping counter: 1 out of 5
2024-08-25 14:20:30,764 - Epoch 39/100, Train Loss(MSE): 0.04317964013251993, Validation Loss(MSE): 0.05141036274532477
2024-08-25 14:20:30,764 - Validation loss decreased (0.052220 --> 0.051410).  Saving model ...
2024-08-25 14:20:31,055 - Epoch 40/100, Train Loss(MSE): 0.04239513004819552, Validation Loss(MSE): 0.051563397670785584
2024-08-25 14:20:31,056 - EarlyStopping counter: 1 out of 5
2024-08-25 14:20:31,330 - Epoch 41/100, Train Loss(MSE): 0.041891366698675686, Validation Loss(MSE): 0.051525386050343513
2024-08-25 14:20:31,331 - EarlyStopping counter: 2 out of 5
2024-08-25 14:20:31,605 - Epoch 42/100, Train Loss(MSE): 0.04145582769480016, Validation Loss(MSE): 0.051110763723651566
2024-08-25 14:20:31,605 - Validation loss decreased (0.051410 --> 0.051111).  Saving model ...
2024-08-25 14:20:31,889 - Epoch 43/100, Train Loss(MSE): 0.040931740485959586, Validation Loss(MSE): 0.05097327878077825
2024-08-25 14:20:31,890 - Validation loss decreased (0.051111 --> 0.050973).  Saving model ...
2024-08-25 14:20:32,214 - Epoch 44/100, Train Loss(MSE): 0.04065693318843842, Validation Loss(MSE): 0.05123698773483435
2024-08-25 14:20:32,214 - EarlyStopping counter: 1 out of 5
2024-08-25 14:20:32,555 - Epoch 45/100, Train Loss(MSE): 0.04020727624495824, Validation Loss(MSE): 0.051448133463660874
2024-08-25 14:20:32,555 - EarlyStopping counter: 2 out of 5
2024-08-25 14:20:32,852 - Epoch 46/100, Train Loss(MSE): 0.03985470181537999, Validation Loss(MSE): 0.05095521671076616
2024-08-25 14:20:32,853 - Validation loss decreased (0.050973 --> 0.050955).  Saving model ...
2024-08-25 14:20:33,151 - Epoch 47/100, Train Loss(MSE): 0.03945638040701548, Validation Loss(MSE): 0.0509067066013813
2024-08-25 14:20:33,151 - Validation loss decreased (0.050955 --> 0.050907).  Saving model ...
2024-08-25 14:20:33,499 - Epoch 48/100, Train Loss(MSE): 0.03901567918558915, Validation Loss(MSE): 0.050968232875068985
2024-08-25 14:20:33,499 - EarlyStopping counter: 1 out of 5
2024-08-25 14:20:33,797 - Epoch 49/100, Train Loss(MSE): 0.03877680086427265, Validation Loss(MSE): 0.050893133506178856
2024-08-25 14:20:33,797 - Validation loss decreased (0.050907 --> 0.050893).  Saving model ...
2024-08-25 14:20:34,136 - Epoch 50/100, Train Loss(MSE): 0.0384377624011702, Validation Loss(MSE): 0.05140716706713041
2024-08-25 14:20:34,136 - EarlyStopping counter: 1 out of 5
2024-08-25 14:20:34,435 - Epoch 51/100, Train Loss(MSE): 0.0381999430557092, Validation Loss(MSE): 0.05093511939048767
2024-08-25 14:20:34,436 - EarlyStopping counter: 2 out of 5
2024-08-25 14:20:34,712 - Epoch 52/100, Train Loss(MSE): 0.03774065271847778, Validation Loss(MSE): 0.05123776197433472
2024-08-25 14:20:34,713 - EarlyStopping counter: 3 out of 5
2024-08-25 14:20:35,008 - Epoch 53/100, Train Loss(MSE): 0.03745081188778083, Validation Loss(MSE): 0.05043615152438482
2024-08-25 14:20:35,008 - Validation loss decreased (0.050893 --> 0.050436).  Saving model ...
2024-08-25 14:20:35,323 - Epoch 54/100, Train Loss(MSE): 0.03722441101239787, Validation Loss(MSE): 0.051348124941190086
2024-08-25 14:20:35,324 - EarlyStopping counter: 1 out of 5
2024-08-25 14:20:35,591 - Epoch 55/100, Train Loss(MSE): 0.03698259335425165, Validation Loss(MSE): 0.05092261297007402
2024-08-25 14:20:35,592 - EarlyStopping counter: 2 out of 5
2024-08-25 14:20:35,863 - Epoch 56/100, Train Loss(MSE): 0.03666678979578945, Validation Loss(MSE): 0.0513056144118309
2024-08-25 14:20:35,864 - EarlyStopping counter: 3 out of 5
2024-08-25 14:20:36,138 - Epoch 57/100, Train Loss(MSE): 0.03641338464286592, Validation Loss(MSE): 0.05040791817009449
2024-08-25 14:20:36,138 - Validation loss decreased (0.050436 --> 0.050408).  Saving model ...
2024-08-25 14:20:36,456 - Epoch 58/100, Train Loss(MSE): 0.036311140863431825, Validation Loss(MSE): 0.051034032056728997
2024-08-25 14:20:36,456 - EarlyStopping counter: 1 out of 5
2024-08-25 14:20:36,741 - Epoch 59/100, Train Loss(MSE): 0.03601269920667013, Validation Loss(MSE): 0.050808634608983994
2024-08-25 14:20:36,741 - EarlyStopping counter: 2 out of 5
2024-08-25 14:20:37,008 - Epoch 60/100, Train Loss(MSE): 0.03595415585570865, Validation Loss(MSE): 0.050640846292177834
2024-08-25 14:20:37,008 - EarlyStopping counter: 3 out of 5
2024-08-25 14:20:37,268 - Epoch 61/100, Train Loss(MSE): 0.03571718136469523, Validation Loss(MSE): 0.050763072445988655
2024-08-25 14:20:37,269 - EarlyStopping counter: 4 out of 5
2024-08-25 14:20:37,544 - Epoch 62/100, Train Loss(MSE): 0.03550904471841124, Validation Loss(MSE): 0.0515417338659366
2024-08-25 14:20:37,544 - EarlyStopping counter: 5 out of 5
2024-08-25 14:20:37,545 - Early stopping
2024-08-25 14:20:37,563 - Test Loss(MSE): 0.061888053392370544
2024-08-25 14:20:37,570 - Model saved to D:\PythonProject\scorpioMock\MPDLinear\checkpoint\MPDLinear_20240825-142037_bs32_seq30_enc24_pred_len10_individualTrue_checkpoint.pth
