2024-08-25 15:21:24,880 - Epoch 1/100, Train Loss(MSE): 0.8122598012288411, Validation Loss(MSE): 0.6042583386103312
2024-08-25 15:21:24,880 - Validation loss decreased for the first time. Saving model ...
2024-08-25 15:21:25,134 - Epoch 2/100, Train Loss(MSE): 0.5483479387230343, Validation Loss(MSE): 0.4221514165401459
2024-08-25 15:21:25,138 - Validation loss decreased (0.604258 --> 0.422151).  Saving model ...
2024-08-25 15:21:25,390 - Epoch 3/100, Train Loss(MSE): 0.3827644871340858, Validation Loss(MSE): 0.3118748466173808
2024-08-25 15:21:25,391 - Validation loss decreased (0.422151 --> 0.311875).  Saving model ...
2024-08-25 15:21:25,643 - Epoch 4/100, Train Loss(MSE): 0.28221441904703776, Validation Loss(MSE): 0.24171760429938635
2024-08-25 15:21:25,643 - Validation loss decreased (0.311875 --> 0.241718).  Saving model ...
2024-08-25 15:21:25,903 - Epoch 5/100, Train Loss(MSE): 0.2187231757574611, Validation Loss(MSE): 0.19759880751371384
2024-08-25 15:21:25,904 - Validation loss decreased (0.241718 --> 0.197599).  Saving model ...
2024-08-25 15:21:26,172 - Epoch 6/100, Train Loss(MSE): 0.1785384969578849, Validation Loss(MSE): 0.1665782295167446
2024-08-25 15:21:26,172 - Validation loss decreased (0.197599 --> 0.166578).  Saving model ...
2024-08-25 15:21:26,444 - Epoch 7/100, Train Loss(MSE): 0.15057748953501385, Validation Loss(MSE): 0.14426706855495772
2024-08-25 15:21:26,444 - Validation loss decreased (0.166578 --> 0.144267).  Saving model ...
2024-08-25 15:21:26,697 - Epoch 8/100, Train Loss(MSE): 0.13109687119722366, Validation Loss(MSE): 0.12737912560502687
2024-08-25 15:21:26,697 - Validation loss decreased (0.144267 --> 0.127379).  Saving model ...
2024-08-25 15:21:26,958 - Epoch 9/100, Train Loss(MSE): 0.11704940117067761, Validation Loss(MSE): 0.11516241729259491
2024-08-25 15:21:26,958 - Validation loss decreased (0.127379 --> 0.115162).  Saving model ...
2024-08-25 15:21:27,207 - Epoch 10/100, Train Loss(MSE): 0.10631652524073919, Validation Loss(MSE): 0.10521418725450833
2024-08-25 15:21:27,208 - Validation loss decreased (0.115162 --> 0.105214).  Saving model ...
2024-08-25 15:21:27,482 - Epoch 11/100, Train Loss(MSE): 0.09807788729667663, Validation Loss(MSE): 0.09664210304617882
2024-08-25 15:21:27,482 - Validation loss decreased (0.105214 --> 0.096642).  Saving model ...
2024-08-25 15:21:27,739 - Epoch 12/100, Train Loss(MSE): 0.09146472422613038, Validation Loss(MSE): 0.09096721435586612
2024-08-25 15:21:27,739 - Validation loss decreased (0.096642 --> 0.090967).  Saving model ...
2024-08-25 15:21:28,004 - Epoch 13/100, Train Loss(MSE): 0.08590433630678389, Validation Loss(MSE): 0.08540839267273743
2024-08-25 15:21:28,004 - Validation loss decreased (0.090967 --> 0.085408).  Saving model ...
2024-08-25 15:21:28,239 - Epoch 14/100, Train Loss(MSE): 0.0815437419546975, Validation Loss(MSE): 0.08105273110171159
2024-08-25 15:21:28,239 - Validation loss decreased (0.085408 --> 0.081053).  Saving model ...
2024-08-25 15:21:28,487 - Epoch 15/100, Train Loss(MSE): 0.07748652489648925, Validation Loss(MSE): 0.07735534819463889
2024-08-25 15:21:28,487 - Validation loss decreased (0.081053 --> 0.077355).  Saving model ...
2024-08-25 15:21:28,747 - Epoch 16/100, Train Loss(MSE): 0.07391275929080116, Validation Loss(MSE): 0.07399480789899826
2024-08-25 15:21:28,747 - Validation loss decreased (0.077355 --> 0.073995).  Saving model ...
2024-08-25 15:21:29,005 - Epoch 17/100, Train Loss(MSE): 0.07088273540139198, Validation Loss(MSE): 0.07142393477261066
2024-08-25 15:21:29,005 - Validation loss decreased (0.073995 --> 0.071424).  Saving model ...
2024-08-25 15:21:29,257 - Epoch 18/100, Train Loss(MSE): 0.0681753103931745, Validation Loss(MSE): 0.0690690732250611
2024-08-25 15:21:29,258 - Validation loss decreased (0.071424 --> 0.069069).  Saving model ...
2024-08-25 15:21:29,501 - Epoch 19/100, Train Loss(MSE): 0.06586351154579057, Validation Loss(MSE): 0.06650532968342304
2024-08-25 15:21:29,502 - Validation loss decreased (0.069069 --> 0.066505).  Saving model ...
2024-08-25 15:21:29,758 - Epoch 20/100, Train Loss(MSE): 0.06387488750947846, Validation Loss(MSE): 0.06513870817919572
2024-08-25 15:21:29,758 - Validation loss decreased (0.066505 --> 0.065139).  Saving model ...
2024-08-25 15:21:29,997 - Epoch 21/100, Train Loss(MSE): 0.061629088471333186, Validation Loss(MSE): 0.06373357214033604
2024-08-25 15:21:29,998 - Validation loss decreased (0.065139 --> 0.063734).  Saving model ...
2024-08-25 15:21:30,255 - Epoch 22/100, Train Loss(MSE): 0.05981764379474852, Validation Loss(MSE): 0.062063129618763924
2024-08-25 15:21:30,255 - Validation loss decreased (0.063734 --> 0.062063).  Saving model ...
2024-08-25 15:21:30,506 - Epoch 23/100, Train Loss(MSE): 0.058179646275109714, Validation Loss(MSE): 0.06128372376163801
2024-08-25 15:21:30,507 - Validation loss decreased (0.062063 --> 0.061284).  Saving model ...
2024-08-25 15:21:30,788 - Epoch 24/100, Train Loss(MSE): 0.056807325780391695, Validation Loss(MSE): 0.06065198344488939
2024-08-25 15:21:30,789 - Validation loss decreased (0.061284 --> 0.060652).  Saving model ...
2024-08-25 15:21:31,041 - Epoch 25/100, Train Loss(MSE): 0.055228899502091935, Validation Loss(MSE): 0.05898774787783623
2024-08-25 15:21:31,041 - Validation loss decreased (0.060652 --> 0.058988).  Saving model ...
2024-08-25 15:21:31,309 - Epoch 26/100, Train Loss(MSE): 0.05404855070842637, Validation Loss(MSE): 0.058179653560121856
2024-08-25 15:21:31,309 - Validation loss decreased (0.058988 --> 0.058180).  Saving model ...
2024-08-25 15:21:31,570 - Epoch 27/100, Train Loss(MSE): 0.05274347153802713, Validation Loss(MSE): 0.0574757078041633
2024-08-25 15:21:31,570 - Validation loss decreased (0.058180 --> 0.057476).  Saving model ...
2024-08-25 15:21:31,845 - Epoch 28/100, Train Loss(MSE): 0.051580391410324306, Validation Loss(MSE): 0.056629921620090805
2024-08-25 15:21:31,845 - Validation loss decreased (0.057476 --> 0.056630).  Saving model ...
2024-08-25 15:21:32,097 - Epoch 29/100, Train Loss(MSE): 0.050659916177392, Validation Loss(MSE): 0.05600940870742003
2024-08-25 15:21:32,098 - Validation loss decreased (0.056630 --> 0.056009).  Saving model ...
2024-08-25 15:21:32,354 - Epoch 30/100, Train Loss(MSE): 0.04952384320398172, Validation Loss(MSE): 0.05545920257767042
2024-08-25 15:21:32,354 - Validation loss decreased (0.056009 --> 0.055459).  Saving model ...
2024-08-25 15:21:32,609 - Epoch 31/100, Train Loss(MSE): 0.04876879904833105, Validation Loss(MSE): 0.05534700428446134
2024-08-25 15:21:32,610 - Validation loss decreased (0.055459 --> 0.055347).  Saving model ...
2024-08-25 15:21:32,859 - Epoch 32/100, Train Loss(MSE): 0.047840054664346904, Validation Loss(MSE): 0.05433611447612444
2024-08-25 15:21:32,859 - Validation loss decreased (0.055347 --> 0.054336).  Saving model ...
2024-08-25 15:21:33,164 - Epoch 33/100, Train Loss(MSE): 0.04706360184484058, Validation Loss(MSE): 0.053985655307769775
2024-08-25 15:21:33,164 - Validation loss decreased (0.054336 --> 0.053986).  Saving model ...
2024-08-25 15:21:33,419 - Epoch 34/100, Train Loss(MSE): 0.04627788207597203, Validation Loss(MSE): 0.05443663460512956
2024-08-25 15:21:33,419 - EarlyStopping counter: 1 out of 5
2024-08-25 15:21:33,674 - Epoch 35/100, Train Loss(MSE): 0.045621650086508855, Validation Loss(MSE): 0.05274169147014618
2024-08-25 15:21:33,675 - Validation loss decreased (0.053986 --> 0.052742).  Saving model ...
2024-08-25 15:21:33,929 - Epoch 36/100, Train Loss(MSE): 0.04518142653008302, Validation Loss(MSE): 0.05322712225218614
2024-08-25 15:21:33,929 - EarlyStopping counter: 1 out of 5
2024-08-25 15:21:34,178 - Epoch 37/100, Train Loss(MSE): 0.04430592465731833, Validation Loss(MSE): 0.053231477116545044
2024-08-25 15:21:34,178 - EarlyStopping counter: 2 out of 5
2024-08-25 15:21:34,424 - Epoch 38/100, Train Loss(MSE): 0.04366016040245692, Validation Loss(MSE): 0.05311829037964344
2024-08-25 15:21:34,424 - EarlyStopping counter: 3 out of 5
2024-08-25 15:21:34,677 - Epoch 39/100, Train Loss(MSE): 0.04311165019041962, Validation Loss(MSE): 0.052084447195132576
2024-08-25 15:21:34,678 - Validation loss decreased (0.052742 --> 0.052084).  Saving model ...
2024-08-25 15:21:34,926 - Epoch 40/100, Train Loss(MSE): 0.042393757444289, Validation Loss(MSE): 0.05238783359527588
2024-08-25 15:21:34,926 - EarlyStopping counter: 1 out of 5
2024-08-25 15:21:35,178 - Epoch 41/100, Train Loss(MSE): 0.041939084024892916, Validation Loss(MSE): 0.05159740522503853
2024-08-25 15:21:35,178 - Validation loss decreased (0.052084 --> 0.051597).  Saving model ...
2024-08-25 15:21:35,424 - Epoch 42/100, Train Loss(MSE): 0.0415100955300861, Validation Loss(MSE): 0.05173497709135214
2024-08-25 15:21:35,425 - EarlyStopping counter: 1 out of 5
2024-08-25 15:21:35,682 - Epoch 43/100, Train Loss(MSE): 0.04109583840601974, Validation Loss(MSE): 0.05209210577110449
2024-08-25 15:21:35,682 - EarlyStopping counter: 2 out of 5
2024-08-25 15:21:35,941 - Epoch 44/100, Train Loss(MSE): 0.040741593804624346, Validation Loss(MSE): 0.050941502675414085
2024-08-25 15:21:35,942 - Validation loss decreased (0.051597 --> 0.050942).  Saving model ...
2024-08-25 15:21:36,210 - Epoch 45/100, Train Loss(MSE): 0.04035130598478847, Validation Loss(MSE): 0.05129251877466837
2024-08-25 15:21:36,210 - EarlyStopping counter: 1 out of 5
2024-08-25 15:21:36,460 - Epoch 46/100, Train Loss(MSE): 0.03979549155467087, Validation Loss(MSE): 0.051356359695394836
2024-08-25 15:21:36,460 - EarlyStopping counter: 2 out of 5
2024-08-25 15:21:36,726 - Epoch 47/100, Train Loss(MSE): 0.03951428992052873, Validation Loss(MSE): 0.05087065324187279
2024-08-25 15:21:36,726 - Validation loss decreased (0.050942 --> 0.050871).  Saving model ...
2024-08-25 15:21:36,983 - Epoch 48/100, Train Loss(MSE): 0.03898677049825589, Validation Loss(MSE): 0.05141210245589415
2024-08-25 15:21:36,983 - EarlyStopping counter: 1 out of 5
2024-08-25 15:21:37,245 - Epoch 49/100, Train Loss(MSE): 0.038608811754319405, Validation Loss(MSE): 0.05045993315676848
2024-08-25 15:21:37,245 - Validation loss decreased (0.050871 --> 0.050460).  Saving model ...
2024-08-25 15:21:37,492 - Epoch 50/100, Train Loss(MSE): 0.038388883074124656, Validation Loss(MSE): 0.05143128025035063
2024-08-25 15:21:37,493 - EarlyStopping counter: 1 out of 5
2024-08-25 15:21:37,736 - Epoch 51/100, Train Loss(MSE): 0.038020462294419605, Validation Loss(MSE): 0.05113306703666846
2024-08-25 15:21:37,736 - EarlyStopping counter: 2 out of 5
2024-08-25 15:21:37,994 - Epoch 52/100, Train Loss(MSE): 0.037871863610214655, Validation Loss(MSE): 0.05108698705832163
2024-08-25 15:21:37,994 - EarlyStopping counter: 3 out of 5
2024-08-25 15:21:38,238 - Epoch 53/100, Train Loss(MSE): 0.0374019489934047, Validation Loss(MSE): 0.05117496848106384
2024-08-25 15:21:38,239 - EarlyStopping counter: 4 out of 5
2024-08-25 15:21:38,485 - Epoch 54/100, Train Loss(MSE): 0.037393268611696034, Validation Loss(MSE): 0.05068513254324595
2024-08-25 15:21:38,485 - EarlyStopping counter: 5 out of 5
2024-08-25 15:21:38,486 - Early stopping
2024-08-25 15:21:38,497 - Test Loss(MSE): 0.06304820502797763
2024-08-25 15:21:38,504 - Model saved to D:\PythonProject\scorpioMock\MPDLinear\checkpoint\MPDLinear_20240825-152138_bs32_seq30_enc24_pred_len30_individualTrue_checkpoint.pth
2024-08-25 15:21:38,512 - Test Loss (Original Scale) MSE: 7.792487564877233
