2024-08-28 15:35:42,558 - Epoch 1/100, Train Loss(MSE): 0.9604593087797579, Validation Loss(MSE): 0.8245094617207845
2024-08-28 15:35:42,558 - Validation loss decreased for the first time. Saving model ...
2024-08-28 15:35:42,808 - Epoch 2/100, Train Loss(MSE): 0.876932240050772, Validation Loss(MSE): 0.7567938566207886
2024-08-28 15:35:42,812 - Validation loss decreased (0.824509 --> 0.756794).  Saving model ...
2024-08-28 15:35:43,055 - Epoch 3/100, Train Loss(MSE): 0.8097632825374603, Validation Loss(MSE): 0.6980791389942169
2024-08-28 15:35:43,055 - Validation loss decreased (0.756794 --> 0.698079).  Saving model ...
2024-08-28 15:35:43,254 - Epoch 4/100, Train Loss(MSE): 0.7520579430072204, Validation Loss(MSE): 0.6482264399528503
2024-08-28 15:35:43,254 - Validation loss decreased (0.698079 --> 0.648226).  Saving model ...
2024-08-28 15:35:43,503 - Epoch 5/100, Train Loss(MSE): 0.6988404185875602, Validation Loss(MSE): 0.6037407219409943
2024-08-28 15:35:43,503 - Validation loss decreased (0.648226 --> 0.603741).  Saving model ...
2024-08-28 15:35:43,722 - Epoch 6/100, Train Loss(MSE): 0.652072246307912, Validation Loss(MSE): 0.5649494677782059
2024-08-28 15:35:43,722 - Validation loss decreased (0.603741 --> 0.564949).  Saving model ...
2024-08-28 15:35:43,931 - Epoch 7/100, Train Loss(MSE): 0.6111566223528074, Validation Loss(MSE): 0.5286761224269867
2024-08-28 15:35:43,931 - Validation loss decreased (0.564949 --> 0.528676).  Saving model ...
2024-08-28 15:35:44,150 - Epoch 8/100, Train Loss(MSE): 0.5749190631120101, Validation Loss(MSE): 0.4956693897644679
2024-08-28 15:35:44,150 - Validation loss decreased (0.528676 --> 0.495669).  Saving model ...
2024-08-28 15:35:44,374 - Epoch 9/100, Train Loss(MSE): 0.5408354213704234, Validation Loss(MSE): 0.4660518715778987
2024-08-28 15:35:44,374 - Validation loss decreased (0.495669 --> 0.466052).  Saving model ...
2024-08-28 15:35:44,583 - Epoch 10/100, Train Loss(MSE): 0.5091925814099934, Validation Loss(MSE): 0.43935149411360425
2024-08-28 15:35:44,583 - Validation loss decreased (0.466052 --> 0.439351).  Saving model ...
2024-08-28 15:35:44,815 - Epoch 11/100, Train Loss(MSE): 0.483526562543019, Validation Loss(MSE): 0.4134588986635208
2024-08-28 15:35:44,815 - Validation loss decreased (0.439351 --> 0.413459).  Saving model ...
2024-08-28 15:35:45,029 - Epoch 12/100, Train Loss(MSE): 0.45492148788078973, Validation Loss(MSE): 0.3904719998439153
2024-08-28 15:35:45,029 - Validation loss decreased (0.413459 --> 0.390472).  Saving model ...
2024-08-28 15:35:45,255 - Epoch 13/100, Train Loss(MSE): 0.4323943898729656, Validation Loss(MSE): 0.3690841893355052
2024-08-28 15:35:45,255 - Validation loss decreased (0.390472 --> 0.369084).  Saving model ...
2024-08-28 15:35:45,489 - Epoch 14/100, Train Loss(MSE): 0.41210663189058716, Validation Loss(MSE): 0.3497632145881653
2024-08-28 15:35:45,490 - Validation loss decreased (0.369084 --> 0.349763).  Saving model ...
2024-08-28 15:35:45,718 - Epoch 15/100, Train Loss(MSE): 0.39119731991187384, Validation Loss(MSE): 0.3315350413322449
2024-08-28 15:35:45,718 - Validation loss decreased (0.349763 --> 0.331535).  Saving model ...
2024-08-28 15:35:45,955 - Epoch 16/100, Train Loss(MSE): 0.3735577379879744, Validation Loss(MSE): 0.31538533171017963
2024-08-28 15:35:45,956 - Validation loss decreased (0.331535 --> 0.315385).  Saving model ...
2024-08-28 15:35:46,203 - Epoch 17/100, Train Loss(MSE): 0.35744602654291235, Validation Loss(MSE): 0.29996423919995624
2024-08-28 15:35:46,203 - Validation loss decreased (0.315385 --> 0.299964).  Saving model ...
2024-08-28 15:35:46,451 - Epoch 18/100, Train Loss(MSE): 0.34119122183841205, Validation Loss(MSE): 0.2860562354326248
2024-08-28 15:35:46,451 - Validation loss decreased (0.299964 --> 0.286056).  Saving model ...
2024-08-28 15:35:46,677 - Epoch 19/100, Train Loss(MSE): 0.3271362250265868, Validation Loss(MSE): 0.2734358236193657
2024-08-28 15:35:46,677 - Validation loss decreased (0.286056 --> 0.273436).  Saving model ...
2024-08-28 15:35:46,904 - Epoch 20/100, Train Loss(MSE): 0.31468177619187726, Validation Loss(MSE): 0.26146651307741803
2024-08-28 15:35:46,904 - Validation loss decreased (0.273436 --> 0.261467).  Saving model ...
2024-08-28 15:35:47,164 - Epoch 21/100, Train Loss(MSE): 0.3016737129377282, Validation Loss(MSE): 0.25063089032967883
2024-08-28 15:35:47,164 - Validation loss decreased (0.261467 --> 0.250631).  Saving model ...
2024-08-28 15:35:47,383 - Epoch 22/100, Train Loss(MSE): 0.28735850686612335, Validation Loss(MSE): 0.2406847874323527
2024-08-28 15:35:47,384 - Validation loss decreased (0.250631 --> 0.240685).  Saving model ...
2024-08-28 15:35:47,611 - Epoch 23/100, Train Loss(MSE): 0.27701385351626767, Validation Loss(MSE): 0.23198403169711432
2024-08-28 15:35:47,611 - Validation loss decreased (0.240685 --> 0.231984).  Saving model ...
2024-08-28 15:35:47,860 - Epoch 24/100, Train Loss(MSE): 0.2666708856173184, Validation Loss(MSE): 0.22334464639425278
2024-08-28 15:35:47,860 - Validation loss decreased (0.231984 --> 0.223345).  Saving model ...
2024-08-28 15:35:48,086 - Epoch 25/100, Train Loss(MSE): 0.2589496552296307, Validation Loss(MSE): 0.21564771980047226
2024-08-28 15:35:48,086 - Validation loss decreased (0.223345 --> 0.215648).  Saving model ...
2024-08-28 15:35:48,311 - Epoch 26/100, Train Loss(MSE): 0.24930879117354102, Validation Loss(MSE): 0.20833135147889456
2024-08-28 15:35:48,311 - Validation loss decreased (0.215648 --> 0.208331).  Saving model ...
2024-08-28 15:35:48,524 - Epoch 27/100, Train Loss(MSE): 0.24100023119345956, Validation Loss(MSE): 0.20219085117181143
2024-08-28 15:35:48,524 - Validation loss decreased (0.208331 --> 0.202191).  Saving model ...
2024-08-28 15:35:48,749 - Epoch 28/100, Train Loss(MSE): 0.2325504600353863, Validation Loss(MSE): 0.19578930735588074
2024-08-28 15:35:48,749 - Validation loss decreased (0.202191 --> 0.195789).  Saving model ...
2024-08-28 15:35:48,979 - Epoch 29/100, Train Loss(MSE): 0.2268246305377587, Validation Loss(MSE): 0.19046906878550848
2024-08-28 15:35:48,979 - Validation loss decreased (0.195789 --> 0.190469).  Saving model ...
2024-08-28 15:35:49,193 - Epoch 30/100, Train Loss(MSE): 0.21922277043695035, Validation Loss(MSE): 0.1851631999015808
2024-08-28 15:35:49,194 - Validation loss decreased (0.190469 --> 0.185163).  Saving model ...
2024-08-28 15:35:49,410 - Epoch 31/100, Train Loss(MSE): 0.21239590677230255, Validation Loss(MSE): 0.18088740607102713
2024-08-28 15:35:49,411 - Validation loss decreased (0.185163 --> 0.180887).  Saving model ...
2024-08-28 15:35:49,632 - Epoch 32/100, Train Loss(MSE): 0.20700403562058572, Validation Loss(MSE): 0.17636721208691597
2024-08-28 15:35:49,632 - Validation loss decreased (0.180887 --> 0.176367).  Saving model ...
2024-08-28 15:35:49,854 - Epoch 33/100, Train Loss(MSE): 0.2015178708926491, Validation Loss(MSE): 0.1720528081059456
2024-08-28 15:35:49,854 - Validation loss decreased (0.176367 --> 0.172053).  Saving model ...
2024-08-28 15:35:50,098 - Epoch 34/100, Train Loss(MSE): 0.19517285862694617, Validation Loss(MSE): 0.16846995055675507
2024-08-28 15:35:50,098 - Validation loss decreased (0.172053 --> 0.168470).  Saving model ...
2024-08-28 15:35:50,332 - Epoch 35/100, Train Loss(MSE): 0.19005182126294012, Validation Loss(MSE): 0.16524199396371841
2024-08-28 15:35:50,332 - Validation loss decreased (0.168470 --> 0.165242).  Saving model ...
2024-08-28 15:35:50,541 - Epoch 36/100, Train Loss(MSE): 0.18831442831003148, Validation Loss(MSE): 0.16186600426832834
2024-08-28 15:35:50,541 - Validation loss decreased (0.165242 --> 0.161866).  Saving model ...
2024-08-28 15:35:50,767 - Epoch 37/100, Train Loss(MSE): 0.18033386928879697, Validation Loss(MSE): 0.1589643768966198
2024-08-28 15:35:50,767 - Validation loss decreased (0.161866 --> 0.158964).  Saving model ...
2024-08-28 15:35:51,003 - Epoch 38/100, Train Loss(MSE): 0.1773207090471102, Validation Loss(MSE): 0.15612832084298134
2024-08-28 15:35:51,004 - Validation loss decreased (0.158964 --> 0.156128).  Saving model ...
2024-08-28 15:35:51,244 - Epoch 39/100, Train Loss(MSE): 0.17229807150104773, Validation Loss(MSE): 0.15383115659157434
2024-08-28 15:35:51,244 - Validation loss decreased (0.156128 --> 0.153831).  Saving model ...
2024-08-28 15:35:51,464 - Epoch 40/100, Train Loss(MSE): 0.16928670409580934, Validation Loss(MSE): 0.15168696021040282
2024-08-28 15:35:51,465 - Validation loss decreased (0.153831 --> 0.151687).  Saving model ...
2024-08-28 15:35:51,697 - Epoch 41/100, Train Loss(MSE): 0.16810980900798156, Validation Loss(MSE): 0.1492292545735836
2024-08-28 15:35:51,697 - Validation loss decreased (0.151687 --> 0.149229).  Saving model ...
2024-08-28 15:35:51,959 - Epoch 42/100, Train Loss(MSE): 0.1620443166921968, Validation Loss(MSE): 0.14726267630855241
2024-08-28 15:35:51,960 - Validation loss decreased (0.149229 --> 0.147263).  Saving model ...
2024-08-28 15:35:52,178 - Epoch 43/100, Train Loss(MSE): 0.15998496908856474, Validation Loss(MSE): 0.14540615429480871
2024-08-28 15:35:52,178 - Validation loss decreased (0.147263 --> 0.145406).  Saving model ...
2024-08-28 15:35:52,402 - Epoch 44/100, Train Loss(MSE): 0.1549849913496038, Validation Loss(MSE): 0.14346159622073174
2024-08-28 15:35:52,402 - Validation loss decreased (0.145406 --> 0.143462).  Saving model ...
2024-08-28 15:35:52,637 - Epoch 45/100, Train Loss(MSE): 0.15205974180413329, Validation Loss(MSE): 0.14221208294232687
2024-08-28 15:35:52,637 - Validation loss decreased (0.143462 --> 0.142212).  Saving model ...
2024-08-28 15:35:52,871 - Epoch 46/100, Train Loss(MSE): 0.14867454670045688, Validation Loss(MSE): 0.1402743731935819
2024-08-28 15:35:52,871 - Validation loss decreased (0.142212 --> 0.140274).  Saving model ...
2024-08-28 15:35:53,094 - Epoch 47/100, Train Loss(MSE): 0.14761777529897896, Validation Loss(MSE): 0.13906351228555044
2024-08-28 15:35:53,094 - Validation loss decreased (0.140274 --> 0.139064).  Saving model ...
2024-08-28 15:35:53,316 - Epoch 48/100, Train Loss(MSE): 0.14299655154995297, Validation Loss(MSE): 0.13750795647501945
2024-08-28 15:35:53,317 - Validation loss decreased (0.139064 --> 0.137508).  Saving model ...
2024-08-28 15:35:53,527 - Epoch 49/100, Train Loss(MSE): 0.14100452609684155, Validation Loss(MSE): 0.13647845263282457
2024-08-28 15:35:53,527 - Validation loss decreased (0.137508 --> 0.136478).  Saving model ...
2024-08-28 15:35:53,755 - Epoch 50/100, Train Loss(MSE): 0.13894401749838953, Validation Loss(MSE): 0.1351593683163325
2024-08-28 15:35:53,755 - Validation loss decreased (0.136478 --> 0.135159).  Saving model ...
2024-08-28 15:35:54,001 - Epoch 51/100, Train Loss(MSE): 0.1362274290750856, Validation Loss(MSE): 0.1336242432395617
2024-08-28 15:35:54,001 - Validation loss decreased (0.135159 --> 0.133624).  Saving model ...
2024-08-28 15:35:54,213 - Epoch 52/100, Train Loss(MSE): 0.13615897799963536, Validation Loss(MSE): 0.13256765777866045
2024-08-28 15:35:54,213 - Validation loss decreased (0.133624 --> 0.132568).  Saving model ...
2024-08-28 15:35:54,442 - Epoch 53/100, Train Loss(MSE): 0.1327085415630237, Validation Loss(MSE): 0.1317664310336113
2024-08-28 15:35:54,443 - Validation loss decreased (0.132568 --> 0.131766).  Saving model ...
2024-08-28 15:35:54,663 - Epoch 54/100, Train Loss(MSE): 0.12990875347800876, Validation Loss(MSE): 0.13103432953357697
2024-08-28 15:35:54,663 - Validation loss decreased (0.131766 --> 0.131034).  Saving model ...
2024-08-28 15:35:54,909 - Epoch 55/100, Train Loss(MSE): 0.12871525501427444, Validation Loss(MSE): 0.12970035088558993
2024-08-28 15:35:54,909 - Validation loss decreased (0.131034 --> 0.129700).  Saving model ...
2024-08-28 15:35:55,145 - Epoch 56/100, Train Loss(MSE): 0.12620398936712224, Validation Loss(MSE): 0.1289234602202972
2024-08-28 15:35:55,146 - Validation loss decreased (0.129700 --> 0.128923).  Saving model ...
2024-08-28 15:35:55,373 - Epoch 57/100, Train Loss(MSE): 0.1246226295504881, Validation Loss(MSE): 0.12832487126191458
2024-08-28 15:35:55,373 - Validation loss decreased (0.128923 --> 0.128325).  Saving model ...
2024-08-28 15:35:55,611 - Epoch 58/100, Train Loss(MSE): 0.12269198408593303, Validation Loss(MSE): 0.1275198602428039
2024-08-28 15:35:55,611 - Validation loss decreased (0.128325 --> 0.127520).  Saving model ...
2024-08-28 15:35:55,830 - Epoch 59/100, Train Loss(MSE): 0.1213621161878109, Validation Loss(MSE): 0.12638207649191222
2024-08-28 15:35:55,831 - Validation loss decreased (0.127520 --> 0.126382).  Saving model ...
2024-08-28 15:35:56,075 - Epoch 60/100, Train Loss(MSE): 0.11925901181024054, Validation Loss(MSE): 0.12582358655830225
2024-08-28 15:35:56,075 - Validation loss decreased (0.126382 --> 0.125824).  Saving model ...
2024-08-28 15:35:56,301 - Epoch 61/100, Train Loss(MSE): 0.11846462086490962, Validation Loss(MSE): 0.12497596070170403
2024-08-28 15:35:56,301 - Validation loss decreased (0.125824 --> 0.124976).  Saving model ...
2024-08-28 15:35:56,519 - Epoch 62/100, Train Loss(MSE): 0.11709491949042548, Validation Loss(MSE): 0.12424122790495555
2024-08-28 15:35:56,519 - Validation loss decreased (0.124976 --> 0.124241).  Saving model ...
2024-08-28 15:35:56,737 - Epoch 63/100, Train Loss(MSE): 0.11518279301083606, Validation Loss(MSE): 0.12364543477694194
2024-08-28 15:35:56,737 - Validation loss decreased (0.124241 --> 0.123645).  Saving model ...
2024-08-28 15:35:56,961 - Epoch 64/100, Train Loss(MSE): 0.11407757566674896, Validation Loss(MSE): 0.12250961797932784
2024-08-28 15:35:56,962 - Validation loss decreased (0.123645 --> 0.122510).  Saving model ...
2024-08-28 15:35:57,178 - Epoch 65/100, Train Loss(MSE): 0.11290353811953378, Validation Loss(MSE): 0.12223078310489655
2024-08-28 15:35:57,178 - Validation loss decreased (0.122510 --> 0.122231).  Saving model ...
2024-08-28 15:35:57,393 - Epoch 66/100, Train Loss(MSE): 0.11124832620439322, Validation Loss(MSE): 0.12153013609349728
2024-08-28 15:35:57,393 - Validation loss decreased (0.122231 --> 0.121530).  Saving model ...
2024-08-28 15:35:57,607 - Epoch 67/100, Train Loss(MSE): 0.10998139093103616, Validation Loss(MSE): 0.12144530688722928
2024-08-28 15:35:57,607 - Validation loss decreased (0.121530 --> 0.121445).  Saving model ...
2024-08-28 15:35:57,836 - Epoch 68/100, Train Loss(MSE): 0.10887118971542172, Validation Loss(MSE): 0.12071815753976504
2024-08-28 15:35:57,836 - Validation loss decreased (0.121445 --> 0.120718).  Saving model ...
2024-08-28 15:35:58,067 - Epoch 69/100, Train Loss(MSE): 0.10753052616896837, Validation Loss(MSE): 0.12027230424185593
2024-08-28 15:35:58,067 - Validation loss decreased (0.120718 --> 0.120272).  Saving model ...
2024-08-28 15:35:58,307 - Epoch 70/100, Train Loss(MSE): 0.10720826410081076, Validation Loss(MSE): 0.11960611554483573
2024-08-28 15:35:58,307 - Validation loss decreased (0.120272 --> 0.119606).  Saving model ...
2024-08-28 15:35:58,532 - Epoch 71/100, Train Loss(MSE): 0.10535529919940492, Validation Loss(MSE): 0.11948860995471478
2024-08-28 15:35:58,532 - Validation loss decreased (0.119606 --> 0.119489).  Saving model ...
2024-08-28 15:35:58,760 - Epoch 72/100, Train Loss(MSE): 0.10472515411674976, Validation Loss(MSE): 0.11874652902285258
2024-08-28 15:35:58,760 - Validation loss decreased (0.119489 --> 0.118747).  Saving model ...
2024-08-28 15:35:58,991 - Epoch 73/100, Train Loss(MSE): 0.10464546124896278, Validation Loss(MSE): 0.11787293789287408
2024-08-28 15:35:58,991 - Validation loss decreased (0.118747 --> 0.117873).  Saving model ...
2024-08-28 15:35:59,209 - Epoch 74/100, Train Loss(MSE): 0.10280946877015673, Validation Loss(MSE): 0.11786844953894615
2024-08-28 15:35:59,209 - EarlyStopping counter: 1 out of 5
2024-08-28 15:35:59,444 - Epoch 75/100, Train Loss(MSE): 0.10223246033748855, Validation Loss(MSE): 0.11693012279768784
2024-08-28 15:35:59,444 - Validation loss decreased (0.117873 --> 0.116930).  Saving model ...
2024-08-28 15:35:59,668 - Epoch 76/100, Train Loss(MSE): 0.1010650035155856, Validation Loss(MSE): 0.11686577337483565
2024-08-28 15:35:59,668 - Validation loss decreased (0.116930 --> 0.116866).  Saving model ...
2024-08-28 15:35:59,896 - Epoch 77/100, Train Loss(MSE): 0.10093804489335288, Validation Loss(MSE): 0.11610838895042737
2024-08-28 15:35:59,896 - Validation loss decreased (0.116866 --> 0.116108).  Saving model ...
2024-08-28 15:36:00,129 - Epoch 78/100, Train Loss(MSE): 0.09992902442488981, Validation Loss(MSE): 0.11582076735794544
2024-08-28 15:36:00,129 - Validation loss decreased (0.116108 --> 0.115821).  Saving model ...
2024-08-28 15:36:00,379 - Epoch 79/100, Train Loss(MSE): 0.09908813691657523, Validation Loss(MSE): 0.11518213960031669
2024-08-28 15:36:00,380 - Validation loss decreased (0.115821 --> 0.115182).  Saving model ...
2024-08-28 15:36:00,612 - Epoch 80/100, Train Loss(MSE): 0.09755439748582632, Validation Loss(MSE): 0.1154683493077755
2024-08-28 15:36:00,613 - EarlyStopping counter: 1 out of 5
2024-08-28 15:36:00,819 - Epoch 81/100, Train Loss(MSE): 0.09876403649863989, Validation Loss(MSE): 0.11469106065730254
2024-08-28 15:36:00,819 - Validation loss decreased (0.115182 --> 0.114691).  Saving model ...
2024-08-28 15:36:01,058 - Epoch 82/100, Train Loss(MSE): 0.09631728883022847, Validation Loss(MSE): 0.11436609240869682
2024-08-28 15:36:01,058 - Validation loss decreased (0.114691 --> 0.114366).  Saving model ...
2024-08-28 15:36:01,299 - Epoch 83/100, Train Loss(MSE): 0.09583671366714913, Validation Loss(MSE): 0.11384342424571514
2024-08-28 15:36:01,299 - Validation loss decreased (0.114366 --> 0.113843).  Saving model ...
2024-08-28 15:36:01,557 - Epoch 84/100, Train Loss(MSE): 0.0950296457209017, Validation Loss(MSE): 0.11386330984532833
2024-08-28 15:36:01,557 - EarlyStopping counter: 1 out of 5
2024-08-28 15:36:01,783 - Epoch 85/100, Train Loss(MSE): 0.09448392494865086, Validation Loss(MSE): 0.11327943516274293
2024-08-28 15:36:01,783 - Validation loss decreased (0.113843 --> 0.113279).  Saving model ...
2024-08-28 15:36:02,005 - Epoch 86/100, Train Loss(MSE): 0.09425240423044433, Validation Loss(MSE): 0.11312250358362992
2024-08-28 15:36:02,005 - Validation loss decreased (0.113279 --> 0.113123).  Saving model ...
2024-08-28 15:36:02,232 - Epoch 87/100, Train Loss(MSE): 0.0930801651885976, Validation Loss(MSE): 0.11257256319125493
2024-08-28 15:36:02,232 - Validation loss decreased (0.113123 --> 0.112573).  Saving model ...
2024-08-28 15:36:02,479 - Epoch 88/100, Train Loss(MSE): 0.09359221929765266, Validation Loss(MSE): 0.11223318117360274
2024-08-28 15:36:02,479 - Validation loss decreased (0.112573 --> 0.112233).  Saving model ...
2024-08-28 15:36:02,719 - Epoch 89/100, Train Loss(MSE): 0.09201329719761143, Validation Loss(MSE): 0.1120419663687547
2024-08-28 15:36:02,719 - Validation loss decreased (0.112233 --> 0.112042).  Saving model ...
2024-08-28 15:36:02,964 - Epoch 90/100, Train Loss(MSE): 0.09228176259152267, Validation Loss(MSE): 0.11135185447831948
2024-08-28 15:36:02,965 - Validation loss decreased (0.112042 --> 0.111352).  Saving model ...
2024-08-28 15:36:03,177 - Epoch 91/100, Train Loss(MSE): 0.09118970953252005, Validation Loss(MSE): 0.11115993062655131
2024-08-28 15:36:03,177 - Validation loss decreased (0.111352 --> 0.111160).  Saving model ...
2024-08-28 15:36:03,395 - Epoch 92/100, Train Loss(MSE): 0.0905575081706047, Validation Loss(MSE): 0.1112013707558314
2024-08-28 15:36:03,396 - EarlyStopping counter: 1 out of 5
2024-08-28 15:36:03,611 - Epoch 93/100, Train Loss(MSE): 0.0903498191062523, Validation Loss(MSE): 0.11132746810714404
2024-08-28 15:36:03,611 - EarlyStopping counter: 2 out of 5
2024-08-28 15:36:03,853 - Epoch 94/100, Train Loss(MSE): 0.0899535368156174, Validation Loss(MSE): 0.11050172088046868
2024-08-28 15:36:03,853 - Validation loss decreased (0.111160 --> 0.110502).  Saving model ...
2024-08-28 15:36:04,080 - Epoch 95/100, Train Loss(MSE): 0.08921842309443848, Validation Loss(MSE): 0.11050940615435441
2024-08-28 15:36:04,080 - EarlyStopping counter: 1 out of 5
2024-08-28 15:36:04,295 - Epoch 96/100, Train Loss(MSE): 0.08977683301529159, Validation Loss(MSE): 0.11014853045344353
2024-08-28 15:36:04,295 - Validation loss decreased (0.110502 --> 0.110149).  Saving model ...
2024-08-28 15:36:04,536 - Epoch 97/100, Train Loss(MSE): 0.08879834624088329, Validation Loss(MSE): 0.11020185301701228
2024-08-28 15:36:04,536 - EarlyStopping counter: 1 out of 5
2024-08-28 15:36:04,754 - Epoch 98/100, Train Loss(MSE): 0.08838068677679352, Validation Loss(MSE): 0.10978445969522
2024-08-28 15:36:04,754 - Validation loss decreased (0.110149 --> 0.109784).  Saving model ...
2024-08-28 15:36:04,992 - Epoch 99/100, Train Loss(MSE): 0.0877235846027084, Validation Loss(MSE): 0.10897400354345639
2024-08-28 15:36:04,992 - Validation loss decreased (0.109784 --> 0.108974).  Saving model ...
2024-08-28 15:36:05,225 - Epoch 100/100, Train Loss(MSE): 0.0869596302104385, Validation Loss(MSE): 0.10878546349704266
2024-08-28 15:36:05,225 - Validation loss decreased (0.108974 --> 0.108785).  Saving model ...
2024-08-28 15:36:05,228 - —µ¡∑ 100 ¥Œepoch£¨—µ¡∑ ±≥§: 22.900298357009888 √Î
2024-08-28 15:36:05,237 - Test Loss(MSE): 0.09672738797962666
2024-08-28 15:36:05,243 - Model saved to D:\PythonProject\scorpioMock\MPDLinear\checkpoint\MPDLinear_20240828-153605_bs32_seq7_enc24_pred_len30_individualTrue_checkpoint.pth
2024-08-28 15:36:05,250 - Test Loss (Original Scale) MSE: 12.04265634836302
