2024-08-26 22:25:07,363 - Epoch 1/100, Train Loss(MSE): 0.7181697895129522, Validation Loss(MSE): 0.42705778777599335
2024-08-26 22:25:07,363 - Validation loss decreased for the first time. Saving model ...
2024-08-26 22:25:07,752 - Epoch 2/100, Train Loss(MSE): 0.3631789309283098, Validation Loss(MSE): 0.2472267635166645
2024-08-26 22:25:07,756 - Validation loss decreased (0.427058 --> 0.247227).  Saving model ...
2024-08-26 22:25:08,135 - Epoch 3/100, Train Loss(MSE): 0.21832405138346883, Validation Loss(MSE): 0.17252480300764242
2024-08-26 22:25:08,135 - Validation loss decreased (0.247227 --> 0.172525).  Saving model ...
2024-08-26 22:25:08,505 - Epoch 4/100, Train Loss(MSE): 0.15406247170435058, Validation Loss(MSE): 0.1333442603548368
2024-08-26 22:25:08,505 - Validation loss decreased (0.172525 --> 0.133344).  Saving model ...
2024-08-26 22:25:08,869 - Epoch 5/100, Train Loss(MSE): 0.12172323258386718, Validation Loss(MSE): 0.11058930866420269
2024-08-26 22:25:08,870 - Validation loss decreased (0.133344 --> 0.110589).  Saving model ...
2024-08-26 22:25:09,215 - Epoch 6/100, Train Loss(MSE): 0.10349355898797512, Validation Loss(MSE): 0.09704638707141082
2024-08-26 22:25:09,216 - Validation loss decreased (0.110589 --> 0.097046).  Saving model ...
2024-08-26 22:25:09,573 - Epoch 7/100, Train Loss(MSE): 0.09148945042656528, Validation Loss(MSE): 0.08627897718300422
2024-08-26 22:25:09,573 - Validation loss decreased (0.097046 --> 0.086279).  Saving model ...
2024-08-26 22:25:09,917 - Epoch 8/100, Train Loss(MSE): 0.08328644122100538, Validation Loss(MSE): 0.07914976589381695
2024-08-26 22:25:09,917 - Validation loss decreased (0.086279 --> 0.079150).  Saving model ...
2024-08-26 22:25:10,278 - Epoch 9/100, Train Loss(MSE): 0.07635352038260963, Validation Loss(MSE): 0.07313994752864043
2024-08-26 22:25:10,278 - Validation loss decreased (0.079150 --> 0.073140).  Saving model ...
2024-08-26 22:25:10,623 - Epoch 10/100, Train Loss(MSE): 0.071281346740822, Validation Loss(MSE): 0.06836872082203627
2024-08-26 22:25:10,623 - Validation loss decreased (0.073140 --> 0.068369).  Saving model ...
2024-08-26 22:25:10,977 - Epoch 11/100, Train Loss(MSE): 0.0670740130253964, Validation Loss(MSE): 0.06532895596077044
2024-08-26 22:25:10,977 - Validation loss decreased (0.068369 --> 0.065329).  Saving model ...
2024-08-26 22:25:11,355 - Epoch 12/100, Train Loss(MSE): 0.06333485078066588, Validation Loss(MSE): 0.06275463663041592
2024-08-26 22:25:11,355 - Validation loss decreased (0.065329 --> 0.062755).  Saving model ...
2024-08-26 22:25:11,726 - Epoch 13/100, Train Loss(MSE): 0.06046148103972276, Validation Loss(MSE): 0.06039653376986583
2024-08-26 22:25:11,726 - Validation loss decreased (0.062755 --> 0.060397).  Saving model ...
2024-08-26 22:25:12,077 - Epoch 14/100, Train Loss(MSE): 0.05761983660567138, Validation Loss(MSE): 0.0585169792175293
2024-08-26 22:25:12,077 - Validation loss decreased (0.060397 --> 0.058517).  Saving model ...
2024-08-26 22:25:12,422 - Epoch 15/100, Train Loss(MSE): 0.05545123802084062, Validation Loss(MSE): 0.05718846960614125
2024-08-26 22:25:12,422 - Validation loss decreased (0.058517 --> 0.057188).  Saving model ...
2024-08-26 22:25:12,782 - Epoch 16/100, Train Loss(MSE): 0.053229499918719135, Validation Loss(MSE): 0.05660963865617911
2024-08-26 22:25:12,782 - Validation loss decreased (0.057188 --> 0.056610).  Saving model ...
2024-08-26 22:25:13,136 - Epoch 17/100, Train Loss(MSE): 0.05170169455102748, Validation Loss(MSE): 0.05470522120594978
2024-08-26 22:25:13,136 - Validation loss decreased (0.056610 --> 0.054705).  Saving model ...
2024-08-26 22:25:13,488 - Epoch 18/100, Train Loss(MSE): 0.04991704171730412, Validation Loss(MSE): 0.054471121014406286
2024-08-26 22:25:13,488 - Validation loss decreased (0.054705 --> 0.054471).  Saving model ...
2024-08-26 22:25:13,857 - Epoch 19/100, Train Loss(MSE): 0.04838455704351266, Validation Loss(MSE): 0.053166376116375126
2024-08-26 22:25:13,857 - Validation loss decreased (0.054471 --> 0.053166).  Saving model ...
2024-08-26 22:25:14,204 - Epoch 20/100, Train Loss(MSE): 0.047036904013819165, Validation Loss(MSE): 0.05262101022526622
2024-08-26 22:25:14,204 - Validation loss decreased (0.053166 --> 0.052621).  Saving model ...
2024-08-26 22:25:14,553 - Epoch 21/100, Train Loss(MSE): 0.046046909048325486, Validation Loss(MSE): 0.05204544526835283
2024-08-26 22:25:14,553 - Validation loss decreased (0.052621 --> 0.052045).  Saving model ...
2024-08-26 22:25:14,918 - Epoch 22/100, Train Loss(MSE): 0.04482877871228589, Validation Loss(MSE): 0.0516242099304994
2024-08-26 22:25:14,918 - Validation loss decreased (0.052045 --> 0.051624).  Saving model ...
2024-08-26 22:25:15,320 - Epoch 23/100, Train Loss(MSE): 0.04425032331297795, Validation Loss(MSE): 0.05125652657200893
2024-08-26 22:25:15,321 - Validation loss decreased (0.051624 --> 0.051257).  Saving model ...
2024-08-26 22:25:15,726 - Epoch 24/100, Train Loss(MSE): 0.04302570180346568, Validation Loss(MSE): 0.05130011277894179
2024-08-26 22:25:15,726 - EarlyStopping counter: 1 out of 5
2024-08-26 22:25:16,078 - Epoch 25/100, Train Loss(MSE): 0.042083136085420844, Validation Loss(MSE): 0.050986721025158964
2024-08-26 22:25:16,078 - Validation loss decreased (0.051257 --> 0.050987).  Saving model ...
2024-08-26 22:25:16,425 - Epoch 26/100, Train Loss(MSE): 0.04147729975067907, Validation Loss(MSE): 0.05027484195306897
2024-08-26 22:25:16,425 - Validation loss decreased (0.050987 --> 0.050275).  Saving model ...
2024-08-26 22:25:16,793 - Epoch 27/100, Train Loss(MSE): 0.040826392039242716, Validation Loss(MSE): 0.050050474082430206
2024-08-26 22:25:16,793 - Validation loss decreased (0.050275 --> 0.050050).  Saving model ...
2024-08-26 22:25:17,169 - Epoch 28/100, Train Loss(MSE): 0.04008963955566287, Validation Loss(MSE): 0.050358834055562816
2024-08-26 22:25:17,169 - EarlyStopping counter: 1 out of 5
2024-08-26 22:25:17,519 - Epoch 29/100, Train Loss(MSE): 0.03950284618056483, Validation Loss(MSE): 0.05059583857655525
2024-08-26 22:25:17,519 - EarlyStopping counter: 2 out of 5
2024-08-26 22:25:17,889 - Epoch 30/100, Train Loss(MSE): 0.03905074450497826, Validation Loss(MSE): 0.05057679225380222
2024-08-26 22:25:17,889 - EarlyStopping counter: 3 out of 5
2024-08-26 22:25:18,253 - Epoch 31/100, Train Loss(MSE): 0.03856193713533382, Validation Loss(MSE): 0.049928933226813875
2024-08-26 22:25:18,253 - Validation loss decreased (0.050050 --> 0.049929).  Saving model ...
2024-08-26 22:25:18,606 - Epoch 32/100, Train Loss(MSE): 0.038136142740647, Validation Loss(MSE): 0.05005060819288095
2024-08-26 22:25:18,606 - EarlyStopping counter: 1 out of 5
2024-08-26 22:25:18,946 - Epoch 33/100, Train Loss(MSE): 0.037659277896293336, Validation Loss(MSE): 0.050410907405118145
2024-08-26 22:25:18,946 - EarlyStopping counter: 2 out of 5
2024-08-26 22:25:19,313 - Epoch 34/100, Train Loss(MSE): 0.03731075716722343, Validation Loss(MSE): 0.051796076664080225
2024-08-26 22:25:19,313 - EarlyStopping counter: 3 out of 5
2024-08-26 22:25:19,664 - Epoch 35/100, Train Loss(MSE): 0.037128726186023815, Validation Loss(MSE): 0.0508272098377347
2024-08-26 22:25:19,664 - EarlyStopping counter: 4 out of 5
2024-08-26 22:25:20,021 - Epoch 36/100, Train Loss(MSE): 0.0365183119662106, Validation Loss(MSE): 0.05041411053389311
2024-08-26 22:25:20,021 - EarlyStopping counter: 5 out of 5
2024-08-26 22:25:20,021 - Early stopping
2024-08-26 22:25:20,021 - —µ¡∑ 36 ¥Œepoch£¨—µ¡∑ ±≥§: 13.040953397750854 √Î
2024-08-26 22:25:20,035 - Test Loss(MSE): 0.05890349190061291
2024-08-26 22:25:20,041 - Model saved to D:\PythonProject\scorpioMock\MPDLinear\checkpoint\MPDLinear_20240826-222520_bs16_seq30_enc24_pred_len1_individualTrue_checkpoint.pth
2024-08-26 22:25:20,051 - Test Loss (Original Scale) MSE: 7.682403875587405
