2024-08-26 22:38:44,468 - Epoch 1/100, Train Loss(MSE): 0.7042374938726426, Validation Loss(MSE): 0.430442684640487
2024-08-26 22:38:44,468 - Validation loss decreased for the first time. Saving model ...
2024-08-26 22:38:44,883 - Epoch 2/100, Train Loss(MSE): 0.3555860189927949, Validation Loss(MSE): 0.24858868308365345
2024-08-26 22:38:44,887 - Validation loss decreased (0.430443 --> 0.248589).  Saving model ...
2024-08-26 22:38:45,309 - Epoch 3/100, Train Loss(MSE): 0.21335997825695407, Validation Loss(MSE): 0.17076888494193554
2024-08-26 22:38:45,310 - Validation loss decreased (0.248589 --> 0.170769).  Saving model ...
2024-08-26 22:38:45,692 - Epoch 4/100, Train Loss(MSE): 0.1505550225989686, Validation Loss(MSE): 0.13155476997296014
2024-08-26 22:38:45,692 - Validation loss decreased (0.170769 --> 0.131555).  Saving model ...
2024-08-26 22:38:46,127 - Epoch 5/100, Train Loss(MSE): 0.11917857411834928, Validation Loss(MSE): 0.10884418028096358
2024-08-26 22:38:46,127 - Validation loss decreased (0.131555 --> 0.108844).  Saving model ...
2024-08-26 22:38:46,548 - Epoch 6/100, Train Loss(MSE): 0.10054424746582906, Validation Loss(MSE): 0.09426185085127751
2024-08-26 22:38:46,548 - Validation loss decreased (0.108844 --> 0.094262).  Saving model ...
2024-08-26 22:38:46,945 - Epoch 7/100, Train Loss(MSE): 0.08838920187618997, Validation Loss(MSE): 0.08439826437582572
2024-08-26 22:38:46,945 - Validation loss decreased (0.094262 --> 0.084398).  Saving model ...
2024-08-26 22:38:47,342 - Epoch 8/100, Train Loss(MSE): 0.0801792587671015, Validation Loss(MSE): 0.07509995562334855
2024-08-26 22:38:47,342 - Validation loss decreased (0.084398 --> 0.075100).  Saving model ...
2024-08-26 22:38:47,736 - Epoch 9/100, Train Loss(MSE): 0.07370462933969167, Validation Loss(MSE): 0.06895949598401785
2024-08-26 22:38:47,736 - Validation loss decreased (0.075100 --> 0.068959).  Saving model ...
2024-08-26 22:38:48,143 - Epoch 10/100, Train Loss(MSE): 0.06860774217380418, Validation Loss(MSE): 0.06588443151364724
2024-08-26 22:38:48,144 - Validation loss decreased (0.068959 --> 0.065884).  Saving model ...
2024-08-26 22:38:48,546 - Epoch 11/100, Train Loss(MSE): 0.06481796103633113, Validation Loss(MSE): 0.0623763178785642
2024-08-26 22:38:48,546 - Validation loss decreased (0.065884 --> 0.062376).  Saving model ...
2024-08-26 22:38:48,945 - Epoch 12/100, Train Loss(MSE): 0.06113262911223703, Validation Loss(MSE): 0.05884236842393875
2024-08-26 22:38:48,945 - Validation loss decreased (0.062376 --> 0.058842).  Saving model ...
2024-08-26 22:38:49,358 - Epoch 13/100, Train Loss(MSE): 0.05815648668342167, Validation Loss(MSE): 0.05696276016533375
2024-08-26 22:38:49,358 - Validation loss decreased (0.058842 --> 0.056963).  Saving model ...
2024-08-26 22:38:49,782 - Epoch 14/100, Train Loss(MSE): 0.05566740030836728, Validation Loss(MSE): 0.05567572141687075
2024-08-26 22:38:49,782 - Validation loss decreased (0.056963 --> 0.055676).  Saving model ...
2024-08-26 22:38:50,216 - Epoch 15/100, Train Loss(MSE): 0.053788020917110976, Validation Loss(MSE): 0.05383085738867521
2024-08-26 22:38:50,216 - Validation loss decreased (0.055676 --> 0.053831).  Saving model ...
2024-08-26 22:38:50,649 - Epoch 16/100, Train Loss(MSE): 0.051702641281816696, Validation Loss(MSE): 0.05237221997231245
2024-08-26 22:38:50,649 - Validation loss decreased (0.053831 --> 0.052372).  Saving model ...
2024-08-26 22:38:51,070 - Epoch 17/100, Train Loss(MSE): 0.04964675829849309, Validation Loss(MSE): 0.05163718263308207
2024-08-26 22:38:51,070 - Validation loss decreased (0.052372 --> 0.051637).  Saving model ...
2024-08-26 22:38:51,470 - Epoch 18/100, Train Loss(MSE): 0.04807435828778479, Validation Loss(MSE): 0.05055470950901508
2024-08-26 22:38:51,471 - Validation loss decreased (0.051637 --> 0.050555).  Saving model ...
2024-08-26 22:38:51,894 - Epoch 19/100, Train Loss(MSE): 0.04675416046132644, Validation Loss(MSE): 0.050519623483220734
2024-08-26 22:38:51,894 - Validation loss decreased (0.050555 --> 0.050520).  Saving model ...
2024-08-26 22:38:52,295 - Epoch 20/100, Train Loss(MSE): 0.04548528265828888, Validation Loss(MSE): 0.04946265804270903
2024-08-26 22:38:52,295 - Validation loss decreased (0.050520 --> 0.049463).  Saving model ...
2024-08-26 22:38:52,713 - Epoch 21/100, Train Loss(MSE): 0.04429557960894373, Validation Loss(MSE): 0.04892893135547638
2024-08-26 22:38:52,713 - Validation loss decreased (0.049463 --> 0.048929).  Saving model ...
2024-08-26 22:38:53,123 - Epoch 22/100, Train Loss(MSE): 0.04334007218066189, Validation Loss(MSE): 0.04884729674085975
2024-08-26 22:38:53,123 - Validation loss decreased (0.048929 --> 0.048847).  Saving model ...
2024-08-26 22:38:53,543 - Epoch 23/100, Train Loss(MSE): 0.04260529614984989, Validation Loss(MSE): 0.04828201560303569
2024-08-26 22:38:53,543 - Validation loss decreased (0.048847 --> 0.048282).  Saving model ...
2024-08-26 22:38:53,954 - Epoch 24/100, Train Loss(MSE): 0.041706064757373595, Validation Loss(MSE): 0.048144313506782055
2024-08-26 22:38:53,954 - Validation loss decreased (0.048282 --> 0.048144).  Saving model ...
2024-08-26 22:38:54,359 - Epoch 25/100, Train Loss(MSE): 0.04115728343733483, Validation Loss(MSE): 0.04864798920849959
2024-08-26 22:38:54,359 - EarlyStopping counter: 1 out of 5
2024-08-26 22:38:54,758 - Epoch 26/100, Train Loss(MSE): 0.04052908511625396, Validation Loss(MSE): 0.048025547371556364
2024-08-26 22:38:54,758 - Validation loss decreased (0.048144 --> 0.048026).  Saving model ...
2024-08-26 22:38:55,175 - Epoch 27/100, Train Loss(MSE): 0.0398124922791289, Validation Loss(MSE): 0.047744526993483305
2024-08-26 22:38:55,175 - Validation loss decreased (0.048026 --> 0.047745).  Saving model ...
2024-08-26 22:38:55,603 - Epoch 28/100, Train Loss(MSE): 0.03897309377789497, Validation Loss(MSE): 0.04929510550573468
2024-08-26 22:38:55,603 - EarlyStopping counter: 1 out of 5
2024-08-26 22:38:56,012 - Epoch 29/100, Train Loss(MSE): 0.038577105229099594, Validation Loss(MSE): 0.048219152726233006
2024-08-26 22:38:56,012 - EarlyStopping counter: 2 out of 5
2024-08-26 22:38:56,433 - Epoch 30/100, Train Loss(MSE): 0.03817950297767917, Validation Loss(MSE): 0.0477007357403636
2024-08-26 22:38:56,433 - Validation loss decreased (0.047745 --> 0.047701).  Saving model ...
2024-08-26 22:38:56,843 - Epoch 31/100, Train Loss(MSE): 0.037710077284524836, Validation Loss(MSE): 0.04784683634837469
2024-08-26 22:38:56,843 - EarlyStopping counter: 1 out of 5
2024-08-26 22:38:57,261 - Epoch 32/100, Train Loss(MSE): 0.03739377342992359, Validation Loss(MSE): 0.04812245676293969
2024-08-26 22:38:57,261 - EarlyStopping counter: 2 out of 5
2024-08-26 22:38:57,682 - Epoch 33/100, Train Loss(MSE): 0.03679235331300232, Validation Loss(MSE): 0.04856594977900386
2024-08-26 22:38:57,682 - EarlyStopping counter: 3 out of 5
2024-08-26 22:38:58,094 - Epoch 34/100, Train Loss(MSE): 0.03643524123148786, Validation Loss(MSE): 0.047571994829922915
2024-08-26 22:38:58,094 - Validation loss decreased (0.047701 --> 0.047572).  Saving model ...
2024-08-26 22:38:58,510 - Epoch 35/100, Train Loss(MSE): 0.03624800115616785, Validation Loss(MSE): 0.04817485328142842
2024-08-26 22:38:58,510 - EarlyStopping counter: 1 out of 5
2024-08-26 22:38:58,952 - Epoch 36/100, Train Loss(MSE): 0.03587830052193668, Validation Loss(MSE): 0.049560882772008576
2024-08-26 22:38:58,953 - EarlyStopping counter: 2 out of 5
2024-08-26 22:38:59,398 - Epoch 37/100, Train Loss(MSE): 0.03548006959673431, Validation Loss(MSE): 0.050763672372947134
2024-08-26 22:38:59,398 - EarlyStopping counter: 3 out of 5
2024-08-26 22:38:59,803 - Epoch 38/100, Train Loss(MSE): 0.03543582108492652, Validation Loss(MSE): 0.05133708628515402
2024-08-26 22:38:59,803 - EarlyStopping counter: 4 out of 5
2024-08-26 22:39:00,229 - Epoch 39/100, Train Loss(MSE): 0.035045298147532676, Validation Loss(MSE): 0.04940246790647507
2024-08-26 22:39:00,230 - EarlyStopping counter: 5 out of 5
2024-08-26 22:39:00,230 - Early stopping
2024-08-26 22:39:00,230 - —µ¡∑ 39 ¥Œepoch£¨—µ¡∑ ±≥§: 16.20719575881958 √Î
2024-08-26 22:39:00,247 - Test Loss(MSE): 0.05614019728576144
2024-08-26 22:39:00,250 - Model saved to D:\PythonProject\scorpioMock\MPDLinear\checkpoint\MPDLinear_20240826-223900_bs16_seq30_enc24_pred_len10_individualTrue_checkpoint.pth
2024-08-26 22:39:00,264 - Test Loss (Original Scale) MSE: 7.285152852410025
