2024-08-24 22:10:47,003 - Epoch 1/100, Train Loss(MSE): 0.80822484559483, Validation Loss(MSE): 0.6055310865243276
2024-08-24 22:10:47,003 - Validation loss decreased for the first time. Saving model ...
2024-08-24 22:10:47,210 - Epoch 2/100, Train Loss(MSE): 0.5447616510921054, Validation Loss(MSE): 0.42285890380541485
2024-08-24 22:10:47,214 - Validation loss decreased (0.605531 --> 0.422859).  Saving model ...
2024-08-24 22:10:47,419 - Epoch 3/100, Train Loss(MSE): 0.3845367888609568, Validation Loss(MSE): 0.3137105976541837
2024-08-24 22:10:47,419 - Validation loss decreased (0.422859 --> 0.313711).  Saving model ...
2024-08-24 22:10:47,634 - Epoch 4/100, Train Loss(MSE): 0.28613433407412636, Validation Loss(MSE): 0.24545286844174066
2024-08-24 22:10:47,634 - Validation loss decreased (0.313711 --> 0.245453).  Saving model ...
2024-08-24 22:10:47,872 - Epoch 5/100, Train Loss(MSE): 0.22515780495272741, Validation Loss(MSE): 0.20050777743260065
2024-08-24 22:10:47,873 - Validation loss decreased (0.245453 --> 0.200508).  Saving model ...
2024-08-24 22:10:48,071 - Epoch 6/100, Train Loss(MSE): 0.18482770770788193, Validation Loss(MSE): 0.17095384374260902
2024-08-24 22:10:48,071 - Validation loss decreased (0.200508 --> 0.170954).  Saving model ...
2024-08-24 22:10:48,281 - Epoch 7/100, Train Loss(MSE): 0.15713735835419762, Validation Loss(MSE): 0.14944631854693094
2024-08-24 22:10:48,282 - Validation loss decreased (0.170954 --> 0.149446).  Saving model ...
2024-08-24 22:10:48,496 - Epoch 8/100, Train Loss(MSE): 0.1377153946293725, Validation Loss(MSE): 0.132111215343078
2024-08-24 22:10:48,496 - Validation loss decreased (0.149446 --> 0.132111).  Saving model ...
2024-08-24 22:10:48,698 - Epoch 9/100, Train Loss(MSE): 0.12311603567666478, Validation Loss(MSE): 0.11935571332772572
2024-08-24 22:10:48,698 - Validation loss decreased (0.132111 --> 0.119356).  Saving model ...
2024-08-24 22:10:48,903 - Epoch 10/100, Train Loss(MSE): 0.11177852600812913, Validation Loss(MSE): 0.10977042590578397
2024-08-24 22:10:48,904 - Validation loss decreased (0.119356 --> 0.109770).  Saving model ...
2024-08-24 22:10:49,104 - Epoch 11/100, Train Loss(MSE): 0.10343488082289695, Validation Loss(MSE): 0.10185948573052883
2024-08-24 22:10:49,105 - Validation loss decreased (0.109770 --> 0.101859).  Saving model ...
2024-08-24 22:10:49,309 - Epoch 12/100, Train Loss(MSE): 0.09592380051811536, Validation Loss(MSE): 0.09560653939843178
2024-08-24 22:10:49,310 - Validation loss decreased (0.101859 --> 0.095607).  Saving model ...
2024-08-24 22:10:49,533 - Epoch 13/100, Train Loss(MSE): 0.0901549277206262, Validation Loss(MSE): 0.08912900338570277
2024-08-24 22:10:49,533 - Validation loss decreased (0.095607 --> 0.089129).  Saving model ...
2024-08-24 22:10:49,759 - Epoch 14/100, Train Loss(MSE): 0.08500049776501126, Validation Loss(MSE): 0.08517020878692468
2024-08-24 22:10:49,759 - Validation loss decreased (0.089129 --> 0.085170).  Saving model ...
2024-08-24 22:10:49,960 - Epoch 15/100, Train Loss(MSE): 0.08097102608945635, Validation Loss(MSE): 0.0821802591284116
2024-08-24 22:10:49,960 - Validation loss decreased (0.085170 --> 0.082180).  Saving model ...
2024-08-24 22:10:50,175 - Epoch 16/100, Train Loss(MSE): 0.0771800349983904, Validation Loss(MSE): 0.07768405166765054
2024-08-24 22:10:50,176 - Validation loss decreased (0.082180 --> 0.077684).  Saving model ...
2024-08-24 22:10:50,380 - Epoch 17/100, Train Loss(MSE): 0.07399542787008816, Validation Loss(MSE): 0.07555429575343926
2024-08-24 22:10:50,380 - Validation loss decreased (0.077684 --> 0.075554).  Saving model ...
2024-08-24 22:10:50,623 - Epoch 18/100, Train Loss(MSE): 0.07101453931795226, Validation Loss(MSE): 0.07340910471975803
2024-08-24 22:10:50,623 - Validation loss decreased (0.075554 --> 0.073409).  Saving model ...
2024-08-24 22:10:50,832 - Epoch 19/100, Train Loss(MSE): 0.06840022404988606, Validation Loss(MSE): 0.07066846018036206
2024-08-24 22:10:50,832 - Validation loss decreased (0.073409 --> 0.070668).  Saving model ...
2024-08-24 22:10:51,035 - Epoch 20/100, Train Loss(MSE): 0.06595892036954562, Validation Loss(MSE): 0.06898640344540279
2024-08-24 22:10:51,036 - Validation loss decreased (0.070668 --> 0.068986).  Saving model ...
2024-08-24 22:10:51,239 - Epoch 21/100, Train Loss(MSE): 0.0638443674892187, Validation Loss(MSE): 0.06712592082719009
2024-08-24 22:10:51,239 - Validation loss decreased (0.068986 --> 0.067126).  Saving model ...
2024-08-24 22:10:51,453 - Epoch 22/100, Train Loss(MSE): 0.06182865922649702, Validation Loss(MSE): 0.06507309712469578
2024-08-24 22:10:51,453 - Validation loss decreased (0.067126 --> 0.065073).  Saving model ...
2024-08-24 22:10:51,655 - Epoch 23/100, Train Loss(MSE): 0.05995104445351495, Validation Loss(MSE): 0.06478830737372239
2024-08-24 22:10:51,655 - Validation loss decreased (0.065073 --> 0.064788).  Saving model ...
2024-08-24 22:10:51,868 - Epoch 24/100, Train Loss(MSE): 0.05839235037565231, Validation Loss(MSE): 0.0633831179390351
2024-08-24 22:10:51,868 - Validation loss decreased (0.064788 --> 0.063383).  Saving model ...
2024-08-24 22:10:52,060 - Epoch 25/100, Train Loss(MSE): 0.05689668585028913, Validation Loss(MSE): 0.06240310271581014
2024-08-24 22:10:52,061 - Validation loss decreased (0.063383 --> 0.062403).  Saving model ...
2024-08-24 22:10:52,275 - Epoch 26/100, Train Loss(MSE): 0.05536177299088902, Validation Loss(MSE): 0.06105425270895163
2024-08-24 22:10:52,276 - Validation loss decreased (0.062403 --> 0.061054).  Saving model ...
2024-08-24 22:10:52,488 - Epoch 27/100, Train Loss(MSE): 0.05400274375246631, Validation Loss(MSE): 0.06005142256617546
2024-08-24 22:10:52,488 - Validation loss decreased (0.061054 --> 0.060051).  Saving model ...
2024-08-24 22:10:52,692 - Epoch 28/100, Train Loss(MSE): 0.052773310906357236, Validation Loss(MSE): 0.059823619201779366
2024-08-24 22:10:52,692 - Validation loss decreased (0.060051 --> 0.059824).  Saving model ...
2024-08-24 22:10:52,901 - Epoch 29/100, Train Loss(MSE): 0.051761576367749106, Validation Loss(MSE): 0.059315680215756096
2024-08-24 22:10:52,901 - Validation loss decreased (0.059824 --> 0.059316).  Saving model ...
2024-08-24 22:10:53,122 - Epoch 30/100, Train Loss(MSE): 0.05066093881097105, Validation Loss(MSE): 0.0574249072621266
2024-08-24 22:10:53,122 - Validation loss decreased (0.059316 --> 0.057425).  Saving model ...
2024-08-24 22:10:53,322 - Epoch 31/100, Train Loss(MSE): 0.04958467628392908, Validation Loss(MSE): 0.05807522932688395
2024-08-24 22:10:53,322 - EarlyStopping counter: 1 out of 5
2024-08-24 22:10:53,539 - Epoch 32/100, Train Loss(MSE): 0.04881114483707481, Validation Loss(MSE): 0.0573372325549523
2024-08-24 22:10:53,539 - Validation loss decreased (0.057425 --> 0.057337).  Saving model ...
2024-08-24 22:10:53,759 - Epoch 33/100, Train Loss(MSE): 0.04773605623179012, Validation Loss(MSE): 0.05579734407365322
2024-08-24 22:10:53,759 - Validation loss decreased (0.057337 --> 0.055797).  Saving model ...
2024-08-24 22:10:53,963 - Epoch 34/100, Train Loss(MSE): 0.047102124823464285, Validation Loss(MSE): 0.0568303590019544
2024-08-24 22:10:53,963 - EarlyStopping counter: 1 out of 5
2024-08-24 22:10:54,158 - Epoch 35/100, Train Loss(MSE): 0.04642571753097905, Validation Loss(MSE): 0.05576758272945881
2024-08-24 22:10:54,158 - Validation loss decreased (0.055797 --> 0.055768).  Saving model ...
2024-08-24 22:10:54,364 - Epoch 36/100, Train Loss(MSE): 0.04557743560936716, Validation Loss(MSE): 0.05466533141831557
2024-08-24 22:10:54,365 - Validation loss decreased (0.055768 --> 0.054665).  Saving model ...
2024-08-24 22:10:54,582 - Epoch 37/100, Train Loss(MSE): 0.04486765455868509, Validation Loss(MSE): 0.05490977317094803
2024-08-24 22:10:54,582 - EarlyStopping counter: 1 out of 5
2024-08-24 22:10:54,786 - Epoch 38/100, Train Loss(MSE): 0.04417471947769324, Validation Loss(MSE): 0.0540730245411396
2024-08-24 22:10:54,787 - Validation loss decreased (0.054665 --> 0.054073).  Saving model ...
2024-08-24 22:10:55,021 - Epoch 39/100, Train Loss(MSE): 0.04354573368198342, Validation Loss(MSE): 0.054118466253081955
2024-08-24 22:10:55,022 - EarlyStopping counter: 1 out of 5
2024-08-24 22:10:55,205 - Epoch 40/100, Train Loss(MSE): 0.043012210519777404, Validation Loss(MSE): 0.05357281615336736
2024-08-24 22:10:55,205 - Validation loss decreased (0.054073 --> 0.053573).  Saving model ...
2024-08-24 22:10:55,417 - Epoch 41/100, Train Loss(MSE): 0.04249442521896627, Validation Loss(MSE): 0.053398958717783294
2024-08-24 22:10:55,417 - Validation loss decreased (0.053573 --> 0.053399).  Saving model ...
2024-08-24 22:10:55,628 - Epoch 42/100, Train Loss(MSE): 0.04200038512547811, Validation Loss(MSE): 0.05331973421076933
2024-08-24 22:10:55,628 - Validation loss decreased (0.053399 --> 0.053320).  Saving model ...
2024-08-24 22:10:55,861 - Epoch 43/100, Train Loss(MSE): 0.04152561686933041, Validation Loss(MSE): 0.05277294913927714
2024-08-24 22:10:55,861 - Validation loss decreased (0.053320 --> 0.052773).  Saving model ...
2024-08-24 22:10:56,075 - Epoch 44/100, Train Loss(MSE): 0.04101141074465381, Validation Loss(MSE): 0.05318222567439079
2024-08-24 22:10:56,075 - EarlyStopping counter: 1 out of 5
2024-08-24 22:10:56,266 - Epoch 45/100, Train Loss(MSE): 0.04070770140323374, Validation Loss(MSE): 0.05249259931345781
2024-08-24 22:10:56,266 - Validation loss decreased (0.052773 --> 0.052493).  Saving model ...
2024-08-24 22:10:56,491 - Epoch 46/100, Train Loss(MSE): 0.04013044478164779, Validation Loss(MSE): 0.05345492251217365
2024-08-24 22:10:56,491 - EarlyStopping counter: 1 out of 5
2024-08-24 22:10:56,691 - Epoch 47/100, Train Loss(MSE): 0.039807283381621046, Validation Loss(MSE): 0.05271932855248451
2024-08-24 22:10:56,692 - EarlyStopping counter: 2 out of 5
2024-08-24 22:10:56,888 - Epoch 48/100, Train Loss(MSE): 0.03951971539192729, Validation Loss(MSE): 0.053120347360769905
2024-08-24 22:10:56,889 - EarlyStopping counter: 3 out of 5
2024-08-24 22:10:57,111 - Epoch 49/100, Train Loss(MSE): 0.03909461105035411, Validation Loss(MSE): 0.05265347597499689
2024-08-24 22:10:57,111 - EarlyStopping counter: 4 out of 5
2024-08-24 22:10:57,330 - Epoch 50/100, Train Loss(MSE): 0.038678161427378656, Validation Loss(MSE): 0.051729075610637665
2024-08-24 22:10:57,331 - Validation loss decreased (0.052493 --> 0.051729).  Saving model ...
2024-08-24 22:10:57,524 - Epoch 51/100, Train Loss(MSE): 0.03864662278857496, Validation Loss(MSE): 0.05252952190736929
2024-08-24 22:10:57,525 - EarlyStopping counter: 1 out of 5
2024-08-24 22:10:57,718 - Epoch 52/100, Train Loss(MSE): 0.03818426355719566, Validation Loss(MSE): 0.052123560259739556
2024-08-24 22:10:57,718 - EarlyStopping counter: 2 out of 5
2024-08-24 22:10:57,905 - Epoch 53/100, Train Loss(MSE): 0.03783578690555361, Validation Loss(MSE): 0.052148366967837013
2024-08-24 22:10:57,905 - EarlyStopping counter: 3 out of 5
2024-08-24 22:10:58,125 - Epoch 54/100, Train Loss(MSE): 0.03753864934874906, Validation Loss(MSE): 0.05261378362774849
2024-08-24 22:10:58,125 - EarlyStopping counter: 4 out of 5
2024-08-24 22:10:58,318 - Epoch 55/100, Train Loss(MSE): 0.03734778246531884, Validation Loss(MSE): 0.05301517993211746
2024-08-24 22:10:58,318 - EarlyStopping counter: 5 out of 5
2024-08-24 22:10:58,318 - Early stopping
2024-08-24 22:10:58,328 - Test Loss(MSE): 0.0629547256976366
2024-08-24 22:10:58,331 - Model saved to D:\PythonProject\scorpioMock\MPDLinear\checkpoint\MPDLinear_20240824-221058_bs32_seq30_enc24_pred_len1_individualTrue_checkpoint.pth
2024-08-24 22:10:58,337 - Test Loss (Original Scale) MSE: 7.798075339429592
