2024-08-26 21:54:08,303 - Epoch 1/100, Train Loss(MSE): 0.9265598412398454, Validation Loss(MSE): 0.7506121645371119
2024-08-26 21:54:08,303 - Validation loss decreased for the first time. Saving model ...
2024-08-26 21:54:08,686 - Epoch 2/100, Train Loss(MSE): 0.794419662965523, Validation Loss(MSE): 0.6459043174982071
2024-08-26 21:54:08,691 - Validation loss decreased (0.750612 --> 0.645904).  Saving model ...
2024-08-26 21:54:09,059 - Epoch 3/100, Train Loss(MSE): 0.6921660333544344, Validation Loss(MSE): 0.5644591351350149
2024-08-26 21:54:09,059 - Validation loss decreased (0.645904 --> 0.564459).  Saving model ...
2024-08-26 21:54:09,431 - Epoch 4/100, Train Loss(MSE): 0.6103136565659072, Validation Loss(MSE): 0.49920520186424255
2024-08-26 21:54:09,431 - Validation loss decreased (0.564459 --> 0.499205).  Saving model ...
2024-08-26 21:54:09,816 - Epoch 5/100, Train Loss(MSE): 0.5443604375634875, Validation Loss(MSE): 0.444870226085186
2024-08-26 21:54:09,816 - Validation loss decreased (0.499205 --> 0.444870).  Saving model ...
2024-08-26 21:54:10,224 - Epoch 6/100, Train Loss(MSE): 0.48968667839909646, Validation Loss(MSE): 0.3984738389650981
2024-08-26 21:54:10,224 - Validation loss decreased (0.444870 --> 0.398474).  Saving model ...
2024-08-26 21:54:10,577 - Epoch 7/100, Train Loss(MSE): 0.44217595327031484, Validation Loss(MSE): 0.3583243240912755
2024-08-26 21:54:10,577 - Validation loss decreased (0.398474 --> 0.358324).  Saving model ...
2024-08-26 21:54:10,941 - Epoch 8/100, Train Loss(MSE): 0.4023567898260368, Validation Loss(MSE): 0.3246283332506816
2024-08-26 21:54:10,941 - Validation loss decreased (0.358324 --> 0.324628).  Saving model ...
2024-08-26 21:54:11,343 - Epoch 9/100, Train Loss(MSE): 0.3677521405311731, Validation Loss(MSE): 0.2952390822271506
2024-08-26 21:54:11,343 - Validation loss decreased (0.324628 --> 0.295239).  Saving model ...
2024-08-26 21:54:11,716 - Epoch 10/100, Train Loss(MSE): 0.3376856058180987, Validation Loss(MSE): 0.2701735906302929
2024-08-26 21:54:11,717 - Validation loss decreased (0.295239 --> 0.270174).  Saving model ...
2024-08-26 21:54:12,091 - Epoch 11/100, Train Loss(MSE): 0.3116101902592313, Validation Loss(MSE): 0.24880842243631682
2024-08-26 21:54:12,091 - Validation loss decreased (0.270174 --> 0.248808).  Saving model ...
2024-08-26 21:54:12,460 - Epoch 12/100, Train Loss(MSE): 0.2881276514176484, Validation Loss(MSE): 0.22983168562253317
2024-08-26 21:54:12,461 - Validation loss decreased (0.248808 --> 0.229832).  Saving model ...
2024-08-26 21:54:12,843 - Epoch 13/100, Train Loss(MSE): 0.2684074417575375, Validation Loss(MSE): 0.21411259286105633
2024-08-26 21:54:12,843 - Validation loss decreased (0.229832 --> 0.214113).  Saving model ...
2024-08-26 21:54:13,205 - Epoch 14/100, Train Loss(MSE): 0.2502690143473856, Validation Loss(MSE): 0.2005762793123722
2024-08-26 21:54:13,205 - Validation loss decreased (0.214113 --> 0.200576).  Saving model ...
2024-08-26 21:54:13,574 - Epoch 15/100, Train Loss(MSE): 0.2345072892340985, Validation Loss(MSE): 0.18971589021384716
2024-08-26 21:54:13,574 - Validation loss decreased (0.200576 --> 0.189716).  Saving model ...
2024-08-26 21:54:13,974 - Epoch 16/100, Train Loss(MSE): 0.22071660645715482, Validation Loss(MSE): 0.17957588285207748
2024-08-26 21:54:13,974 - Validation loss decreased (0.189716 --> 0.179576).  Saving model ...
2024-08-26 21:54:14,364 - Epoch 17/100, Train Loss(MSE): 0.20857767097570085, Validation Loss(MSE): 0.17118417223294577
2024-08-26 21:54:14,364 - Validation loss decreased (0.179576 --> 0.171184).  Saving model ...
2024-08-26 21:54:14,741 - Epoch 18/100, Train Loss(MSE): 0.19760265962763146, Validation Loss(MSE): 0.1641999389976263
2024-08-26 21:54:14,742 - Validation loss decreased (0.171184 --> 0.164200).  Saving model ...
2024-08-26 21:54:15,129 - Epoch 19/100, Train Loss(MSE): 0.18764667041026628, Validation Loss(MSE): 0.15843266434967518
2024-08-26 21:54:15,129 - Validation loss decreased (0.164200 --> 0.158433).  Saving model ...
2024-08-26 21:54:15,489 - Epoch 20/100, Train Loss(MSE): 0.1792606369970919, Validation Loss(MSE): 0.1532313091059526
2024-08-26 21:54:15,489 - Validation loss decreased (0.158433 --> 0.153231).  Saving model ...
2024-08-26 21:54:15,881 - Epoch 21/100, Train Loss(MSE): 0.17105441081982392, Validation Loss(MSE): 0.14859176675478616
2024-08-26 21:54:15,881 - Validation loss decreased (0.153231 --> 0.148592).  Saving model ...
2024-08-26 21:54:16,256 - Epoch 22/100, Train Loss(MSE): 0.1641153348507462, Validation Loss(MSE): 0.14515603644152483
2024-08-26 21:54:16,256 - Validation loss decreased (0.148592 --> 0.145156).  Saving model ...
2024-08-26 21:54:16,607 - Epoch 23/100, Train Loss(MSE): 0.15758581074712041, Validation Loss(MSE): 0.14154363113145033
2024-08-26 21:54:16,607 - Validation loss decreased (0.145156 --> 0.141544).  Saving model ...
2024-08-26 21:54:17,011 - Epoch 24/100, Train Loss(MSE): 0.15168435552290507, Validation Loss(MSE): 0.13883836443225542
2024-08-26 21:54:17,011 - Validation loss decreased (0.141544 --> 0.138838).  Saving model ...
2024-08-26 21:54:17,379 - Epoch 25/100, Train Loss(MSE): 0.14636223836914525, Validation Loss(MSE): 0.1363409080853065
2024-08-26 21:54:17,379 - Validation loss decreased (0.138838 --> 0.136341).  Saving model ...
2024-08-26 21:54:17,770 - Epoch 26/100, Train Loss(MSE): 0.1415030678304342, Validation Loss(MSE): 0.13393964370091757
2024-08-26 21:54:17,770 - Validation loss decreased (0.136341 --> 0.133940).  Saving model ...
2024-08-26 21:54:18,163 - Epoch 27/100, Train Loss(MSE): 0.13714765196481904, Validation Loss(MSE): 0.13195339776575565
2024-08-26 21:54:18,163 - Validation loss decreased (0.133940 --> 0.131953).  Saving model ...
2024-08-26 21:54:18,573 - Epoch 28/100, Train Loss(MSE): 0.13295707737024015, Validation Loss(MSE): 0.12977528447906175
2024-08-26 21:54:18,573 - Validation loss decreased (0.131953 --> 0.129775).  Saving model ...
2024-08-26 21:54:18,941 - Epoch 29/100, Train Loss(MSE): 0.12924291913980965, Validation Loss(MSE): 0.1288139553119739
2024-08-26 21:54:18,941 - Validation loss decreased (0.129775 --> 0.128814).  Saving model ...
2024-08-26 21:54:19,336 - Epoch 30/100, Train Loss(MSE): 0.12569040358885303, Validation Loss(MSE): 0.12691126329203448
2024-08-26 21:54:19,336 - Validation loss decreased (0.128814 --> 0.126911).  Saving model ...
2024-08-26 21:54:19,717 - Epoch 31/100, Train Loss(MSE): 0.12261435962640323, Validation Loss(MSE): 0.1258673140158256
2024-08-26 21:54:19,717 - Validation loss decreased (0.126911 --> 0.125867).  Saving model ...
2024-08-26 21:54:20,074 - Epoch 32/100, Train Loss(MSE): 0.11958504699498088, Validation Loss(MSE): 0.12441984967639048
2024-08-26 21:54:20,074 - Validation loss decreased (0.125867 --> 0.124420).  Saving model ...
2024-08-26 21:54:20,468 - Epoch 33/100, Train Loss(MSE): 0.11671668626777418, Validation Loss(MSE): 0.12322018419702847
2024-08-26 21:54:20,468 - Validation loss decreased (0.124420 --> 0.123220).  Saving model ...
2024-08-26 21:54:20,834 - Epoch 34/100, Train Loss(MSE): 0.11404457041522958, Validation Loss(MSE): 0.12232079543173313
2024-08-26 21:54:20,834 - Validation loss decreased (0.123220 --> 0.122321).  Saving model ...
2024-08-26 21:54:21,232 - Epoch 35/100, Train Loss(MSE): 0.11170558827918964, Validation Loss(MSE): 0.12161417305469513
2024-08-26 21:54:21,232 - Validation loss decreased (0.122321 --> 0.121614).  Saving model ...
2024-08-26 21:54:21,590 - Epoch 36/100, Train Loss(MSE): 0.10934635460540489, Validation Loss(MSE): 0.11957085691392422
2024-08-26 21:54:21,590 - Validation loss decreased (0.121614 --> 0.119571).  Saving model ...
2024-08-26 21:54:21,964 - Epoch 37/100, Train Loss(MSE): 0.10738770059913724, Validation Loss(MSE): 0.11924202150354783
2024-08-26 21:54:21,964 - Validation loss decreased (0.119571 --> 0.119242).  Saving model ...
2024-08-26 21:54:22,357 - Epoch 38/100, Train Loss(MSE): 0.1054070155944798, Validation Loss(MSE): 0.11890577990561724
2024-08-26 21:54:22,357 - Validation loss decreased (0.119242 --> 0.118906).  Saving model ...
2024-08-26 21:54:22,750 - Epoch 39/100, Train Loss(MSE): 0.10350891485155284, Validation Loss(MSE): 0.11785423041631778
2024-08-26 21:54:22,750 - Validation loss decreased (0.118906 --> 0.117854).  Saving model ...
2024-08-26 21:54:23,131 - Epoch 40/100, Train Loss(MSE): 0.10182603039256818, Validation Loss(MSE): 0.11725822029014428
2024-08-26 21:54:23,132 - Validation loss decreased (0.117854 --> 0.117258).  Saving model ...
2024-08-26 21:54:23,522 - Epoch 41/100, Train Loss(MSE): 0.10038506841430297, Validation Loss(MSE): 0.115779892851909
2024-08-26 21:54:23,522 - Validation loss decreased (0.117258 --> 0.115780).  Saving model ...
2024-08-26 21:54:23,891 - Epoch 42/100, Train Loss(MSE): 0.09895033266518143, Validation Loss(MSE): 0.11621859576553106
2024-08-26 21:54:23,892 - EarlyStopping counter: 1 out of 5
2024-08-26 21:54:24,287 - Epoch 43/100, Train Loss(MSE): 0.09760444193750947, Validation Loss(MSE): 0.115065421598653
2024-08-26 21:54:24,287 - Validation loss decreased (0.115780 --> 0.115065).  Saving model ...
2024-08-26 21:54:24,671 - Epoch 44/100, Train Loss(MSE): 0.09610848984384275, Validation Loss(MSE): 0.11478670500218868
2024-08-26 21:54:24,671 - Validation loss decreased (0.115065 --> 0.114787).  Saving model ...
2024-08-26 21:54:25,051 - Epoch 45/100, Train Loss(MSE): 0.09496075905613847, Validation Loss(MSE): 0.11339482634017865
2024-08-26 21:54:25,051 - Validation loss decreased (0.114787 --> 0.113395).  Saving model ...
2024-08-26 21:54:25,430 - Epoch 46/100, Train Loss(MSE): 0.09388972018528116, Validation Loss(MSE): 0.11275515332818031
2024-08-26 21:54:25,430 - Validation loss decreased (0.113395 --> 0.112755).  Saving model ...
2024-08-26 21:54:25,818 - Epoch 47/100, Train Loss(MSE): 0.09287666926508421, Validation Loss(MSE): 0.11160403645286958
2024-08-26 21:54:25,818 - Validation loss decreased (0.112755 --> 0.111604).  Saving model ...
2024-08-26 21:54:26,201 - Epoch 48/100, Train Loss(MSE): 0.09212044131133583, Validation Loss(MSE): 0.1118371303503712
2024-08-26 21:54:26,201 - EarlyStopping counter: 1 out of 5
2024-08-26 21:54:26,600 - Epoch 49/100, Train Loss(MSE): 0.09098933010802164, Validation Loss(MSE): 0.11107804005344708
2024-08-26 21:54:26,600 - Validation loss decreased (0.111604 --> 0.111078).  Saving model ...
2024-08-26 21:54:27,005 - Epoch 50/100, Train Loss(MSE): 0.09037645236885809, Validation Loss(MSE): 0.11107519703606765
2024-08-26 21:54:27,005 - EarlyStopping counter: 1 out of 5
2024-08-26 21:54:27,373 - Epoch 51/100, Train Loss(MSE): 0.08949185686779547, Validation Loss(MSE): 0.1108437314008673
2024-08-26 21:54:27,374 - Validation loss decreased (0.111078 --> 0.110844).  Saving model ...
2024-08-26 21:54:27,769 - Epoch 52/100, Train Loss(MSE): 0.08882556298931876, Validation Loss(MSE): 0.11036365199834108
2024-08-26 21:54:27,769 - Validation loss decreased (0.110844 --> 0.110364).  Saving model ...
2024-08-26 21:54:28,157 - Epoch 53/100, Train Loss(MSE): 0.08817245094822003, Validation Loss(MSE): 0.11037622236957152
2024-08-26 21:54:28,157 - EarlyStopping counter: 1 out of 5
2024-08-26 21:54:28,553 - Epoch 54/100, Train Loss(MSE): 0.0875239110050293, Validation Loss(MSE): 0.10913483674327533
2024-08-26 21:54:28,554 - Validation loss decreased (0.110364 --> 0.109135).  Saving model ...
2024-08-26 21:54:28,936 - Epoch 55/100, Train Loss(MSE): 0.08707463231633653, Validation Loss(MSE): 0.10864048792670171
2024-08-26 21:54:28,936 - Validation loss decreased (0.109135 --> 0.108640).  Saving model ...
2024-08-26 21:54:29,305 - Epoch 56/100, Train Loss(MSE): 0.08645949263002846, Validation Loss(MSE): 0.10916608789314826
2024-08-26 21:54:29,305 - EarlyStopping counter: 1 out of 5
2024-08-26 21:54:29,668 - Epoch 57/100, Train Loss(MSE): 0.08594839602381318, Validation Loss(MSE): 0.10861260288705428
2024-08-26 21:54:29,668 - Validation loss decreased (0.108640 --> 0.108613).  Saving model ...
2024-08-26 21:54:30,077 - Epoch 58/100, Train Loss(MSE): 0.08548018479576477, Validation Loss(MSE): 0.10769508220255375
2024-08-26 21:54:30,077 - Validation loss decreased (0.108613 --> 0.107695).  Saving model ...
2024-08-26 21:54:30,442 - Epoch 59/100, Train Loss(MSE): 0.08504662161263135, Validation Loss(MSE): 0.1085434357325236
2024-08-26 21:54:30,442 - EarlyStopping counter: 1 out of 5
2024-08-26 21:54:30,839 - Epoch 60/100, Train Loss(MSE): 0.08464494404884484, Validation Loss(MSE): 0.10782351127515237
2024-08-26 21:54:30,839 - EarlyStopping counter: 2 out of 5
2024-08-26 21:54:31,268 - Epoch 61/100, Train Loss(MSE): 0.08427527102713402, Validation Loss(MSE): 0.10759206054111321
2024-08-26 21:54:31,268 - Validation loss decreased (0.107695 --> 0.107592).  Saving model ...
2024-08-26 21:54:31,635 - Epoch 62/100, Train Loss(MSE): 0.08394828882928078, Validation Loss(MSE): 0.10668227945764859
2024-08-26 21:54:31,635 - Validation loss decreased (0.107592 --> 0.106682).  Saving model ...
2024-08-26 21:54:32,002 - Epoch 63/100, Train Loss(MSE): 0.08357501154826892, Validation Loss(MSE): 0.10702527159204085
2024-08-26 21:54:32,002 - EarlyStopping counter: 1 out of 5
2024-08-26 21:54:32,376 - Epoch 64/100, Train Loss(MSE): 0.08310923078557947, Validation Loss(MSE): 0.10662445425987244
2024-08-26 21:54:32,376 - Validation loss decreased (0.106682 --> 0.106624).  Saving model ...
2024-08-26 21:54:32,752 - Epoch 65/100, Train Loss(MSE): 0.08291398410449971, Validation Loss(MSE): 0.10558061332752307
2024-08-26 21:54:32,752 - Validation loss decreased (0.106624 --> 0.105581).  Saving model ...
2024-08-26 21:54:33,123 - Epoch 66/100, Train Loss(MSE): 0.08274021552322985, Validation Loss(MSE): 0.10609409989168246
2024-08-26 21:54:33,123 - EarlyStopping counter: 1 out of 5
2024-08-26 21:54:33,501 - Epoch 67/100, Train Loss(MSE): 0.08247527295907775, Validation Loss(MSE): 0.10628765107442935
2024-08-26 21:54:33,501 - EarlyStopping counter: 2 out of 5
2024-08-26 21:54:33,889 - Epoch 68/100, Train Loss(MSE): 0.0821173357275816, Validation Loss(MSE): 0.10572743198523919
2024-08-26 21:54:33,889 - EarlyStopping counter: 3 out of 5
2024-08-26 21:54:34,258 - Epoch 69/100, Train Loss(MSE): 0.08181286783336283, Validation Loss(MSE): 0.10553240248312552
2024-08-26 21:54:34,258 - Validation loss decreased (0.105581 --> 0.105532).  Saving model ...
2024-08-26 21:54:34,642 - Epoch 70/100, Train Loss(MSE): 0.0819317411508534, Validation Loss(MSE): 0.1062080127497514
2024-08-26 21:54:34,642 - EarlyStopping counter: 1 out of 5
2024-08-26 21:54:35,072 - Epoch 71/100, Train Loss(MSE): 0.08145726541732694, Validation Loss(MSE): 0.10553111787885427
2024-08-26 21:54:35,072 - EarlyStopping counter: 2 out of 5
2024-08-26 21:54:35,479 - Epoch 72/100, Train Loss(MSE): 0.08127369766461325, Validation Loss(MSE): 0.10480117114881675
2024-08-26 21:54:35,479 - Validation loss decreased (0.105532 --> 0.104801).  Saving model ...
2024-08-26 21:54:35,879 - Epoch 73/100, Train Loss(MSE): 0.08113365908982334, Validation Loss(MSE): 0.10453661282857259
2024-08-26 21:54:35,879 - Validation loss decreased (0.104801 --> 0.104537).  Saving model ...
2024-08-26 21:54:36,259 - Epoch 74/100, Train Loss(MSE): 0.08090545568656135, Validation Loss(MSE): 0.10405804930875699
2024-08-26 21:54:36,259 - Validation loss decreased (0.104537 --> 0.104058).  Saving model ...
2024-08-26 21:54:36,638 - Epoch 75/100, Train Loss(MSE): 0.08076808575008597, Validation Loss(MSE): 0.10449114783356588
2024-08-26 21:54:36,638 - EarlyStopping counter: 1 out of 5
2024-08-26 21:54:37,014 - Epoch 76/100, Train Loss(MSE): 0.08063881146301935, Validation Loss(MSE): 0.10408266726881266
2024-08-26 21:54:37,014 - EarlyStopping counter: 2 out of 5
2024-08-26 21:54:37,382 - Epoch 77/100, Train Loss(MSE): 0.08057585555118518, Validation Loss(MSE): 0.10417239771534999
2024-08-26 21:54:37,383 - EarlyStopping counter: 3 out of 5
2024-08-26 21:54:37,769 - Epoch 78/100, Train Loss(MSE): 0.0803661776890794, Validation Loss(MSE): 0.10344903854032357
2024-08-26 21:54:37,769 - Validation loss decreased (0.104058 --> 0.103449).  Saving model ...
2024-08-26 21:54:38,168 - Epoch 79/100, Train Loss(MSE): 0.0801845368530069, Validation Loss(MSE): 0.10448721920450528
2024-08-26 21:54:38,168 - EarlyStopping counter: 1 out of 5
2024-08-26 21:54:38,542 - Epoch 80/100, Train Loss(MSE): 0.08000173968273205, Validation Loss(MSE): 0.10349687499304612
2024-08-26 21:54:38,542 - EarlyStopping counter: 2 out of 5
2024-08-26 21:54:38,925 - Epoch 81/100, Train Loss(MSE): 0.07982845909402266, Validation Loss(MSE): 0.10314050130546093
2024-08-26 21:54:38,925 - Validation loss decreased (0.103449 --> 0.103141).  Saving model ...
2024-08-26 21:54:39,335 - Epoch 82/100, Train Loss(MSE): 0.07976154489749736, Validation Loss(MSE): 0.10399298369884491
2024-08-26 21:54:39,335 - EarlyStopping counter: 1 out of 5
2024-08-26 21:54:39,722 - Epoch 83/100, Train Loss(MSE): 0.07977185185466494, Validation Loss(MSE): 0.10357229815175135
2024-08-26 21:54:39,722 - EarlyStopping counter: 2 out of 5
2024-08-26 21:54:40,106 - Epoch 84/100, Train Loss(MSE): 0.07966482176721751, Validation Loss(MSE): 0.10186178547640641
2024-08-26 21:54:40,106 - Validation loss decreased (0.103141 --> 0.101862).  Saving model ...
2024-08-26 21:54:40,476 - Epoch 85/100, Train Loss(MSE): 0.0795475531901632, Validation Loss(MSE): 0.10176913005610307
2024-08-26 21:54:40,476 - Validation loss decreased (0.101862 --> 0.101769).  Saving model ...
2024-08-26 21:54:40,853 - Epoch 86/100, Train Loss(MSE): 0.07946767422606002, Validation Loss(MSE): 0.10271745237211387
2024-08-26 21:54:40,853 - EarlyStopping counter: 1 out of 5
2024-08-26 21:54:41,228 - Epoch 87/100, Train Loss(MSE): 0.07935062265739991, Validation Loss(MSE): 0.10255566084136565
2024-08-26 21:54:41,228 - EarlyStopping counter: 2 out of 5
2024-08-26 21:54:41,612 - Epoch 88/100, Train Loss(MSE): 0.07925872420789776, Validation Loss(MSE): 0.1017146638284127
2024-08-26 21:54:41,612 - Validation loss decreased (0.101769 --> 0.101715).  Saving model ...
2024-08-26 21:54:41,995 - Epoch 89/100, Train Loss(MSE): 0.07915825683336991, Validation Loss(MSE): 0.10267960435400407
2024-08-26 21:54:41,995 - EarlyStopping counter: 1 out of 5
2024-08-26 21:54:42,373 - Epoch 90/100, Train Loss(MSE): 0.07897608495921224, Validation Loss(MSE): 0.10289482306689024
2024-08-26 21:54:42,374 - EarlyStopping counter: 2 out of 5
2024-08-26 21:54:42,758 - Epoch 91/100, Train Loss(MSE): 0.07893418090847823, Validation Loss(MSE): 0.1023558306818207
2024-08-26 21:54:42,758 - EarlyStopping counter: 3 out of 5
2024-08-26 21:54:43,145 - Epoch 92/100, Train Loss(MSE): 0.07886196187809928, Validation Loss(MSE): 0.10217560703555743
2024-08-26 21:54:43,145 - EarlyStopping counter: 4 out of 5
2024-08-26 21:54:43,562 - Epoch 93/100, Train Loss(MSE): 0.07874883265121953, Validation Loss(MSE): 0.10312627845754226
2024-08-26 21:54:43,562 - EarlyStopping counter: 5 out of 5
2024-08-26 21:54:43,562 - Early stopping
2024-08-26 21:54:43,562 - —µ¡∑ 93 ¥Œepoch£¨—µ¡∑ ±≥§: 35.6256947517395 √Î
2024-08-26 21:54:43,577 - Test Loss(MSE): 0.09139742127930124
2024-08-26 21:54:43,581 - Model saved to D:\PythonProject\scorpioMock\MPDLinear\checkpoint\MPDLinear_20240826-215443_bs16_seq7_enc24_pred_len10_individualTrue_checkpoint.pth
2024-08-26 21:54:43,591 - Test Loss (Original Scale) MSE: 10.856405393462165
