2024-09-06 10:17:18,394 - Epoch 1/100, Train Loss(MSE): 0.7343325960008722, Validation Loss(MSE): 0.0985895407696565
2024-09-06 10:17:18,395 - Validation loss decreased for the first time. Saving model ...
2024-09-06 10:17:18,656 - Epoch 2/100, Train Loss(MSE): 0.10968452437143576, Validation Loss(MSE): 0.08222682525714238
2024-09-06 10:17:18,657 - Validation loss decreased (0.098590 --> 0.082227).  Saving model ...
2024-09-06 10:17:18,931 - Epoch 3/100, Train Loss(MSE): 0.05210546364909724, Validation Loss(MSE): 0.08631356557210286
2024-09-06 10:17:18,931 - EarlyStopping counter: 1 out of 7
2024-09-06 10:17:19,204 - Epoch 4/100, Train Loss(MSE): 0.039117768799003805, Validation Loss(MSE): 0.07253540803988774
2024-09-06 10:17:19,204 - Validation loss decreased (0.082227 --> 0.072535).  Saving model ...
2024-09-06 10:17:19,458 - Epoch 5/100, Train Loss(MSE): 0.033135248348116875, Validation Loss(MSE): 0.08749034255743027
2024-09-06 10:17:19,458 - EarlyStopping counter: 1 out of 7
2024-09-06 10:17:19,738 - Epoch 6/100, Train Loss(MSE): 0.026759216659947446, Validation Loss(MSE): 0.07665322969357173
2024-09-06 10:17:19,738 - EarlyStopping counter: 2 out of 7
2024-09-06 10:17:20,011 - Epoch 7/100, Train Loss(MSE): 0.02264672007999922, Validation Loss(MSE): 0.0774196485678355
2024-09-06 10:17:20,011 - EarlyStopping counter: 3 out of 7
2024-09-06 10:17:20,273 - Epoch 8/100, Train Loss(MSE): 0.018488338021071332, Validation Loss(MSE): 0.07809840639432271
2024-09-06 10:17:20,274 - EarlyStopping counter: 4 out of 7
2024-09-06 10:17:20,542 - Epoch 9/100, Train Loss(MSE): 0.015008411517268732, Validation Loss(MSE): 0.08551061401764552
2024-09-06 10:17:20,542 - EarlyStopping counter: 5 out of 7
2024-09-06 10:17:20,811 - Epoch 10/100, Train Loss(MSE): 0.011810469073488525, Validation Loss(MSE): 0.07944100101788838
2024-09-06 10:17:20,811 - EarlyStopping counter: 6 out of 7
2024-09-06 10:17:21,100 - Epoch 11/100, Train Loss(MSE): 0.009457712061703205, Validation Loss(MSE): 0.08531137059132259
2024-09-06 10:17:21,100 - EarlyStopping counter: 7 out of 7
2024-09-06 10:17:21,100 - Early stopping
2024-09-06 10:17:21,100 - —µ¡∑ 11 ¥Œepoch£¨—µ¡∑ ±≥§: 3.0098702907562256 √Î
2024-09-06 10:17:21,119 - Test Loss(MSE): 0.04669690132141113
2024-09-06 10:17:21,127 - Model saved to D:\PythonProject\scorpioMock\MPDLinear\checkpoint\MPDLinear_v10_20240906-101721_bs64_seq365_enc24_pred_len5_individualTrue_checkpoint.pth
2024-09-06 10:17:21,142 - Test Loss (Original Scale) MSE: 5.874630974831639
2024-09-06 10:17:21,142 - Test Loss (Original Scale) MAE: 1.9134708731724845
