2024-08-25 15:12:19,246 - Epoch 1/100, Train Loss(MSE): 0.7654230991999308, Validation Loss(MSE): 0.560462236404419
2024-08-25 15:12:19,247 - Validation loss decreased for the first time. Saving model ...
2024-08-25 15:12:19,463 - Epoch 2/100, Train Loss(MSE): 0.5083394441339705, Validation Loss(MSE): 0.3857930948336919
2024-08-25 15:12:19,464 - Validation loss decreased (0.560462 --> 0.385793).  Saving model ...
2024-08-25 15:12:19,664 - Epoch 3/100, Train Loss(MSE): 0.35427000787523055, Validation Loss(MSE): 0.2817366123199463
2024-08-25 15:12:19,664 - Validation loss decreased (0.385793 --> 0.281737).  Saving model ...
2024-08-25 15:12:19,861 - Epoch 4/100, Train Loss(MSE): 0.2614923377831777, Validation Loss(MSE): 0.21702913443247476
2024-08-25 15:12:19,861 - Validation loss decreased (0.281737 --> 0.217029).  Saving model ...
2024-08-25 15:12:20,064 - Epoch 5/100, Train Loss(MSE): 0.2033708550863796, Validation Loss(MSE): 0.17841756095488867
2024-08-25 15:12:20,065 - Validation loss decreased (0.217029 --> 0.178418).  Saving model ...
2024-08-25 15:12:20,312 - Epoch 6/100, Train Loss(MSE): 0.16658855378627777, Validation Loss(MSE): 0.1488454987605413
2024-08-25 15:12:20,312 - Validation loss decreased (0.178418 --> 0.148845).  Saving model ...
2024-08-25 15:12:20,539 - Epoch 7/100, Train Loss(MSE): 0.14135148028532665, Validation Loss(MSE): 0.1290446842710177
2024-08-25 15:12:20,539 - Validation loss decreased (0.148845 --> 0.129045).  Saving model ...
2024-08-25 15:12:20,764 - Epoch 8/100, Train Loss(MSE): 0.12329414346151882, Validation Loss(MSE): 0.1155055637160937
2024-08-25 15:12:20,764 - Validation loss decreased (0.129045 --> 0.115506).  Saving model ...
2024-08-25 15:12:20,966 - Epoch 9/100, Train Loss(MSE): 0.11039130215843519, Validation Loss(MSE): 0.1048865057528019
2024-08-25 15:12:20,967 - Validation loss decreased (0.115506 --> 0.104887).  Saving model ...
2024-08-25 15:12:21,197 - Epoch 10/100, Train Loss(MSE): 0.10068951522310575, Validation Loss(MSE): 0.09609606862068176
2024-08-25 15:12:21,197 - Validation loss decreased (0.104887 --> 0.096096).  Saving model ...
2024-08-25 15:12:21,416 - Epoch 11/100, Train Loss(MSE): 0.09314667574233479, Validation Loss(MSE): 0.08988489086429279
2024-08-25 15:12:21,416 - Validation loss decreased (0.096096 --> 0.089885).  Saving model ...
2024-08-25 15:12:21,637 - Epoch 12/100, Train Loss(MSE): 0.08682675320241186, Validation Loss(MSE): 0.08356125590701897
2024-08-25 15:12:21,637 - Validation loss decreased (0.089885 --> 0.083561).  Saving model ...
2024-08-25 15:12:21,860 - Epoch 13/100, Train Loss(MSE): 0.08179989804824193, Validation Loss(MSE): 0.07936553532878558
2024-08-25 15:12:21,861 - Validation loss decreased (0.083561 --> 0.079366).  Saving model ...
2024-08-25 15:12:22,100 - Epoch 14/100, Train Loss(MSE): 0.07755225863721636, Validation Loss(MSE): 0.0758079718798399
2024-08-25 15:12:22,100 - Validation loss decreased (0.079366 --> 0.075808).  Saving model ...
2024-08-25 15:12:22,355 - Epoch 15/100, Train Loss(MSE): 0.07401917808585697, Validation Loss(MSE): 0.0729392593105634
2024-08-25 15:12:22,355 - Validation loss decreased (0.075808 --> 0.072939).  Saving model ...
2024-08-25 15:12:22,603 - Epoch 16/100, Train Loss(MSE): 0.07070089992549684, Validation Loss(MSE): 0.06988135104378064
2024-08-25 15:12:22,604 - Validation loss decreased (0.072939 --> 0.069881).  Saving model ...
2024-08-25 15:12:22,861 - Epoch 17/100, Train Loss(MSE): 0.06790946125984192, Validation Loss(MSE): 0.06820287927985191
2024-08-25 15:12:22,862 - Validation loss decreased (0.069881 --> 0.068203).  Saving model ...
2024-08-25 15:12:23,115 - Epoch 18/100, Train Loss(MSE): 0.06544209776653184, Validation Loss(MSE): 0.06629240823288758
2024-08-25 15:12:23,116 - Validation loss decreased (0.068203 --> 0.066292).  Saving model ...
2024-08-25 15:12:23,362 - Epoch 19/100, Train Loss(MSE): 0.06329362301362886, Validation Loss(MSE): 0.06481505619982879
2024-08-25 15:12:23,362 - Validation loss decreased (0.066292 --> 0.064815).  Saving model ...
2024-08-25 15:12:23,596 - Epoch 20/100, Train Loss(MSE): 0.06122847865853045, Validation Loss(MSE): 0.06356725034614404
2024-08-25 15:12:23,596 - Validation loss decreased (0.064815 --> 0.063567).  Saving model ...
2024-08-25 15:12:23,834 - Epoch 21/100, Train Loss(MSE): 0.059376997955971296, Validation Loss(MSE): 0.06169045840700468
2024-08-25 15:12:23,834 - Validation loss decreased (0.063567 --> 0.061690).  Saving model ...
2024-08-25 15:12:24,081 - Epoch 22/100, Train Loss(MSE): 0.05786475092172623, Validation Loss(MSE): 0.060946294416983925
2024-08-25 15:12:24,081 - Validation loss decreased (0.061690 --> 0.060946).  Saving model ...
2024-08-25 15:12:24,334 - Epoch 23/100, Train Loss(MSE): 0.05603118278086185, Validation Loss(MSE): 0.05969923983017603
2024-08-25 15:12:24,334 - Validation loss decreased (0.060946 --> 0.059699).  Saving model ...
2024-08-25 15:12:24,601 - Epoch 24/100, Train Loss(MSE): 0.0547186969468991, Validation Loss(MSE): 0.059117758025725685
2024-08-25 15:12:24,601 - Validation loss decreased (0.059699 --> 0.059118).  Saving model ...
2024-08-25 15:12:24,838 - Epoch 25/100, Train Loss(MSE): 0.053379284424914256, Validation Loss(MSE): 0.05812865619858106
2024-08-25 15:12:24,838 - Validation loss decreased (0.059118 --> 0.058129).  Saving model ...
2024-08-25 15:12:25,079 - Epoch 26/100, Train Loss(MSE): 0.05220271804266506, Validation Loss(MSE): 0.05778545141220093
2024-08-25 15:12:25,080 - Validation loss decreased (0.058129 --> 0.057785).  Saving model ...
2024-08-25 15:12:25,329 - Epoch 27/100, Train Loss(MSE): 0.05110664698812697, Validation Loss(MSE): 0.05653046754499277
2024-08-25 15:12:25,329 - Validation loss decreased (0.057785 --> 0.056530).  Saving model ...
2024-08-25 15:12:25,584 - Epoch 28/100, Train Loss(MSE): 0.04997091289195749, Validation Loss(MSE): 0.05634613831837972
2024-08-25 15:12:25,584 - Validation loss decreased (0.056530 --> 0.056346).  Saving model ...
2024-08-25 15:12:25,827 - Epoch 29/100, Train Loss(MSE): 0.04926044216586484, Validation Loss(MSE): 0.05568951740860939
2024-08-25 15:12:25,827 - Validation loss decreased (0.056346 --> 0.055690).  Saving model ...
2024-08-25 15:12:26,062 - Epoch 30/100, Train Loss(MSE): 0.048169584406746756, Validation Loss(MSE): 0.05487532541155815
2024-08-25 15:12:26,063 - Validation loss decreased (0.055690 --> 0.054875).  Saving model ...
2024-08-25 15:12:26,302 - Epoch 31/100, Train Loss(MSE): 0.047403161351879435, Validation Loss(MSE): 0.05518088862299919
2024-08-25 15:12:26,303 - EarlyStopping counter: 1 out of 5
2024-08-25 15:12:26,553 - Epoch 32/100, Train Loss(MSE): 0.0465675703353352, Validation Loss(MSE): 0.05450218046704928
2024-08-25 15:12:26,553 - Validation loss decreased (0.054875 --> 0.054502).  Saving model ...
2024-08-25 15:12:26,806 - Epoch 33/100, Train Loss(MSE): 0.045888210833072665, Validation Loss(MSE): 0.05451366181174914
2024-08-25 15:12:26,806 - EarlyStopping counter: 1 out of 5
2024-08-25 15:12:27,048 - Epoch 34/100, Train Loss(MSE): 0.04523360890646776, Validation Loss(MSE): 0.05347893573343754
2024-08-25 15:12:27,048 - Validation loss decreased (0.054502 --> 0.053479).  Saving model ...
2024-08-25 15:12:27,298 - Epoch 35/100, Train Loss(MSE): 0.044455363932583064, Validation Loss(MSE): 0.053991708904504776
2024-08-25 15:12:27,298 - EarlyStopping counter: 1 out of 5
2024-08-25 15:12:27,573 - Epoch 36/100, Train Loss(MSE): 0.043775995531015924, Validation Loss(MSE): 0.053726801027854286
2024-08-25 15:12:27,573 - EarlyStopping counter: 2 out of 5
2024-08-25 15:12:27,801 - Epoch 37/100, Train Loss(MSE): 0.043230397378404936, Validation Loss(MSE): 0.05332025761405627
2024-08-25 15:12:27,801 - Validation loss decreased (0.053479 --> 0.053320).  Saving model ...
2024-08-25 15:12:28,047 - Epoch 38/100, Train Loss(MSE): 0.042564261559810905, Validation Loss(MSE): 0.05275636166334152
2024-08-25 15:12:28,048 - Validation loss decreased (0.053320 --> 0.052756).  Saving model ...
2024-08-25 15:12:28,333 - Epoch 39/100, Train Loss(MSE): 0.042054747831490304, Validation Loss(MSE): 0.053287290036678314
2024-08-25 15:12:28,333 - EarlyStopping counter: 1 out of 5
2024-08-25 15:12:28,644 - Epoch 40/100, Train Loss(MSE): 0.04151716762118869, Validation Loss(MSE): 0.05303609619537989
2024-08-25 15:12:28,645 - EarlyStopping counter: 2 out of 5
2024-08-25 15:12:28,913 - Epoch 41/100, Train Loss(MSE): 0.04112026662462288, Validation Loss(MSE): 0.053875360637903214
2024-08-25 15:12:28,914 - EarlyStopping counter: 3 out of 5
2024-08-25 15:12:29,165 - Epoch 42/100, Train Loss(MSE): 0.0406351413577795, Validation Loss(MSE): 0.05201806997259458
2024-08-25 15:12:29,165 - Validation loss decreased (0.052756 --> 0.052018).  Saving model ...
2024-08-25 15:12:29,402 - Epoch 43/100, Train Loss(MSE): 0.04022789576815234, Validation Loss(MSE): 0.05278585913280646
2024-08-25 15:12:29,402 - EarlyStopping counter: 1 out of 5
2024-08-25 15:12:29,653 - Epoch 44/100, Train Loss(MSE): 0.03979027213321792, Validation Loss(MSE): 0.052447412783900894
2024-08-25 15:12:29,654 - EarlyStopping counter: 2 out of 5
2024-08-25 15:12:29,991 - Epoch 45/100, Train Loss(MSE): 0.03947498632801904, Validation Loss(MSE): 0.052864132449030876
2024-08-25 15:12:29,991 - EarlyStopping counter: 3 out of 5
2024-08-25 15:12:30,288 - Epoch 46/100, Train Loss(MSE): 0.03908552216986815, Validation Loss(MSE): 0.052606639762719475
2024-08-25 15:12:30,289 - EarlyStopping counter: 4 out of 5
2024-08-25 15:12:30,693 - Epoch 47/100, Train Loss(MSE): 0.03878562011652523, Validation Loss(MSE): 0.05353784436980883
2024-08-25 15:12:30,693 - EarlyStopping counter: 5 out of 5
2024-08-25 15:12:30,693 - Early stopping
2024-08-25 15:12:30,710 - Test Loss(MSE): 0.0657250074048837
2024-08-25 15:12:30,719 - Model saved to D:\PythonProject\scorpioMock\MPDLinear\checkpoint\MPDLinear_20240825-151230_bs32_seq30_enc24_pred_len1_individualTrue_checkpoint.pth
2024-08-25 15:12:30,734 - Test Loss (Original Scale) MSE: 8.115280234126887
