2024-08-25 15:19:19,736 - Epoch 1/100, Train Loss(MSE): 0.7689247833357917, Validation Loss(MSE): 0.5557977457841238
2024-08-25 15:19:19,737 - Validation loss decreased for the first time. Saving model ...
2024-08-25 15:19:19,930 - Epoch 2/100, Train Loss(MSE): 0.512693464756012, Validation Loss(MSE): 0.38438460727532703
2024-08-25 15:19:19,930 - Validation loss decreased (0.555798 --> 0.384385).  Saving model ...
2024-08-25 15:19:20,180 - Epoch 3/100, Train Loss(MSE): 0.3596836702691184, Validation Loss(MSE): 0.28501711040735245
2024-08-25 15:19:20,180 - Validation loss decreased (0.384385 --> 0.285017).  Saving model ...
2024-08-25 15:19:20,389 - Epoch 4/100, Train Loss(MSE): 0.26681632432672714, Validation Loss(MSE): 0.2240815063317617
2024-08-25 15:19:20,389 - Validation loss decreased (0.285017 --> 0.224082).  Saving model ...
2024-08-25 15:19:20,677 - Epoch 5/100, Train Loss(MSE): 0.20963265283240212, Validation Loss(MSE): 0.18463516732056937
2024-08-25 15:19:20,677 - Validation loss decreased (0.224082 --> 0.184635).  Saving model ...
2024-08-25 15:19:20,933 - Epoch 6/100, Train Loss(MSE): 0.17212466150522232, Validation Loss(MSE): 0.15717782080173492
2024-08-25 15:19:20,935 - Validation loss decreased (0.184635 --> 0.157178).  Saving model ...
2024-08-25 15:19:21,190 - Epoch 7/100, Train Loss(MSE): 0.1470287134250005, Validation Loss(MSE): 0.13673816621303558
2024-08-25 15:19:21,190 - Validation loss decreased (0.157178 --> 0.136738).  Saving model ...
2024-08-25 15:19:21,428 - Epoch 8/100, Train Loss(MSE): 0.1291446718904707, Validation Loss(MSE): 0.12168975298603375
2024-08-25 15:19:21,428 - Validation loss decreased (0.136738 --> 0.121690).  Saving model ...
2024-08-25 15:19:21,673 - Epoch 9/100, Train Loss(MSE): 0.11609117305941052, Validation Loss(MSE): 0.10951575885216396
2024-08-25 15:19:21,673 - Validation loss decreased (0.121690 --> 0.109516).  Saving model ...
2024-08-25 15:19:21,968 - Epoch 10/100, Train Loss(MSE): 0.1063966057366795, Validation Loss(MSE): 0.10058468083540599
2024-08-25 15:19:21,968 - Validation loss decreased (0.109516 --> 0.100585).  Saving model ...
2024-08-25 15:19:22,168 - Epoch 11/100, Train Loss(MSE): 0.09824550772706668, Validation Loss(MSE): 0.09308540138105552
2024-08-25 15:19:22,169 - Validation loss decreased (0.100585 --> 0.093085).  Saving model ...
2024-08-25 15:19:22,418 - Epoch 12/100, Train Loss(MSE): 0.0919956552485625, Validation Loss(MSE): 0.08699231718977292
2024-08-25 15:19:22,418 - Validation loss decreased (0.093085 --> 0.086992).  Saving model ...
2024-08-25 15:19:22,637 - Epoch 13/100, Train Loss(MSE): 0.0869259547856119, Validation Loss(MSE): 0.08201435580849648
2024-08-25 15:19:22,637 - Validation loss decreased (0.086992 --> 0.082014).  Saving model ...
2024-08-25 15:19:22,909 - Epoch 14/100, Train Loss(MSE): 0.08243644957741102, Validation Loss(MSE): 0.07795184912780921
2024-08-25 15:19:22,910 - Validation loss decreased (0.082014 --> 0.077952).  Saving model ...
2024-08-25 15:19:23,114 - Epoch 15/100, Train Loss(MSE): 0.07852445368965467, Validation Loss(MSE): 0.0743855672578017
2024-08-25 15:19:23,115 - Validation loss decreased (0.077952 --> 0.074386).  Saving model ...
2024-08-25 15:19:23,342 - Epoch 16/100, Train Loss(MSE): 0.07505862158205774, Validation Loss(MSE): 0.07131326012313366
2024-08-25 15:19:23,343 - Validation loss decreased (0.074386 --> 0.071313).  Saving model ...
2024-08-25 15:19:23,544 - Epoch 17/100, Train Loss(MSE): 0.07190930363204744, Validation Loss(MSE): 0.0687386163820823
2024-08-25 15:19:23,545 - Validation loss decreased (0.071313 --> 0.068739).  Saving model ...
2024-08-25 15:19:23,755 - Epoch 18/100, Train Loss(MSE): 0.06923248883750703, Validation Loss(MSE): 0.06661935957769553
2024-08-25 15:19:23,755 - Validation loss decreased (0.068739 --> 0.066619).  Saving model ...
2024-08-25 15:19:23,959 - Epoch 19/100, Train Loss(MSE): 0.06675984354482757, Validation Loss(MSE): 0.06445531298716863
2024-08-25 15:19:23,959 - Validation loss decreased (0.066619 --> 0.064455).  Saving model ...
2024-08-25 15:19:24,158 - Epoch 20/100, Train Loss(MSE): 0.06471294628249274, Validation Loss(MSE): 0.06311860183874766
2024-08-25 15:19:24,158 - Validation loss decreased (0.064455 --> 0.063119).  Saving model ...
2024-08-25 15:19:24,388 - Epoch 21/100, Train Loss(MSE): 0.06277964661518733, Validation Loss(MSE): 0.06185854350527128
2024-08-25 15:19:24,388 - Validation loss decreased (0.063119 --> 0.061859).  Saving model ...
2024-08-25 15:19:24,597 - Epoch 22/100, Train Loss(MSE): 0.06078587596615156, Validation Loss(MSE): 0.06039106038709482
2024-08-25 15:19:24,597 - Validation loss decreased (0.061859 --> 0.060391).  Saving model ...
2024-08-25 15:19:24,816 - Epoch 23/100, Train Loss(MSE): 0.05898968862990538, Validation Loss(MSE): 0.05878029825786749
2024-08-25 15:19:24,817 - Validation loss decreased (0.060391 --> 0.058780).  Saving model ...
2024-08-25 15:19:25,011 - Epoch 24/100, Train Loss(MSE): 0.057607859538661106, Validation Loss(MSE): 0.05808188207447529
2024-08-25 15:19:25,012 - Validation loss decreased (0.058780 --> 0.058082).  Saving model ...
2024-08-25 15:19:25,217 - Epoch 25/100, Train Loss(MSE): 0.05633751741713948, Validation Loss(MSE): 0.05689175985753536
2024-08-25 15:19:25,217 - Validation loss decreased (0.058082 --> 0.056892).  Saving model ...
2024-08-25 15:19:25,422 - Epoch 26/100, Train Loss(MSE): 0.05493227777381738, Validation Loss(MSE): 0.05603648784259955
2024-08-25 15:19:25,422 - Validation loss decreased (0.056892 --> 0.056036).  Saving model ...
2024-08-25 15:19:25,612 - Epoch 27/100, Train Loss(MSE): 0.05346015869743294, Validation Loss(MSE): 0.05596098676323891
2024-08-25 15:19:25,613 - Validation loss decreased (0.056036 --> 0.055961).  Saving model ...
2024-08-25 15:19:25,885 - Epoch 28/100, Train Loss(MSE): 0.05245893229213026, Validation Loss(MSE): 0.05467872632046541
2024-08-25 15:19:25,885 - Validation loss decreased (0.055961 --> 0.054679).  Saving model ...
2024-08-25 15:19:26,089 - Epoch 29/100, Train Loss(MSE): 0.05134554782675372, Validation Loss(MSE): 0.053805152575174965
2024-08-25 15:19:26,089 - Validation loss decreased (0.054679 --> 0.053805).  Saving model ...
2024-08-25 15:19:26,327 - Epoch 30/100, Train Loss(MSE): 0.050562790574298966, Validation Loss(MSE): 0.0536292257408301
2024-08-25 15:19:26,327 - Validation loss decreased (0.053805 --> 0.053629).  Saving model ...
2024-08-25 15:19:26,516 - Epoch 31/100, Train Loss(MSE): 0.049425164610147475, Validation Loss(MSE): 0.05325443111360073
2024-08-25 15:19:26,516 - Validation loss decreased (0.053629 --> 0.053254).  Saving model ...
2024-08-25 15:19:26,785 - Epoch 32/100, Train Loss(MSE): 0.04839784507122305, Validation Loss(MSE): 0.05292393577595552
2024-08-25 15:19:26,785 - Validation loss decreased (0.053254 --> 0.052924).  Saving model ...
2024-08-25 15:19:27,064 - Epoch 33/100, Train Loss(MSE): 0.04746848030222787, Validation Loss(MSE): 0.05253510860105356
2024-08-25 15:19:27,065 - Validation loss decreased (0.052924 --> 0.052535).  Saving model ...
2024-08-25 15:19:27,323 - Epoch 34/100, Train Loss(MSE): 0.04681574532555209, Validation Loss(MSE): 0.05190021606783072
2024-08-25 15:19:27,323 - Validation loss decreased (0.052535 --> 0.051900).  Saving model ...
2024-08-25 15:19:27,592 - Epoch 35/100, Train Loss(MSE): 0.046063008449143836, Validation Loss(MSE): 0.05220182550450166
2024-08-25 15:19:27,592 - EarlyStopping counter: 1 out of 5
2024-08-25 15:19:27,890 - Epoch 36/100, Train Loss(MSE): 0.04544975418183539, Validation Loss(MSE): 0.05157817403475443
2024-08-25 15:19:27,890 - Validation loss decreased (0.051900 --> 0.051578).  Saving model ...
2024-08-25 15:19:28,178 - Epoch 37/100, Train Loss(MSE): 0.04477410751084487, Validation Loss(MSE): 0.051018938422203064
2024-08-25 15:19:28,178 - Validation loss decreased (0.051578 --> 0.051019).  Saving model ...
2024-08-25 15:19:28,485 - Epoch 38/100, Train Loss(MSE): 0.044115344393584464, Validation Loss(MSE): 0.05089412194987138
2024-08-25 15:19:28,486 - Validation loss decreased (0.051019 --> 0.050894).  Saving model ...
2024-08-25 15:19:28,777 - Epoch 39/100, Train Loss(MSE): 0.04353318657312128, Validation Loss(MSE): 0.051302327464024224
2024-08-25 15:19:28,777 - EarlyStopping counter: 1 out of 5
2024-08-25 15:19:29,120 - Epoch 40/100, Train Loss(MSE): 0.04297987847692437, Validation Loss(MSE): 0.05148091601828734
2024-08-25 15:19:29,120 - EarlyStopping counter: 2 out of 5
2024-08-25 15:19:29,421 - Epoch 41/100, Train Loss(MSE): 0.04238913526965512, Validation Loss(MSE): 0.05024399980902672
2024-08-25 15:19:29,422 - Validation loss decreased (0.050894 --> 0.050244).  Saving model ...
2024-08-25 15:19:29,696 - Epoch 42/100, Train Loss(MSE): 0.04192314118974739, Validation Loss(MSE): 0.05127985899647077
2024-08-25 15:19:29,696 - EarlyStopping counter: 1 out of 5
2024-08-25 15:19:30,006 - Epoch 43/100, Train Loss(MSE): 0.041453354267610446, Validation Loss(MSE): 0.050039740900198616
2024-08-25 15:19:30,006 - Validation loss decreased (0.050244 --> 0.050040).  Saving model ...
2024-08-25 15:19:30,305 - Epoch 44/100, Train Loss(MSE): 0.040896398677594134, Validation Loss(MSE): 0.05043457821011543
2024-08-25 15:19:30,305 - EarlyStopping counter: 1 out of 5
2024-08-25 15:19:30,588 - Epoch 45/100, Train Loss(MSE): 0.040548557125859794, Validation Loss(MSE): 0.05031278729438782
2024-08-25 15:19:30,588 - EarlyStopping counter: 2 out of 5
2024-08-25 15:19:30,882 - Epoch 46/100, Train Loss(MSE): 0.04009867910709646, Validation Loss(MSE): 0.04947837721556425
2024-08-25 15:19:30,882 - Validation loss decreased (0.050040 --> 0.049478).  Saving model ...
2024-08-25 15:19:31,162 - Epoch 47/100, Train Loss(MSE): 0.03980841173066033, Validation Loss(MSE): 0.050817884504795074
2024-08-25 15:19:31,163 - EarlyStopping counter: 1 out of 5
2024-08-25 15:19:31,472 - Epoch 48/100, Train Loss(MSE): 0.039269669436746174, Validation Loss(MSE): 0.04996249328056971
2024-08-25 15:19:31,473 - EarlyStopping counter: 2 out of 5
2024-08-25 15:19:31,797 - Epoch 49/100, Train Loss(MSE): 0.03909123693075445, Validation Loss(MSE): 0.050493525030712284
2024-08-25 15:19:31,798 - EarlyStopping counter: 3 out of 5
2024-08-25 15:19:32,105 - Epoch 50/100, Train Loss(MSE): 0.038616091675228545, Validation Loss(MSE): 0.04963369946926832
2024-08-25 15:19:32,105 - EarlyStopping counter: 4 out of 5
2024-08-25 15:19:32,388 - Epoch 51/100, Train Loss(MSE): 0.038386506214737895, Validation Loss(MSE): 0.05000865707794825
2024-08-25 15:19:32,388 - EarlyStopping counter: 5 out of 5
2024-08-25 15:19:32,388 - Early stopping
2024-08-25 15:19:32,402 - Test Loss(MSE): 0.06293701628843944
2024-08-25 15:19:32,406 - Model saved to D:\PythonProject\scorpioMock\MPDLinear\checkpoint\MPDLinear_20240825-151932_bs32_seq30_enc24_pred_len1_individualTrue_checkpoint.pth
2024-08-25 15:19:32,415 - Test Loss (Original Scale) MSE: 7.737581688541669
