2024-08-26 22:36:58,715 - Epoch 1/100, Train Loss(MSE): 0.7313195384211011, Validation Loss(MSE): 0.4403056191901366
2024-08-26 22:36:58,715 - Validation loss decreased for the first time. Saving model ...
2024-08-26 22:36:59,111 - Epoch 2/100, Train Loss(MSE): 0.3766881282130877, Validation Loss(MSE): 0.25858840967218083
2024-08-26 22:36:59,115 - Validation loss decreased (0.440306 --> 0.258588).  Saving model ...
2024-08-26 22:36:59,521 - Epoch 3/100, Train Loss(MSE): 0.22454158291220666, Validation Loss(MSE): 0.17837921219567457
2024-08-26 22:36:59,521 - Validation loss decreased (0.258588 --> 0.178379).  Saving model ...
2024-08-26 22:36:59,916 - Epoch 4/100, Train Loss(MSE): 0.1569638835059272, Validation Loss(MSE): 0.13895334117114544
2024-08-26 22:36:59,916 - Validation loss decreased (0.178379 --> 0.138953).  Saving model ...
2024-08-26 22:37:00,339 - Epoch 5/100, Train Loss(MSE): 0.12268229797482491, Validation Loss(MSE): 0.11293491721153259
2024-08-26 22:37:00,339 - Validation loss decreased (0.138953 --> 0.112935).  Saving model ...
2024-08-26 22:37:00,747 - Epoch 6/100, Train Loss(MSE): 0.10338212408953243, Validation Loss(MSE): 0.09706339271118243
2024-08-26 22:37:00,748 - Validation loss decreased (0.112935 --> 0.097063).  Saving model ...
2024-08-26 22:37:01,143 - Epoch 7/100, Train Loss(MSE): 0.09097875079347027, Validation Loss(MSE): 0.08580299839377403
2024-08-26 22:37:01,143 - Validation loss decreased (0.097063 --> 0.085803).  Saving model ...
2024-08-26 22:37:01,568 - Epoch 8/100, Train Loss(MSE): 0.0818508694983191, Validation Loss(MSE): 0.07872987600664298
2024-08-26 22:37:01,568 - Validation loss decreased (0.085803 --> 0.078730).  Saving model ...
2024-08-26 22:37:01,977 - Epoch 9/100, Train Loss(MSE): 0.0754466587677598, Validation Loss(MSE): 0.072327579682072
2024-08-26 22:37:01,978 - Validation loss decreased (0.078730 --> 0.072328).  Saving model ...
2024-08-26 22:37:02,398 - Epoch 10/100, Train Loss(MSE): 0.07017464672939645, Validation Loss(MSE): 0.06785226427018642
2024-08-26 22:37:02,399 - Validation loss decreased (0.072328 --> 0.067852).  Saving model ...
2024-08-26 22:37:02,796 - Epoch 11/100, Train Loss(MSE): 0.06556649924152427, Validation Loss(MSE): 0.06575147621333599
2024-08-26 22:37:02,797 - Validation loss decreased (0.067852 --> 0.065751).  Saving model ...
2024-08-26 22:37:03,231 - Epoch 12/100, Train Loss(MSE): 0.061998134499622715, Validation Loss(MSE): 0.06186349969357252
2024-08-26 22:37:03,231 - Validation loss decreased (0.065751 --> 0.061863).  Saving model ...
2024-08-26 22:37:03,641 - Epoch 13/100, Train Loss(MSE): 0.058911858105825055, Validation Loss(MSE): 0.05947548399368922
2024-08-26 22:37:03,641 - Validation loss decreased (0.061863 --> 0.059475).  Saving model ...
2024-08-26 22:37:04,053 - Epoch 14/100, Train Loss(MSE): 0.056287540019386344, Validation Loss(MSE): 0.05800170979152123
2024-08-26 22:37:04,054 - Validation loss decreased (0.059475 --> 0.058002).  Saving model ...
2024-08-26 22:37:04,488 - Epoch 15/100, Train Loss(MSE): 0.05426032172722949, Validation Loss(MSE): 0.056471289756397404
2024-08-26 22:37:04,488 - Validation loss decreased (0.058002 --> 0.056471).  Saving model ...
2024-08-26 22:37:04,937 - Epoch 16/100, Train Loss(MSE): 0.052074249275028704, Validation Loss(MSE): 0.05447762459516525
2024-08-26 22:37:04,937 - Validation loss decreased (0.056471 --> 0.054478).  Saving model ...
2024-08-26 22:37:05,367 - Epoch 17/100, Train Loss(MSE): 0.05004447946945826, Validation Loss(MSE): 0.05495147251834472
2024-08-26 22:37:05,367 - EarlyStopping counter: 1 out of 5
2024-08-26 22:37:05,771 - Epoch 18/100, Train Loss(MSE): 0.04879103598909246, Validation Loss(MSE): 0.05286381642023722
2024-08-26 22:37:05,771 - Validation loss decreased (0.054478 --> 0.052864).  Saving model ...
2024-08-26 22:37:06,183 - Epoch 19/100, Train Loss(MSE): 0.047375280182394716, Validation Loss(MSE): 0.05207633040845394
2024-08-26 22:37:06,184 - Validation loss decreased (0.052864 --> 0.052076).  Saving model ...
2024-08-26 22:37:06,608 - Epoch 20/100, Train Loss(MSE): 0.04621971415148841, Validation Loss(MSE): 0.051224814572681986
2024-08-26 22:37:06,608 - Validation loss decreased (0.052076 --> 0.051225).  Saving model ...
2024-08-26 22:37:07,004 - Epoch 21/100, Train Loss(MSE): 0.04474709760397673, Validation Loss(MSE): 0.0506211567359666
2024-08-26 22:37:07,004 - Validation loss decreased (0.051225 --> 0.050621).  Saving model ...
2024-08-26 22:37:07,400 - Epoch 22/100, Train Loss(MSE): 0.0436573236870269, Validation Loss(MSE): 0.050115192929903664
2024-08-26 22:37:07,400 - Validation loss decreased (0.050621 --> 0.050115).  Saving model ...
2024-08-26 22:37:07,804 - Epoch 23/100, Train Loss(MSE): 0.04286570590403345, Validation Loss(MSE): 0.05016515605772535
2024-08-26 22:37:07,804 - EarlyStopping counter: 1 out of 5
2024-08-26 22:37:08,223 - Epoch 24/100, Train Loss(MSE): 0.04187116230734521, Validation Loss(MSE): 0.04969536125039061
2024-08-26 22:37:08,223 - Validation loss decreased (0.050115 --> 0.049695).  Saving model ...
2024-08-26 22:37:08,638 - Epoch 25/100, Train Loss(MSE): 0.04120958706157075, Validation Loss(MSE): 0.04902992739031712
2024-08-26 22:37:08,638 - Validation loss decreased (0.049695 --> 0.049030).  Saving model ...
2024-08-26 22:37:09,063 - Epoch 26/100, Train Loss(MSE): 0.04051885986700654, Validation Loss(MSE): 0.049244212762763105
2024-08-26 22:37:09,063 - EarlyStopping counter: 1 out of 5
2024-08-26 22:37:09,474 - Epoch 27/100, Train Loss(MSE): 0.03981213483752476, Validation Loss(MSE): 0.04903517461692294
2024-08-26 22:37:09,474 - EarlyStopping counter: 2 out of 5
2024-08-26 22:37:09,906 - Epoch 28/100, Train Loss(MSE): 0.03939729365002778, Validation Loss(MSE): 0.04929791220153371
2024-08-26 22:37:09,906 - EarlyStopping counter: 3 out of 5
2024-08-26 22:37:10,314 - Epoch 29/100, Train Loss(MSE): 0.03887105082265205, Validation Loss(MSE): 0.04889698404197892
2024-08-26 22:37:10,314 - Validation loss decreased (0.049030 --> 0.048897).  Saving model ...
2024-08-26 22:37:10,746 - Epoch 30/100, Train Loss(MSE): 0.03828920876193378, Validation Loss(MSE): 0.05003672263895472
2024-08-26 22:37:10,747 - EarlyStopping counter: 1 out of 5
2024-08-26 22:37:11,162 - Epoch 31/100, Train Loss(MSE): 0.037871323587993784, Validation Loss(MSE): 0.04975382750853896
2024-08-26 22:37:11,163 - EarlyStopping counter: 2 out of 5
2024-08-26 22:37:11,570 - Epoch 32/100, Train Loss(MSE): 0.0374628325096435, Validation Loss(MSE): 0.04907267400994897
2024-08-26 22:37:11,570 - EarlyStopping counter: 3 out of 5
2024-08-26 22:37:11,964 - Epoch 33/100, Train Loss(MSE): 0.03716267563609613, Validation Loss(MSE): 0.04976602286721269
2024-08-26 22:37:11,964 - EarlyStopping counter: 4 out of 5
2024-08-26 22:37:12,369 - Epoch 34/100, Train Loss(MSE): 0.036783930980083014, Validation Loss(MSE): 0.050615165227403246
2024-08-26 22:37:12,369 - EarlyStopping counter: 5 out of 5
2024-08-26 22:37:12,369 - Early stopping
2024-08-26 22:37:12,369 - —µ¡∑ 34 ¥Œepoch£¨—µ¡∑ ±≥§: 14.062601089477539 √Î
2024-08-26 22:37:12,383 - Test Loss(MSE): 0.05803896998986602
2024-08-26 22:37:12,389 - Model saved to D:\PythonProject\scorpioMock\MPDLinear\checkpoint\MPDLinear_20240826-223712_bs16_seq30_enc24_pred_len7_individualTrue_checkpoint.pth
2024-08-26 22:37:12,401 - Test Loss (Original Scale) MSE: 7.505997408670502
