2024-08-24 22:05:56,220 - Epoch 1/100, Train Loss(MSE): 0.7953954219818116, Validation Loss(MSE): 0.5892205933729807
2024-08-24 22:05:56,221 - Validation loss decreased for the first time. Saving model ...
2024-08-24 22:05:56,515 - Epoch 2/100, Train Loss(MSE): 0.5349274939960904, Validation Loss(MSE): 0.4123326639334361
2024-08-24 22:05:56,520 - Validation loss decreased (0.589221 --> 0.412333).  Saving model ...
2024-08-24 22:05:56,816 - Epoch 3/100, Train Loss(MSE): 0.3747430033153958, Validation Loss(MSE): 0.3066602448622386
2024-08-24 22:05:56,816 - Validation loss decreased (0.412333 --> 0.306660).  Saving model ...
2024-08-24 22:05:57,064 - Epoch 4/100, Train Loss(MSE): 0.2779778112967809, Validation Loss(MSE): 0.23932863026857376
2024-08-24 22:05:57,064 - Validation loss decreased (0.306660 --> 0.239329).  Saving model ...
2024-08-24 22:05:57,398 - Epoch 5/100, Train Loss(MSE): 0.21665552026695675, Validation Loss(MSE): 0.19631429264942804
2024-08-24 22:05:57,398 - Validation loss decreased (0.239329 --> 0.196314).  Saving model ...
2024-08-24 22:05:57,648 - Epoch 6/100, Train Loss(MSE): 0.17673488010962804, Validation Loss(MSE): 0.16548754026492438
2024-08-24 22:05:57,649 - Validation loss decreased (0.196314 --> 0.165488).  Saving model ...
2024-08-24 22:05:57,909 - Epoch 7/100, Train Loss(MSE): 0.149413639638159, Validation Loss(MSE): 0.14410375182827315
2024-08-24 22:05:57,909 - Validation loss decreased (0.165488 --> 0.144104).  Saving model ...
2024-08-24 22:05:58,200 - Epoch 8/100, Train Loss(MSE): 0.1301301254166497, Validation Loss(MSE): 0.1287753681341807
2024-08-24 22:05:58,200 - Validation loss decreased (0.144104 --> 0.128775).  Saving model ...
2024-08-24 22:05:58,466 - Epoch 9/100, Train Loss(MSE): 0.11616486443413629, Validation Loss(MSE): 0.11456263065338135
2024-08-24 22:05:58,467 - Validation loss decreased (0.128775 --> 0.114563).  Saving model ...
2024-08-24 22:05:58,773 - Epoch 10/100, Train Loss(MSE): 0.10531495379077063, Validation Loss(MSE): 0.10526211063067119
2024-08-24 22:05:58,773 - Validation loss decreased (0.114563 --> 0.105262).  Saving model ...
2024-08-24 22:05:59,008 - Epoch 11/100, Train Loss(MSE): 0.09695413278208839, Validation Loss(MSE): 0.0977913166085879
2024-08-24 22:05:59,008 - Validation loss decreased (0.105262 --> 0.097791).  Saving model ...
2024-08-24 22:05:59,267 - Epoch 12/100, Train Loss(MSE): 0.09078671005037096, Validation Loss(MSE): 0.09159797492126624
2024-08-24 22:05:59,267 - Validation loss decreased (0.097791 --> 0.091598).  Saving model ...
2024-08-24 22:05:59,520 - Epoch 13/100, Train Loss(MSE): 0.08516133601466815, Validation Loss(MSE): 0.08567558849851291
2024-08-24 22:05:59,521 - Validation loss decreased (0.091598 --> 0.085676).  Saving model ...
2024-08-24 22:05:59,746 - Epoch 14/100, Train Loss(MSE): 0.08068410671419568, Validation Loss(MSE): 0.08115776379903157
2024-08-24 22:05:59,747 - Validation loss decreased (0.085676 --> 0.081158).  Saving model ...
2024-08-24 22:05:59,995 - Epoch 15/100, Train Loss(MSE): 0.07663370677166514, Validation Loss(MSE): 0.07792914969225724
2024-08-24 22:05:59,996 - Validation loss decreased (0.081158 --> 0.077929).  Saving model ...
2024-08-24 22:06:00,273 - Epoch 16/100, Train Loss(MSE): 0.07325084946221776, Validation Loss(MSE): 0.07461981537441413
2024-08-24 22:06:00,273 - Validation loss decreased (0.077929 --> 0.074620).  Saving model ...
2024-08-24 22:06:00,538 - Epoch 17/100, Train Loss(MSE): 0.07039333813720279, Validation Loss(MSE): 0.07204065782328446
2024-08-24 22:06:00,538 - Validation loss decreased (0.074620 --> 0.072041).  Saving model ...
2024-08-24 22:06:00,772 - Epoch 18/100, Train Loss(MSE): 0.0677008996407191, Validation Loss(MSE): 0.06904276522497337
2024-08-24 22:06:00,772 - Validation loss decreased (0.072041 --> 0.069043).  Saving model ...
2024-08-24 22:06:01,008 - Epoch 19/100, Train Loss(MSE): 0.06528461443053352, Validation Loss(MSE): 0.06777407477299373
2024-08-24 22:06:01,008 - Validation loss decreased (0.069043 --> 0.067774).  Saving model ...
2024-08-24 22:06:01,250 - Epoch 20/100, Train Loss(MSE): 0.06323969836036364, Validation Loss(MSE): 0.06535999042292436
2024-08-24 22:06:01,251 - Validation loss decreased (0.067774 --> 0.065360).  Saving model ...
2024-08-24 22:06:01,510 - Epoch 21/100, Train Loss(MSE): 0.06117170982890659, Validation Loss(MSE): 0.06375693281491597
2024-08-24 22:06:01,510 - Validation loss decreased (0.065360 --> 0.063757).  Saving model ...
2024-08-24 22:06:01,748 - Epoch 22/100, Train Loss(MSE): 0.05945801656279299, Validation Loss(MSE): 0.06301672694583733
2024-08-24 22:06:01,748 - Validation loss decreased (0.063757 --> 0.063017).  Saving model ...
2024-08-24 22:06:02,014 - Epoch 23/100, Train Loss(MSE): 0.05785904580520259, Validation Loss(MSE): 0.060997421542803444
2024-08-24 22:06:02,014 - Validation loss decreased (0.063017 --> 0.060997).  Saving model ...
2024-08-24 22:06:02,271 - Epoch 24/100, Train Loss(MSE): 0.05641058054235246, Validation Loss(MSE): 0.06031170984109243
2024-08-24 22:06:02,271 - Validation loss decreased (0.060997 --> 0.060312).  Saving model ...
2024-08-24 22:06:02,500 - Epoch 25/100, Train Loss(MSE): 0.05503790184027619, Validation Loss(MSE): 0.05920161368946234
2024-08-24 22:06:02,501 - Validation loss decreased (0.060312 --> 0.059202).  Saving model ...
2024-08-24 22:06:02,766 - Epoch 26/100, Train Loss(MSE): 0.053595280854238404, Validation Loss(MSE): 0.05828494764864445
2024-08-24 22:06:02,766 - Validation loss decreased (0.059202 --> 0.058285).  Saving model ...
2024-08-24 22:06:03,031 - Epoch 27/100, Train Loss(MSE): 0.05245285456379255, Validation Loss(MSE): 0.057953709115584694
2024-08-24 22:06:03,031 - Validation loss decreased (0.058285 --> 0.057954).  Saving model ...
2024-08-24 22:06:03,278 - Epoch 28/100, Train Loss(MSE): 0.05142362573080593, Validation Loss(MSE): 0.05691171189149221
2024-08-24 22:06:03,279 - Validation loss decreased (0.057954 --> 0.056912).  Saving model ...
2024-08-24 22:06:03,516 - Epoch 29/100, Train Loss(MSE): 0.05031953640282154, Validation Loss(MSE): 0.05631581445535024
2024-08-24 22:06:03,516 - Validation loss decreased (0.056912 --> 0.056316).  Saving model ...
2024-08-24 22:06:03,775 - Epoch 30/100, Train Loss(MSE): 0.04945095135933823, Validation Loss(MSE): 0.05571975124378999
2024-08-24 22:06:03,775 - Validation loss decreased (0.056316 --> 0.055720).  Saving model ...
2024-08-24 22:06:04,015 - Epoch 31/100, Train Loss(MSE): 0.048479136327902475, Validation Loss(MSE): 0.05522922861079375
2024-08-24 22:06:04,015 - Validation loss decreased (0.055720 --> 0.055229).  Saving model ...
2024-08-24 22:06:04,239 - Epoch 32/100, Train Loss(MSE): 0.047645278026660284, Validation Loss(MSE): 0.054558673252662025
2024-08-24 22:06:04,240 - Validation loss decreased (0.055229 --> 0.054559).  Saving model ...
2024-08-24 22:06:04,470 - Epoch 33/100, Train Loss(MSE): 0.04686755542125967, Validation Loss(MSE): 0.05358580872416496
2024-08-24 22:06:04,470 - Validation loss decreased (0.054559 --> 0.053586).  Saving model ...
2024-08-24 22:06:04,689 - Epoch 34/100, Train Loss(MSE): 0.04603614082766904, Validation Loss(MSE): 0.05429895780980587
2024-08-24 22:06:04,689 - EarlyStopping counter: 1 out of 5
2024-08-24 22:06:04,933 - Epoch 35/100, Train Loss(MSE): 0.045212485434280504, Validation Loss(MSE): 0.05292293926080068
2024-08-24 22:06:04,933 - Validation loss decreased (0.053586 --> 0.052923).  Saving model ...
2024-08-24 22:06:05,167 - Epoch 36/100, Train Loss(MSE): 0.044594590365886685, Validation Loss(MSE): 0.05279954088230928
2024-08-24 22:06:05,167 - Validation loss decreased (0.052923 --> 0.052800).  Saving model ...
2024-08-24 22:06:05,394 - Epoch 37/100, Train Loss(MSE): 0.0438864850335651, Validation Loss(MSE): 0.052659486730893455
2024-08-24 22:06:05,395 - Validation loss decreased (0.052800 --> 0.052659).  Saving model ...
2024-08-24 22:06:05,637 - Epoch 38/100, Train Loss(MSE): 0.043346509378817344, Validation Loss(MSE): 0.0523816334704558
2024-08-24 22:06:05,638 - Validation loss decreased (0.052659 --> 0.052382).  Saving model ...
2024-08-24 22:06:05,863 - Epoch 39/100, Train Loss(MSE): 0.04290313484768073, Validation Loss(MSE): 0.052038865784804024
2024-08-24 22:06:05,864 - Validation loss decreased (0.052382 --> 0.052039).  Saving model ...
2024-08-24 22:06:06,111 - Epoch 40/100, Train Loss(MSE): 0.04242522418498993, Validation Loss(MSE): 0.0520310594389836
2024-08-24 22:06:06,111 - EarlyStopping counter: 1 out of 5
2024-08-24 22:06:06,348 - Epoch 41/100, Train Loss(MSE): 0.04174431562423706, Validation Loss(MSE): 0.05236579353610674
2024-08-24 22:06:06,348 - EarlyStopping counter: 2 out of 5
2024-08-24 22:06:06,583 - Epoch 42/100, Train Loss(MSE): 0.04129248576031791, Validation Loss(MSE): 0.05123068578541279
2024-08-24 22:06:06,583 - Validation loss decreased (0.052039 --> 0.051231).  Saving model ...
2024-08-24 22:06:06,834 - Epoch 43/100, Train Loss(MSE): 0.04091748735970921, Validation Loss(MSE): 0.05169448877374331
2024-08-24 22:06:06,834 - EarlyStopping counter: 1 out of 5
2024-08-24 22:06:07,108 - Epoch 44/100, Train Loss(MSE): 0.04038904197514057, Validation Loss(MSE): 0.051150657857457794
2024-08-24 22:06:07,109 - Validation loss decreased (0.051231 --> 0.051151).  Saving model ...
2024-08-24 22:06:07,400 - Epoch 45/100, Train Loss(MSE): 0.04001904779838191, Validation Loss(MSE): 0.051208144053816795
2024-08-24 22:06:07,400 - EarlyStopping counter: 1 out of 5
2024-08-24 22:06:07,644 - Epoch 46/100, Train Loss(MSE): 0.03967728345758385, Validation Loss(MSE): 0.05104082077741623
2024-08-24 22:06:07,644 - Validation loss decreased (0.051151 --> 0.051041).  Saving model ...
2024-08-24 22:06:07,876 - Epoch 47/100, Train Loss(MSE): 0.03930184526575936, Validation Loss(MSE): 0.05124386337896188
2024-08-24 22:06:07,877 - EarlyStopping counter: 1 out of 5
2024-08-24 22:06:08,142 - Epoch 48/100, Train Loss(MSE): 0.03883758539126979, Validation Loss(MSE): 0.05103746056556702
2024-08-24 22:06:08,142 - EarlyStopping counter: 2 out of 5
2024-08-24 22:06:08,416 - Epoch 49/100, Train Loss(MSE): 0.0385303281661537, Validation Loss(MSE): 0.05056434807678064
2024-08-24 22:06:08,416 - Validation loss decreased (0.051041 --> 0.050564).  Saving model ...
2024-08-24 22:06:08,700 - Epoch 50/100, Train Loss(MSE): 0.038293434927860893, Validation Loss(MSE): 0.0509024728089571
2024-08-24 22:06:08,700 - EarlyStopping counter: 1 out of 5
2024-08-24 22:06:08,953 - Epoch 51/100, Train Loss(MSE): 0.03795663519865937, Validation Loss(MSE): 0.05111609026789665
2024-08-24 22:06:08,953 - EarlyStopping counter: 2 out of 5
2024-08-24 22:06:09,210 - Epoch 52/100, Train Loss(MSE): 0.03761487031976382, Validation Loss(MSE): 0.050753274311621986
2024-08-24 22:06:09,210 - EarlyStopping counter: 3 out of 5
2024-08-24 22:06:09,534 - Epoch 53/100, Train Loss(MSE): 0.03752442420356804, Validation Loss(MSE): 0.050734078511595726
2024-08-24 22:06:09,534 - EarlyStopping counter: 4 out of 5
2024-08-24 22:06:09,837 - Epoch 54/100, Train Loss(MSE): 0.0372322428971529, Validation Loss(MSE): 0.05032027388612429
2024-08-24 22:06:09,838 - Validation loss decreased (0.050564 --> 0.050320).  Saving model ...
2024-08-24 22:06:10,148 - Epoch 55/100, Train Loss(MSE): 0.036970557106865774, Validation Loss(MSE): 0.05101358393828074
2024-08-24 22:06:10,149 - EarlyStopping counter: 1 out of 5
2024-08-24 22:06:10,380 - Epoch 56/100, Train Loss(MSE): 0.03677119662364324, Validation Loss(MSE): 0.0506356293335557
2024-08-24 22:06:10,380 - EarlyStopping counter: 2 out of 5
2024-08-24 22:06:10,651 - Epoch 57/100, Train Loss(MSE): 0.03643590762383408, Validation Loss(MSE): 0.05093992625673612
2024-08-24 22:06:10,651 - EarlyStopping counter: 3 out of 5
2024-08-24 22:06:10,885 - Epoch 58/100, Train Loss(MSE): 0.03621068803800477, Validation Loss(MSE): 0.051866380497813225
2024-08-24 22:06:10,886 - EarlyStopping counter: 4 out of 5
2024-08-24 22:06:11,127 - Epoch 59/100, Train Loss(MSE): 0.0360973562217421, Validation Loss(MSE): 0.05091487274815639
2024-08-24 22:06:11,128 - EarlyStopping counter: 5 out of 5
2024-08-24 22:06:11,128 - Early stopping
2024-08-24 22:06:11,140 - Test Loss(MSE): 0.061957847947875656
2024-08-24 22:06:11,143 - Model saved to D:\PythonProject\scorpioMock\MPDLinear\checkpoint\MPDLinear_20240824-220611_bs32_seq30_enc24_pred_len10_individualTrue_checkpoint.pth
2024-08-24 22:06:11,150 - Test Loss (Original Scale) MSE: 7.665457912793449
