2024-08-28 15:24:51,641 - Epoch 1/100, Train Loss(MSE): 0.9529111605623494, Validation Loss(MSE): 0.8113386134306589
2024-08-28 15:24:51,642 - Validation loss decreased for the first time. Saving model ...
2024-08-28 15:24:51,878 - Epoch 2/100, Train Loss(MSE): 0.8713376599809398, Validation Loss(MSE): 0.743706593910853
2024-08-28 15:24:51,878 - Validation loss decreased (0.811339 --> 0.743707).  Saving model ...
2024-08-28 15:24:52,079 - Epoch 3/100, Train Loss(MSE): 0.7987044647983883, Validation Loss(MSE): 0.6870269874731699
2024-08-28 15:24:52,079 - Validation loss decreased (0.743707 --> 0.687027).  Saving model ...
2024-08-28 15:24:52,303 - Epoch 4/100, Train Loss(MSE): 0.7376518683589023, Validation Loss(MSE): 0.6378727455933889
2024-08-28 15:24:52,303 - Validation loss decreased (0.687027 --> 0.637873).  Saving model ...
2024-08-28 15:24:52,520 - Epoch 5/100, Train Loss(MSE): 0.6844508537779683, Validation Loss(MSE): 0.5951930085817972
2024-08-28 15:24:52,520 - Validation loss decreased (0.637873 --> 0.595193).  Saving model ...
2024-08-28 15:24:52,724 - Epoch 6/100, Train Loss(MSE): 0.6428137790897618, Validation Loss(MSE): 0.5564045111338297
2024-08-28 15:24:52,724 - Validation loss decreased (0.595193 --> 0.556405).  Saving model ...
2024-08-28 15:24:52,936 - Epoch 7/100, Train Loss(MSE): 0.5997259079114251, Validation Loss(MSE): 0.5226876338322958
2024-08-28 15:24:52,937 - Validation loss decreased (0.556405 --> 0.522688).  Saving model ...
2024-08-28 15:24:53,124 - Epoch 8/100, Train Loss(MSE): 0.5670062439597171, Validation Loss(MSE): 0.49113865693410236
2024-08-28 15:24:53,125 - Validation loss decreased (0.522688 --> 0.491139).  Saving model ...
2024-08-28 15:24:53,334 - Epoch 9/100, Train Loss(MSE): 0.5299639863812405, Validation Loss(MSE): 0.4612868130207062
2024-08-28 15:24:53,334 - Validation loss decreased (0.491139 --> 0.461287).  Saving model ...
2024-08-28 15:24:53,530 - Epoch 10/100, Train Loss(MSE): 0.49998707615810895, Validation Loss(MSE): 0.4348381112019221
2024-08-28 15:24:53,530 - Validation loss decreased (0.461287 --> 0.434838).  Saving model ...
2024-08-28 15:24:53,734 - Epoch 11/100, Train Loss(MSE): 0.47236256366190704, Validation Loss(MSE): 0.40961261590321857
2024-08-28 15:24:53,734 - Validation loss decreased (0.434838 --> 0.409613).  Saving model ...
2024-08-28 15:24:53,928 - Epoch 12/100, Train Loss(MSE): 0.446220936982528, Validation Loss(MSE): 0.38755470017592114
2024-08-28 15:24:53,929 - Validation loss decreased (0.409613 --> 0.387555).  Saving model ...
2024-08-28 15:24:54,135 - Epoch 13/100, Train Loss(MSE): 0.4236543683902077, Validation Loss(MSE): 0.36661354700724286
2024-08-28 15:24:54,135 - Validation loss decreased (0.387555 --> 0.366614).  Saving model ...
2024-08-28 15:24:54,328 - Epoch 14/100, Train Loss(MSE): 0.4051801905683849, Validation Loss(MSE): 0.3471841166416804
2024-08-28 15:24:54,328 - Validation loss decreased (0.366614 --> 0.347184).  Saving model ...
2024-08-28 15:24:54,545 - Epoch 15/100, Train Loss(MSE): 0.38236445220916165, Validation Loss(MSE): 0.32935743033885956
2024-08-28 15:24:54,545 - Validation loss decreased (0.347184 --> 0.329357).  Saving model ...
2024-08-28 15:24:54,741 - Epoch 16/100, Train Loss(MSE): 0.3671139005733573, Validation Loss(MSE): 0.31320105989774066
2024-08-28 15:24:54,741 - Validation loss decreased (0.329357 --> 0.313201).  Saving model ...
2024-08-28 15:24:54,950 - Epoch 17/100, Train Loss(MSE): 0.34936543424492295, Validation Loss(MSE): 0.29757851362228394
2024-08-28 15:24:54,950 - Validation loss decreased (0.313201 --> 0.297579).  Saving model ...
2024-08-28 15:24:55,151 - Epoch 18/100, Train Loss(MSE): 0.3339844728293626, Validation Loss(MSE): 0.2836575508117676
2024-08-28 15:24:55,151 - Validation loss decreased (0.297579 --> 0.283658).  Saving model ...
2024-08-28 15:24:55,360 - Epoch 19/100, Train Loss(MSE): 0.3210233624862588, Validation Loss(MSE): 0.27141745140155155
2024-08-28 15:24:55,360 - Validation loss decreased (0.283658 --> 0.271417).  Saving model ...
2024-08-28 15:24:55,567 - Epoch 20/100, Train Loss(MSE): 0.30527264495258744, Validation Loss(MSE): 0.25907886276642483
2024-08-28 15:24:55,568 - Validation loss decreased (0.271417 --> 0.259079).  Saving model ...
2024-08-28 15:24:55,783 - Epoch 21/100, Train Loss(MSE): 0.29346394344516424, Validation Loss(MSE): 0.2490715111295382
2024-08-28 15:24:55,783 - Validation loss decreased (0.259079 --> 0.249072).  Saving model ...
2024-08-28 15:24:55,986 - Epoch 22/100, Train Loss(MSE): 0.28266199354244315, Validation Loss(MSE): 0.23858806987603506
2024-08-28 15:24:55,986 - Validation loss decreased (0.249072 --> 0.238588).  Saving model ...
2024-08-28 15:24:56,196 - Epoch 23/100, Train Loss(MSE): 0.2723502345059229, Validation Loss(MSE): 0.22948572039604187
2024-08-28 15:24:56,197 - Validation loss decreased (0.238588 --> 0.229486).  Saving model ...
2024-08-28 15:24:56,402 - Epoch 24/100, Train Loss(MSE): 0.26075163451225863, Validation Loss(MSE): 0.2212210570772489
2024-08-28 15:24:56,402 - Validation loss decreased (0.229486 --> 0.221221).  Saving model ...
2024-08-28 15:24:56,618 - Epoch 25/100, Train Loss(MSE): 0.2545558154259039, Validation Loss(MSE): 0.2136323576172193
2024-08-28 15:24:56,618 - Validation loss decreased (0.221221 --> 0.213632).  Saving model ...
2024-08-28 15:24:56,833 - Epoch 26/100, Train Loss(MSE): 0.24418723469843034, Validation Loss(MSE): 0.2065429538488388
2024-08-28 15:24:56,834 - Validation loss decreased (0.213632 --> 0.206543).  Saving model ...
2024-08-28 15:24:57,035 - Epoch 27/100, Train Loss(MSE): 0.23723934687997983, Validation Loss(MSE): 0.20012094328800836
2024-08-28 15:24:57,035 - Validation loss decreased (0.206543 --> 0.200121).  Saving model ...
2024-08-28 15:24:57,234 - Epoch 28/100, Train Loss(MSE): 0.22985070814257083, Validation Loss(MSE): 0.1940974568327268
2024-08-28 15:24:57,234 - Validation loss decreased (0.200121 --> 0.194097).  Saving model ...
2024-08-28 15:24:57,433 - Epoch 29/100, Train Loss(MSE): 0.22041294464598532, Validation Loss(MSE): 0.18842859069506326
2024-08-28 15:24:57,433 - Validation loss decreased (0.194097 --> 0.188429).  Saving model ...
2024-08-28 15:24:57,634 - Epoch 30/100, Train Loss(MSE): 0.21430057400594588, Validation Loss(MSE): 0.18375552197297415
2024-08-28 15:24:57,634 - Validation loss decreased (0.188429 --> 0.183756).  Saving model ...
2024-08-28 15:24:57,836 - Epoch 31/100, Train Loss(MSE): 0.20812947416435118, Validation Loss(MSE): 0.17908194412787756
2024-08-28 15:24:57,836 - Validation loss decreased (0.183756 --> 0.179082).  Saving model ...
2024-08-28 15:24:58,036 - Epoch 32/100, Train Loss(MSE): 0.20398763680587645, Validation Loss(MSE): 0.1749034325281779
2024-08-28 15:24:58,036 - Validation loss decreased (0.179082 --> 0.174903).  Saving model ...
2024-08-28 15:24:58,235 - Epoch 33/100, Train Loss(MSE): 0.1969277489444484, Validation Loss(MSE): 0.17072554801901182
2024-08-28 15:24:58,236 - Validation loss decreased (0.174903 --> 0.170726).  Saving model ...
2024-08-28 15:24:58,438 - Epoch 34/100, Train Loss(MSE): 0.19227245757761208, Validation Loss(MSE): 0.16690152262647948
2024-08-28 15:24:58,438 - Validation loss decreased (0.170726 --> 0.166902).  Saving model ...
2024-08-28 15:24:58,636 - Epoch 35/100, Train Loss(MSE): 0.1873158375206201, Validation Loss(MSE): 0.16384162257115045
2024-08-28 15:24:58,636 - Validation loss decreased (0.166902 --> 0.163842).  Saving model ...
2024-08-28 15:24:58,859 - Epoch 36/100, Train Loss(MSE): 0.1819205013630183, Validation Loss(MSE): 0.16054674610495567
2024-08-28 15:24:58,859 - Validation loss decreased (0.163842 --> 0.160547).  Saving model ...
2024-08-28 15:24:59,072 - Epoch 37/100, Train Loss(MSE): 0.17976642578192378, Validation Loss(MSE): 0.15789074574907622
2024-08-28 15:24:59,073 - Validation loss decreased (0.160547 --> 0.157891).  Saving model ...
2024-08-28 15:24:59,273 - Epoch 38/100, Train Loss(MSE): 0.17530905406760133, Validation Loss(MSE): 0.15498202169934908
2024-08-28 15:24:59,273 - Validation loss decreased (0.157891 --> 0.154982).  Saving model ...
2024-08-28 15:24:59,491 - Epoch 39/100, Train Loss(MSE): 0.16939791939828708, Validation Loss(MSE): 0.15275497362017632
2024-08-28 15:24:59,491 - Validation loss decreased (0.154982 --> 0.152755).  Saving model ...
2024-08-28 15:24:59,690 - Epoch 40/100, Train Loss(MSE): 0.16525042542944784, Validation Loss(MSE): 0.15041071300705275
2024-08-28 15:24:59,690 - Validation loss decreased (0.152755 --> 0.150411).  Saving model ...
2024-08-28 15:24:59,909 - Epoch 41/100, Train Loss(MSE): 0.16257367671831793, Validation Loss(MSE): 0.14828933651248613
2024-08-28 15:24:59,909 - Validation loss decreased (0.150411 --> 0.148289).  Saving model ...
2024-08-28 15:25:00,133 - Epoch 42/100, Train Loss(MSE): 0.16295289847513902, Validation Loss(MSE): 0.14639110366503397
2024-08-28 15:25:00,133 - Validation loss decreased (0.148289 --> 0.146391).  Saving model ...
2024-08-28 15:25:00,344 - Epoch 43/100, Train Loss(MSE): 0.15634338136600412, Validation Loss(MSE): 0.14415882527828217
2024-08-28 15:25:00,345 - Validation loss decreased (0.146391 --> 0.144159).  Saving model ...
2024-08-28 15:25:00,556 - Epoch 44/100, Train Loss(MSE): 0.1528863971648009, Validation Loss(MSE): 0.14252789815266928
2024-08-28 15:25:00,556 - Validation loss decreased (0.144159 --> 0.142528).  Saving model ...
2024-08-28 15:25:00,772 - Epoch 45/100, Train Loss(MSE): 0.14986220990186153, Validation Loss(MSE): 0.1411881111562252
2024-08-28 15:25:00,772 - Validation loss decreased (0.142528 --> 0.141188).  Saving model ...
2024-08-28 15:25:00,995 - Epoch 46/100, Train Loss(MSE): 0.14885195717215538, Validation Loss(MSE): 0.1394396759569645
2024-08-28 15:25:00,996 - Validation loss decreased (0.141188 --> 0.139440).  Saving model ...
2024-08-28 15:25:01,184 - Epoch 47/100, Train Loss(MSE): 0.14469904873682105, Validation Loss(MSE): 0.13793702920277914
2024-08-28 15:25:01,185 - Validation loss decreased (0.139440 --> 0.137937).  Saving model ...
2024-08-28 15:25:01,384 - Epoch 48/100, Train Loss(MSE): 0.1422369765198749, Validation Loss(MSE): 0.136726384361585
2024-08-28 15:25:01,384 - Validation loss decreased (0.137937 --> 0.136726).  Saving model ...
2024-08-28 15:25:01,591 - Epoch 49/100, Train Loss(MSE): 0.13925743993857634, Validation Loss(MSE): 0.13590299958984056
2024-08-28 15:25:01,591 - Validation loss decreased (0.136726 --> 0.135903).  Saving model ...
2024-08-28 15:25:01,791 - Epoch 50/100, Train Loss(MSE): 0.13686431863385698, Validation Loss(MSE): 0.13441363101204237
2024-08-28 15:25:01,791 - Validation loss decreased (0.135903 --> 0.134414).  Saving model ...
2024-08-28 15:25:02,010 - Epoch 51/100, Train Loss(MSE): 0.13499088488195254, Validation Loss(MSE): 0.1331112210949262
2024-08-28 15:25:02,010 - Validation loss decreased (0.134414 --> 0.133111).  Saving model ...
2024-08-28 15:25:02,201 - Epoch 52/100, Train Loss(MSE): 0.13312362134456635, Validation Loss(MSE): 0.13190371294816336
2024-08-28 15:25:02,201 - Validation loss decreased (0.133111 --> 0.131904).  Saving model ...
2024-08-28 15:25:02,423 - Epoch 53/100, Train Loss(MSE): 0.13091477654550387, Validation Loss(MSE): 0.13096061969796816
2024-08-28 15:25:02,423 - Validation loss decreased (0.131904 --> 0.130961).  Saving model ...
2024-08-28 15:25:02,649 - Epoch 54/100, Train Loss(MSE): 0.1291415895456853, Validation Loss(MSE): 0.1306187150379022
2024-08-28 15:25:02,650 - Validation loss decreased (0.130961 --> 0.130619).  Saving model ...
2024-08-28 15:25:02,846 - Epoch 55/100, Train Loss(MSE): 0.12693028119595154, Validation Loss(MSE): 0.12962058869500956
2024-08-28 15:25:02,846 - Validation loss decreased (0.130619 --> 0.129621).  Saving model ...
2024-08-28 15:25:03,065 - Epoch 56/100, Train Loss(MSE): 0.12598413941652878, Validation Loss(MSE): 0.12879512769480547
2024-08-28 15:25:03,065 - Validation loss decreased (0.129621 --> 0.128795).  Saving model ...
2024-08-28 15:25:03,260 - Epoch 57/100, Train Loss(MSE): 0.12477868698213411, Validation Loss(MSE): 0.1277453415095806
2024-08-28 15:25:03,260 - Validation loss decreased (0.128795 --> 0.127745).  Saving model ...
2024-08-28 15:25:03,479 - Epoch 58/100, Train Loss(MSE): 0.12163554585498312, Validation Loss(MSE): 0.12687370118995508
2024-08-28 15:25:03,479 - Validation loss decreased (0.127745 --> 0.126874).  Saving model ...
2024-08-28 15:25:03,687 - Epoch 59/100, Train Loss(MSE): 0.12084909058783365, Validation Loss(MSE): 0.12601512980957827
2024-08-28 15:25:03,687 - Validation loss decreased (0.126874 --> 0.126015).  Saving model ...
2024-08-28 15:25:03,891 - Epoch 60/100, Train Loss(MSE): 0.11890832934042682, Validation Loss(MSE): 0.12531895811359087
2024-08-28 15:25:03,891 - Validation loss decreased (0.126015 --> 0.125319).  Saving model ...
2024-08-28 15:25:04,095 - Epoch 61/100, Train Loss(MSE): 0.11685491304682649, Validation Loss(MSE): 0.12456982520719369
2024-08-28 15:25:04,095 - Validation loss decreased (0.125319 --> 0.124570).  Saving model ...
2024-08-28 15:25:04,284 - Epoch 62/100, Train Loss(MSE): 0.11634219988532689, Validation Loss(MSE): 0.12405511923134327
2024-08-28 15:25:04,285 - Validation loss decreased (0.124570 --> 0.124055).  Saving model ...
2024-08-28 15:25:04,503 - Epoch 63/100, Train Loss(MSE): 0.11496686660077261, Validation Loss(MSE): 0.12316502009828885
2024-08-28 15:25:04,503 - Validation loss decreased (0.124055 --> 0.123165).  Saving model ...
2024-08-28 15:25:04,703 - Epoch 64/100, Train Loss(MSE): 0.11572725220542887, Validation Loss(MSE): 0.12239264138042927
2024-08-28 15:25:04,703 - Validation loss decreased (0.123165 --> 0.122393).  Saving model ...
2024-08-28 15:25:04,927 - Epoch 65/100, Train Loss(MSE): 0.11210270752401455, Validation Loss(MSE): 0.12207628538211186
2024-08-28 15:25:04,927 - Validation loss decreased (0.122393 --> 0.122076).  Saving model ...
2024-08-28 15:25:05,159 - Epoch 66/100, Train Loss(MSE): 0.11052976896905381, Validation Loss(MSE): 0.12155038180450599
2024-08-28 15:25:05,159 - Validation loss decreased (0.122076 --> 0.121550).  Saving model ...
2024-08-28 15:25:05,393 - Epoch 67/100, Train Loss(MSE): 0.1114973060624755, Validation Loss(MSE): 0.12096867461999257
2024-08-28 15:25:05,393 - Validation loss decreased (0.121550 --> 0.120969).  Saving model ...
2024-08-28 15:25:05,620 - Epoch 68/100, Train Loss(MSE): 0.10839241346263367, Validation Loss(MSE): 0.12013179312149684
2024-08-28 15:25:05,620 - Validation loss decreased (0.120969 --> 0.120132).  Saving model ...
2024-08-28 15:25:05,851 - Epoch 69/100, Train Loss(MSE): 0.10743381293571513, Validation Loss(MSE): 0.11989831738173962
2024-08-28 15:25:05,852 - Validation loss decreased (0.120132 --> 0.119898).  Saving model ...
2024-08-28 15:25:06,066 - Epoch 70/100, Train Loss(MSE): 0.10685068555176258, Validation Loss(MSE): 0.11917504668235779
2024-08-28 15:25:06,066 - Validation loss decreased (0.119898 --> 0.119175).  Saving model ...
2024-08-28 15:25:06,266 - Epoch 71/100, Train Loss(MSE): 0.10509615934089474, Validation Loss(MSE): 0.1184887985388438
2024-08-28 15:25:06,266 - Validation loss decreased (0.119175 --> 0.118489).  Saving model ...
2024-08-28 15:25:06,485 - Epoch 72/100, Train Loss(MSE): 0.10456668123926806, Validation Loss(MSE): 0.11903260151545207
2024-08-28 15:25:06,485 - EarlyStopping counter: 1 out of 5
2024-08-28 15:25:06,672 - Epoch 73/100, Train Loss(MSE): 0.10306333580418774, Validation Loss(MSE): 0.11833384757240613
2024-08-28 15:25:06,673 - Validation loss decreased (0.118489 --> 0.118334).  Saving model ...
2024-08-28 15:25:06,878 - Epoch 74/100, Train Loss(MSE): 0.10255981754997502, Validation Loss(MSE): 0.11768185347318649
2024-08-28 15:25:06,878 - Validation loss decreased (0.118334 --> 0.117682).  Saving model ...
2024-08-28 15:25:07,084 - Epoch 75/100, Train Loss(MSE): 0.10190229822436105, Validation Loss(MSE): 0.11700429643193881
2024-08-28 15:25:07,084 - Validation loss decreased (0.117682 --> 0.117004).  Saving model ...
2024-08-28 15:25:07,279 - Epoch 76/100, Train Loss(MSE): 0.10103081053365832, Validation Loss(MSE): 0.11694974886874358
2024-08-28 15:25:07,279 - Validation loss decreased (0.117004 --> 0.116950).  Saving model ...
2024-08-28 15:25:07,495 - Epoch 77/100, Train Loss(MSE): 0.10037565992578217, Validation Loss(MSE): 0.11633674676219623
2024-08-28 15:25:07,496 - Validation loss decreased (0.116950 --> 0.116337).  Saving model ...
2024-08-28 15:25:07,708 - Epoch 78/100, Train Loss(MSE): 0.10018265911418459, Validation Loss(MSE): 0.11589530358711879
2024-08-28 15:25:07,708 - Validation loss decreased (0.116337 --> 0.115895).  Saving model ...
2024-08-28 15:25:07,910 - Epoch 79/100, Train Loss(MSE): 0.09803696503133877, Validation Loss(MSE): 0.11511432069043319
2024-08-28 15:25:07,910 - Validation loss decreased (0.115895 --> 0.115114).  Saving model ...
2024-08-28 15:25:08,109 - Epoch 80/100, Train Loss(MSE): 0.09733289156271063, Validation Loss(MSE): 0.11513015317420165
2024-08-28 15:25:08,109 - EarlyStopping counter: 1 out of 5
2024-08-28 15:25:08,307 - Epoch 81/100, Train Loss(MSE): 0.09730618843889755, Validation Loss(MSE): 0.1150004801650842
2024-08-28 15:25:08,307 - Validation loss decreased (0.115114 --> 0.115000).  Saving model ...
2024-08-28 15:25:08,530 - Epoch 82/100, Train Loss(MSE): 0.09621389339799466, Validation Loss(MSE): 0.11457483159999053
2024-08-28 15:25:08,530 - Validation loss decreased (0.115000 --> 0.114575).  Saving model ...
2024-08-28 15:25:08,744 - Epoch 83/100, Train Loss(MSE): 0.096479507730059, Validation Loss(MSE): 0.11386008933186531
2024-08-28 15:25:08,744 - Validation loss decreased (0.114575 --> 0.113860).  Saving model ...
2024-08-28 15:25:08,944 - Epoch 84/100, Train Loss(MSE): 0.09515483474925808, Validation Loss(MSE): 0.1136937364935875
2024-08-28 15:25:08,944 - Validation loss decreased (0.113860 --> 0.113694).  Saving model ...
2024-08-28 15:25:09,162 - Epoch 85/100, Train Loss(MSE): 0.09493636680038078, Validation Loss(MSE): 0.11336758484443028
2024-08-28 15:25:09,162 - Validation loss decreased (0.113694 --> 0.113368).  Saving model ...
2024-08-28 15:25:09,366 - Epoch 86/100, Train Loss(MSE): 0.09396928305859151, Validation Loss(MSE): 0.11298368747035663
2024-08-28 15:25:09,366 - Validation loss decreased (0.113368 --> 0.112984).  Saving model ...
2024-08-28 15:25:09,572 - Epoch 87/100, Train Loss(MSE): 0.09327466170425, Validation Loss(MSE): 0.1127000314493974
2024-08-28 15:25:09,572 - Validation loss decreased (0.112984 --> 0.112700).  Saving model ...
2024-08-28 15:25:09,772 - Epoch 88/100, Train Loss(MSE): 0.09319175909394803, Validation Loss(MSE): 0.112531332919995
2024-08-28 15:25:09,772 - Validation loss decreased (0.112700 --> 0.112531).  Saving model ...
2024-08-28 15:25:09,986 - Epoch 89/100, Train Loss(MSE): 0.09236024968002153, Validation Loss(MSE): 0.11170189455151558
2024-08-28 15:25:09,986 - Validation loss decreased (0.112531 --> 0.111702).  Saving model ...
2024-08-28 15:25:10,190 - Epoch 90/100, Train Loss(MSE): 0.09279378681727078, Validation Loss(MSE): 0.11192918196320534
2024-08-28 15:25:10,191 - EarlyStopping counter: 1 out of 5
2024-08-28 15:25:10,393 - Epoch 91/100, Train Loss(MSE): 0.09127423612643844, Validation Loss(MSE): 0.11147547264893849
2024-08-28 15:25:10,393 - Validation loss decreased (0.111702 --> 0.111475).  Saving model ...
2024-08-28 15:25:10,619 - Epoch 92/100, Train Loss(MSE): 0.09120837882485079, Validation Loss(MSE): 0.11092815299828847
2024-08-28 15:25:10,620 - Validation loss decreased (0.111475 --> 0.110928).  Saving model ...
2024-08-28 15:25:10,816 - Epoch 93/100, Train Loss(MSE): 0.09066695582283579, Validation Loss(MSE): 0.11114174872636795
2024-08-28 15:25:10,816 - EarlyStopping counter: 1 out of 5
2024-08-28 15:25:11,027 - Epoch 94/100, Train Loss(MSE): 0.08986441572399242, Validation Loss(MSE): 0.11166903811196487
2024-08-28 15:25:11,028 - EarlyStopping counter: 2 out of 5
2024-08-28 15:25:11,232 - Epoch 95/100, Train Loss(MSE): 0.08983639417135197, Validation Loss(MSE): 0.11082439062496026
2024-08-28 15:25:11,232 - Validation loss decreased (0.110928 --> 0.110824).  Saving model ...
2024-08-28 15:25:11,434 - Epoch 96/100, Train Loss(MSE): 0.08899460514278515, Validation Loss(MSE): 0.11093061168988545
2024-08-28 15:25:11,434 - EarlyStopping counter: 1 out of 5
2024-08-28 15:25:11,639 - Epoch 97/100, Train Loss(MSE): 0.08918966085690519, Validation Loss(MSE): 0.11008570653696854
2024-08-28 15:25:11,639 - Validation loss decreased (0.110824 --> 0.110086).  Saving model ...
2024-08-28 15:25:11,854 - Epoch 98/100, Train Loss(MSE): 0.08839834635348423, Validation Loss(MSE): 0.10998416257401307
2024-08-28 15:25:11,854 - Validation loss decreased (0.110086 --> 0.109984).  Saving model ...
2024-08-28 15:25:12,071 - Epoch 99/100, Train Loss(MSE): 0.08800839891900188, Validation Loss(MSE): 0.10970348119735718
2024-08-28 15:25:12,071 - Validation loss decreased (0.109984 --> 0.109703).  Saving model ...
2024-08-28 15:25:12,267 - Epoch 100/100, Train Loss(MSE): 0.08821915268250134, Validation Loss(MSE): 0.10953859736522038
2024-08-28 15:25:12,267 - Validation loss decreased (0.109703 --> 0.109539).  Saving model ...
2024-08-28 15:25:12,271 - —µ¡∑ 100 ¥Œepoch£¨—µ¡∑ ±≥§: 20.84489679336548 √Î
2024-08-28 15:25:12,282 - Test Loss(MSE): 0.09640737374623616
2024-08-28 15:25:12,289 - Model saved to D:\PythonProject\scorpioMock\MPDLinear\checkpoint\MPDLinear_20240828-152512_bs32_seq7_enc24_pred_len3_individualTrue_checkpoint.pth
2024-08-28 15:25:12,297 - Test Loss (Original Scale) MSE: 12.00680789927933
