2024-08-24 21:52:41,685 - Epoch 1/100, Train Loss(MSE): 0.8412470128801134, Validation Loss(MSE): 0.6355302135149637
2024-08-24 21:52:41,686 - Validation loss decreased for the first time. Saving model ...
2024-08-24 21:52:41,925 - Epoch 2/100, Train Loss(MSE): 0.5712418059508005, Validation Loss(MSE): 0.4498280833164851
2024-08-24 21:52:41,925 - Validation loss decreased (0.635530 --> 0.449828).  Saving model ...
2024-08-24 21:52:42,154 - Epoch 3/100, Train Loss(MSE): 0.40136847429805333, Validation Loss(MSE): 0.33103902141253155
2024-08-24 21:52:42,155 - Validation loss decreased (0.449828 --> 0.331039).  Saving model ...
2024-08-24 21:52:42,444 - Epoch 4/100, Train Loss(MSE): 0.29495718081792194, Validation Loss(MSE): 0.25760669509569806
2024-08-24 21:52:42,446 - Validation loss decreased (0.331039 --> 0.257607).  Saving model ...
2024-08-24 21:52:42,738 - Epoch 5/100, Train Loss(MSE): 0.22805824246671463, Validation Loss(MSE): 0.20853606363137564
2024-08-24 21:52:42,738 - Validation loss decreased (0.257607 --> 0.208536).  Saving model ...
2024-08-24 21:52:43,002 - Epoch 6/100, Train Loss(MSE): 0.18460605078273348, Validation Loss(MSE): 0.17537022878726324
2024-08-24 21:52:43,002 - Validation loss decreased (0.208536 --> 0.175370).  Saving model ...
2024-08-24 21:52:43,290 - Epoch 7/100, Train Loss(MSE): 0.15550812615288628, Validation Loss(MSE): 0.15155204261342684
2024-08-24 21:52:43,290 - Validation loss decreased (0.175370 --> 0.151552).  Saving model ...
2024-08-24 21:52:43,577 - Epoch 8/100, Train Loss(MSE): 0.1350679831372367, Validation Loss(MSE): 0.13332507262627283
2024-08-24 21:52:43,578 - Validation loss decreased (0.151552 --> 0.133325).  Saving model ...
2024-08-24 21:52:43,860 - Epoch 9/100, Train Loss(MSE): 0.12009554273552364, Validation Loss(MSE): 0.11883081992467244
2024-08-24 21:52:43,861 - Validation loss decreased (0.133325 --> 0.118831).  Saving model ...
2024-08-24 21:52:44,120 - Epoch 10/100, Train Loss(MSE): 0.10891307724846734, Validation Loss(MSE): 0.10970722138881683
2024-08-24 21:52:44,120 - Validation loss decreased (0.118831 --> 0.109707).  Saving model ...
2024-08-24 21:52:44,350 - Epoch 11/100, Train Loss(MSE): 0.10019717481401232, Validation Loss(MSE): 0.10098046188553174
2024-08-24 21:52:44,351 - Validation loss decreased (0.109707 --> 0.100980).  Saving model ...
2024-08-24 21:52:44,589 - Epoch 12/100, Train Loss(MSE): 0.09319254590405358, Validation Loss(MSE): 0.09425533624986808
2024-08-24 21:52:44,590 - Validation loss decreased (0.100980 --> 0.094255).  Saving model ...
2024-08-24 21:52:44,858 - Epoch 13/100, Train Loss(MSE): 0.08756071022815175, Validation Loss(MSE): 0.08831809274852276
2024-08-24 21:52:44,859 - Validation loss decreased (0.094255 --> 0.088318).  Saving model ...
2024-08-24 21:52:45,138 - Epoch 14/100, Train Loss(MSE): 0.08308450339568986, Validation Loss(MSE): 0.08366400251785915
2024-08-24 21:52:45,139 - Validation loss decreased (0.088318 --> 0.083664).  Saving model ...
2024-08-24 21:52:45,404 - Epoch 15/100, Train Loss(MSE): 0.07882261822621027, Validation Loss(MSE): 0.08030008586744468
2024-08-24 21:52:45,404 - Validation loss decreased (0.083664 --> 0.080300).  Saving model ...
2024-08-24 21:52:45,664 - Epoch 16/100, Train Loss(MSE): 0.07517635275920233, Validation Loss(MSE): 0.07684990639487903
2024-08-24 21:52:45,664 - Validation loss decreased (0.080300 --> 0.076850).  Saving model ...
2024-08-24 21:52:45,907 - Epoch 17/100, Train Loss(MSE): 0.07211027757989036, Validation Loss(MSE): 0.07324246317148209
2024-08-24 21:52:45,908 - Validation loss decreased (0.076850 --> 0.073242).  Saving model ...
2024-08-24 21:52:46,141 - Epoch 18/100, Train Loss(MSE): 0.069244125402636, Validation Loss(MSE): 0.07109258075555165
2024-08-24 21:52:46,141 - Validation loss decreased (0.073242 --> 0.071093).  Saving model ...
2024-08-24 21:52:46,431 - Epoch 19/100, Train Loss(MSE): 0.06698663640353415, Validation Loss(MSE): 0.06846474607785542
2024-08-24 21:52:46,431 - Validation loss decreased (0.071093 --> 0.068465).  Saving model ...
2024-08-24 21:52:46,692 - Epoch 20/100, Train Loss(MSE): 0.06486481552322705, Validation Loss(MSE): 0.06648870867987473
2024-08-24 21:52:46,693 - Validation loss decreased (0.068465 --> 0.066489).  Saving model ...
2024-08-24 21:52:46,957 - Epoch 21/100, Train Loss(MSE): 0.06260996046993468, Validation Loss(MSE): 0.06546845473349094
2024-08-24 21:52:46,957 - Validation loss decreased (0.066489 --> 0.065468).  Saving model ...
2024-08-24 21:52:47,208 - Epoch 22/100, Train Loss(MSE): 0.06078155015905698, Validation Loss(MSE): 0.06430067432423432
2024-08-24 21:52:47,208 - Validation loss decreased (0.065468 --> 0.064301).  Saving model ...
2024-08-24 21:52:47,502 - Epoch 23/100, Train Loss(MSE): 0.0591289090199603, Validation Loss(MSE): 0.062308610106507935
2024-08-24 21:52:47,503 - Validation loss decreased (0.064301 --> 0.062309).  Saving model ...
2024-08-24 21:52:47,768 - Epoch 24/100, Train Loss(MSE): 0.05774760428402159, Validation Loss(MSE): 0.061239038283626236
2024-08-24 21:52:47,768 - Validation loss decreased (0.062309 --> 0.061239).  Saving model ...
2024-08-24 21:52:48,025 - Epoch 25/100, Train Loss(MSE): 0.056153231321109665, Validation Loss(MSE): 0.060382176811496414
2024-08-24 21:52:48,025 - Validation loss decreased (0.061239 --> 0.060382).  Saving model ...
2024-08-24 21:52:48,276 - Epoch 26/100, Train Loss(MSE): 0.05458158817556169, Validation Loss(MSE): 0.05907641847928365
2024-08-24 21:52:48,277 - Validation loss decreased (0.060382 --> 0.059076).  Saving model ...
2024-08-24 21:52:48,513 - Epoch 27/100, Train Loss(MSE): 0.05334052799476518, Validation Loss(MSE): 0.05840476478139559
2024-08-24 21:52:48,514 - Validation loss decreased (0.059076 --> 0.058405).  Saving model ...
2024-08-24 21:52:48,742 - Epoch 28/100, Train Loss(MSE): 0.052486499812867904, Validation Loss(MSE): 0.05741373201211294
2024-08-24 21:52:48,743 - Validation loss decreased (0.058405 --> 0.057414).  Saving model ...
2024-08-24 21:52:48,982 - Epoch 29/100, Train Loss(MSE): 0.051166915189888744, Validation Loss(MSE): 0.05692510555187861
2024-08-24 21:52:48,982 - Validation loss decreased (0.057414 --> 0.056925).  Saving model ...
2024-08-24 21:52:49,258 - Epoch 30/100, Train Loss(MSE): 0.05027150379286872, Validation Loss(MSE): 0.05584899584452311
2024-08-24 21:52:49,259 - Validation loss decreased (0.056925 --> 0.055849).  Saving model ...
2024-08-24 21:52:49,527 - Epoch 31/100, Train Loss(MSE): 0.04933650568127632, Validation Loss(MSE): 0.055641149481137596
2024-08-24 21:52:49,527 - Validation loss decreased (0.055849 --> 0.055641).  Saving model ...
2024-08-24 21:52:49,837 - Epoch 32/100, Train Loss(MSE): 0.04827906319664584, Validation Loss(MSE): 0.05532060811916987
2024-08-24 21:52:49,837 - Validation loss decreased (0.055641 --> 0.055321).  Saving model ...
2024-08-24 21:52:50,056 - Epoch 33/100, Train Loss(MSE): 0.04749465609590212, Validation Loss(MSE): 0.05453424962858359
2024-08-24 21:52:50,056 - Validation loss decreased (0.055321 --> 0.054534).  Saving model ...
2024-08-24 21:52:50,296 - Epoch 34/100, Train Loss(MSE): 0.04692668542265892, Validation Loss(MSE): 0.05507649853825569
2024-08-24 21:52:50,296 - EarlyStopping counter: 1 out of 5
2024-08-24 21:52:50,599 - Epoch 35/100, Train Loss(MSE): 0.04593910715646214, Validation Loss(MSE): 0.05365706297258536
2024-08-24 21:52:50,599 - Validation loss decreased (0.054534 --> 0.053657).  Saving model ...
2024-08-24 21:52:50,894 - Epoch 36/100, Train Loss(MSE): 0.04521275158557627, Validation Loss(MSE): 0.0532968050489823
2024-08-24 21:52:50,894 - Validation loss decreased (0.053657 --> 0.053297).  Saving model ...
2024-08-24 21:52:51,137 - Epoch 37/100, Train Loss(MSE): 0.044557379600074554, Validation Loss(MSE): 0.05317917155722777
2024-08-24 21:52:51,137 - Validation loss decreased (0.053297 --> 0.053179).  Saving model ...
2024-08-24 21:52:51,376 - Epoch 38/100, Train Loss(MSE): 0.04395834534532494, Validation Loss(MSE): 0.05338252708315849
2024-08-24 21:52:51,377 - EarlyStopping counter: 1 out of 5
2024-08-24 21:52:51,655 - Epoch 39/100, Train Loss(MSE): 0.043439306111799345, Validation Loss(MSE): 0.05242697522044182
2024-08-24 21:52:51,656 - Validation loss decreased (0.053179 --> 0.052427).  Saving model ...
2024-08-24 21:52:51,888 - Epoch 40/100, Train Loss(MSE): 0.04267670607401265, Validation Loss(MSE): 0.05247050275405248
2024-08-24 21:52:51,889 - EarlyStopping counter: 1 out of 5
2024-08-24 21:52:52,159 - Epoch 41/100, Train Loss(MSE): 0.042314325438605416, Validation Loss(MSE): 0.052575831611951195
2024-08-24 21:52:52,159 - EarlyStopping counter: 2 out of 5
2024-08-24 21:52:52,384 - Epoch 42/100, Train Loss(MSE): 0.04176859731475512, Validation Loss(MSE): 0.051679142440358795
2024-08-24 21:52:52,385 - Validation loss decreased (0.052427 --> 0.051679).  Saving model ...
2024-08-24 21:52:52,657 - Epoch 43/100, Train Loss(MSE): 0.04122207338611285, Validation Loss(MSE): 0.052039974058667816
2024-08-24 21:52:52,658 - EarlyStopping counter: 1 out of 5
2024-08-24 21:52:52,887 - Epoch 44/100, Train Loss(MSE): 0.04090702858650022, Validation Loss(MSE): 0.05217743540803591
2024-08-24 21:52:52,887 - EarlyStopping counter: 2 out of 5
2024-08-24 21:52:53,133 - Epoch 45/100, Train Loss(MSE): 0.04058871885968579, Validation Loss(MSE): 0.05199944538374742
2024-08-24 21:52:53,133 - EarlyStopping counter: 3 out of 5
2024-08-24 21:52:53,357 - Epoch 46/100, Train Loss(MSE): 0.04001589566469192, Validation Loss(MSE): 0.051408339912692703
2024-08-24 21:52:53,358 - Validation loss decreased (0.051679 --> 0.051408).  Saving model ...
2024-08-24 21:52:53,666 - Epoch 47/100, Train Loss(MSE): 0.039673284772369595, Validation Loss(MSE): 0.05163679706553618
2024-08-24 21:52:53,667 - EarlyStopping counter: 1 out of 5
2024-08-24 21:52:53,991 - Epoch 48/100, Train Loss(MSE): 0.03923615916735596, Validation Loss(MSE): 0.05113528544704119
2024-08-24 21:52:53,991 - Validation loss decreased (0.051408 --> 0.051135).  Saving model ...
2024-08-24 21:52:54,319 - Epoch 49/100, Train Loss(MSE): 0.03888601391679711, Validation Loss(MSE): 0.050874281053741775
2024-08-24 21:52:54,320 - Validation loss decreased (0.051135 --> 0.050874).  Saving model ...
2024-08-24 21:52:54,620 - Epoch 50/100, Train Loss(MSE): 0.03872473786274592, Validation Loss(MSE): 0.05122723802924156
2024-08-24 21:52:54,621 - EarlyStopping counter: 1 out of 5
2024-08-24 21:52:54,920 - Epoch 51/100, Train Loss(MSE): 0.038282074655095734, Validation Loss(MSE): 0.05053689144551754
2024-08-24 21:52:54,920 - Validation loss decreased (0.050874 --> 0.050537).  Saving model ...
2024-08-24 21:52:55,224 - Epoch 52/100, Train Loss(MSE): 0.03793304657770528, Validation Loss(MSE): 0.05122141415874163
2024-08-24 21:52:55,224 - EarlyStopping counter: 1 out of 5
2024-08-24 21:52:55,573 - Epoch 53/100, Train Loss(MSE): 0.03755051572289732, Validation Loss(MSE): 0.05116347720225652
2024-08-24 21:52:55,574 - EarlyStopping counter: 2 out of 5
2024-08-24 21:52:55,893 - Epoch 54/100, Train Loss(MSE): 0.03744848527842098, Validation Loss(MSE): 0.05105955029527346
2024-08-24 21:52:55,893 - EarlyStopping counter: 3 out of 5
2024-08-24 21:52:56,209 - Epoch 55/100, Train Loss(MSE): 0.03711614778472318, Validation Loss(MSE): 0.051161774744590126
2024-08-24 21:52:56,209 - EarlyStopping counter: 4 out of 5
2024-08-24 21:52:56,544 - Epoch 56/100, Train Loss(MSE): 0.036799420623315704, Validation Loss(MSE): 0.05174722025791804
2024-08-24 21:52:56,544 - EarlyStopping counter: 5 out of 5
2024-08-24 21:52:56,544 - Early stopping
2024-08-24 21:52:56,557 - Test Loss(MSE): 0.0634596763799588
2024-08-24 21:52:56,567 - Model saved to D:\PythonProject\scorpioMock\MPDLinear\checkpoint\MPDLinear_Model_20240824-215256_bs32_seq30_enc24_pred_len10_individualTrue_checkpoint.pth
2024-08-24 21:52:56,576 - Test Loss (Original Scale) MSE: 7.851935389823158
