2024-08-24 21:36:42,248 - Epoch 1/100, Train Loss(MSE): 0.8273518714639876, Validation Loss(MSE): 0.6134320795536041
2024-08-24 21:36:42,248 - Validation loss decreased for the first time. Saving model ...
2024-08-24 21:36:42,487 - Epoch 2/100, Train Loss(MSE): 0.5600228706995646, Validation Loss(MSE): 0.4264758229255676
2024-08-24 21:36:42,487 - Validation loss decreased (0.613432 --> 0.426476).  Saving model ...
2024-08-24 21:36:42,706 - Epoch 3/100, Train Loss(MSE): 0.39087248278988734, Validation Loss(MSE): 0.3161919414997101
2024-08-24 21:36:42,711 - Validation loss decreased (0.426476 --> 0.316192).  Saving model ...
2024-08-24 21:36:42,934 - Epoch 4/100, Train Loss(MSE): 0.28753535283936393, Validation Loss(MSE): 0.24513721217711767
2024-08-24 21:36:42,934 - Validation loss decreased (0.316192 --> 0.245137).  Saving model ...
2024-08-24 21:36:43,192 - Epoch 5/100, Train Loss(MSE): 0.22309932046466405, Validation Loss(MSE): 0.19895324607690176
2024-08-24 21:36:43,193 - Validation loss decreased (0.245137 --> 0.198953).  Saving model ...
2024-08-24 21:36:43,434 - Epoch 6/100, Train Loss(MSE): 0.18126109970940485, Validation Loss(MSE): 0.16901862000425658
2024-08-24 21:36:43,435 - Validation loss decreased (0.198953 --> 0.169019).  Saving model ...
2024-08-24 21:36:43,669 - Epoch 7/100, Train Loss(MSE): 0.1535176384780142, Validation Loss(MSE): 0.14627904693285623
2024-08-24 21:36:43,670 - Validation loss decreased (0.169019 --> 0.146279).  Saving model ...
2024-08-24 21:36:43,911 - Epoch 8/100, Train Loss(MSE): 0.13314274665382173, Validation Loss(MSE): 0.13000167782107988
2024-08-24 21:36:43,911 - Validation loss decreased (0.146279 --> 0.130002).  Saving model ...
2024-08-24 21:36:44,144 - Epoch 9/100, Train Loss(MSE): 0.11870175939467219, Validation Loss(MSE): 0.11692413439353307
2024-08-24 21:36:44,144 - Validation loss decreased (0.130002 --> 0.116924).  Saving model ...
2024-08-24 21:36:44,375 - Epoch 10/100, Train Loss(MSE): 0.10755489377511872, Validation Loss(MSE): 0.1063511682053407
2024-08-24 21:36:44,376 - Validation loss decreased (0.116924 --> 0.106351).  Saving model ...
2024-08-24 21:36:44,620 - Epoch 11/100, Train Loss(MSE): 0.09907036291228401, Validation Loss(MSE): 0.09882430235544841
2024-08-24 21:36:44,620 - Validation loss decreased (0.106351 --> 0.098824).  Saving model ...
2024-08-24 21:36:44,900 - Epoch 12/100, Train Loss(MSE): 0.0922866274913152, Validation Loss(MSE): 0.09306088089942932
2024-08-24 21:36:44,900 - Validation loss decreased (0.098824 --> 0.093061).  Saving model ...
2024-08-24 21:36:45,127 - Epoch 13/100, Train Loss(MSE): 0.08663285432590379, Validation Loss(MSE): 0.08697604946792126
2024-08-24 21:36:45,128 - Validation loss decreased (0.093061 --> 0.086976).  Saving model ...
2024-08-24 21:36:45,352 - Epoch 14/100, Train Loss(MSE): 0.08178911647862858, Validation Loss(MSE): 0.08222680538892746
2024-08-24 21:36:45,353 - Validation loss decreased (0.086976 --> 0.082227).  Saving model ...
2024-08-24 21:36:45,572 - Epoch 15/100, Train Loss(MSE): 0.07762542648447884, Validation Loss(MSE): 0.07839902862906456
2024-08-24 21:36:45,572 - Validation loss decreased (0.082227 --> 0.078399).  Saving model ...
2024-08-24 21:36:45,817 - Epoch 16/100, Train Loss(MSE): 0.07415279663271374, Validation Loss(MSE): 0.07530232580999534
2024-08-24 21:36:45,817 - Validation loss decreased (0.078399 --> 0.075302).  Saving model ...
2024-08-24 21:36:46,049 - Epoch 17/100, Train Loss(MSE): 0.07106561164061229, Validation Loss(MSE): 0.07308931276202202
2024-08-24 21:36:46,049 - Validation loss decreased (0.075302 --> 0.073089).  Saving model ...
2024-08-24 21:36:46,317 - Epoch 18/100, Train Loss(MSE): 0.0683937944471836, Validation Loss(MSE): 0.06996044951180617
2024-08-24 21:36:46,317 - Validation loss decreased (0.073089 --> 0.069960).  Saving model ...
2024-08-24 21:36:46,575 - Epoch 19/100, Train Loss(MSE): 0.06597417030069563, Validation Loss(MSE): 0.06815159817536671
2024-08-24 21:36:46,576 - Validation loss decreased (0.069960 --> 0.068152).  Saving model ...
2024-08-24 21:36:46,833 - Epoch 20/100, Train Loss(MSE): 0.06363239213824272, Validation Loss(MSE): 0.06609883718192577
2024-08-24 21:36:46,833 - Validation loss decreased (0.068152 --> 0.066099).  Saving model ...
2024-08-24 21:36:47,081 - Epoch 21/100, Train Loss(MSE): 0.0616137887040774, Validation Loss(MSE): 0.06451352934042613
2024-08-24 21:36:47,081 - Validation loss decreased (0.066099 --> 0.064514).  Saving model ...
2024-08-24 21:36:47,309 - Epoch 22/100, Train Loss(MSE): 0.059978765663173464, Validation Loss(MSE): 0.06400499492883682
2024-08-24 21:36:47,309 - Validation loss decreased (0.064514 --> 0.064005).  Saving model ...
2024-08-24 21:36:47,563 - Epoch 23/100, Train Loss(MSE): 0.05807093539171749, Validation Loss(MSE): 0.06133271629611651
2024-08-24 21:36:47,563 - Validation loss decreased (0.064005 --> 0.061333).  Saving model ...
2024-08-24 21:36:47,841 - Epoch 24/100, Train Loss(MSE): 0.05677425699929396, Validation Loss(MSE): 0.060928430408239365
2024-08-24 21:36:47,841 - Validation loss decreased (0.061333 --> 0.060928).  Saving model ...
2024-08-24 21:36:48,082 - Epoch 25/100, Train Loss(MSE): 0.05525739333695835, Validation Loss(MSE): 0.059599717458089195
2024-08-24 21:36:48,082 - Validation loss decreased (0.060928 --> 0.059600).  Saving model ...
2024-08-24 21:36:48,318 - Epoch 26/100, Train Loss(MSE): 0.053865515523486666, Validation Loss(MSE): 0.05915631912648678
2024-08-24 21:36:48,319 - Validation loss decreased (0.059600 --> 0.059156).  Saving model ...
2024-08-24 21:36:48,577 - Epoch 27/100, Train Loss(MSE): 0.05270906442569362, Validation Loss(MSE): 0.058649007230997086
2024-08-24 21:36:48,577 - Validation loss decreased (0.059156 --> 0.058649).  Saving model ...
2024-08-24 21:36:48,826 - Epoch 28/100, Train Loss(MSE): 0.051611135030786195, Validation Loss(MSE): 0.05733721703290939
2024-08-24 21:36:48,826 - Validation loss decreased (0.058649 --> 0.057337).  Saving model ...
2024-08-24 21:36:49,083 - Epoch 29/100, Train Loss(MSE): 0.050446340276135336, Validation Loss(MSE): 0.05667758112152418
2024-08-24 21:36:49,084 - Validation loss decreased (0.057337 --> 0.056678).  Saving model ...
2024-08-24 21:36:49,336 - Epoch 30/100, Train Loss(MSE): 0.04947711734308137, Validation Loss(MSE): 0.05705914832651615
2024-08-24 21:36:49,336 - EarlyStopping counter: 1 out of 5
2024-08-24 21:36:49,588 - Epoch 31/100, Train Loss(MSE): 0.0486379939234919, Validation Loss(MSE): 0.05578229514261087
2024-08-24 21:36:49,589 - Validation loss decreased (0.056678 --> 0.055782).  Saving model ...
2024-08-24 21:36:49,847 - Epoch 32/100, Train Loss(MSE): 0.04774065315723419, Validation Loss(MSE): 0.05479558495183786
2024-08-24 21:36:49,847 - Validation loss decreased (0.055782 --> 0.054796).  Saving model ...
2024-08-24 21:36:50,075 - Epoch 33/100, Train Loss(MSE): 0.04683547889192899, Validation Loss(MSE): 0.05481048425038656
2024-08-24 21:36:50,075 - EarlyStopping counter: 1 out of 5
2024-08-24 21:36:50,286 - Epoch 34/100, Train Loss(MSE): 0.04618931739694542, Validation Loss(MSE): 0.05440515776475271
2024-08-24 21:36:50,287 - Validation loss decreased (0.054796 --> 0.054405).  Saving model ...
2024-08-24 21:36:50,534 - Epoch 35/100, Train Loss(MSE): 0.045341833349731235, Validation Loss(MSE): 0.05446045224865278
2024-08-24 21:36:50,534 - EarlyStopping counter: 1 out of 5
2024-08-24 21:36:50,762 - Epoch 36/100, Train Loss(MSE): 0.04483138016528553, Validation Loss(MSE): 0.054035879050691925
2024-08-24 21:36:50,763 - Validation loss decreased (0.054405 --> 0.054036).  Saving model ...
2024-08-24 21:36:51,006 - Epoch 37/100, Train Loss(MSE): 0.04427983744276894, Validation Loss(MSE): 0.05432213904956976
2024-08-24 21:36:51,007 - EarlyStopping counter: 1 out of 5
2024-08-24 21:36:51,245 - Epoch 38/100, Train Loss(MSE): 0.04358202964067459, Validation Loss(MSE): 0.053053515031933784
2024-08-24 21:36:51,245 - Validation loss decreased (0.054036 --> 0.053054).  Saving model ...
2024-08-24 21:36:51,506 - Epoch 39/100, Train Loss(MSE): 0.04289551178614299, Validation Loss(MSE): 0.05258833430707455
2024-08-24 21:36:51,507 - Validation loss decreased (0.053054 --> 0.052588).  Saving model ...
2024-08-24 21:36:51,762 - Epoch 40/100, Train Loss(MSE): 0.04251326931019624, Validation Loss(MSE): 0.05230043704311053
2024-08-24 21:36:51,762 - Validation loss decreased (0.052588 --> 0.052300).  Saving model ...
2024-08-24 21:36:52,009 - Epoch 41/100, Train Loss(MSE): 0.041840418924887976, Validation Loss(MSE): 0.05264239261547724
2024-08-24 21:36:52,010 - EarlyStopping counter: 1 out of 5
2024-08-24 21:36:52,237 - Epoch 42/100, Train Loss(MSE): 0.041383178407947224, Validation Loss(MSE): 0.05216864310204983
2024-08-24 21:36:52,238 - Validation loss decreased (0.052300 --> 0.052169).  Saving model ...
2024-08-24 21:36:52,459 - Epoch 43/100, Train Loss(MSE): 0.040914556342694496, Validation Loss(MSE): 0.051982693995038666
2024-08-24 21:36:52,459 - Validation loss decreased (0.052169 --> 0.051983).  Saving model ...
2024-08-24 21:36:52,702 - Epoch 44/100, Train Loss(MSE): 0.040449382530318365, Validation Loss(MSE): 0.052595257138212524
2024-08-24 21:36:52,702 - EarlyStopping counter: 1 out of 5
2024-08-24 21:36:52,937 - Epoch 45/100, Train Loss(MSE): 0.0400466647826963, Validation Loss(MSE): 0.05171462210516135
2024-08-24 21:36:52,937 - Validation loss decreased (0.051983 --> 0.051715).  Saving model ...
2024-08-24 21:36:53,201 - Epoch 46/100, Train Loss(MSE): 0.0397585756248898, Validation Loss(MSE): 0.051751925920446716
2024-08-24 21:36:53,201 - EarlyStopping counter: 1 out of 5
2024-08-24 21:36:53,459 - Epoch 47/100, Train Loss(MSE): 0.039300636202096936, Validation Loss(MSE): 0.05201939307153225
2024-08-24 21:36:53,459 - EarlyStopping counter: 2 out of 5
2024-08-24 21:36:53,710 - Epoch 48/100, Train Loss(MSE): 0.039000028868516286, Validation Loss(MSE): 0.051361579447984695
2024-08-24 21:36:53,710 - Validation loss decreased (0.051715 --> 0.051362).  Saving model ...
2024-08-24 21:36:53,961 - Epoch 49/100, Train Loss(MSE): 0.03856809106138018, Validation Loss(MSE): 0.05167511788507303
2024-08-24 21:36:53,961 - EarlyStopping counter: 1 out of 5
2024-08-24 21:36:54,203 - Epoch 50/100, Train Loss(MSE): 0.038332484165827435, Validation Loss(MSE): 0.051184915006160736
2024-08-24 21:36:54,203 - Validation loss decreased (0.051362 --> 0.051185).  Saving model ...
2024-08-24 21:36:54,439 - Epoch 51/100, Train Loss(MSE): 0.03801666460931301, Validation Loss(MSE): 0.05213282878200213
2024-08-24 21:36:54,439 - EarlyStopping counter: 1 out of 5
2024-08-24 21:36:54,666 - Epoch 52/100, Train Loss(MSE): 0.03781196524699529, Validation Loss(MSE): 0.05176513083279133
2024-08-24 21:36:54,667 - EarlyStopping counter: 2 out of 5
2024-08-24 21:36:54,910 - Epoch 53/100, Train Loss(MSE): 0.0374267322735654, Validation Loss(MSE): 0.052063372607032456
2024-08-24 21:36:54,910 - EarlyStopping counter: 3 out of 5
2024-08-24 21:36:55,154 - Epoch 54/100, Train Loss(MSE): 0.03713670045965248, Validation Loss(MSE): 0.05112290196120739
2024-08-24 21:36:55,155 - Validation loss decreased (0.051185 --> 0.051123).  Saving model ...
2024-08-24 21:36:55,383 - Epoch 55/100, Train Loss(MSE): 0.03691837083962229, Validation Loss(MSE): 0.052251735081275306
2024-08-24 21:36:55,383 - EarlyStopping counter: 1 out of 5
2024-08-24 21:36:55,604 - Epoch 56/100, Train Loss(MSE): 0.036680870151354204, Validation Loss(MSE): 0.05168486759066582
2024-08-24 21:36:55,604 - EarlyStopping counter: 2 out of 5
2024-08-24 21:36:55,865 - Epoch 57/100, Train Loss(MSE): 0.036384560043613116, Validation Loss(MSE): 0.05161378160119057
2024-08-24 21:36:55,865 - EarlyStopping counter: 3 out of 5
2024-08-24 21:36:56,104 - Epoch 58/100, Train Loss(MSE): 0.036384428458081354, Validation Loss(MSE): 0.0528097003698349
2024-08-24 21:36:56,105 - EarlyStopping counter: 4 out of 5
2024-08-24 21:36:56,335 - Epoch 59/100, Train Loss(MSE): 0.036064214259386065, Validation Loss(MSE): 0.05189766859014829
2024-08-24 21:36:56,336 - EarlyStopping counter: 5 out of 5
2024-08-24 21:36:56,336 - Early stopping
2024-08-24 21:36:56,347 - Test Loss(MSE): 0.062230690071980156
2024-08-24 21:36:56,354 - Model saved to D:\PythonProject\scorpioMock\MPDLinear\checkpoint\MPDLinear_Model_20240824-213656_bs32_seq30_enc24_pred_len10_individualTrue_checkpoint.pth
2024-08-24 21:36:56,361 - Test Loss (Original Scale) MSE: 7.707190178945705
