2024-09-11 12:14:15,676 - Epoch 1/100, Train Loss(MSE): 0.062082059779449514, Validation Loss(MSE): 0.042934091140826545
2024-09-11 12:14:15,676 - Validation loss decreased for the first time. Saving model ...
2024-09-11 12:14:17,363 - Epoch 2/100, Train Loss(MSE): 0.017664118547384675, Validation Loss(MSE): 0.009224159953494867
2024-09-11 12:14:17,363 - Validation loss decreased (0.042934 --> 0.009224).  Saving model ...
2024-09-11 12:14:19,027 - Epoch 3/100, Train Loss(MSE): 0.00637937366570297, Validation Loss(MSE): 0.007312650637080272
2024-09-11 12:14:19,028 - Validation loss decreased (0.009224 --> 0.007313).  Saving model ...
2024-09-11 12:14:20,677 - Epoch 4/100, Train Loss(MSE): 0.005002712549053524, Validation Loss(MSE): 0.005975422915071249
2024-09-11 12:14:20,677 - Validation loss decreased (0.007313 --> 0.005975).  Saving model ...
2024-09-11 12:14:22,371 - Epoch 5/100, Train Loss(MSE): 0.004562077222784099, Validation Loss(MSE): 0.005600827280431986
2024-09-11 12:14:22,371 - Validation loss decreased (0.005975 --> 0.005601).  Saving model ...
2024-09-11 12:14:24,200 - Epoch 6/100, Train Loss(MSE): 0.004480032372827593, Validation Loss(MSE): 0.005706047949691613
2024-09-11 12:14:24,200 - EarlyStopping counter: 1 out of 5
2024-09-11 12:14:26,026 - Epoch 7/100, Train Loss(MSE): 0.004212284877308105, Validation Loss(MSE): 0.005636896006762981
2024-09-11 12:14:26,026 - EarlyStopping counter: 2 out of 5
2024-09-11 12:14:27,741 - Epoch 8/100, Train Loss(MSE): 0.0037601517733970753, Validation Loss(MSE): 0.005454100047548612
2024-09-11 12:14:27,741 - Validation loss decreased (0.005601 --> 0.005454).  Saving model ...
2024-09-11 12:14:29,542 - Epoch 9/100, Train Loss(MSE): 0.0036824686501763368, Validation Loss(MSE): 0.005223046988248825
2024-09-11 12:14:29,542 - Validation loss decreased (0.005454 --> 0.005223).  Saving model ...
2024-09-11 12:14:31,271 - Epoch 10/100, Train Loss(MSE): 0.003506659297272563, Validation Loss(MSE): 0.005102045989284913
2024-09-11 12:14:31,271 - Validation loss decreased (0.005223 --> 0.005102).  Saving model ...
2024-09-11 12:14:33,049 - Epoch 11/100, Train Loss(MSE): 0.003214669058491525, Validation Loss(MSE): 0.0053217001259326935
2024-09-11 12:14:33,049 - EarlyStopping counter: 1 out of 5
2024-09-11 12:14:34,739 - Epoch 12/100, Train Loss(MSE): 0.0028849540425366477, Validation Loss(MSE): 0.005051394458860159
2024-09-11 12:14:34,739 - Validation loss decreased (0.005102 --> 0.005051).  Saving model ...
2024-09-11 12:14:36,474 - Epoch 13/100, Train Loss(MSE): 0.0027424413343205265, Validation Loss(MSE): 0.005575825925916433
2024-09-11 12:14:36,474 - EarlyStopping counter: 1 out of 5
2024-09-11 12:14:38,166 - Epoch 14/100, Train Loss(MSE): 0.002530000975208455, Validation Loss(MSE): 0.0050296904519200325
2024-09-11 12:14:38,166 - Validation loss decreased (0.005051 --> 0.005030).  Saving model ...
2024-09-11 12:14:39,851 - Epoch 15/100, Train Loss(MSE): 0.0023454945277128565, Validation Loss(MSE): 0.00499139338110884
2024-09-11 12:14:39,851 - Validation loss decreased (0.005030 --> 0.004991).  Saving model ...
2024-09-11 12:14:42,267 - Epoch 16/100, Train Loss(MSE): 0.002012949378695339, Validation Loss(MSE): 0.004408642882481217
2024-09-11 12:14:42,267 - Validation loss decreased (0.004991 --> 0.004409).  Saving model ...
2024-09-11 12:14:44,075 - Epoch 17/100, Train Loss(MSE): 0.0017581144592871791, Validation Loss(MSE): 0.004379546347384651
2024-09-11 12:14:44,075 - Validation loss decreased (0.004409 --> 0.004380).  Saving model ...
2024-09-11 12:14:45,848 - Epoch 18/100, Train Loss(MSE): 0.0016981861554086208, Validation Loss(MSE): 0.004430947670092185
2024-09-11 12:14:45,849 - EarlyStopping counter: 1 out of 5
2024-09-11 12:14:47,643 - Epoch 19/100, Train Loss(MSE): 0.0015073875149123762, Validation Loss(MSE): 0.003910137806087732
2024-09-11 12:14:47,643 - Validation loss decreased (0.004380 --> 0.003910).  Saving model ...
2024-09-11 12:14:49,593 - Epoch 20/100, Train Loss(MSE): 0.0012591242618662747, Validation Loss(MSE): 0.004039958740274112
2024-09-11 12:14:49,593 - EarlyStopping counter: 1 out of 5
2024-09-11 12:14:51,513 - Epoch 21/100, Train Loss(MSE): 0.0013888520066087182, Validation Loss(MSE): 0.0037601637498786054
2024-09-11 12:14:51,513 - Validation loss decreased (0.003910 --> 0.003760).  Saving model ...
2024-09-11 12:14:53,506 - Epoch 22/100, Train Loss(MSE): 0.001141270166140442, Validation Loss(MSE): 0.00422750615204374
2024-09-11 12:14:53,506 - EarlyStopping counter: 1 out of 5
2024-09-11 12:14:55,444 - Epoch 23/100, Train Loss(MSE): 0.0009228381585623873, Validation Loss(MSE): 0.004050177987664938
2024-09-11 12:14:55,444 - EarlyStopping counter: 2 out of 5
2024-09-11 12:14:57,279 - Epoch 24/100, Train Loss(MSE): 0.0009679977328663594, Validation Loss(MSE): 0.003955609863623977
2024-09-11 12:14:57,279 - EarlyStopping counter: 3 out of 5
2024-09-11 12:14:59,123 - Epoch 25/100, Train Loss(MSE): 0.0007716294494457543, Validation Loss(MSE): 0.003704941055426995
2024-09-11 12:14:59,124 - Validation loss decreased (0.003760 --> 0.003705).  Saving model ...
2024-09-11 12:15:00,913 - Epoch 26/100, Train Loss(MSE): 0.0006937906804715136, Validation Loss(MSE): 0.003677457571029663
2024-09-11 12:15:00,913 - Validation loss decreased (0.003705 --> 0.003677).  Saving model ...
2024-09-11 12:15:02,704 - Epoch 27/100, Train Loss(MSE): 0.0005998613778501749, Validation Loss(MSE): 0.003834579838439822
2024-09-11 12:15:02,704 - EarlyStopping counter: 1 out of 5
2024-09-11 12:15:04,490 - Epoch 28/100, Train Loss(MSE): 0.0005396837046933605, Validation Loss(MSE): 0.0036840632868309817
2024-09-11 12:15:04,490 - EarlyStopping counter: 2 out of 5
2024-09-11 12:15:06,348 - Epoch 29/100, Train Loss(MSE): 0.0005183699433569257, Validation Loss(MSE): 0.003793063418318828
2024-09-11 12:15:06,348 - EarlyStopping counter: 3 out of 5
2024-09-11 12:15:08,119 - Epoch 30/100, Train Loss(MSE): 0.0005570101891766841, Validation Loss(MSE): 0.003482497918109099
2024-09-11 12:15:08,119 - Validation loss decreased (0.003677 --> 0.003482).  Saving model ...
2024-09-11 12:15:09,868 - Epoch 31/100, Train Loss(MSE): 0.00039041613299081, Validation Loss(MSE): 0.003525044536218047
2024-09-11 12:15:09,868 - EarlyStopping counter: 1 out of 5
2024-09-11 12:15:11,533 - Epoch 32/100, Train Loss(MSE): 0.00033269798854905134, Validation Loss(MSE): 0.003769096607963244
2024-09-11 12:15:11,533 - EarlyStopping counter: 2 out of 5
2024-09-11 12:15:13,299 - Epoch 33/100, Train Loss(MSE): 0.0003098063615126241, Validation Loss(MSE): 0.003541118853415052
2024-09-11 12:15:13,300 - EarlyStopping counter: 3 out of 5
2024-09-11 12:15:15,048 - Epoch 34/100, Train Loss(MSE): 0.0002795110003238446, Validation Loss(MSE): 0.0035391661804169416
2024-09-11 12:15:15,048 - EarlyStopping counter: 4 out of 5
2024-09-11 12:15:16,745 - Epoch 35/100, Train Loss(MSE): 0.0002447955783664886, Validation Loss(MSE): 0.003469243568057815
2024-09-11 12:15:16,745 - Validation loss decreased (0.003482 --> 0.003469).  Saving model ...
2024-09-11 12:15:18,440 - Epoch 36/100, Train Loss(MSE): 0.00020031462343850811, Validation Loss(MSE): 0.003661547088995576
2024-09-11 12:15:18,440 - EarlyStopping counter: 1 out of 5
2024-09-11 12:15:20,135 - Epoch 37/100, Train Loss(MSE): 0.0001727906599530558, Validation Loss(MSE): 0.003546076516310374
2024-09-11 12:15:20,135 - EarlyStopping counter: 2 out of 5
2024-09-11 12:15:21,807 - Epoch 38/100, Train Loss(MSE): 0.00016416973889327462, Validation Loss(MSE): 0.003573390111948053
2024-09-11 12:15:21,807 - EarlyStopping counter: 3 out of 5
2024-09-11 12:15:23,482 - Epoch 39/100, Train Loss(MSE): 0.00014781028202330497, Validation Loss(MSE): 0.003684619596848885
2024-09-11 12:15:23,482 - EarlyStopping counter: 4 out of 5
2024-09-11 12:15:25,182 - Epoch 40/100, Train Loss(MSE): 0.00021410168961952686, Validation Loss(MSE): 0.0035771011219670377
2024-09-11 12:15:25,183 - EarlyStopping counter: 5 out of 5
2024-09-11 12:15:25,183 - Early stopping
2024-09-11 12:15:25,183 - —µ¡∑ 40 ¥Œepoch£¨—µ¡∑ ±≥§: 71.29610443115234 √Î
2024-09-11 12:15:25,263 - Test Loss(MSE): 0.0033765260595828295
2024-09-11 12:15:25,280 - Model saved to D:\PythonProject\ScorpioMock\MPDLinear\checkpoint\MPDLinear_SOTA_20240911-121525_bs64_seq365_enc24_pred_len5_individualTrue_checkpoint.pth
2024-09-11 12:15:25,362 - Test Loss (Original Scale) MSE: 3.254991784451015
2024-09-11 12:15:25,363 - Test Loss (Original Scale) MAE: 1.430889821085567
