2024-08-26 21:51:23,637 - Epoch 1/100, Train Loss(MSE): 0.9318857271592695, Validation Loss(MSE): 0.7485048671563467
2024-08-26 21:51:23,637 - Validation loss decreased for the first time. Saving model ...
2024-08-26 21:51:24,025 - Epoch 2/100, Train Loss(MSE): 0.8011711226714836, Validation Loss(MSE): 0.648872951666514
2024-08-26 21:51:24,026 - Validation loss decreased (0.748505 --> 0.648873).  Saving model ...
2024-08-26 21:51:24,432 - Epoch 3/100, Train Loss(MSE): 0.6993272805606926, Validation Loss(MSE): 0.5702649056911469
2024-08-26 21:51:24,432 - Validation loss decreased (0.648873 --> 0.570265).  Saving model ...
2024-08-26 21:51:24,817 - Epoch 4/100, Train Loss(MSE): 0.6182103867714221, Validation Loss(MSE): 0.5045660411318144
2024-08-26 21:51:24,817 - Validation loss decreased (0.570265 --> 0.504566).  Saving model ...
2024-08-26 21:51:25,192 - Epoch 5/100, Train Loss(MSE): 0.5509516717968407, Validation Loss(MSE): 0.4500901425878207
2024-08-26 21:51:25,192 - Validation loss decreased (0.504566 --> 0.450090).  Saving model ...
2024-08-26 21:51:25,572 - Epoch 6/100, Train Loss(MSE): 0.4949417826566067, Validation Loss(MSE): 0.40233984341224033
2024-08-26 21:51:25,572 - Validation loss decreased (0.450090 --> 0.402340).  Saving model ...
2024-08-26 21:51:25,949 - Epoch 7/100, Train Loss(MSE): 0.44741633452556945, Validation Loss(MSE): 0.36193156366546947
2024-08-26 21:51:25,949 - Validation loss decreased (0.402340 --> 0.361932).  Saving model ...
2024-08-26 21:51:26,322 - Epoch 8/100, Train Loss(MSE): 0.4071465322932044, Validation Loss(MSE): 0.32756078615784645
2024-08-26 21:51:26,322 - Validation loss decreased (0.361932 --> 0.327561).  Saving model ...
2024-08-26 21:51:26,708 - Epoch 9/100, Train Loss(MSE): 0.371281059888693, Validation Loss(MSE): 0.2972976354261239
2024-08-26 21:51:26,708 - Validation loss decreased (0.327561 --> 0.297298).  Saving model ...
2024-08-26 21:51:27,100 - Epoch 10/100, Train Loss(MSE): 0.34090407274581574, Validation Loss(MSE): 0.27192122861742973
2024-08-26 21:51:27,101 - Validation loss decreased (0.297298 --> 0.271921).  Saving model ...
2024-08-26 21:51:27,480 - Epoch 11/100, Train Loss(MSE): 0.31440734224660055, Validation Loss(MSE): 0.2504967302083969
2024-08-26 21:51:27,480 - Validation loss decreased (0.271921 --> 0.250497).  Saving model ...
2024-08-26 21:51:27,874 - Epoch 12/100, Train Loss(MSE): 0.29087545215101035, Validation Loss(MSE): 0.23149442548553148
2024-08-26 21:51:27,874 - Validation loss decreased (0.250497 --> 0.231494).  Saving model ...
2024-08-26 21:51:28,259 - Epoch 13/100, Train Loss(MSE): 0.27022841834759975, Validation Loss(MSE): 0.21532942665119967
2024-08-26 21:51:28,259 - Validation loss decreased (0.231494 --> 0.215329).  Saving model ...
2024-08-26 21:51:28,610 - Epoch 14/100, Train Loss(MSE): 0.2521286753344012, Validation Loss(MSE): 0.20147299021482468
2024-08-26 21:51:28,611 - Validation loss decreased (0.215329 --> 0.201473).  Saving model ...
2024-08-26 21:51:28,992 - Epoch 15/100, Train Loss(MSE): 0.23620614180198082, Validation Loss(MSE): 0.19008839316666126
2024-08-26 21:51:28,993 - Validation loss decreased (0.201473 --> 0.190088).  Saving model ...
2024-08-26 21:51:29,374 - Epoch 16/100, Train Loss(MSE): 0.22203992839370454, Validation Loss(MSE): 0.18016119611759981
2024-08-26 21:51:29,374 - Validation loss decreased (0.190088 --> 0.180161).  Saving model ...
2024-08-26 21:51:29,745 - Epoch 17/100, Train Loss(MSE): 0.20948061559881484, Validation Loss(MSE): 0.17145979094008604
2024-08-26 21:51:29,745 - Validation loss decreased (0.180161 --> 0.171460).  Saving model ...
2024-08-26 21:51:30,106 - Epoch 18/100, Train Loss(MSE): 0.1984654786986309, Validation Loss(MSE): 0.1643720380961895
2024-08-26 21:51:30,106 - Validation loss decreased (0.171460 --> 0.164372).  Saving model ...
2024-08-26 21:51:30,477 - Epoch 19/100, Train Loss(MSE): 0.18835604825353885, Validation Loss(MSE): 0.15820956540604433
2024-08-26 21:51:30,477 - Validation loss decreased (0.164372 --> 0.158210).  Saving model ...
2024-08-26 21:51:30,875 - Epoch 20/100, Train Loss(MSE): 0.1794340295287279, Validation Loss(MSE): 0.15282916774352392
2024-08-26 21:51:30,875 - Validation loss decreased (0.158210 --> 0.152829).  Saving model ...
2024-08-26 21:51:31,240 - Epoch 21/100, Train Loss(MSE): 0.17156351947194928, Validation Loss(MSE): 0.14850742804507414
2024-08-26 21:51:31,240 - Validation loss decreased (0.152829 --> 0.148507).  Saving model ...
2024-08-26 21:51:31,591 - Epoch 22/100, Train Loss(MSE): 0.16429468039627915, Validation Loss(MSE): 0.14466525552173456
2024-08-26 21:51:31,592 - Validation loss decreased (0.148507 --> 0.144665).  Saving model ...
2024-08-26 21:51:31,990 - Epoch 23/100, Train Loss(MSE): 0.15791866416623304, Validation Loss(MSE): 0.14118110885222754
2024-08-26 21:51:31,990 - Validation loss decreased (0.144665 --> 0.141181).  Saving model ...
2024-08-26 21:51:32,348 - Epoch 24/100, Train Loss(MSE): 0.15155331790447235, Validation Loss(MSE): 0.13786471573015055
2024-08-26 21:51:32,349 - Validation loss decreased (0.141181 --> 0.137865).  Saving model ...
2024-08-26 21:51:32,714 - Epoch 25/100, Train Loss(MSE): 0.1460945222240228, Validation Loss(MSE): 0.1352473913381497
2024-08-26 21:51:32,714 - Validation loss decreased (0.137865 --> 0.135247).  Saving model ...
2024-08-26 21:51:33,080 - Epoch 26/100, Train Loss(MSE): 0.14106718438503507, Validation Loss(MSE): 0.13300679127375284
2024-08-26 21:51:33,080 - Validation loss decreased (0.135247 --> 0.133007).  Saving model ...
2024-08-26 21:51:33,447 - Epoch 27/100, Train Loss(MSE): 0.13667543866968418, Validation Loss(MSE): 0.13056975168486437
2024-08-26 21:51:33,447 - Validation loss decreased (0.133007 --> 0.130570).  Saving model ...
2024-08-26 21:51:33,825 - Epoch 28/100, Train Loss(MSE): 0.13239252902976759, Validation Loss(MSE): 0.1294183861464262
2024-08-26 21:51:33,825 - Validation loss decreased (0.130570 --> 0.129418).  Saving model ...
2024-08-26 21:51:34,206 - Epoch 29/100, Train Loss(MSE): 0.12852139046395217, Validation Loss(MSE): 0.1276348795120915
2024-08-26 21:51:34,206 - Validation loss decreased (0.129418 --> 0.127635).  Saving model ...
2024-08-26 21:51:34,557 - Epoch 30/100, Train Loss(MSE): 0.125061140528747, Validation Loss(MSE): 0.12558306970944008
2024-08-26 21:51:34,557 - Validation loss decreased (0.127635 --> 0.125583).  Saving model ...
2024-08-26 21:51:34,917 - Epoch 31/100, Train Loss(MSE): 0.12180518236134079, Validation Loss(MSE): 0.1240632434686025
2024-08-26 21:51:34,917 - Validation loss decreased (0.125583 --> 0.124063).  Saving model ...
2024-08-26 21:51:35,321 - Epoch 32/100, Train Loss(MSE): 0.11874009369985088, Validation Loss(MSE): 0.12320504865298669
2024-08-26 21:51:35,321 - Validation loss decreased (0.124063 --> 0.123205).  Saving model ...
2024-08-26 21:51:35,712 - Epoch 33/100, Train Loss(MSE): 0.11603399632232529, Validation Loss(MSE): 0.12194048054516315
2024-08-26 21:51:35,712 - Validation loss decreased (0.123205 --> 0.121940).  Saving model ...
2024-08-26 21:51:36,072 - Epoch 34/100, Train Loss(MSE): 0.11327573079820517, Validation Loss(MSE): 0.12068691942840815
2024-08-26 21:51:36,072 - Validation loss decreased (0.121940 --> 0.120687).  Saving model ...
2024-08-26 21:51:36,490 - Epoch 35/100, Train Loss(MSE): 0.11104172161156005, Validation Loss(MSE): 0.11977252612511317
2024-08-26 21:51:36,490 - Validation loss decreased (0.120687 --> 0.119773).  Saving model ...
2024-08-26 21:51:36,871 - Epoch 36/100, Train Loss(MSE): 0.10864066512702586, Validation Loss(MSE): 0.11939067610849936
2024-08-26 21:51:36,871 - Validation loss decreased (0.119773 --> 0.119391).  Saving model ...
2024-08-26 21:51:37,226 - Epoch 37/100, Train Loss(MSE): 0.10659047789298572, Validation Loss(MSE): 0.11827368289232254
2024-08-26 21:51:37,226 - Validation loss decreased (0.119391 --> 0.118274).  Saving model ...
2024-08-26 21:51:37,610 - Epoch 38/100, Train Loss(MSE): 0.10458108766393347, Validation Loss(MSE): 0.11730949549625318
2024-08-26 21:51:37,610 - Validation loss decreased (0.118274 --> 0.117309).  Saving model ...
2024-08-26 21:51:37,990 - Epoch 39/100, Train Loss(MSE): 0.1029828202675332, Validation Loss(MSE): 0.11659556937714417
2024-08-26 21:51:37,990 - Validation loss decreased (0.117309 --> 0.116596).  Saving model ...
2024-08-26 21:51:38,366 - Epoch 40/100, Train Loss(MSE): 0.10110943215888935, Validation Loss(MSE): 0.11653121902296941
2024-08-26 21:51:38,366 - Validation loss decreased (0.116596 --> 0.116531).  Saving model ...
2024-08-26 21:51:38,753 - Epoch 41/100, Train Loss(MSE): 0.09956005897250149, Validation Loss(MSE): 0.1152783992389838
2024-08-26 21:51:38,753 - Validation loss decreased (0.116531 --> 0.115278).  Saving model ...
2024-08-26 21:51:39,128 - Epoch 42/100, Train Loss(MSE): 0.09824328452021211, Validation Loss(MSE): 0.11374927964061499
2024-08-26 21:51:39,128 - Validation loss decreased (0.115278 --> 0.113749).  Saving model ...
2024-08-26 21:51:39,548 - Epoch 43/100, Train Loss(MSE): 0.09678916610613629, Validation Loss(MSE): 0.1140985277791818
2024-08-26 21:51:39,549 - EarlyStopping counter: 1 out of 5
2024-08-26 21:51:39,932 - Epoch 44/100, Train Loss(MSE): 0.09569365694955155, Validation Loss(MSE): 0.11254392626384895
2024-08-26 21:51:39,932 - Validation loss decreased (0.113749 --> 0.112544).  Saving model ...
2024-08-26 21:51:40,308 - Epoch 45/100, Train Loss(MSE): 0.09439436141606215, Validation Loss(MSE): 0.11240730031083028
2024-08-26 21:51:40,308 - Validation loss decreased (0.112544 --> 0.112407).  Saving model ...
2024-08-26 21:51:40,665 - Epoch 46/100, Train Loss(MSE): 0.09335534258203192, Validation Loss(MSE): 0.11237254117925961
2024-08-26 21:51:40,665 - Validation loss decreased (0.112407 --> 0.112373).  Saving model ...
2024-08-26 21:51:41,054 - Epoch 47/100, Train Loss(MSE): 0.09250568557571578, Validation Loss(MSE): 0.11179030841837327
2024-08-26 21:51:41,054 - Validation loss decreased (0.112373 --> 0.111790).  Saving model ...
2024-08-26 21:51:41,431 - Epoch 48/100, Train Loss(MSE): 0.09152495158979526, Validation Loss(MSE): 0.11010380275547504
2024-08-26 21:51:41,431 - Validation loss decreased (0.111790 --> 0.110104).  Saving model ...
2024-08-26 21:51:41,804 - Epoch 49/100, Train Loss(MSE): 0.09058433676977734, Validation Loss(MSE): 0.11021877514819305
2024-08-26 21:51:41,804 - EarlyStopping counter: 1 out of 5
2024-08-26 21:51:42,174 - Epoch 50/100, Train Loss(MSE): 0.08994906428423556, Validation Loss(MSE): 0.10942330832282703
2024-08-26 21:51:42,174 - Validation loss decreased (0.110104 --> 0.109423).  Saving model ...
2024-08-26 21:51:42,543 - Epoch 51/100, Train Loss(MSE): 0.08909542267057267, Validation Loss(MSE): 0.10952254229535659
2024-08-26 21:51:42,543 - EarlyStopping counter: 1 out of 5
2024-08-26 21:51:42,915 - Epoch 52/100, Train Loss(MSE): 0.0884650822851684, Validation Loss(MSE): 0.10952810818950336
2024-08-26 21:51:42,915 - EarlyStopping counter: 2 out of 5
2024-08-26 21:51:43,290 - Epoch 53/100, Train Loss(MSE): 0.08790147337284716, Validation Loss(MSE): 0.1096965962400039
2024-08-26 21:51:43,290 - EarlyStopping counter: 3 out of 5
2024-08-26 21:51:43,701 - Epoch 54/100, Train Loss(MSE): 0.0871017622751194, Validation Loss(MSE): 0.10849462325374286
2024-08-26 21:51:43,701 - Validation loss decreased (0.109423 --> 0.108495).  Saving model ...
2024-08-26 21:51:44,085 - Epoch 55/100, Train Loss(MSE): 0.08666005751097595, Validation Loss(MSE): 0.10845929011702538
2024-08-26 21:51:44,085 - Validation loss decreased (0.108495 --> 0.108459).  Saving model ...
2024-08-26 21:51:44,479 - Epoch 56/100, Train Loss(MSE): 0.08620631770527624, Validation Loss(MSE): 0.10764183135082324
2024-08-26 21:51:44,479 - Validation loss decreased (0.108459 --> 0.107642).  Saving model ...
2024-08-26 21:51:44,864 - Epoch 57/100, Train Loss(MSE): 0.08558914871824967, Validation Loss(MSE): 0.10737872185806434
2024-08-26 21:51:44,864 - Validation loss decreased (0.107642 --> 0.107379).  Saving model ...
2024-08-26 21:51:45,258 - Epoch 58/100, Train Loss(MSE): 0.08526672897758064, Validation Loss(MSE): 0.1080393831556042
2024-08-26 21:51:45,259 - EarlyStopping counter: 1 out of 5
2024-08-26 21:51:45,643 - Epoch 59/100, Train Loss(MSE): 0.08492780626229532, Validation Loss(MSE): 0.10703668184578419
2024-08-26 21:51:45,643 - Validation loss decreased (0.107379 --> 0.107037).  Saving model ...
2024-08-26 21:51:46,049 - Epoch 60/100, Train Loss(MSE): 0.08451656454785185, Validation Loss(MSE): 0.10707480274140835
2024-08-26 21:51:46,049 - EarlyStopping counter: 1 out of 5
2024-08-26 21:51:46,427 - Epoch 61/100, Train Loss(MSE): 0.08417412241572862, Validation Loss(MSE): 0.10678164412577947
2024-08-26 21:51:46,427 - Validation loss decreased (0.107037 --> 0.106782).  Saving model ...
2024-08-26 21:51:46,785 - Epoch 62/100, Train Loss(MSE): 0.08372173044871498, Validation Loss(MSE): 0.10632480401545763
2024-08-26 21:51:46,785 - Validation loss decreased (0.106782 --> 0.106325).  Saving model ...
2024-08-26 21:51:47,150 - Epoch 63/100, Train Loss(MSE): 0.0832890269274895, Validation Loss(MSE): 0.10554730302343766
2024-08-26 21:51:47,150 - Validation loss decreased (0.106325 --> 0.105547).  Saving model ...
2024-08-26 21:51:47,528 - Epoch 64/100, Train Loss(MSE): 0.083073552145244, Validation Loss(MSE): 0.10512107455482085
2024-08-26 21:51:47,528 - Validation loss decreased (0.105547 --> 0.105121).  Saving model ...
2024-08-26 21:51:47,940 - Epoch 65/100, Train Loss(MSE): 0.08284715170061195, Validation Loss(MSE): 0.10441040899604559
2024-08-26 21:51:47,940 - Validation loss decreased (0.105121 --> 0.104410).  Saving model ...
2024-08-26 21:51:48,324 - Epoch 66/100, Train Loss(MSE): 0.08258024674768631, Validation Loss(MSE): 0.10564018692821264
2024-08-26 21:51:48,324 - EarlyStopping counter: 1 out of 5
2024-08-26 21:51:48,685 - Epoch 67/100, Train Loss(MSE): 0.08223059871694544, Validation Loss(MSE): 0.10513193657000859
2024-08-26 21:51:48,686 - EarlyStopping counter: 2 out of 5
2024-08-26 21:51:49,102 - Epoch 68/100, Train Loss(MSE): 0.08198332827497315, Validation Loss(MSE): 0.10454045981168747
2024-08-26 21:51:49,102 - EarlyStopping counter: 3 out of 5
2024-08-26 21:51:49,471 - Epoch 69/100, Train Loss(MSE): 0.0816980175428338, Validation Loss(MSE): 0.1053034473831455
2024-08-26 21:51:49,471 - EarlyStopping counter: 4 out of 5
2024-08-26 21:51:49,858 - Epoch 70/100, Train Loss(MSE): 0.08140825824095653, Validation Loss(MSE): 0.10378018083671729
2024-08-26 21:51:49,858 - Validation loss decreased (0.104410 --> 0.103780).  Saving model ...
2024-08-26 21:51:50,253 - Epoch 71/100, Train Loss(MSE): 0.08129815237371477, Validation Loss(MSE): 0.10518169930825631
2024-08-26 21:51:50,253 - EarlyStopping counter: 1 out of 5
2024-08-26 21:51:50,622 - Epoch 72/100, Train Loss(MSE): 0.08123096823692322, Validation Loss(MSE): 0.1035493432233731
2024-08-26 21:51:50,622 - Validation loss decreased (0.103780 --> 0.103549).  Saving model ...
2024-08-26 21:51:50,989 - Epoch 73/100, Train Loss(MSE): 0.08099746472806066, Validation Loss(MSE): 0.10336610767990351
2024-08-26 21:51:50,989 - Validation loss decreased (0.103549 --> 0.103366).  Saving model ...
2024-08-26 21:51:51,375 - Epoch 74/100, Train Loss(MSE): 0.08078789207470286, Validation Loss(MSE): 0.1037716722736756
2024-08-26 21:51:51,375 - EarlyStopping counter: 1 out of 5
2024-08-26 21:51:51,750 - Epoch 75/100, Train Loss(MSE): 0.08063282840117648, Validation Loss(MSE): 0.10359081688026588
2024-08-26 21:51:51,750 - EarlyStopping counter: 2 out of 5
2024-08-26 21:51:52,153 - Epoch 76/100, Train Loss(MSE): 0.08047574433078478, Validation Loss(MSE): 0.10318529761085908
2024-08-26 21:51:52,153 - Validation loss decreased (0.103366 --> 0.103185).  Saving model ...
2024-08-26 21:51:52,554 - Epoch 77/100, Train Loss(MSE): 0.08028431768928256, Validation Loss(MSE): 0.10466368868947029
2024-08-26 21:51:52,554 - EarlyStopping counter: 1 out of 5
2024-08-26 21:51:52,941 - Epoch 78/100, Train Loss(MSE): 0.08023801472570215, Validation Loss(MSE): 0.10353247355669737
2024-08-26 21:51:52,941 - EarlyStopping counter: 2 out of 5
2024-08-26 21:51:53,313 - Epoch 79/100, Train Loss(MSE): 0.08021184147059263, Validation Loss(MSE): 0.1043854479988416
2024-08-26 21:51:53,314 - EarlyStopping counter: 3 out of 5
2024-08-26 21:51:53,699 - Epoch 80/100, Train Loss(MSE): 0.08005550994977846, Validation Loss(MSE): 0.10219819471240044
2024-08-26 21:51:53,699 - Validation loss decreased (0.103185 --> 0.102198).  Saving model ...
2024-08-26 21:51:54,075 - Epoch 81/100, Train Loss(MSE): 0.0797737558055055, Validation Loss(MSE): 0.1026802562798063
2024-08-26 21:51:54,075 - EarlyStopping counter: 1 out of 5
2024-08-26 21:51:54,446 - Epoch 82/100, Train Loss(MSE): 0.0797711727465247, Validation Loss(MSE): 0.10281559669723113
2024-08-26 21:51:54,447 - EarlyStopping counter: 2 out of 5
2024-08-26 21:51:54,830 - Epoch 83/100, Train Loss(MSE): 0.07961732300591993, Validation Loss(MSE): 0.10359969642013311
2024-08-26 21:51:54,830 - EarlyStopping counter: 3 out of 5
2024-08-26 21:51:55,198 - Epoch 84/100, Train Loss(MSE): 0.07943882973312022, Validation Loss(MSE): 0.10265657460937898
2024-08-26 21:51:55,198 - EarlyStopping counter: 4 out of 5
2024-08-26 21:51:55,568 - Epoch 85/100, Train Loss(MSE): 0.0793469763145997, Validation Loss(MSE): 0.10162027428547542
2024-08-26 21:51:55,568 - Validation loss decreased (0.102198 --> 0.101620).  Saving model ...
2024-08-26 21:51:55,961 - Epoch 86/100, Train Loss(MSE): 0.07930286451764815, Validation Loss(MSE): 0.10209271932641666
2024-08-26 21:51:55,961 - EarlyStopping counter: 1 out of 5
2024-08-26 21:51:56,359 - Epoch 87/100, Train Loss(MSE): 0.07909999005905874, Validation Loss(MSE): 0.10220150339106719
2024-08-26 21:51:56,359 - EarlyStopping counter: 2 out of 5
2024-08-26 21:51:56,747 - Epoch 88/100, Train Loss(MSE): 0.07907361267032204, Validation Loss(MSE): 0.10254829376935959
2024-08-26 21:51:56,747 - EarlyStopping counter: 3 out of 5
2024-08-26 21:51:57,117 - Epoch 89/100, Train Loss(MSE): 0.07900024543178606, Validation Loss(MSE): 0.10173397976905107
2024-08-26 21:51:57,117 - EarlyStopping counter: 4 out of 5
2024-08-26 21:51:57,485 - Epoch 90/100, Train Loss(MSE): 0.07910077449875874, Validation Loss(MSE): 0.10232869659860928
2024-08-26 21:51:57,485 - EarlyStopping counter: 5 out of 5
2024-08-26 21:51:57,485 - Early stopping
2024-08-26 21:51:57,485 - —µ¡∑ 90 ¥Œepoch£¨—µ¡∑ ±≥§: 34.23931837081909 √Î
2024-08-26 21:51:57,496 - Test Loss(MSE): 0.09140966910248001
2024-08-26 21:51:57,502 - Model saved to D:\PythonProject\scorpioMock\MPDLinear\checkpoint\MPDLinear_20240826-215157_bs16_seq7_enc24_pred_len7_individualTrue_checkpoint.pth
2024-08-26 21:51:57,512 - Test Loss (Original Scale) MSE: 10.86161851341071
